Solving the Ax=b system with Gaussian Elimination:
READ:  Matrix   (A) file name: "ge_data/size64x64.mat"
READ:  RHS      (b) file name: "ge_data/size64x64.vec"
WRITE: Solution (x) file name: "ge_data/size64x64.sol"
[R63] Times: IO: 0.000000; Setup: 0.000016; Compute: 0.893822; MPI: 0.893662; Total: 0.954237;
[R62] Times: IO: 0.000000; Setup: 0.000018; Compute: 0.894166; MPI: 0.893997; Total: 0.954581;
[R61] Times: IO: 0.000000; Setup: 0.000012; Compute: 0.894469; MPI: 0.894293; Total: 0.954875;
[R60] Times: IO: 0.000000; Setup: 0.000024; Compute: 0.894762; MPI: 0.894626; Total: 0.955188;
[R59] Times: IO: 0.000000; Setup: 0.000018; Compute: 0.895074; MPI: 0.894904; Total: 0.955486;
[R58] Times: IO: 0.000000; Setup: 0.000023; Compute: 0.895262; MPI: 0.895042; Total: 0.955675;
[R57] Times: IO: 0.000000; Setup: 0.000013; Compute: 0.895469; MPI: 0.895261; Total: 0.955871;
[R56] Times: IO: 0.000000; Setup: 0.000021; Compute: 0.895652; MPI: 0.895455; Total: 0.956070;
[R55] Times: IO: 0.000000; Setup: 0.000012; Compute: 0.895842; MPI: 0.895601; Total: 0.956296;
[R54] Times: IO: 0.000000; Setup: 0.000016; Compute: 0.896006; MPI: 0.895742; Total: 0.956464;
[R53] Times: IO: 0.000000; Setup: 0.000024; Compute: 0.896160; MPI: 0.895893; Total: 0.956626;
[R52] Times: IO: 0.000000; Setup: 0.000027; Compute: 0.896334; MPI: 0.896064; Total: 0.956803;
[R51] Times: IO: 0.000000; Setup: 0.000015; Compute: 0.896517; MPI: 0.896266; Total: 0.956967;
[R50] Times: IO: 0.000000; Setup: 0.000033; Compute: 0.896661; MPI: 0.896432; Total: 0.957138;
[R49] Times: IO: 0.000000; Setup: 0.000019; Compute: 0.896847; MPI: 0.896592; Total: 0.957302;
[R48] Times: IO: 0.000000; Setup: 0.000020; Compute: 0.897045; MPI: 0.896818; Total: 0.957505;
[R47] Times: IO: 0.000000; Setup: 0.000015; Compute: 0.897235; MPI: 0.897008; Total: 0.957673;
[R46] Times: IO: 0.000000; Setup: 0.000012; Compute: 0.897413; MPI: 0.897169; Total: 0.957848;
[R45] Times: IO: 0.000000; Setup: 0.000012; Compute: 0.897593; MPI: 0.897341; Total: 0.958026;
[R44] Times: IO: 0.000000; Setup: 0.000010; Compute: 0.897798; MPI: 0.897557; Total: 0.958222;
[R43] Times: IO: 0.000000; Setup: 0.000009; Compute: 0.897973; MPI: 0.897718; Total: 0.958396;
[R42] Times: IO: 0.000000; Setup: 0.000014; Compute: 0.898145; MPI: 0.897919; Total: 0.958566;
[R41] Times: IO: 0.000000; Setup: 0.000013; Compute: 0.898318; MPI: 0.898080; Total: 0.958744;
[R40] Times: IO: 0.000000; Setup: 0.000009; Compute: 0.898503; MPI: 0.898280; Total: 0.958923;
[R39] Times: IO: 0.000000; Setup: 0.000010; Compute: 0.898676; MPI: 0.898437; Total: 0.959052;
[R38] Times: IO: 0.000000; Setup: 0.000011; Compute: 0.898838; MPI: 0.898584; Total: 0.959207;
[R37] Times: IO: 0.000000; Setup: 0.000009; Compute: 0.899001; MPI: 0.898760; Total: 0.959367;
[R36] Times: IO: 0.000000; Setup: 0.000009; Compute: 0.899165; MPI: 0.898911; Total: 0.959529;
[R35] Times: IO: 0.000000; Setup: 0.000011; Compute: 0.899318; MPI: 0.899086; Total: 0.959678;
[R34] Times: IO: 0.000000; Setup: 0.000008; Compute: 0.899479; MPI: 0.899252; Total: 0.959826;
[R33] Times: IO: 0.000000; Setup: 0.000013; Compute: 0.899631; MPI: 0.899384; Total: 0.959979;
[R32] Times: IO: 0.000000; Setup: 0.000012; Compute: 0.899799; MPI: 0.899590; Total: 0.960151;
[R31] Times: IO: 0.000000; Setup: 0.000010; Compute: 0.899964; MPI: 0.899809; Total: 0.960807;
[R30] Times: IO: 0.000000; Setup: 0.000010; Compute: 0.900127; MPI: 0.899969; Total: 0.960966;
[R29] Times: IO: 0.000000; Setup: 0.000010; Compute: 0.900300; MPI: 0.900131; Total: 0.961138;
[R28] Times: IO: 0.000000; Setup: 0.000009; Compute: 0.900476; MPI: 0.900303; Total: 0.961307;
[R27] Times: IO: 0.000000; Setup: 0.000011; Compute: 0.900632; MPI: 0.900454; Total: 0.961462;
[R26] Times: IO: 0.000000; Setup: 0.000009; Compute: 0.900789; MPI: 0.900609; Total: 0.961610;
[R25] Times: IO: 0.000000; Setup: 0.000010; Compute: 0.900945; MPI: 0.900764; Total: 0.961765;
[R24] Times: IO: 0.000000; Setup: 0.000011; Compute: 0.901104; MPI: 0.900947; Total: 0.961923;
[R23] Times: IO: 0.000000; Setup: 0.000008; Compute: 0.901264; MPI: 0.901118; Total: 0.962170;
[R22] Times: IO: 0.000000; Setup: 0.000008; Compute: 0.901419; MPI: 0.901270; Total: 0.962321;
[R21] Times: IO: 0.000000; Setup: 0.000008; Compute: 0.901562; MPI: 0.901404; Total: 0.962459;
[R20] Times: IO: 0.000000; Setup: 0.000010; Compute: 0.901722; MPI: 0.901556; Total: 0.962588;
[R19] Times: IO: 0.000000; Setup: 0.000009; Compute: 0.901863; MPI: 0.901709; Total: 0.962734;
[R18] Times: IO: 0.000000; Setup: 0.000012; Compute: 0.901996; MPI: 0.901845; Total: 0.962855;
[R17] Times: IO: 0.000000; Setup: 0.000014; Compute: 0.902132; MPI: 0.901988; Total: 0.963012;
[R16] Times: IO: 0.000000; Setup: 0.000015; Compute: 0.902272; MPI: 0.902123; Total: 0.963139;
[R15] Times: IO: 0.000000; Setup: 0.000013; Compute: 0.962497; MPI: 0.962349; Total: 0.963817;
[R14] Times: IO: 0.000000; Setup: 0.000011; Compute: 0.962657; MPI: 0.962502; Total: 0.963970;
[R13] Times: IO: 0.000000; Setup: 0.000010; Compute: 0.962799; MPI: 0.962642; Total: 0.964110;
[R12] Times: IO: 0.000000; Setup: 0.000013; Compute: 0.962946; MPI: 0.962767; Total: 0.964260;
[R11] Times: IO: 0.000000; Setup: 0.000009; Compute: 0.963086; MPI: 0.962932; Total: 0.964393;
[R10] Times: IO: 0.000000; Setup: 0.000012; Compute: 0.963210; MPI: 0.963046; Total: 0.964530;
[R09] Times: IO: 0.000000; Setup: 0.000008; Compute: 0.963351; MPI: 0.963211; Total: 0.964662;
[R08] Times: IO: 0.000000; Setup: 0.000013; Compute: 0.963485; MPI: 0.963350; Total: 0.964803;
[R07] Times: IO: 0.000000; Setup: 0.000008; Compute: 0.963623; MPI: 0.963489; Total: 0.964921;
[R06] Times: IO: 0.000000; Setup: 0.000010; Compute: 0.963738; MPI: 0.963614; Total: 0.965037;
[R05] Times: IO: 0.000000; Setup: 0.000007; Compute: 0.963862; MPI: 0.963731; Total: 0.965155;
[R04] Times: IO: 0.000000; Setup: 0.000010; Compute: 0.964117; MPI: 0.963981; Total: 0.965283;
[R03] Times: IO: 0.000000; Setup: 0.000010; Compute: 0.964230; MPI: 0.964100; Total: 0.965396;
[R02] Times: IO: 0.000000; Setup: 0.000012; Compute: 0.964348; MPI: 0.964217; Total: 0.965513;
[R01] Times: IO: 0.000000; Setup: 0.000012; Compute: 0.964464; MPI: 0.964320; Total: 0.965632;
[R00] Times: IO: 0.062169; Setup: 0.000087; Compute: 0.904769; MPI: 0.904654; Total: 0.967044;
Mon Dec 12 23:50:22 CET 2016
Solving the Ax=b system with Gaussian Elimination:
READ:  Matrix   (A) file name: "ge_data/size512x512.mat"
READ:  RHS      (b) file name: "ge_data/size512x512.vec"
WRITE: Solution (x) file name: "ge_data/size512x512.sol"
[R63] Times: IO: 0.000000; Setup: 0.000016; Compute: 0.886077; MPI: 0.885169; Total: 1.001363;
[R62] Times: IO: 0.000000; Setup: 0.000016; Compute: 0.886393; MPI: 0.885487; Total: 1.001659;
[R61] Times: IO: 0.000000; Setup: 0.000016; Compute: 0.886706; MPI: 0.885800; Total: 1.001960;
[R60] Times: IO: 0.000000; Setup: 0.000016; Compute: 0.887035; MPI: 0.886107; Total: 1.002270;
[R59] Times: IO: 0.000000; Setup: 0.000016; Compute: 0.887241; MPI: 0.886368; Total: 1.002461;
[R58] Times: IO: 0.000000; Setup: 0.000015; Compute: 0.887450; MPI: 0.886600; Total: 1.002654;
[R57] Times: IO: 0.000000; Setup: 0.000015; Compute: 0.887658; MPI: 0.886816; Total: 1.002845;
[R56] Times: IO: 0.000000; Setup: 0.000017; Compute: 0.887868; MPI: 0.887054; Total: 1.003049;
[R55] Times: IO: 0.000000; Setup: 0.000016; Compute: 0.888058; MPI: 0.887262; Total: 1.003203;
[R54] Times: IO: 0.000000; Setup: 0.000015; Compute: 0.888233; MPI: 0.887442; Total: 1.003351;
[R53] Times: IO: 0.000000; Setup: 0.000015; Compute: 0.888416; MPI: 0.887635; Total: 1.003526;
[R52] Times: IO: 0.000000; Setup: 0.000016; Compute: 0.888607; MPI: 0.887834; Total: 1.003698;
[R51] Times: IO: 0.000000; Setup: 0.000015; Compute: 0.888790; MPI: 0.888021; Total: 1.003861;
[R50] Times: IO: 0.000000; Setup: 0.000020; Compute: 0.888973; MPI: 0.888202; Total: 1.004089;
[R49] Times: IO: 0.000000; Setup: 0.000015; Compute: 0.889162; MPI: 0.888396; Total: 1.004252;
[R48] Times: IO: 0.000000; Setup: 0.000020; Compute: 0.889339; MPI: 0.888529; Total: 1.004436;
[R47] Times: IO: 0.000000; Setup: 0.000015; Compute: 0.889538; MPI: 0.888795; Total: 1.004626;
[R46] Times: IO: 0.000000; Setup: 0.000016; Compute: 0.889732; MPI: 0.888995; Total: 1.004798;
[R45] Times: IO: 0.000000; Setup: 0.000016; Compute: 0.889925; MPI: 0.889176; Total: 1.004974;
[R44] Times: IO: 0.000000; Setup: 0.000016; Compute: 0.890137; MPI: 0.889407; Total: 1.005175;
[R43] Times: IO: 0.000000; Setup: 0.000016; Compute: 0.890331; MPI: 0.889609; Total: 1.005343;
[R42] Times: IO: 0.000000; Setup: 0.000016; Compute: 0.890520; MPI: 0.889807; Total: 1.005547;
[R41] Times: IO: 0.000000; Setup: 0.000015; Compute: 0.890709; MPI: 0.889995; Total: 1.005719;
[R40] Times: IO: 0.000000; Setup: 0.000018; Compute: 0.890904; MPI: 0.890192; Total: 1.005903;
[R39] Times: IO: 0.000000; Setup: 0.000016; Compute: 0.891101; MPI: 0.890409; Total: 1.006081;
[R38] Times: IO: 0.000000; Setup: 0.000015; Compute: 0.891291; MPI: 0.890596; Total: 1.006250;
[R37] Times: IO: 0.000000; Setup: 0.000015; Compute: 0.891469; MPI: 0.890793; Total: 1.006406;
[R36] Times: IO: 0.000000; Setup: 0.000015; Compute: 0.891674; MPI: 0.891005; Total: 1.006595;
[R35] Times: IO: 0.000000; Setup: 0.000015; Compute: 0.891851; MPI: 0.891179; Total: 1.006755;
[R34] Times: IO: 0.000000; Setup: 0.000021; Compute: 0.892020; MPI: 0.891379; Total: 1.006912;
[R33] Times: IO: 0.000000; Setup: 0.000015; Compute: 0.892197; MPI: 0.891566; Total: 1.007062;
[R32] Times: IO: 0.000000; Setup: 0.000021; Compute: 0.892368; MPI: 0.891715; Total: 1.007230;
[R31] Times: IO: 0.000000; Setup: 0.000016; Compute: 0.892553; MPI: 0.891941; Total: 1.008436;
[R30] Times: IO: 0.000000; Setup: 0.000016; Compute: 0.892734; MPI: 0.892138; Total: 1.008597;
[R29] Times: IO: 0.000000; Setup: 0.000016; Compute: 0.892912; MPI: 0.892274; Total: 1.008756;
[R28] Times: IO: 0.000000; Setup: 0.000016; Compute: 0.893107; MPI: 0.892519; Total: 1.008934;
[R27] Times: IO: 0.000000; Setup: 0.000016; Compute: 0.893288; MPI: 0.892716; Total: 1.009092;
[R26] Times: IO: 0.000000; Setup: 0.000015; Compute: 0.893467; MPI: 0.892898; Total: 1.009250;
[R25] Times: IO: 0.000000; Setup: 0.000015; Compute: 0.893643; MPI: 0.893080; Total: 1.009408;
[R24] Times: IO: 0.000000; Setup: 0.000017; Compute: 0.893826; MPI: 0.893278; Total: 1.009576;
[R23] Times: IO: 0.000000; Setup: 0.000015; Compute: 0.894009; MPI: 0.893493; Total: 1.009735;
[R22] Times: IO: 0.000000; Setup: 0.000020; Compute: 0.894165; MPI: 0.893655; Total: 1.009877;
[R21] Times: IO: 0.000000; Setup: 0.000015; Compute: 0.894360; MPI: 0.893846; Total: 1.010044;
[R20] Times: IO: 0.000000; Setup: 0.000015; Compute: 0.894539; MPI: 0.894054; Total: 1.010210;
[R19] Times: IO: 0.000000; Setup: 0.000016; Compute: 0.894699; MPI: 0.894221; Total: 1.010353;
[R18] Times: IO: 0.000000; Setup: 0.000015; Compute: 0.894860; MPI: 0.894387; Total: 1.010505;
[R17] Times: IO: 0.000000; Setup: 0.000015; Compute: 0.895027; MPI: 0.894590; Total: 1.010645;
[R16] Times: IO: 0.000000; Setup: 0.000020; Compute: 0.895192; MPI: 0.894753; Total: 1.010789;
[R15] Times: IO: 0.000000; Setup: 0.000020; Compute: 1.008797; MPI: 1.008378; Total: 1.010924;
[R14] Times: IO: 0.000000; Setup: 0.000022; Compute: 1.008944; MPI: 1.008267; Total: 1.011076;
[R13] Times: IO: 0.000000; Setup: 0.000017; Compute: 1.009098; MPI: 1.008688; Total: 1.011224;
[R12] Times: IO: 0.000000; Setup: 0.000014; Compute: 1.009265; MPI: 1.008881; Total: 1.011389;
[R11] Times: IO: 0.000000; Setup: 0.000015; Compute: 1.009418; MPI: 1.009059; Total: 1.011536;
[R10] Times: IO: 0.000000; Setup: 0.000013; Compute: 1.009564; MPI: 1.009226; Total: 1.011677;
[R09] Times: IO: 0.000000; Setup: 0.000018; Compute: 1.009707; MPI: 1.009377; Total: 1.011826;
[R08] Times: IO: 0.000000; Setup: 0.000013; Compute: 1.009868; MPI: 1.009550; Total: 1.011988;
[R07] Times: IO: 0.000000; Setup: 0.000012; Compute: 1.010020; MPI: 1.009730; Total: 1.012145;
[R06] Times: IO: 0.000000; Setup: 0.000011; Compute: 1.010153; MPI: 1.009896; Total: 1.012274;
[R05] Times: IO: 0.000000; Setup: 0.000012; Compute: 1.010301; MPI: 1.010048; Total: 1.012428;
[R04] Times: IO: 0.000000; Setup: 0.000016; Compute: 1.010573; MPI: 1.010342; Total: 1.012571;
[R03] Times: IO: 0.000000; Setup: 0.000014; Compute: 1.010703; MPI: 1.010494; Total: 1.012703;
[R02] Times: IO: 0.000000; Setup: 0.000014; Compute: 1.010835; MPI: 1.010638; Total: 1.012836;
[R01] Times: IO: 0.000000; Setup: 0.000016; Compute: 1.010963; MPI: 1.010784; Total: 1.012962;
[R00] Times: IO: 0.273811; Setup: 0.000467; Compute: 0.898023; MPI: 0.897877; Total: 1.173303;
Mon Dec 12 23:50:24 CET 2016
Solving the Ax=b system with Gaussian Elimination:
READ:  Matrix   (A) file name: "ge_data/size1024x1024.mat"
READ:  RHS      (b) file name: "ge_data/size1024x1024.vec"
WRITE: Solution (x) file name: "ge_data/size1024x1024.sol"
[R63] Times: IO: 0.000000; Setup: 0.000014; Compute: 0.909116; MPI: 0.903051; Total: 1.185063;
[R62] Times: IO: 0.000000; Setup: 0.000015; Compute: 0.909463; MPI: 0.903418; Total: 1.185372;
[R61] Times: IO: 0.000000; Setup: 0.000014; Compute: 0.909827; MPI: 0.903816; Total: 1.185678;
[R60] Times: IO: 0.000000; Setup: 0.000014; Compute: 0.910197; MPI: 0.904314; Total: 1.186012;
[R59] Times: IO: 0.000000; Setup: 0.000014; Compute: 0.910465; MPI: 0.904462; Total: 1.186232;
[R58] Times: IO: 0.000000; Setup: 0.000014; Compute: 0.910711; MPI: 0.903587; Total: 1.186440;
[R57] Times: IO: 0.000000; Setup: 0.000014; Compute: 0.910973; MPI: 0.905299; Total: 1.186654;
[R56] Times: IO: 0.000000; Setup: 0.000016; Compute: 0.911206; MPI: 0.905724; Total: 1.186865;
[R55] Times: IO: 0.000000; Setup: 0.000015; Compute: 0.911451; MPI: 0.905902; Total: 1.186783;
[R54] Times: IO: 0.000000; Setup: 0.000015; Compute: 0.911680; MPI: 0.906356; Total: 1.186962;
[R53] Times: IO: 0.000000; Setup: 0.000014; Compute: 0.911910; MPI: 0.906258; Total: 1.187146;
[R52] Times: IO: 0.000000; Setup: 0.000015; Compute: 0.912149; MPI: 0.906925; Total: 1.187335;
[R51] Times: IO: 0.000000; Setup: 0.000014; Compute: 0.912389; MPI: 0.907195; Total: 1.187514;
[R50] Times: IO: 0.000000; Setup: 0.000014; Compute: 0.912625; MPI: 0.907189; Total: 1.187695;
[R49] Times: IO: 0.000000; Setup: 0.000018; Compute: 0.912858; MPI: 0.907697; Total: 1.187884;
[R48] Times: IO: 0.000000; Setup: 0.000023; Compute: 0.913047; MPI: 0.907375; Total: 1.188072;
[R47] Times: IO: 0.000000; Setup: 0.000015; Compute: 0.913324; MPI: 0.908154; Total: 1.188099;
[R46] Times: IO: 0.000000; Setup: 0.000015; Compute: 0.913558; MPI: 0.908372; Total: 1.188302;
[R45] Times: IO: 0.000000; Setup: 0.000015; Compute: 0.913808; MPI: 0.908692; Total: 1.188488;
[R44] Times: IO: 0.000000; Setup: 0.000014; Compute: 0.914067; MPI: 0.909005; Total: 1.188727;
[R43] Times: IO: 0.000000; Setup: 0.000014; Compute: 0.914291; MPI: 0.908317; Total: 1.188889;
[R42] Times: IO: 0.000000; Setup: 0.000015; Compute: 0.914570; MPI: 0.909689; Total: 1.189130;
[R41] Times: IO: 0.000000; Setup: 0.000016; Compute: 0.914788; MPI: 0.909988; Total: 1.189318;
[R40] Times: IO: 0.000000; Setup: 0.000016; Compute: 0.915056; MPI: 0.910295; Total: 1.189525;
[R39] Times: IO: 0.000000; Setup: 0.000014; Compute: 0.915286; MPI: 0.910315; Total: 1.189736;
[R38] Times: IO: 0.000000; Setup: 0.000014; Compute: 0.915526; MPI: 0.911000; Total: 1.189927;
[R37] Times: IO: 0.000000; Setup: 0.000014; Compute: 0.915743; MPI: 0.911171; Total: 1.190109;
[R36] Times: IO: 0.000000; Setup: 0.000014; Compute: 0.915981; MPI: 0.911556; Total: 1.190296;
[R35] Times: IO: 0.000000; Setup: 0.000014; Compute: 0.916185; MPI: 0.911633; Total: 1.190462;
[R34] Times: IO: 0.000000; Setup: 0.000032; Compute: 0.916406; MPI: 0.912165; Total: 1.190608;
[R33] Times: IO: 0.000000; Setup: 0.000021; Compute: 0.916626; MPI: 0.912440; Total: 1.190829;
[R32] Times: IO: 0.000000; Setup: 0.000026; Compute: 0.916860; MPI: 0.912175; Total: 1.191015;
[R31] Times: IO: 0.000000; Setup: 0.000015; Compute: 0.917093; MPI: 0.912948; Total: 1.191290;
[R30] Times: IO: 0.000000; Setup: 0.000015; Compute: 0.917346; MPI: 0.913405; Total: 1.191493;
[R29] Times: IO: 0.000000; Setup: 0.000014; Compute: 0.917566; MPI: 0.913654; Total: 1.191680;
[R28] Times: IO: 0.000000; Setup: 0.000015; Compute: 0.917831; MPI: 0.913924; Total: 1.191881;
[R27] Times: IO: 0.000000; Setup: 0.000019; Compute: 0.918060; MPI: 0.914372; Total: 1.192059;
[R26] Times: IO: 0.000000; Setup: 0.000014; Compute: 0.918273; MPI: 0.914660; Total: 1.192240;
[R25] Times: IO: 0.000000; Setup: 0.000014; Compute: 0.918514; MPI: 0.915016; Total: 1.192419;
[R24] Times: IO: 0.000000; Setup: 0.000016; Compute: 0.918736; MPI: 0.915326; Total: 1.192621;
[R23] Times: IO: 0.000000; Setup: 0.000014; Compute: 0.918963; MPI: 0.915525; Total: 1.192813;
[R22] Times: IO: 0.000000; Setup: 0.000014; Compute: 0.919183; MPI: 0.915876; Total: 1.192971;
[R21] Times: IO: 0.000000; Setup: 0.000014; Compute: 0.919389; MPI: 0.916235; Total: 1.193146;
[R20] Times: IO: 0.000000; Setup: 0.000014; Compute: 0.919607; MPI: 0.916470; Total: 1.193341;
[R19] Times: IO: 0.000000; Setup: 0.000014; Compute: 0.919811; MPI: 0.915114; Total: 1.193482;
[R18] Times: IO: 0.000000; Setup: 0.000014; Compute: 0.920017; MPI: 0.917274; Total: 1.193674;
[R17] Times: IO: 0.000000; Setup: 0.000019; Compute: 0.920228; MPI: 0.917615; Total: 1.193844;
[R16] Times: IO: 0.000000; Setup: 0.000019; Compute: 0.920553; MPI: 0.917913; Total: 1.194039;
[R15] Times: IO: 0.000000; Setup: 0.000025; Compute: 1.192570; MPI: 1.190228; Total: 1.194789;
[R14] Times: IO: 0.000000; Setup: 0.000018; Compute: 1.192753; MPI: 1.190490; Total: 1.194967;
[R13] Times: IO: 0.000000; Setup: 0.000021; Compute: 1.192929; MPI: 1.190811; Total: 1.195141;
[R12] Times: IO: 0.000000; Setup: 0.000017; Compute: 1.193128; MPI: 1.191115; Total: 1.195339;
[R11] Times: IO: 0.000000; Setup: 0.000017; Compute: 1.193305; MPI: 1.191436; Total: 1.195502;
[R10] Times: IO: 0.000000; Setup: 0.000022; Compute: 1.193478; MPI: 1.191725; Total: 1.195675;
[R09] Times: IO: 0.000000; Setup: 0.000018; Compute: 1.193660; MPI: 1.192033; Total: 1.195867;
[R08] Times: IO: 0.000000; Setup: 0.000029; Compute: 1.193896; MPI: 1.192369; Total: 1.196121;
[R07] Times: IO: 0.000000; Setup: 0.000015; Compute: 1.194092; MPI: 1.192750; Total: 1.196286;
[R06] Times: IO: 0.000000; Setup: 0.000019; Compute: 1.194246; MPI: 1.193041; Total: 1.196444;
[R05] Times: IO: 0.000000; Setup: 0.000016; Compute: 1.194418; MPI: 1.193368; Total: 1.196608;
[R04] Times: IO: 0.000000; Setup: 0.000021; Compute: 1.194731; MPI: 1.193810; Total: 1.196779;
[R03] Times: IO: 0.000000; Setup: 0.000018; Compute: 1.194900; MPI: 1.194142; Total: 1.196961;
[R02] Times: IO: 0.000000; Setup: 0.000022; Compute: 1.195078; MPI: 1.194472; Total: 1.197138;
[R01] Times: IO: 0.000000; Setup: 0.000018; Compute: 1.195262; MPI: 1.194809; Total: 1.197320;
[R00] Times: IO: 0.272199; Setup: 0.000365; Compute: 0.924234; MPI: 0.923906; Total: 1.199857;
Mon Dec 12 23:50:27 CET 2016
Solving the Ax=b system with Gaussian Elimination:
READ:  Matrix   (A) file name: "ge_data/size2048x2048.mat"
READ:  RHS      (b) file name: "ge_data/size2048x2048.vec"
WRITE: Solution (x) file name: "ge_data/size2048x2048.sol"
[R63] Times: IO: 0.000000; Setup: 0.000027; Compute: 0.951247; MPI: 0.898186; Total: 2.107741;
[R62] Times: IO: 0.000000; Setup: 0.000029; Compute: 0.951560; MPI: 0.895575; Total: 2.108057;
[R61] Times: IO: 0.000000; Setup: 0.000028; Compute: 0.951865; MPI: 0.895990; Total: 2.108355;
[R60] Times: IO: 0.000000; Setup: 0.000028; Compute: 0.952212; MPI: 0.897712; Total: 2.108695;
[R59] Times: IO: 0.000000; Setup: 0.000026; Compute: 0.952528; MPI: 0.896678; Total: 2.109000;
[R58] Times: IO: 0.000000; Setup: 0.000027; Compute: 0.952751; MPI: 0.898545; Total: 2.109193;
[R57] Times: IO: 0.000000; Setup: 0.000031; Compute: 0.952948; MPI: 0.899269; Total: 2.109391;
[R56] Times: IO: 0.000000; Setup: 0.000034; Compute: 0.953171; MPI: 0.901250; Total: 2.109613;
[R55] Times: IO: 0.000000; Setup: 0.000026; Compute: 0.953381; MPI: 0.901797; Total: 2.109740;
[R54] Times: IO: 0.000000; Setup: 0.000027; Compute: 0.953575; MPI: 0.902945; Total: 2.109922;
[R53] Times: IO: 0.000000; Setup: 0.000028; Compute: 0.953774; MPI: 0.902742; Total: 2.110100;
[R52] Times: IO: 0.000000; Setup: 0.000029; Compute: 0.953980; MPI: 0.903533; Total: 2.110299;
[R51] Times: IO: 0.000000; Setup: 0.000039; Compute: 0.954204; MPI: 0.903631; Total: 2.110490;
[R50] Times: IO: 0.000000; Setup: 0.000039; Compute: 0.954394; MPI: 0.904543; Total: 2.110678;
[R49] Times: IO: 0.000000; Setup: 0.000038; Compute: 0.954596; MPI: 0.906142; Total: 2.110882;
[R48] Times: IO: 0.000000; Setup: 0.000041; Compute: 0.954826; MPI: 0.904523; Total: 2.111112;
[R47] Times: IO: 0.000000; Setup: 0.000027; Compute: 0.955094; MPI: 0.906423; Total: 2.111556;
[R46] Times: IO: 0.000000; Setup: 0.000027; Compute: 0.955332; MPI: 0.907319; Total: 2.111758;
[R45] Times: IO: 0.000000; Setup: 0.000026; Compute: 0.955583; MPI: 0.907249; Total: 2.111991;
[R44] Times: IO: 0.000000; Setup: 0.000028; Compute: 0.955858; MPI: 0.907705; Total: 2.112282;
[R43] Times: IO: 0.000000; Setup: 0.000027; Compute: 0.956126; MPI: 0.907883; Total: 2.112520;
[R42] Times: IO: 0.000000; Setup: 0.000027; Compute: 0.956369; MPI: 0.908674; Total: 2.112762;
[R41] Times: IO: 0.000000; Setup: 0.000027; Compute: 0.956627; MPI: 0.909286; Total: 2.113002;
[R40] Times: IO: 0.000000; Setup: 0.000034; Compute: 0.956926; MPI: 0.911058; Total: 2.113275;
[R39] Times: IO: 0.000000; Setup: 0.000027; Compute: 0.957546; MPI: 0.913846; Total: 2.113517;
[R38] Times: IO: 0.000000; Setup: 0.000036; Compute: 0.959891; MPI: 0.915974; Total: 2.113750;
[R37] Times: IO: 0.000000; Setup: 0.000040; Compute: 0.960149; MPI: 0.917127; Total: 2.113996;
[R36] Times: IO: 0.000000; Setup: 0.000045; Compute: 0.960411; MPI: 0.918532; Total: 2.114268;
[R35] Times: IO: 0.000000; Setup: 0.000045; Compute: 0.960648; MPI: 0.918206; Total: 2.114507;
[R34] Times: IO: 0.000000; Setup: 0.000048; Compute: 0.960888; MPI: 0.919616; Total: 2.114737;
[R33] Times: IO: 0.000000; Setup: 0.000043; Compute: 0.961143; MPI: 0.920650; Total: 2.114997;
[R32] Times: IO: 0.000000; Setup: 0.000045; Compute: 0.961414; MPI: 0.921832; Total: 2.115270;
[R31] Times: IO: 0.000000; Setup: 0.000030; Compute: 0.961693; MPI: 0.922799; Total: 2.116075;
[R30] Times: IO: 0.000000; Setup: 0.000033; Compute: 0.961950; MPI: 0.923948; Total: 2.116335;
[R29] Times: IO: 0.000000; Setup: 0.000033; Compute: 0.962218; MPI: 0.921316; Total: 2.116597;
[R28] Times: IO: 0.000000; Setup: 0.000032; Compute: 0.962514; MPI: 0.924693; Total: 2.116887;
[R27] Times: IO: 0.000000; Setup: 0.000035; Compute: 0.962788; MPI: 0.925828; Total: 2.117163;
[R26] Times: IO: 0.000000; Setup: 0.000034; Compute: 0.963067; MPI: 0.927408; Total: 2.117440;
[R25] Times: IO: 0.000000; Setup: 0.000036; Compute: 0.963338; MPI: 0.928865; Total: 2.117719;
[R24] Times: IO: 0.000000; Setup: 0.000035; Compute: 0.963668; MPI: 0.930374; Total: 2.118040;
[R23] Times: IO: 0.000000; Setup: 0.000030; Compute: 0.963945; MPI: 0.932950; Total: 2.118306;
[R22] Times: IO: 0.000000; Setup: 0.000034; Compute: 0.964227; MPI: 0.933745; Total: 2.118567;
[R21] Times: IO: 0.000000; Setup: 0.000042; Compute: 0.964487; MPI: 0.934537; Total: 2.118847;
[R20] Times: IO: 0.000000; Setup: 0.000043; Compute: 0.964769; MPI: 0.935964; Total: 2.119140;
[R19] Times: IO: 0.000000; Setup: 0.000045; Compute: 0.965041; MPI: 0.937325; Total: 2.119404;
[R18] Times: IO: 0.000000; Setup: 0.000048; Compute: 0.965311; MPI: 0.938392; Total: 2.119686;
[R17] Times: IO: 0.000000; Setup: 0.000047; Compute: 0.965596; MPI: 0.939372; Total: 2.119964;
[R16] Times: IO: 0.000000; Setup: 0.000046; Compute: 0.965896; MPI: 0.941999; Total: 2.120268;
[R15] Times: IO: 0.000000; Setup: 0.000024; Compute: 2.119245; MPI: 2.094849; Total: 2.120919;
[R14] Times: IO: 0.000000; Setup: 0.000019; Compute: 2.119540; MPI: 2.097210; Total: 2.121209;
[R13] Times: IO: 0.000000; Setup: 0.000019; Compute: 2.119831; MPI: 2.098800; Total: 2.121503;
[R12] Times: IO: 0.000000; Setup: 0.000019; Compute: 2.120170; MPI: 2.100483; Total: 2.121821;
[R11] Times: IO: 0.000000; Setup: 0.000021; Compute: 2.120470; MPI: 2.102221; Total: 2.122119;
[R10] Times: IO: 0.000000; Setup: 0.000018; Compute: 2.120775; MPI: 2.103654; Total: 2.122439;
[R09] Times: IO: 0.000000; Setup: 0.000018; Compute: 2.121068; MPI: 2.105454; Total: 2.122734;
[R08] Times: IO: 0.000000; Setup: 0.000018; Compute: 2.121402; MPI: 2.107357; Total: 2.123038;
[R07] Times: IO: 0.000000; Setup: 0.000017; Compute: 2.121729; MPI: 2.109326; Total: 2.123361;
[R06] Times: IO: 0.000000; Setup: 0.000016; Compute: 2.122024; MPI: 2.111215; Total: 2.123649;
[R05] Times: IO: 0.000000; Setup: 0.000016; Compute: 2.122322; MPI: 2.112956; Total: 2.123949;
[R04] Times: IO: 0.000000; Setup: 0.000020; Compute: 2.122746; MPI: 2.114781; Total: 2.124255;
[R03] Times: IO: 0.000000; Setup: 0.000022; Compute: 2.123043; MPI: 2.116308; Total: 2.124553;
[R02] Times: IO: 0.000000; Setup: 0.000020; Compute: 2.123344; MPI: 2.118636; Total: 2.124854;
[R01] Times: IO: 0.000000; Setup: 0.000020; Compute: 2.123651; MPI: 2.120608; Total: 2.125155;
[R00] Times: IO: 1.141993; Setup: 0.001420; Compute: 0.972500; MPI: 0.970883; Total: 2.128038;
Mon Dec 12 23:50:30 CET 2016
Solving the Ax=b system with Gaussian Elimination:
READ:  Matrix   (A) file name: "ge_data/size4096x4096.mat"
READ:  RHS      (b) file name: "ge_data/size4096x4096.vec"
WRITE: Solution (x) file name: "ge_data/size4096x4096.sol"
[R63] Times: IO: 0.000000; Setup: 0.000575; Compute: 1.244505; MPI: 0.762268; Total: 5.291209;
[R62] Times: IO: 0.000000; Setup: 0.000578; Compute: 1.244975; MPI: 0.758875; Total: 5.291675;
[R61] Times: IO: 0.000000; Setup: 0.000580; Compute: 1.245432; MPI: 0.762957; Total: 5.292130;
[R60] Times: IO: 0.000000; Setup: 0.000583; Compute: 1.245914; MPI: 0.758842; Total: 5.292612;
[R59] Times: IO: 0.000000; Setup: 0.000586; Compute: 1.246381; MPI: 0.762112; Total: 5.293076;
[R58] Times: IO: 0.000000; Setup: 0.000590; Compute: 1.246635; MPI: 0.768237; Total: 5.293329;
[R57] Times: IO: 0.000000; Setup: 0.000591; Compute: 1.246918; MPI: 0.765149; Total: 5.293609;
[R56] Times: IO: 0.000000; Setup: 0.000592; Compute: 1.247232; MPI: 0.771851; Total: 5.293921;
[R55] Times: IO: 0.000000; Setup: 0.000565; Compute: 1.247543; MPI: 0.778021; Total: 5.294111;
[R54] Times: IO: 0.000000; Setup: 0.000571; Compute: 1.247812; MPI: 0.776285; Total: 5.294386;
[R53] Times: IO: 0.000000; Setup: 0.000574; Compute: 1.248099; MPI: 0.774256; Total: 5.294672;
[R52] Times: IO: 0.000000; Setup: 0.000577; Compute: 1.248399; MPI: 0.778695; Total: 5.294966;
[R51] Times: IO: 0.000000; Setup: 0.000587; Compute: 1.248697; MPI: 0.779585; Total: 5.295275;
[R50] Times: IO: 0.000000; Setup: 0.000587; Compute: 1.249010; MPI: 0.782513; Total: 5.295579;
[R49] Times: IO: 0.000000; Setup: 0.000592; Compute: 1.249336; MPI: 0.788046; Total: 5.295912;
[R48] Times: IO: 0.000000; Setup: 0.000584; Compute: 1.249742; MPI: 0.784534; Total: 5.296308;
[R47] Times: IO: 0.000000; Setup: 0.000583; Compute: 1.250157; MPI: 0.800090; Total: 5.297591;
[R46] Times: IO: 0.000000; Setup: 0.000578; Compute: 1.250613; MPI: 0.800553; Total: 5.298042;
[R45] Times: IO: 0.000000; Setup: 0.000579; Compute: 1.251100; MPI: 0.807543; Total: 5.298526;
[R44] Times: IO: 0.000000; Setup: 0.000577; Compute: 1.251643; MPI: 0.810950; Total: 5.299063;
[R43] Times: IO: 0.000000; Setup: 0.000584; Compute: 1.252155; MPI: 0.814090; Total: 5.299571;
[R42] Times: IO: 0.000000; Setup: 0.000587; Compute: 1.252687; MPI: 0.820278; Total: 5.300104;
[R41] Times: IO: 0.000000; Setup: 0.000587; Compute: 1.253214; MPI: 0.827643; Total: 5.300631;
[R40] Times: IO: 0.000000; Setup: 0.000591; Compute: 1.253779; MPI: 0.833916; Total: 5.301196;
[R39] Times: IO: 0.000000; Setup: 0.000595; Compute: 1.254240; MPI: 0.841096; Total: 5.301658;
[R38] Times: IO: 0.000000; Setup: 0.000601; Compute: 1.254749; MPI: 0.846632; Total: 5.302172;
[R37] Times: IO: 0.000000; Setup: 0.000605; Compute: 1.255297; MPI: 0.851855; Total: 5.302717;
[R36] Times: IO: 0.000000; Setup: 0.000611; Compute: 1.255881; MPI: 0.854596; Total: 5.303303;
[R35] Times: IO: 0.000000; Setup: 0.000609; Compute: 1.256502; MPI: 0.863146; Total: 5.303920;
[R34] Times: IO: 0.000000; Setup: 0.000616; Compute: 1.257097; MPI: 0.869649; Total: 5.304523;
[R33] Times: IO: 0.000000; Setup: 0.000611; Compute: 1.257731; MPI: 0.875997; Total: 5.305143;
[R32] Times: IO: 0.000000; Setup: 0.000616; Compute: 1.258370; MPI: 0.881324; Total: 5.305791;
[R31] Times: IO: 0.000000; Setup: 0.000595; Compute: 1.259063; MPI: 0.900495; Total: 5.305800;
[R30] Times: IO: 0.000000; Setup: 0.000586; Compute: 1.259746; MPI: 0.907453; Total: 5.306483;
[R29] Times: IO: 0.000000; Setup: 0.000603; Compute: 1.260415; MPI: 0.895048; Total: 5.307156;
[R28] Times: IO: 0.000000; Setup: 0.000604; Compute: 1.261156; MPI: 0.921007; Total: 5.307893;
[R27] Times: IO: 0.000000; Setup: 0.000613; Compute: 1.261901; MPI: 0.931150; Total: 5.308639;
[R26] Times: IO: 0.000000; Setup: 0.000613; Compute: 1.262618; MPI: 0.941267; Total: 5.309360;
[R25] Times: IO: 0.000000; Setup: 0.000618; Compute: 1.263344; MPI: 0.951496; Total: 5.310093;
[R24] Times: IO: 0.000000; Setup: 0.000615; Compute: 1.264113; MPI: 0.962634; Total: 5.310851;
[R23] Times: IO: 0.000000; Setup: 0.000644; Compute: 1.264845; MPI: 0.955228; Total: 5.311605;
[R22] Times: IO: 0.000000; Setup: 0.000650; Compute: 1.265621; MPI: 0.960894; Total: 5.312386;
[R21] Times: IO: 0.000000; Setup: 0.000646; Compute: 1.266435; MPI: 0.972245; Total: 5.313195;
[R20] Times: IO: 0.000000; Setup: 0.000646; Compute: 1.267272; MPI: 0.983109; Total: 5.314025;
[R19] Times: IO: 0.000000; Setup: 0.000655; Compute: 1.268099; MPI: 0.994228; Total: 5.314861;
[R18] Times: IO: 0.000000; Setup: 0.000649; Compute: 1.268934; MPI: 1.007496; Total: 5.315689;
[R17] Times: IO: 0.000000; Setup: 0.000649; Compute: 1.269781; MPI: 1.017300; Total: 5.316530;
[R16] Times: IO: 0.000000; Setup: 0.000651; Compute: 1.270622; MPI: 1.029150; Total: 5.317379;
[R15] Times: IO: 0.000000; Setup: 0.000747; Compute: 5.316157; MPI: 5.108982; Total: 5.318674;
[R14] Times: IO: 0.000000; Setup: 0.000746; Compute: 5.317171; MPI: 5.096993; Total: 5.319649;
[R13] Times: IO: 0.000000; Setup: 0.000745; Compute: 5.318184; MPI: 5.132180; Total: 5.320697;
[R12] Times: IO: 0.000000; Setup: 0.000741; Compute: 5.319235; MPI: 5.144645; Total: 5.321743;
[R11] Times: IO: 0.000000; Setup: 0.000752; Compute: 5.320258; MPI: 5.156870; Total: 5.322785;
[R10] Times: IO: 0.000000; Setup: 0.000752; Compute: 5.321301; MPI: 5.170782; Total: 5.323824;
[R09] Times: IO: 0.000000; Setup: 0.000741; Compute: 5.322350; MPI: 5.184965; Total: 5.324857;
[R08] Times: IO: 0.000000; Setup: 0.000736; Compute: 5.323407; MPI: 5.199067; Total: 5.325918;
[R07] Times: IO: 0.000000; Setup: 0.000550; Compute: 5.324702; MPI: 5.218433; Total: 5.327245;
[R06] Times: IO: 0.000000; Setup: 0.000556; Compute: 5.325801; MPI: 5.232446; Total: 5.328351;
[R05] Times: IO: 0.000000; Setup: 0.000555; Compute: 5.326934; MPI: 5.246782; Total: 5.329477;
[R04] Times: IO: 0.000000; Setup: 0.000558; Compute: 5.328228; MPI: 5.261352; Total: 5.330643;
[R03] Times: IO: 0.000000; Setup: 0.000556; Compute: 5.329395; MPI: 5.276224; Total: 5.331811;
[R02] Times: IO: 0.000000; Setup: 0.000556; Compute: 5.330556; MPI: 5.291699; Total: 5.332972;
[R01] Times: IO: 0.000000; Setup: 0.000556; Compute: 5.331703; MPI: 5.307411; Total: 5.334119;
[R00] Times: IO: 3.988374; Setup: 0.006263; Compute: 1.298294; MPI: 1.288094; Total: 5.340109;
Mon Dec 12 23:50:37 CET 2016
Solving the Ax=b system with Gaussian Elimination:
READ:  Matrix   (A) file name: "ge_data/size8192x8192.mat"
READ:  RHS      (b) file name: "ge_data/size8192x8192.vec"
WRITE: Solution (x) file name: "ge_data/size8192x8192.sol"
[R63] Times: IO: 0.000000; Setup: 0.000553; Compute: 14.688934; MPI: 1.423475; Total: 34.363624;
[R62] Times: IO: 0.000000; Setup: 0.000556; Compute: 14.689411; MPI: 1.415138; Total: 34.364115;
[R61] Times: IO: 0.000000; Setup: 0.000554; Compute: 14.689937; MPI: 1.531089; Total: 34.364632;
[R60] Times: IO: 0.000000; Setup: 0.000562; Compute: 14.690633; MPI: 1.670354; Total: 34.365322;
[R59] Times: IO: 0.000000; Setup: 0.000562; Compute: 14.691423; MPI: 1.463500; Total: 34.366097;
[R58] Times: IO: 0.000000; Setup: 0.000569; Compute: 14.692013; MPI: 1.682170; Total: 34.366710;
[R57] Times: IO: 0.000000; Setup: 0.000567; Compute: 14.692675; MPI: 1.627376; Total: 34.367325;
[R56] Times: IO: 0.000000; Setup: 0.000575; Compute: 14.693401; MPI: 1.546525; Total: 34.368071;
[R55] Times: IO: 0.000000; Setup: 0.000558; Compute: 14.693981; MPI: 1.744689; Total: 34.368633;
[R54] Times: IO: 0.000000; Setup: 0.000560; Compute: 14.694777; MPI: 1.894621; Total: 34.369441;
[R53] Times: IO: 0.000000; Setup: 0.000565; Compute: 14.695681; MPI: 1.814790; Total: 34.370350;
[R52] Times: IO: 0.000000; Setup: 0.000570; Compute: 14.696667; MPI: 2.012134; Total: 34.371337;
[R51] Times: IO: 0.000000; Setup: 0.000569; Compute: 14.697703; MPI: 1.926378; Total: 34.372346;
[R50] Times: IO: 0.000000; Setup: 0.000570; Compute: 14.698808; MPI: 1.866036; Total: 34.373459;
[R49] Times: IO: 0.000000; Setup: 0.000565; Compute: 14.699969; MPI: 1.930647; Total: 34.374613;
[R48] Times: IO: 0.000000; Setup: 0.000566; Compute: 14.701200; MPI: 1.976834; Total: 34.375865;
[R47] Times: IO: 0.000000; Setup: 0.000558; Compute: 14.702555; MPI: 2.696751; Total: 34.376650;
[R46] Times: IO: 0.000000; Setup: 0.000564; Compute: 14.703961; MPI: 2.677610; Total: 34.378054;
[R45] Times: IO: 0.000000; Setup: 0.000566; Compute: 14.705405; MPI: 2.639699; Total: 34.379498;
[R44] Times: IO: 0.000000; Setup: 0.000565; Compute: 14.706962; MPI: 2.755937; Total: 34.381047;
[R43] Times: IO: 0.000000; Setup: 0.000568; Compute: 14.708561; MPI: 2.926194; Total: 34.382643;
[R42] Times: IO: 0.000000; Setup: 0.000577; Compute: 14.710195; MPI: 2.856416; Total: 34.384277;
[R41] Times: IO: 0.000000; Setup: 0.000571; Compute: 14.711882; MPI: 2.917879; Total: 34.385963;
[R40] Times: IO: 0.000000; Setup: 0.000573; Compute: 14.713649; MPI: 3.044698; Total: 34.387732;
[R39] Times: IO: 0.000000; Setup: 0.000581; Compute: 14.715119; MPI: 3.792294; Total: 34.389432;
[R38] Times: IO: 0.000000; Setup: 0.000582; Compute: 14.717117; MPI: 3.845498; Total: 34.391420;
[R37] Times: IO: 0.000000; Setup: 0.000587; Compute: 14.719110; MPI: 3.885565; Total: 34.393423;
[R36] Times: IO: 0.000000; Setup: 0.000591; Compute: 14.721168; MPI: 3.957665; Total: 34.395482;
[R35] Times: IO: 0.000000; Setup: 0.000585; Compute: 14.723288; MPI: 4.232355; Total: 34.397596;
[R34] Times: IO: 0.000000; Setup: 0.000591; Compute: 14.725460; MPI: 4.146917; Total: 34.399775;
[R33] Times: IO: 0.000000; Setup: 0.000583; Compute: 14.727701; MPI: 4.355065; Total: 34.402003;
[R32] Times: IO: 0.000000; Setup: 0.000585; Compute: 14.729999; MPI: 4.476893; Total: 34.404307;
[R31] Times: IO: 0.000000; Setup: 0.000557; Compute: 14.732546; MPI: 5.405252; Total: 34.406646;
[R30] Times: IO: 0.000000; Setup: 0.000559; Compute: 14.735161; MPI: 5.480307; Total: 34.409264;
[R29] Times: IO: 0.000000; Setup: 0.000563; Compute: 14.737699; MPI: 5.536610; Total: 34.411795;
[R28] Times: IO: 0.000000; Setup: 0.000562; Compute: 14.740298; MPI: 5.646863; Total: 34.414377;
[R27] Times: IO: 0.000000; Setup: 0.000555; Compute: 14.742969; MPI: 5.801903; Total: 34.417067;
[R26] Times: IO: 0.000000; Setup: 0.000568; Compute: 14.745678; MPI: 5.913998; Total: 34.419791;
[R25] Times: IO: 0.000000; Setup: 0.000560; Compute: 14.748430; MPI: 6.164302; Total: 34.422524;
[R24] Times: IO: 0.000000; Setup: 0.000555; Compute: 14.751257; MPI: 6.397284; Total: 34.425337;
[R23] Times: IO: 0.000000; Setup: 0.000575; Compute: 14.754245; MPI: 7.491211; Total: 34.428285;
[R22] Times: IO: 0.000000; Setup: 0.000582; Compute: 14.757351; MPI: 7.695113; Total: 34.431391;
[R21] Times: IO: 0.000000; Setup: 0.000597; Compute: 14.760367; MPI: 7.475798; Total: 34.434424;
[R20] Times: IO: 0.000000; Setup: 0.000589; Compute: 14.763471; MPI: 7.656433; Total: 34.437523;
[R19] Times: IO: 0.000000; Setup: 0.000592; Compute: 14.766653; MPI: 7.738952; Total: 34.440701;
[R18] Times: IO: 0.000000; Setup: 0.000592; Compute: 14.769865; MPI: 7.976933; Total: 34.443918;
[R17] Times: IO: 0.000000; Setup: 0.000601; Compute: 14.773111; MPI: 8.195739; Total: 34.447170;
[R16] Times: IO: 0.000000; Setup: 0.000584; Compute: 14.776437; MPI: 8.439577; Total: 34.450477;
[R15] Times: IO: 0.000000; Setup: 0.000961; Compute: 34.450879; MPI: 29.631570; Total: 34.454347;
[R14] Times: IO: 0.000000; Setup: 0.000973; Compute: 34.454490; MPI: 29.735817; Total: 34.457969;
[R13] Times: IO: 0.000000; Setup: 0.000971; Compute: 34.458162; MPI: 29.795561; Total: 34.461639;
[R12] Times: IO: 0.000000; Setup: 0.000967; Compute: 34.461936; MPI: 29.955136; Total: 34.465405;
[R11] Times: IO: 0.000000; Setup: 0.000967; Compute: 34.465768; MPI: 30.134125; Total: 34.469234;
[R10] Times: IO: 0.000000; Setup: 0.000975; Compute: 34.469622; MPI: 30.372468; Total: 34.473101;
[R09] Times: IO: 0.000000; Setup: 0.000996; Compute: 34.473506; MPI: 30.641109; Total: 34.476986;
[R08] Times: IO: 0.000000; Setup: 0.000979; Compute: 34.477503; MPI: 31.025308; Total: 34.480990;
[R07] Times: IO: 0.000000; Setup: 0.000846; Compute: 34.482195; MPI: 32.814083; Total: 34.485486;
[R06] Times: IO: 0.000000; Setup: 0.000854; Compute: 34.486445; MPI: 32.922863; Total: 34.489739;
[R05] Times: IO: 0.000000; Setup: 0.000857; Compute: 34.490646; MPI: 33.034645; Total: 34.493946;
[R04] Times: IO: 0.000000; Setup: 0.000842; Compute: 34.495232; MPI: 33.197654; Total: 34.498286;
[R03] Times: IO: 0.000000; Setup: 0.000849; Compute: 34.499565; MPI: 33.412593; Total: 34.502621;
[R02] Times: IO: 0.000000; Setup: 0.000846; Compute: 34.503987; MPI: 33.698290; Total: 34.507031;
[R01] Times: IO: 0.000000; Setup: 0.000843; Compute: 34.508422; MPI: 34.035694; Total: 34.511459;
[R00] Times: IO: 19.414347; Setup: 0.013236; Compute: 14.906466; MPI: 14.838427; Total: 34.522354;
Mon Dec 12 23:51:13 CET 2016
