Solving the Ax=b system with Gaussian Elimination:
READ:  Matrix   (A) file name: "ge_data/size64x64.mat"
READ:  RHS      (b) file name: "ge_data/size64x64.vec"
WRITE: Solution (x) file name: "ge_data/size64x64.sol"
[R63] Times: IO: 0.000000; Setup: 0.000008; Compute: 0.878500; MPI: 0.878369; Total: 0.939476;
[R62] Times: IO: 0.000000; Setup: 0.000010; Compute: 0.878827; MPI: 0.878687; Total: 0.939796;
[R61] Times: IO: 0.000000; Setup: 0.000009; Compute: 0.879126; MPI: 0.878992; Total: 0.940092;
[R60] Times: IO: 0.000000; Setup: 0.000011; Compute: 0.879440; MPI: 0.879285; Total: 0.940402;
[R59] Times: IO: 0.000000; Setup: 0.000011; Compute: 0.879641; MPI: 0.879477; Total: 0.940595;
[R58] Times: IO: 0.000000; Setup: 0.000010; Compute: 0.879845; MPI: 0.879648; Total: 0.940791;
[R57] Times: IO: 0.000000; Setup: 0.000012; Compute: 0.880038; MPI: 0.879846; Total: 0.940990;
[R56] Times: IO: 0.000000; Setup: 0.000011; Compute: 0.880242; MPI: 0.880054; Total: 0.941196;
[R55] Times: IO: 0.000000; Setup: 0.000009; Compute: 0.880436; MPI: 0.880194; Total: 0.941463;
[R54] Times: IO: 0.000000; Setup: 0.000011; Compute: 0.880605; MPI: 0.880327; Total: 0.941625;
[R53] Times: IO: 0.000000; Setup: 0.000010; Compute: 0.880779; MPI: 0.880506; Total: 0.941801;
[R52] Times: IO: 0.000000; Setup: 0.000010; Compute: 0.880961; MPI: 0.880683; Total: 0.941976;
[R51] Times: IO: 0.000000; Setup: 0.000010; Compute: 0.881136; MPI: 0.880852; Total: 0.942151;
[R50] Times: IO: 0.000000; Setup: 0.000012; Compute: 0.881309; MPI: 0.881050; Total: 0.942317;
[R49] Times: IO: 0.000000; Setup: 0.000014; Compute: 0.881475; MPI: 0.881212; Total: 0.942485;
[R48] Times: IO: 0.000000; Setup: 0.000012; Compute: 0.881656; MPI: 0.881433; Total: 0.942662;
[R47] Times: IO: 0.000000; Setup: 0.000010; Compute: 0.881849; MPI: 0.881610; Total: 0.942872;
[R46] Times: IO: 0.000000; Setup: 0.000010; Compute: 0.882029; MPI: 0.881809; Total: 0.943046;
[R45] Times: IO: 0.000000; Setup: 0.000009; Compute: 0.882205; MPI: 0.881982; Total: 0.943219;
[R44] Times: IO: 0.000000; Setup: 0.000011; Compute: 0.882391; MPI: 0.882156; Total: 0.943401;
[R43] Times: IO: 0.000000; Setup: 0.000011; Compute: 0.882564; MPI: 0.882313; Total: 0.943567;
[R42] Times: IO: 0.000000; Setup: 0.000011; Compute: 0.882739; MPI: 0.882501; Total: 0.943738;
[R41] Times: IO: 0.000000; Setup: 0.000010; Compute: 0.882912; MPI: 0.882672; Total: 0.943911;
[R40] Times: IO: 0.000000; Setup: 0.000012; Compute: 0.883087; MPI: 0.882863; Total: 0.944084;
[R39] Times: IO: 0.000000; Setup: 0.000008; Compute: 0.883262; MPI: 0.883027; Total: 0.944329;
[R38] Times: IO: 0.000000; Setup: 0.000008; Compute: 0.883422; MPI: 0.883188; Total: 0.944484;
[R37] Times: IO: 0.000000; Setup: 0.000008; Compute: 0.883582; MPI: 0.883345; Total: 0.944641;
[R36] Times: IO: 0.000000; Setup: 0.000008; Compute: 0.883777; MPI: 0.883558; Total: 0.944825;
[R35] Times: IO: 0.000000; Setup: 0.000009; Compute: 0.883944; MPI: 0.883709; Total: 0.944979;
[R34] Times: IO: 0.000000; Setup: 0.000009; Compute: 0.884105; MPI: 0.883872; Total: 0.945133;
[R33] Times: IO: 0.000000; Setup: 0.000013; Compute: 0.884259; MPI: 0.884035; Total: 0.945288;
[R32] Times: IO: 0.000000; Setup: 0.000012; Compute: 0.884422; MPI: 0.884205; Total: 0.945449;
[R31] Times: IO: 0.000000; Setup: 0.000009; Compute: 0.884586; MPI: 0.884430; Total: 0.946500;
[R30] Times: IO: 0.000000; Setup: 0.000008; Compute: 0.884743; MPI: 0.884583; Total: 0.946648;
[R29] Times: IO: 0.000000; Setup: 0.000008; Compute: 0.884901; MPI: 0.884736; Total: 0.946799;
[R28] Times: IO: 0.000000; Setup: 0.000008; Compute: 0.885070; MPI: 0.884895; Total: 0.946972;
[R27] Times: IO: 0.000000; Setup: 0.000009; Compute: 0.885226; MPI: 0.885050; Total: 0.947114;
[R26] Times: IO: 0.000000; Setup: 0.000009; Compute: 0.885385; MPI: 0.885222; Total: 0.947267;
[R25] Times: IO: 0.000000; Setup: 0.000010; Compute: 0.885537; MPI: 0.885334; Total: 0.947425;
[R24] Times: IO: 0.000000; Setup: 0.000010; Compute: 0.885701; MPI: 0.885555; Total: 0.947587;
[R23] Times: IO: 0.000000; Setup: 0.000008; Compute: 0.885858; MPI: 0.885691; Total: 0.947729;
[R22] Times: IO: 0.000000; Setup: 0.000008; Compute: 0.886004; MPI: 0.885839; Total: 0.947862;
[R21] Times: IO: 0.000000; Setup: 0.000009; Compute: 0.886151; MPI: 0.885992; Total: 0.947999;
[R20] Times: IO: 0.000000; Setup: 0.000009; Compute: 0.886320; MPI: 0.886165; Total: 0.948165;
[R19] Times: IO: 0.000000; Setup: 0.000009; Compute: 0.886471; MPI: 0.886287; Total: 0.948315;
[R18] Times: IO: 0.000000; Setup: 0.000008; Compute: 0.886611; MPI: 0.886465; Total: 0.948443;
[R17] Times: IO: 0.000000; Setup: 0.000009; Compute: 0.886750; MPI: 0.886603; Total: 0.948586;
[R16] Times: IO: 0.000000; Setup: 0.000012; Compute: 0.886896; MPI: 0.886742; Total: 0.948728;
[R15] Times: IO: 0.000000; Setup: 0.000010; Compute: 0.947403; MPI: 0.947257; Total: 0.948795;
[R14] Times: IO: 0.000000; Setup: 0.000007; Compute: 0.947546; MPI: 0.947383; Total: 0.948935;
[R13] Times: IO: 0.000000; Setup: 0.000012; Compute: 0.947680; MPI: 0.947540; Total: 0.949071;
[R12] Times: IO: 0.000000; Setup: 0.000010; Compute: 0.947825; MPI: 0.947673; Total: 0.949193;
[R11] Times: IO: 0.000000; Setup: 0.000009; Compute: 0.947957; MPI: 0.947820; Total: 0.949346;
[R10] Times: IO: 0.000000; Setup: 0.000010; Compute: 0.948095; MPI: 0.947945; Total: 0.949481;
[R09] Times: IO: 0.000000; Setup: 0.000011; Compute: 0.948218; MPI: 0.948083; Total: 0.949609;
[R08] Times: IO: 0.000000; Setup: 0.000016; Compute: 0.948356; MPI: 0.948222; Total: 0.949754;
[R07] Times: IO: 0.000000; Setup: 0.000008; Compute: 0.948506; MPI: 0.948373; Total: 0.949862;
[R06] Times: IO: 0.000000; Setup: 0.000008; Compute: 0.948626; MPI: 0.948497; Total: 0.949979;
[R05] Times: IO: 0.000000; Setup: 0.000007; Compute: 0.948753; MPI: 0.948622; Total: 0.950102;
[R04] Times: IO: 0.000000; Setup: 0.000011; Compute: 0.949029; MPI: 0.948876; Total: 0.950247;
[R03] Times: IO: 0.000000; Setup: 0.000014; Compute: 0.949143; MPI: 0.949005; Total: 0.950367;
[R02] Times: IO: 0.000000; Setup: 0.000012; Compute: 0.949261; MPI: 0.949123; Total: 0.950484;
[R01] Times: IO: 0.000000; Setup: 0.000015; Compute: 0.949379; MPI: 0.949242; Total: 0.950598;
[R00] Times: IO: 0.062493; Setup: 0.000085; Compute: 0.889469; MPI: 0.889332; Total: 0.952067;
Mon Dec 12 23:53:03 CET 2016
Solving the Ax=b system with Gaussian Elimination:
READ:  Matrix   (A) file name: "ge_data/size512x512.mat"
READ:  RHS      (b) file name: "ge_data/size512x512.vec"
WRITE: Solution (x) file name: "ge_data/size512x512.sol"
[R63] Times: IO: 0.000000; Setup: 0.000016; Compute: 0.881394; MPI: 0.880464; Total: 1.000434;
[R62] Times: IO: 0.000000; Setup: 0.000016; Compute: 0.881741; MPI: 0.880788; Total: 1.000764;
[R61] Times: IO: 0.000000; Setup: 0.000016; Compute: 0.882058; MPI: 0.881117; Total: 1.001069;
[R60] Times: IO: 0.000000; Setup: 0.000017; Compute: 0.882391; MPI: 0.881458; Total: 1.001384;
[R59] Times: IO: 0.000000; Setup: 0.000016; Compute: 0.882598; MPI: 0.881723; Total: 1.001574;
[R58] Times: IO: 0.000000; Setup: 0.000016; Compute: 0.882807; MPI: 0.881970; Total: 1.001768;
[R57] Times: IO: 0.000000; Setup: 0.000015; Compute: 0.883013; MPI: 0.882193; Total: 1.001960;
[R56] Times: IO: 0.000000; Setup: 0.000017; Compute: 0.883222; MPI: 0.882398; Total: 1.002162;
[R55] Times: IO: 0.000000; Setup: 0.000015; Compute: 0.883415; MPI: 0.882636; Total: 1.002592;
[R54] Times: IO: 0.000000; Setup: 0.000015; Compute: 0.883600; MPI: 0.882828; Total: 1.002755;
[R53] Times: IO: 0.000000; Setup: 0.000015; Compute: 0.883793; MPI: 0.883019; Total: 1.002933;
[R52] Times: IO: 0.000000; Setup: 0.000015; Compute: 0.883979; MPI: 0.883193; Total: 1.003104;
[R51] Times: IO: 0.000000; Setup: 0.000016; Compute: 0.884159; MPI: 0.883400; Total: 1.003269;
[R50] Times: IO: 0.000000; Setup: 0.000015; Compute: 0.884346; MPI: 0.883581; Total: 1.003440;
[R49] Times: IO: 0.000000; Setup: 0.000017; Compute: 0.884528; MPI: 0.883745; Total: 1.003604;
[R48] Times: IO: 0.000000; Setup: 0.000020; Compute: 0.884707; MPI: 0.883908; Total: 1.003767;
[R47] Times: IO: 0.000000; Setup: 0.000015; Compute: 0.884914; MPI: 0.884167; Total: 1.004069;
[R46] Times: IO: 0.000000; Setup: 0.000016; Compute: 0.885112; MPI: 0.884372; Total: 1.004250;
[R45] Times: IO: 0.000000; Setup: 0.000016; Compute: 0.885307; MPI: 0.884578; Total: 1.004423;
[R44] Times: IO: 0.000000; Setup: 0.000016; Compute: 0.885515; MPI: 0.884791; Total: 1.004616;
[R43] Times: IO: 0.000000; Setup: 0.000016; Compute: 0.885712; MPI: 0.884989; Total: 1.004791;
[R42] Times: IO: 0.000000; Setup: 0.000016; Compute: 0.885917; MPI: 0.885194; Total: 1.004982;
[R41] Times: IO: 0.000000; Setup: 0.000015; Compute: 0.886109; MPI: 0.885400; Total: 1.005137;
[R40] Times: IO: 0.000000; Setup: 0.000017; Compute: 0.886315; MPI: 0.885602; Total: 1.005349;
[R39] Times: IO: 0.000000; Setup: 0.000015; Compute: 0.886501; MPI: 0.885809; Total: 1.005328;
[R38] Times: IO: 0.000000; Setup: 0.000016; Compute: 0.886674; MPI: 0.885997; Total: 1.005486;
[R37] Times: IO: 0.000000; Setup: 0.000015; Compute: 0.886854; MPI: 0.886167; Total: 1.005645;
[R36] Times: IO: 0.000000; Setup: 0.000015; Compute: 0.887047; MPI: 0.886388; Total: 1.005811;
[R35] Times: IO: 0.000000; Setup: 0.000015; Compute: 0.887222; MPI: 0.886566; Total: 1.005965;
[R34] Times: IO: 0.000000; Setup: 0.000015; Compute: 0.887397; MPI: 0.886744; Total: 1.006121;
[R33] Times: IO: 0.000000; Setup: 0.000015; Compute: 0.887574; MPI: 0.886929; Total: 1.006282;
[R32] Times: IO: 0.000000; Setup: 0.000020; Compute: 0.887745; MPI: 0.887110; Total: 1.006448;
[R31] Times: IO: 0.000000; Setup: 0.000015; Compute: 0.887924; MPI: 0.887306; Total: 1.006547;
[R30] Times: IO: 0.000000; Setup: 0.000016; Compute: 0.888107; MPI: 0.887494; Total: 1.006708;
[R29] Times: IO: 0.000000; Setup: 0.000016; Compute: 0.888304; MPI: 0.887697; Total: 1.006893;
[R28] Times: IO: 0.000000; Setup: 0.000016; Compute: 0.888517; MPI: 0.887929; Total: 1.007081;
[R27] Times: IO: 0.000000; Setup: 0.000016; Compute: 0.888695; MPI: 0.888113; Total: 1.007245;
[R26] Times: IO: 0.000000; Setup: 0.000016; Compute: 0.888879; MPI: 0.888312; Total: 1.007411;
[R25] Times: IO: 0.000000; Setup: 0.000015; Compute: 0.889056; MPI: 0.888482; Total: 1.007569;
[R24] Times: IO: 0.000000; Setup: 0.000017; Compute: 0.889248; MPI: 0.888696; Total: 1.007748;
[R23] Times: IO: 0.000000; Setup: 0.000014; Compute: 0.889423; MPI: 0.888894; Total: 1.007864;
[R22] Times: IO: 0.000000; Setup: 0.000016; Compute: 0.889584; MPI: 0.889067; Total: 1.008012;
[R21] Times: IO: 0.000000; Setup: 0.000015; Compute: 0.889748; MPI: 0.889260; Total: 1.008160;
[R20] Times: IO: 0.000000; Setup: 0.000014; Compute: 0.889928; MPI: 0.889408; Total: 1.008319;
[R19] Times: IO: 0.000000; Setup: 0.000014; Compute: 0.890089; MPI: 0.889616; Total: 1.008463;
[R18] Times: IO: 0.000000; Setup: 0.000015; Compute: 0.890248; MPI: 0.889807; Total: 1.008606;
[R17] Times: IO: 0.000000; Setup: 0.000015; Compute: 0.890414; MPI: 0.889968; Total: 1.008749;
[R16] Times: IO: 0.000000; Setup: 0.000021; Compute: 0.890576; MPI: 0.890135; Total: 1.008903;
[R15] Times: IO: 0.000000; Setup: 0.000021; Compute: 1.007878; MPI: 1.007449; Total: 1.009733;
[R14] Times: IO: 0.000000; Setup: 0.000027; Compute: 1.008025; MPI: 1.007388; Total: 1.009887;
[R13] Times: IO: 0.000000; Setup: 0.000019; Compute: 1.008183; MPI: 1.007782; Total: 1.010034;
[R12] Times: IO: 0.000000; Setup: 0.000023; Compute: 1.008352; MPI: 1.007971; Total: 1.010206;
[R11] Times: IO: 0.000000; Setup: 0.000017; Compute: 1.008508; MPI: 1.008143; Total: 1.010355;
[R10] Times: IO: 0.000000; Setup: 0.000019; Compute: 1.008653; MPI: 1.008306; Total: 1.010484;
[R09] Times: IO: 0.000000; Setup: 0.000017; Compute: 1.008795; MPI: 1.008463; Total: 1.010627;
[R08] Times: IO: 0.000000; Setup: 0.000019; Compute: 1.008962; MPI: 1.008640; Total: 1.010800;
[R07] Times: IO: 0.000000; Setup: 0.000012; Compute: 1.009119; MPI: 1.008838; Total: 1.010934;
[R06] Times: IO: 0.000000; Setup: 0.000013; Compute: 1.009269; MPI: 1.009011; Total: 1.011053;
[R05] Times: IO: 0.000000; Setup: 0.000012; Compute: 1.009404; MPI: 1.009167; Total: 1.011218;
[R04] Times: IO: 0.000000; Setup: 0.000015; Compute: 1.009683; MPI: 1.009451; Total: 1.011364;
[R03] Times: IO: 0.000000; Setup: 0.000014; Compute: 1.009827; MPI: 1.009615; Total: 1.011504;
[R02] Times: IO: 0.000000; Setup: 0.000017; Compute: 1.009951; MPI: 1.009749; Total: 1.011632;
[R01] Times: IO: 0.000000; Setup: 0.000015; Compute: 1.010082; MPI: 1.009909; Total: 1.011759;
[R00] Times: IO: 0.118878; Setup: 0.000455; Compute: 0.893406; MPI: 0.893260; Total: 1.013734;
Mon Dec 12 23:53:05 CET 2016
Solving the Ax=b system with Gaussian Elimination:
READ:  Matrix   (A) file name: "ge_data/size1024x1024.mat"
READ:  RHS      (b) file name: "ge_data/size1024x1024.vec"
WRITE: Solution (x) file name: "ge_data/size1024x1024.sol"
[R63] Times: IO: 0.000000; Setup: 0.000015; Compute: 0.893985; MPI: 0.887934; Total: 1.170143;
[R62] Times: IO: 0.000000; Setup: 0.000015; Compute: 0.894365; MPI: 0.888259; Total: 1.170470;
[R61] Times: IO: 0.000000; Setup: 0.000015; Compute: 0.894704; MPI: 0.888572; Total: 1.170773;
[R60] Times: IO: 0.000000; Setup: 0.000016; Compute: 0.895079; MPI: 0.888930; Total: 1.171098;
[R59] Times: IO: 0.000000; Setup: 0.000014; Compute: 0.895446; MPI: 0.889221; Total: 1.171414;
[R58] Times: IO: 0.000000; Setup: 0.000014; Compute: 0.895676; MPI: 0.889859; Total: 1.171609;
[R57] Times: IO: 0.000000; Setup: 0.000013; Compute: 0.895923; MPI: 0.890226; Total: 1.171806;
[R56] Times: IO: 0.000000; Setup: 0.000016; Compute: 0.896194; MPI: 0.890174; Total: 1.172019;
[R55] Times: IO: 0.000000; Setup: 0.000018; Compute: 0.896403; MPI: 0.891011; Total: 1.172235;
[R54] Times: IO: 0.000000; Setup: 0.000015; Compute: 0.896650; MPI: 0.891401; Total: 1.172411;
[R53] Times: IO: 0.000000; Setup: 0.000015; Compute: 0.896869; MPI: 0.891657; Total: 1.172587;
[R52] Times: IO: 0.000000; Setup: 0.000014; Compute: 0.897090; MPI: 0.891884; Total: 1.172776;
[R51] Times: IO: 0.000000; Setup: 0.000014; Compute: 0.897312; MPI: 0.892109; Total: 1.172952;
[R50] Times: IO: 0.000000; Setup: 0.000014; Compute: 0.897550; MPI: 0.892416; Total: 1.173130;
[R49] Times: IO: 0.000000; Setup: 0.000020; Compute: 0.897778; MPI: 0.892668; Total: 1.173299;
[R48] Times: IO: 0.000000; Setup: 0.000021; Compute: 0.898008; MPI: 0.892238; Total: 1.173495;
[R47] Times: IO: 0.000000; Setup: 0.000015; Compute: 0.898239; MPI: 0.893151; Total: 1.174567;
[R46] Times: IO: 0.000000; Setup: 0.000018; Compute: 0.898476; MPI: 0.893394; Total: 1.174762;
[R45] Times: IO: 0.000000; Setup: 0.000014; Compute: 0.898719; MPI: 0.893636; Total: 1.174960;
[R44] Times: IO: 0.000000; Setup: 0.000017; Compute: 0.898983; MPI: 0.893963; Total: 1.175171;
[R43] Times: IO: 0.000000; Setup: 0.000014; Compute: 0.899247; MPI: 0.894339; Total: 1.175364;
[R42] Times: IO: 0.000000; Setup: 0.000015; Compute: 0.899490; MPI: 0.894655; Total: 1.175575;
[R41] Times: IO: 0.000000; Setup: 0.000014; Compute: 0.899726; MPI: 0.894906; Total: 1.175765;
[R40] Times: IO: 0.000000; Setup: 0.000016; Compute: 0.899953; MPI: 0.895160; Total: 1.175971;
[R39] Times: IO: 0.000000; Setup: 0.000014; Compute: 0.900186; MPI: 0.895608; Total: 1.176157;
[R38] Times: IO: 0.000000; Setup: 0.000014; Compute: 0.900418; MPI: 0.895760; Total: 1.176330;
[R37] Times: IO: 0.000000; Setup: 0.000014; Compute: 0.900670; MPI: 0.896193; Total: 1.176504;
[R36] Times: IO: 0.000000; Setup: 0.000014; Compute: 0.900910; MPI: 0.896528; Total: 1.176696;
[R35] Times: IO: 0.000000; Setup: 0.000014; Compute: 0.901107; MPI: 0.896818; Total: 1.176865;
[R34] Times: IO: 0.000000; Setup: 0.000014; Compute: 0.901337; MPI: 0.897075; Total: 1.177048;
[R33] Times: IO: 0.000000; Setup: 0.000014; Compute: 0.901571; MPI: 0.897292; Total: 1.177216;
[R32] Times: IO: 0.000000; Setup: 0.000020; Compute: 0.901782; MPI: 0.897280; Total: 1.177407;
[R31] Times: IO: 0.000000; Setup: 0.000015; Compute: 0.902011; MPI: 0.897989; Total: 1.176955;
[R30] Times: IO: 0.000000; Setup: 0.000014; Compute: 0.902224; MPI: 0.898265; Total: 1.177143;
[R29] Times: IO: 0.000000; Setup: 0.000015; Compute: 0.902499; MPI: 0.898633; Total: 1.177330;
[R28] Times: IO: 0.000000; Setup: 0.000015; Compute: 0.902775; MPI: 0.899003; Total: 1.177570;
[R27] Times: IO: 0.000000; Setup: 0.000014; Compute: 0.903006; MPI: 0.899304; Total: 1.177753;
[R26] Times: IO: 0.000000; Setup: 0.000015; Compute: 0.903223; MPI: 0.899629; Total: 1.177938;
[R25] Times: IO: 0.000000; Setup: 0.000014; Compute: 0.903449; MPI: 0.899962; Total: 1.178120;
[R24] Times: IO: 0.000000; Setup: 0.000015; Compute: 0.903698; MPI: 0.900273; Total: 1.178318;
[R23] Times: IO: 0.000000; Setup: 0.000014; Compute: 0.903898; MPI: 0.900542; Total: 1.178518;
[R22] Times: IO: 0.000000; Setup: 0.000015; Compute: 0.904121; MPI: 0.900960; Total: 1.178685;
[R21] Times: IO: 0.000000; Setup: 0.000014; Compute: 0.904335; MPI: 0.901306; Total: 1.178828;
[R20] Times: IO: 0.000000; Setup: 0.000020; Compute: 0.904553; MPI: 0.901599; Total: 1.179031;
[R19] Times: IO: 0.000000; Setup: 0.000014; Compute: 0.904761; MPI: 0.901918; Total: 1.179199;
[R18] Times: IO: 0.000000; Setup: 0.000020; Compute: 0.904961; MPI: 0.902225; Total: 1.179336;
[R17] Times: IO: 0.000000; Setup: 0.000014; Compute: 0.905171; MPI: 0.902496; Total: 1.179486;
[R16] Times: IO: 0.000000; Setup: 0.000017; Compute: 0.905496; MPI: 0.902759; Total: 1.179698;
[R15] Times: IO: 0.000000; Setup: 0.000030; Compute: 1.177355; MPI: 1.175001; Total: 1.179866;
[R14] Times: IO: 0.000000; Setup: 0.000034; Compute: 1.177528; MPI: 1.175292; Total: 1.180044;
[R13] Times: IO: 0.000000; Setup: 0.000032; Compute: 1.177710; MPI: 1.175585; Total: 1.180219;
[R12] Times: IO: 0.000000; Setup: 0.000031; Compute: 1.177908; MPI: 1.175909; Total: 1.180415;
[R11] Times: IO: 0.000000; Setup: 0.000030; Compute: 1.178081; MPI: 1.176209; Total: 1.180595;
[R10] Times: IO: 0.000000; Setup: 0.000032; Compute: 1.178290; MPI: 1.176545; Total: 1.180794;
[R09] Times: IO: 0.000000; Setup: 0.000032; Compute: 1.178476; MPI: 1.176867; Total: 1.180991;
[R08] Times: IO: 0.000000; Setup: 0.000035; Compute: 1.178675; MPI: 1.177201; Total: 1.181185;
[R07] Times: IO: 0.000000; Setup: 0.000031; Compute: 1.178861; MPI: 1.177528; Total: 1.181362;
[R06] Times: IO: 0.000000; Setup: 0.000030; Compute: 1.179028; MPI: 1.177847; Total: 1.181527;
[R05] Times: IO: 0.000000; Setup: 0.000038; Compute: 1.179184; MPI: 1.178107; Total: 1.181694;
[R04] Times: IO: 0.000000; Setup: 0.000037; Compute: 1.179587; MPI: 1.178692; Total: 1.181873;
[R03] Times: IO: 0.000000; Setup: 0.000038; Compute: 1.179750; MPI: 1.178990; Total: 1.182031;
[R02] Times: IO: 0.000000; Setup: 0.000034; Compute: 1.179914; MPI: 1.179305; Total: 1.182195;
[R01] Times: IO: 0.000000; Setup: 0.000037; Compute: 1.180066; MPI: 1.179612; Total: 1.182350;
[R00] Times: IO: 0.272680; Setup: 0.000379; Compute: 0.909178; MPI: 0.908810; Total: 1.185258;
Mon Dec 12 23:53:07 CET 2016
Solving the Ax=b system with Gaussian Elimination:
READ:  Matrix   (A) file name: "ge_data/size2048x2048.mat"
READ:  RHS      (b) file name: "ge_data/size2048x2048.vec"
WRITE: Solution (x) file name: "ge_data/size2048x2048.sol"
[R63] Times: IO: 0.000000; Setup: 0.000030; Compute: 0.949885; MPI: 0.894897; Total: 1.858061;
[R62] Times: IO: 0.000000; Setup: 0.000036; Compute: 0.950252; MPI: 0.895974; Total: 1.858395;
[R61] Times: IO: 0.000000; Setup: 0.000027; Compute: 0.950565; MPI: 0.895511; Total: 1.858696;
[R60] Times: IO: 0.000000; Setup: 0.000028; Compute: 0.950903; MPI: 0.895293; Total: 1.859002;
[R59] Times: IO: 0.000000; Setup: 0.000027; Compute: 0.951215; MPI: 0.895631; Total: 1.859341;
[R58] Times: IO: 0.000000; Setup: 0.000034; Compute: 0.951454; MPI: 0.897358; Total: 1.859543;
[R57] Times: IO: 0.000000; Setup: 0.000035; Compute: 0.951649; MPI: 0.897158; Total: 1.859738;
[R56] Times: IO: 0.000000; Setup: 0.000035; Compute: 0.951870; MPI: 0.899054; Total: 1.859960;
[R55] Times: IO: 0.000000; Setup: 0.000028; Compute: 0.952087; MPI: 0.901095; Total: 1.860196;
[R54] Times: IO: 0.000000; Setup: 0.000027; Compute: 0.952279; MPI: 0.901384; Total: 1.860375;
[R53] Times: IO: 0.000000; Setup: 0.000028; Compute: 0.952473; MPI: 0.902761; Total: 1.860569;
[R52] Times: IO: 0.000000; Setup: 0.000027; Compute: 0.952674; MPI: 0.902338; Total: 1.860744;
[R51] Times: IO: 0.000000; Setup: 0.000028; Compute: 0.952866; MPI: 0.904437; Total: 1.860938;
[R50] Times: IO: 0.000000; Setup: 0.000027; Compute: 0.953069; MPI: 0.905018; Total: 1.861055;
[R49] Times: IO: 0.000000; Setup: 0.000031; Compute: 0.953270; MPI: 0.904444; Total: 1.861310;
[R48] Times: IO: 0.000000; Setup: 0.000039; Compute: 0.953479; MPI: 0.903364; Total: 1.861516;
[R47] Times: IO: 0.000000; Setup: 0.000025; Compute: 0.953735; MPI: 0.904190; Total: 1.862692;
[R46] Times: IO: 0.000000; Setup: 0.000028; Compute: 0.953979; MPI: 0.904288; Total: 1.862924;
[R45] Times: IO: 0.000000; Setup: 0.000027; Compute: 0.954238; MPI: 0.905349; Total: 1.863156;
[R44] Times: IO: 0.000000; Setup: 0.000028; Compute: 0.954507; MPI: 0.906546; Total: 1.863422;
[R43] Times: IO: 0.000000; Setup: 0.000027; Compute: 0.954755; MPI: 0.906647; Total: 1.863656;
[R42] Times: IO: 0.000000; Setup: 0.000027; Compute: 0.955043; MPI: 0.907682; Total: 1.863900;
[R41] Times: IO: 0.000000; Setup: 0.000033; Compute: 0.957574; MPI: 0.912097; Total: 1.864140;
[R40] Times: IO: 0.000000; Setup: 0.000034; Compute: 0.957842; MPI: 0.912204; Total: 1.864409;
[R39] Times: IO: 0.000000; Setup: 0.000029; Compute: 0.958085; MPI: 0.913831; Total: 1.864660;
[R38] Times: IO: 0.000000; Setup: 0.000032; Compute: 0.958324; MPI: 0.914592; Total: 1.864900;
[R37] Times: IO: 0.000000; Setup: 0.000036; Compute: 0.958563; MPI: 0.915384; Total: 1.865139;
[R36] Times: IO: 0.000000; Setup: 0.000042; Compute: 0.958832; MPI: 0.916173; Total: 1.865412;
[R35] Times: IO: 0.000000; Setup: 0.000046; Compute: 0.959068; MPI: 0.917520; Total: 1.865650;
[R34] Times: IO: 0.000000; Setup: 0.000041; Compute: 0.959316; MPI: 0.918186; Total: 1.865874;
[R33] Times: IO: 0.000000; Setup: 0.000042; Compute: 0.959560; MPI: 0.918428; Total: 1.866134;
[R32] Times: IO: 0.000000; Setup: 0.000039; Compute: 0.959836; MPI: 0.919933; Total: 1.866411;
[R31] Times: IO: 0.000000; Setup: 0.000035; Compute: 0.960120; MPI: 0.920887; Total: 1.866756;
[R30] Times: IO: 0.000000; Setup: 0.000030; Compute: 0.960379; MPI: 0.921454; Total: 1.867015;
[R29] Times: IO: 0.000000; Setup: 0.000029; Compute: 0.960661; MPI: 0.922359; Total: 1.867288;
[R28] Times: IO: 0.000000; Setup: 0.000032; Compute: 0.960949; MPI: 0.923005; Total: 1.867578;
[R27] Times: IO: 0.000000; Setup: 0.000035; Compute: 0.961215; MPI: 0.924686; Total: 1.867849;
[R26] Times: IO: 0.000000; Setup: 0.000034; Compute: 0.961492; MPI: 0.926085; Total: 1.868113;
[R25] Times: IO: 0.000000; Setup: 0.000036; Compute: 0.961755; MPI: 0.926667; Total: 1.868383;
[R24] Times: IO: 0.000000; Setup: 0.000039; Compute: 0.962046; MPI: 0.928300; Total: 1.868679;
[R23] Times: IO: 0.000000; Setup: 0.000038; Compute: 0.962316; MPI: 0.930876; Total: 1.868950;
[R22] Times: IO: 0.000000; Setup: 0.000045; Compute: 0.962577; MPI: 0.931811; Total: 1.869210;
[R21] Times: IO: 0.000000; Setup: 0.000050; Compute: 0.962844; MPI: 0.932839; Total: 1.869475;
[R20] Times: IO: 0.000000; Setup: 0.000053; Compute: 0.963115; MPI: 0.933616; Total: 1.869754;
[R19] Times: IO: 0.000000; Setup: 0.000049; Compute: 0.963402; MPI: 0.935730; Total: 1.870031;
[R18] Times: IO: 0.000000; Setup: 0.000049; Compute: 0.963671; MPI: 0.936813; Total: 1.870299;
[R17] Times: IO: 0.000000; Setup: 0.000053; Compute: 0.963966; MPI: 0.938357; Total: 1.870602;
[R16] Times: IO: 0.000000; Setup: 0.000053; Compute: 0.964270; MPI: 0.939734; Total: 1.870909;
[R15] Times: IO: 0.000000; Setup: 0.000036; Compute: 1.868037; MPI: 1.844656; Total: 1.870697;
[R14] Times: IO: 0.000000; Setup: 0.000037; Compute: 1.868330; MPI: 1.846171; Total: 1.870984;
[R13] Times: IO: 0.000000; Setup: 0.000033; Compute: 1.868624; MPI: 1.847271; Total: 1.871272;
[R12] Times: IO: 0.000000; Setup: 0.000036; Compute: 1.868984; MPI: 1.849206; Total: 1.871605;
[R11] Times: IO: 0.000000; Setup: 0.000035; Compute: 1.869272; MPI: 1.850927; Total: 1.871927;
[R10] Times: IO: 0.000000; Setup: 0.000035; Compute: 1.869577; MPI: 1.852604; Total: 1.872198;
[R09] Times: IO: 0.000000; Setup: 0.000037; Compute: 1.869872; MPI: 1.854328; Total: 1.872498;
[R08] Times: IO: 0.000000; Setup: 0.000035; Compute: 1.870222; MPI: 1.856326; Total: 1.872839;
[R07] Times: IO: 0.000000; Setup: 0.000033; Compute: 1.870538; MPI: 1.858148; Total: 1.873056;
[R06] Times: IO: 0.000000; Setup: 0.000032; Compute: 1.870828; MPI: 1.859857; Total: 1.873344;
[R05] Times: IO: 0.000000; Setup: 0.000030; Compute: 1.871125; MPI: 1.861666; Total: 1.873613;
[R04] Times: IO: 0.000000; Setup: 0.000037; Compute: 1.871649; MPI: 1.863744; Total: 1.873892;
[R03] Times: IO: 0.000000; Setup: 0.000035; Compute: 1.871943; MPI: 1.865606; Total: 1.874190;
[R02] Times: IO: 0.000000; Setup: 0.000039; Compute: 1.872239; MPI: 1.867518; Total: 1.874535;
[R01] Times: IO: 0.000000; Setup: 0.000038; Compute: 1.872542; MPI: 1.869481; Total: 1.874811;
[R00] Times: IO: 0.893461; Setup: 0.001411; Compute: 0.970850; MPI: 0.969245; Total: 1.877837;
Mon Dec 12 23:53:11 CET 2016
Solving the Ax=b system with Gaussian Elimination:
READ:  Matrix   (A) file name: "ge_data/size4096x4096.mat"
READ:  RHS      (b) file name: "ge_data/size4096x4096.vec"
WRITE: Solution (x) file name: "ge_data/size4096x4096.sol"
[R63] Times: IO: 0.000000; Setup: 0.000580; Compute: 1.231760; MPI: 0.747804; Total: 4.648339;
[R62] Times: IO: 0.000000; Setup: 0.000578; Compute: 1.232222; MPI: 0.754941; Total: 4.648800;
[R61] Times: IO: 0.000000; Setup: 0.000580; Compute: 1.232668; MPI: 0.752573; Total: 4.649237;
[R60] Times: IO: 0.000000; Setup: 0.000581; Compute: 1.233159; MPI: 0.750679; Total: 4.649726;
[R59] Times: IO: 0.000000; Setup: 0.000583; Compute: 1.233630; MPI: 0.757551; Total: 4.650202;
[R58] Times: IO: 0.000000; Setup: 0.000584; Compute: 1.233880; MPI: 0.758505; Total: 4.650445;
[R57] Times: IO: 0.000000; Setup: 0.000590; Compute: 1.234150; MPI: 0.756477; Total: 4.650710;
[R56] Times: IO: 0.000000; Setup: 0.000588; Compute: 1.234482; MPI: 0.762512; Total: 4.651041;
[R55] Times: IO: 0.000000; Setup: 0.000577; Compute: 1.234775; MPI: 0.765484; Total: 4.651323;
[R54] Times: IO: 0.000000; Setup: 0.000580; Compute: 1.235042; MPI: 0.765763; Total: 4.651580;
[R53] Times: IO: 0.000000; Setup: 0.000580; Compute: 1.235318; MPI: 0.766757; Total: 4.651852;
[R52] Times: IO: 0.000000; Setup: 0.000588; Compute: 1.235614; MPI: 0.768481; Total: 4.652151;
[R51] Times: IO: 0.000000; Setup: 0.000588; Compute: 1.235925; MPI: 0.769756; Total: 4.652465;
[R50] Times: IO: 0.000000; Setup: 0.000591; Compute: 1.236228; MPI: 0.774879; Total: 4.652772;
[R49] Times: IO: 0.000000; Setup: 0.000591; Compute: 1.236574; MPI: 0.778379; Total: 4.653109;
[R48] Times: IO: 0.000000; Setup: 0.000592; Compute: 1.236979; MPI: 0.774061; Total: 4.653518;
[R47] Times: IO: 0.000000; Setup: 0.000575; Compute: 1.237448; MPI: 0.788951; Total: 4.653977;
[R46] Times: IO: 0.000000; Setup: 0.000586; Compute: 1.237886; MPI: 0.785836; Total: 4.654419;
[R45] Times: IO: 0.000000; Setup: 0.000580; Compute: 1.238358; MPI: 0.794308; Total: 4.654890;
[R44] Times: IO: 0.000000; Setup: 0.000585; Compute: 1.238878; MPI: 0.798255; Total: 4.655405;
[R43] Times: IO: 0.000000; Setup: 0.000583; Compute: 1.239400; MPI: 0.801574; Total: 4.655925;
[R42] Times: IO: 0.000000; Setup: 0.000585; Compute: 1.239927; MPI: 0.807771; Total: 4.656446;
[R41] Times: IO: 0.000000; Setup: 0.000593; Compute: 1.240453; MPI: 0.812307; Total: 4.656980;
[R40] Times: IO: 0.000000; Setup: 0.000591; Compute: 1.241038; MPI: 0.823660; Total: 4.657561;
[R39] Times: IO: 0.000000; Setup: 0.000609; Compute: 1.241511; MPI: 0.827341; Total: 4.657998;
[R38] Times: IO: 0.000000; Setup: 0.000614; Compute: 1.242041; MPI: 0.831505; Total: 4.658530;
[R37] Times: IO: 0.000000; Setup: 0.000613; Compute: 1.242595; MPI: 0.836707; Total: 4.659083;
[R36] Times: IO: 0.000000; Setup: 0.000609; Compute: 1.243199; MPI: 0.842501; Total: 4.659679;
[R35] Times: IO: 0.000000; Setup: 0.000612; Compute: 1.243819; MPI: 0.849002; Total: 4.660295;
[R34] Times: IO: 0.000000; Setup: 0.000614; Compute: 1.244427; MPI: 0.854670; Total: 4.660905;
[R33] Times: IO: 0.000000; Setup: 0.000609; Compute: 1.245054; MPI: 0.862542; Total: 4.661528;
[R32] Times: IO: 0.000000; Setup: 0.000615; Compute: 1.245713; MPI: 0.867371; Total: 4.662196;
[R31] Times: IO: 0.000000; Setup: 0.000580; Compute: 1.246440; MPI: 0.884747; Total: 4.663217;
[R30] Times: IO: 0.000000; Setup: 0.000588; Compute: 1.247086; MPI: 0.889896; Total: 4.663863;
[R29] Times: IO: 0.000000; Setup: 0.000591; Compute: 1.247764; MPI: 0.899045; Total: 4.664545;
[R28] Times: IO: 0.000000; Setup: 0.000593; Compute: 1.248508; MPI: 0.906716; Total: 4.665286;
[R27] Times: IO: 0.000000; Setup: 0.000590; Compute: 1.249251; MPI: 0.914445; Total: 4.666021;
[R26] Times: IO: 0.000000; Setup: 0.000596; Compute: 1.249979; MPI: 0.924766; Total: 4.666749;
[R25] Times: IO: 0.000000; Setup: 0.000595; Compute: 1.250716; MPI: 0.934090; Total: 4.667485;
[R24] Times: IO: 0.000000; Setup: 0.000596; Compute: 1.251489; MPI: 0.944217; Total: 4.668261;
[R23] Times: IO: 0.000000; Setup: 0.000580; Compute: 1.252260; MPI: 0.946828; Total: 4.669021;
[R22] Times: IO: 0.000000; Setup: 0.000585; Compute: 1.253048; MPI: 0.954888; Total: 4.669816;
[R21] Times: IO: 0.000000; Setup: 0.000594; Compute: 1.253842; MPI: 0.964413; Total: 4.670609;
[R20] Times: IO: 0.000000; Setup: 0.000595; Compute: 1.254662; MPI: 0.975805; Total: 4.671427;
[R19] Times: IO: 0.000000; Setup: 0.000596; Compute: 1.255494; MPI: 0.985287; Total: 4.672262;
[R18] Times: IO: 0.000000; Setup: 0.000602; Compute: 1.256319; MPI: 0.997684; Total: 4.673089;
[R17] Times: IO: 0.000000; Setup: 0.000595; Compute: 1.257153; MPI: 1.009151; Total: 4.673912;
[R16] Times: IO: 0.000000; Setup: 0.000595; Compute: 1.257990; MPI: 1.021010; Total: 4.674754;
[R15] Times: IO: 0.000000; Setup: 0.000968; Compute: 4.672576; MPI: 4.464755; Total: 4.675093;
[R14] Times: IO: 0.000000; Setup: 0.000988; Compute: 4.673538; MPI: 4.475746; Total: 4.676075;
[R13] Times: IO: 0.000000; Setup: 0.000972; Compute: 4.674562; MPI: 4.487837; Total: 4.677082;
[R12] Times: IO: 0.000000; Setup: 0.000979; Compute: 4.675614; MPI: 4.499845; Total: 4.678143;
[R11] Times: IO: 0.000000; Setup: 0.000973; Compute: 4.676658; MPI: 4.512732; Total: 4.679181;
[R10] Times: IO: 0.000000; Setup: 0.000985; Compute: 4.677672; MPI: 4.526335; Total: 4.680206;
[R09] Times: IO: 0.000000; Setup: 0.000971; Compute: 4.678715; MPI: 4.540417; Total: 4.681238;
[R08] Times: IO: 0.000000; Setup: 0.000979; Compute: 4.679768; MPI: 4.554414; Total: 4.682301;
[R07] Times: IO: 0.000000; Setup: 0.000662; Compute: 4.681193; MPI: 4.575125; Total: 4.683849;
[R06] Times: IO: 0.000000; Setup: 0.000671; Compute: 4.682284; MPI: 4.588358; Total: 4.684947;
[R05] Times: IO: 0.000000; Setup: 0.000669; Compute: 4.683421; MPI: 4.602892; Total: 4.686081;
[R04] Times: IO: 0.000000; Setup: 0.000673; Compute: 4.684725; MPI: 4.617690; Total: 4.687240;
[R03] Times: IO: 0.000000; Setup: 0.000668; Compute: 4.685901; MPI: 4.632643; Total: 4.688394;
[R02] Times: IO: 0.000000; Setup: 0.000667; Compute: 4.687028; MPI: 4.648101; Total: 4.689520;
[R01] Times: IO: 0.000000; Setup: 0.000679; Compute: 4.688174; MPI: 4.663863; Total: 4.690679;
[R00] Times: IO: 3.359288; Setup: 0.005503; Compute: 1.284991; MPI: 1.275302; Total: 4.696960;
Mon Dec 12 23:53:17 CET 2016
Solving the Ax=b system with Gaussian Elimination:
READ:  Matrix   (A) file name: "ge_data/size8192x8192.mat"
READ:  RHS      (b) file name: "ge_data/size8192x8192.vec"
WRITE: Solution (x) file name: "ge_data/size8192x8192.sol"
[R63] Times: IO: 0.000000; Setup: 0.000583; Compute: 14.942692; MPI: 1.611792; Total: 28.959354;
[R62] Times: IO: 0.000000; Setup: 0.000586; Compute: 14.943199; MPI: 1.645779; Total: 28.959852;
[R61] Times: IO: 0.000000; Setup: 0.000585; Compute: 14.943721; MPI: 1.863559; Total: 28.960371;
[R60] Times: IO: 0.000000; Setup: 0.000585; Compute: 14.944332; MPI: 1.706638; Total: 28.960942;
[R59] Times: IO: 0.000000; Setup: 0.000589; Compute: 14.945084; MPI: 1.865585; Total: 28.961727;
[R58] Times: IO: 0.000000; Setup: 0.000593; Compute: 14.945675; MPI: 1.692055; Total: 28.962286;
[R57] Times: IO: 0.000000; Setup: 0.000596; Compute: 14.946312; MPI: 1.882041; Total: 28.962922;
[R56] Times: IO: 0.000000; Setup: 0.000596; Compute: 14.947053; MPI: 1.749524; Total: 28.963659;
[R55] Times: IO: 0.000000; Setup: 0.000587; Compute: 14.947625; MPI: 2.176911; Total: 28.964016;
[R54] Times: IO: 0.000000; Setup: 0.000594; Compute: 14.948414; MPI: 2.219965; Total: 28.964769;
[R53] Times: IO: 0.000000; Setup: 0.000596; Compute: 14.949319; MPI: 2.281933; Total: 28.965710;
[R52] Times: IO: 0.000000; Setup: 0.000599; Compute: 14.950297; MPI: 2.252470; Total: 28.966692;
[R51] Times: IO: 0.000000; Setup: 0.000600; Compute: 14.951365; MPI: 2.205637; Total: 28.967748;
[R50] Times: IO: 0.000000; Setup: 0.000604; Compute: 14.952461; MPI: 2.428082; Total: 28.968850;
[R49] Times: IO: 0.000000; Setup: 0.000606; Compute: 14.953620; MPI: 2.352927; Total: 28.970012;
[R48] Times: IO: 0.000000; Setup: 0.000603; Compute: 14.954860; MPI: 2.393882; Total: 28.971250;
[R47] Times: IO: 0.000000; Setup: 0.000573; Compute: 14.956176; MPI: 2.579351; Total: 28.972040;
[R46] Times: IO: 0.000000; Setup: 0.000579; Compute: 14.957615; MPI: 2.537894; Total: 28.973478;
[R45] Times: IO: 0.000000; Setup: 0.000581; Compute: 14.959079; MPI: 2.472800; Total: 28.974902;
[R44] Times: IO: 0.000000; Setup: 0.000586; Compute: 14.960704; MPI: 2.560794; Total: 28.976535;
[R43] Times: IO: 0.000000; Setup: 0.000612; Compute: 14.962303; MPI: 2.513796; Total: 28.978149;
[R42] Times: IO: 0.000000; Setup: 0.000586; Compute: 14.963990; MPI: 2.966551; Total: 28.979844;
[R41] Times: IO: 0.000000; Setup: 0.000592; Compute: 14.965673; MPI: 2.803832; Total: 28.981528;
[R40] Times: IO: 0.000000; Setup: 0.000588; Compute: 14.967446; MPI: 2.881166; Total: 28.983298;
[R39] Times: IO: 0.000000; Setup: 0.000583; Compute: 14.968909; MPI: 4.089240; Total: 28.984730;
[R38] Times: IO: 0.000000; Setup: 0.000582; Compute: 14.970898; MPI: 4.214156; Total: 28.986727;
[R37] Times: IO: 0.000000; Setup: 0.000581; Compute: 14.972901; MPI: 4.144173; Total: 28.988727;
[R36] Times: IO: 0.000000; Setup: 0.000589; Compute: 14.974962; MPI: 4.199976; Total: 28.990793;
[R35] Times: IO: 0.000000; Setup: 0.000589; Compute: 14.977068; MPI: 4.297305; Total: 28.992914;
[R34] Times: IO: 0.000000; Setup: 0.000584; Compute: 14.979250; MPI: 4.532611; Total: 28.995090;
[R33] Times: IO: 0.000000; Setup: 0.000588; Compute: 14.981455; MPI: 4.610255; Total: 28.997299;
[R32] Times: IO: 0.000000; Setup: 0.000586; Compute: 14.983744; MPI: 4.742784; Total: 28.999569;
[R31] Times: IO: 0.000000; Setup: 0.000552; Compute: 14.986273; MPI: 5.692916; Total: 29.002418;
[R30] Times: IO: 0.000000; Setup: 0.000555; Compute: 14.988855; MPI: 5.757336; Total: 29.005003;
[R29] Times: IO: 0.000000; Setup: 0.000560; Compute: 14.991377; MPI: 5.877400; Total: 29.007529;
[R28] Times: IO: 0.000000; Setup: 0.000565; Compute: 14.993986; MPI: 5.948682; Total: 29.010139;
[R27] Times: IO: 0.000000; Setup: 0.000566; Compute: 14.996649; MPI: 6.101282; Total: 29.012795;
[R26] Times: IO: 0.000000; Setup: 0.000572; Compute: 14.999361; MPI: 6.265815; Total: 29.015513;
[R25] Times: IO: 0.000000; Setup: 0.000573; Compute: 15.002100; MPI: 6.402351; Total: 29.018258;
[R24] Times: IO: 0.000000; Setup: 0.000571; Compute: 15.004968; MPI: 6.636662; Total: 29.021117;
[R23] Times: IO: 0.000000; Setup: 0.000600; Compute: 15.008023; MPI: 7.229348; Total: 29.024150;
[R22] Times: IO: 0.000000; Setup: 0.000608; Compute: 15.011144; MPI: 7.368396; Total: 29.027274;
[R21] Times: IO: 0.000000; Setup: 0.000618; Compute: 15.014170; MPI: 7.387373; Total: 29.030302;
[R20] Times: IO: 0.000000; Setup: 0.000612; Compute: 15.017301; MPI: 7.528169; Total: 29.033427;
[R19] Times: IO: 0.000000; Setup: 0.000609; Compute: 15.020449; MPI: 7.696220; Total: 29.036568;
[R18] Times: IO: 0.000000; Setup: 0.000612; Compute: 15.023657; MPI: 7.919582; Total: 29.039784;
[R17] Times: IO: 0.000000; Setup: 0.000620; Compute: 15.026904; MPI: 8.113293; Total: 29.043033;
[R16] Times: IO: 0.000000; Setup: 0.000609; Compute: 15.030216; MPI: 8.409600; Total: 29.046338;
[R15] Times: IO: 0.000000; Setup: 0.000976; Compute: 29.046749; MPI: 24.242692; Total: 29.050474;
[R14] Times: IO: 0.000000; Setup: 0.000968; Compute: 29.050484; MPI: 24.332519; Total: 29.054200;
[R13] Times: IO: 0.000000; Setup: 0.000977; Compute: 29.054147; MPI: 24.430324; Total: 29.057878;
[R12] Times: IO: 0.000000; Setup: 0.000960; Compute: 29.057946; MPI: 24.576166; Total: 29.061653;
[R11] Times: IO: 0.000000; Setup: 0.000984; Compute: 29.061770; MPI: 24.753951; Total: 29.065471;
[R10] Times: IO: 0.000000; Setup: 0.000971; Compute: 29.065694; MPI: 25.009887; Total: 29.069395;
[R09] Times: IO: 0.000000; Setup: 0.000970; Compute: 29.069653; MPI: 25.311200; Total: 29.073354;
[R08] Times: IO: 0.000000; Setup: 0.000986; Compute: 29.073635; MPI: 25.644377; Total: 29.077371;
[R07] Times: IO: 0.000000; Setup: 0.000844; Compute: 29.078406; MPI: 27.437324; Total: 29.081953;
[R06] Times: IO: 0.000000; Setup: 0.000850; Compute: 29.082985; MPI: 27.523126; Total: 29.086534;
[R05] Times: IO: 0.000000; Setup: 0.000855; Compute: 29.087226; MPI: 27.638221; Total: 29.090791;
[R04] Times: IO: 0.000000; Setup: 0.000839; Compute: 29.091764; MPI: 27.817585; Total: 29.095103;
[R03] Times: IO: 0.000000; Setup: 0.000841; Compute: 29.096137; MPI: 28.015234; Total: 29.099482;
[R02] Times: IO: 0.000000; Setup: 0.000834; Compute: 29.100522; MPI: 28.297102; Total: 29.103860;
[R01] Times: IO: 0.000000; Setup: 0.000835; Compute: 29.104973; MPI: 28.635891; Total: 29.108303;
[R00] Times: IO: 13.755062; Setup: 0.013023; Compute: 15.161729; MPI: 15.093295; Total: 29.118774;
Mon Dec 12 23:53:47 CET 2016
