Solving the Ax=b system with Gaussian Elimination:
READ:  Matrix   (A) file name: "ge_data/size64x64.mat"
READ:  RHS      (b) file name: "ge_data/size64x64.vec"
WRITE: Solution (x) file name: "ge_data/size64x64.sol"
[R63] Times: IO: 0.000000; Setup: 0.000017; Compute: 0.882590; MPI: 0.882470; Total: 0.943280;
[R62] Times: IO: 0.000000; Setup: 0.000015; Compute: 0.882938; MPI: 0.882784; Total: 0.943615;
[R61] Times: IO: 0.000000; Setup: 0.000018; Compute: 0.883236; MPI: 0.883087; Total: 0.943918;
[R60] Times: IO: 0.000000; Setup: 0.000015; Compute: 0.883543; MPI: 0.883384; Total: 0.944225;
[R59] Times: IO: 0.000000; Setup: 0.000013; Compute: 0.883744; MPI: 0.883569; Total: 0.944412;
[R58] Times: IO: 0.000000; Setup: 0.000011; Compute: 0.883929; MPI: 0.883694; Total: 0.944600;
[R57] Times: IO: 0.000000; Setup: 0.000012; Compute: 0.884119; MPI: 0.883908; Total: 0.944790;
[R56] Times: IO: 0.000000; Setup: 0.000010; Compute: 0.884322; MPI: 0.884099; Total: 0.944986;
[R55] Times: IO: 0.000000; Setup: 0.000010; Compute: 0.884492; MPI: 0.884198; Total: 0.945177;
[R54] Times: IO: 0.000000; Setup: 0.000020; Compute: 0.884642; MPI: 0.884330; Total: 0.945341;
[R53] Times: IO: 0.000000; Setup: 0.000018; Compute: 0.884816; MPI: 0.884504; Total: 0.945508;
[R52] Times: IO: 0.000000; Setup: 0.000017; Compute: 0.884994; MPI: 0.884681; Total: 0.945688;
[R51] Times: IO: 0.000000; Setup: 0.000012; Compute: 0.885166; MPI: 0.884854; Total: 0.945862;
[R50] Times: IO: 0.000000; Setup: 0.000014; Compute: 0.885345; MPI: 0.885018; Total: 0.946025;
[R49] Times: IO: 0.000000; Setup: 0.000011; Compute: 0.885510; MPI: 0.885205; Total: 0.946194;
[R48] Times: IO: 0.000000; Setup: 0.000013; Compute: 0.885687; MPI: 0.885423; Total: 0.946373;
[R47] Times: IO: 0.000000; Setup: 0.000012; Compute: 0.885870; MPI: 0.885635; Total: 0.946556;
[R46] Times: IO: 0.000000; Setup: 0.000011; Compute: 0.886048; MPI: 0.885828; Total: 0.946732;
[R45] Times: IO: 0.000000; Setup: 0.000012; Compute: 0.886238; MPI: 0.885990; Total: 0.946909;
[R44] Times: IO: 0.000000; Setup: 0.000015; Compute: 0.886423; MPI: 0.886174; Total: 0.947104;
[R43] Times: IO: 0.000000; Setup: 0.000014; Compute: 0.886597; MPI: 0.886333; Total: 0.947275;
[R42] Times: IO: 0.000000; Setup: 0.000013; Compute: 0.886778; MPI: 0.886524; Total: 0.947460;
[R41] Times: IO: 0.000000; Setup: 0.000012; Compute: 0.886948; MPI: 0.886714; Total: 0.947628;
[R40] Times: IO: 0.000000; Setup: 0.000012; Compute: 0.887132; MPI: 0.886882; Total: 0.947810;
[R39] Times: IO: 0.000000; Setup: 0.000011; Compute: 0.887313; MPI: 0.887067; Total: 0.948002;
[R38] Times: IO: 0.000000; Setup: 0.000017; Compute: 0.887461; MPI: 0.887227; Total: 0.948155;
[R37] Times: IO: 0.000000; Setup: 0.000014; Compute: 0.887621; MPI: 0.887370; Total: 0.948309;
[R36] Times: IO: 0.000000; Setup: 0.000014; Compute: 0.887781; MPI: 0.887527; Total: 0.948475;
[R35] Times: IO: 0.000000; Setup: 0.000018; Compute: 0.887928; MPI: 0.887679; Total: 0.948624;
[R34] Times: IO: 0.000000; Setup: 0.000017; Compute: 0.888076; MPI: 0.887820; Total: 0.948775;
[R33] Times: IO: 0.000000; Setup: 0.000017; Compute: 0.888234; MPI: 0.888004; Total: 0.948926;
[R32] Times: IO: 0.000000; Setup: 0.000016; Compute: 0.888391; MPI: 0.888172; Total: 0.949064;
[R31] Times: IO: 0.000000; Setup: 0.000016; Compute: 0.888569; MPI: 0.888411; Total: 0.950139;
[R30] Times: IO: 0.000000; Setup: 0.000016; Compute: 0.888731; MPI: 0.888565; Total: 0.950302;
[R29] Times: IO: 0.000000; Setup: 0.000012; Compute: 0.888906; MPI: 0.888739; Total: 0.950464;
[R28] Times: IO: 0.000000; Setup: 0.000009; Compute: 0.889080; MPI: 0.888914; Total: 0.950633;
[R27] Times: IO: 0.000000; Setup: 0.000010; Compute: 0.889235; MPI: 0.889047; Total: 0.950787;
[R26] Times: IO: 0.000000; Setup: 0.000010; Compute: 0.889386; MPI: 0.889218; Total: 0.950938;
[R25] Times: IO: 0.000000; Setup: 0.000011; Compute: 0.889543; MPI: 0.889360; Total: 0.951097;
[R24] Times: IO: 0.000000; Setup: 0.000011; Compute: 0.889717; MPI: 0.889565; Total: 0.951275;
[R23] Times: IO: 0.000000; Setup: 0.000008; Compute: 0.889878; MPI: 0.889724; Total: 0.951426;
[R22] Times: IO: 0.000000; Setup: 0.000010; Compute: 0.890019; MPI: 0.889859; Total: 0.951556;
[R21] Times: IO: 0.000000; Setup: 0.000010; Compute: 0.890159; MPI: 0.889996; Total: 0.951701;
[R20] Times: IO: 0.000000; Setup: 0.000009; Compute: 0.890315; MPI: 0.890167; Total: 0.951853;
[R19] Times: IO: 0.000000; Setup: 0.000008; Compute: 0.890452; MPI: 0.890306; Total: 0.951990;
[R18] Times: IO: 0.000000; Setup: 0.000008; Compute: 0.890589; MPI: 0.890447; Total: 0.952120;
[R17] Times: IO: 0.000000; Setup: 0.000009; Compute: 0.890740; MPI: 0.890596; Total: 0.952256;
[R16] Times: IO: 0.000000; Setup: 0.000012; Compute: 0.890889; MPI: 0.890695; Total: 0.952391;
[R15] Times: IO: 0.000000; Setup: 0.000015; Compute: 0.951326; MPI: 0.951169; Total: 0.952519;
[R14] Times: IO: 0.000000; Setup: 0.000017; Compute: 0.951460; MPI: 0.951290; Total: 0.952653;
[R13] Times: IO: 0.000000; Setup: 0.000010; Compute: 0.951603; MPI: 0.951442; Total: 0.952791;
[R12] Times: IO: 0.000000; Setup: 0.000011; Compute: 0.951755; MPI: 0.951610; Total: 0.952937;
[R11] Times: IO: 0.000000; Setup: 0.000012; Compute: 0.951882; MPI: 0.951742; Total: 0.953067;
[R10] Times: IO: 0.000000; Setup: 0.000009; Compute: 0.952043; MPI: 0.951894; Total: 0.953214;
[R09] Times: IO: 0.000000; Setup: 0.000009; Compute: 0.952171; MPI: 0.952039; Total: 0.953349;
[R08] Times: IO: 0.000000; Setup: 0.000010; Compute: 0.952313; MPI: 0.952180; Total: 0.953487;
[R07] Times: IO: 0.000000; Setup: 0.000008; Compute: 0.952448; MPI: 0.952326; Total: 0.953614;
[R06] Times: IO: 0.000000; Setup: 0.000008; Compute: 0.952565; MPI: 0.952439; Total: 0.953729;
[R05] Times: IO: 0.000000; Setup: 0.000007; Compute: 0.952690; MPI: 0.952555; Total: 0.953853;
[R04] Times: IO: 0.000000; Setup: 0.000012; Compute: 0.952949; MPI: 0.952823; Total: 0.953980;
[R03] Times: IO: 0.000000; Setup: 0.000010; Compute: 0.953067; MPI: 0.952932; Total: 0.954094;
[R02] Times: IO: 0.000000; Setup: 0.000013; Compute: 0.953182; MPI: 0.953053; Total: 0.954211;
[R01] Times: IO: 0.000000; Setup: 0.000012; Compute: 0.953304; MPI: 0.953171; Total: 0.954338;
[R00] Times: IO: 0.424810; Setup: 0.000082; Compute: 0.893435; MPI: 0.893307; Total: 1.318349;
Mon Dec 12 23:51:43 CET 2016
Solving the Ax=b system with Gaussian Elimination:
READ:  Matrix   (A) file name: "ge_data/size512x512.mat"
READ:  RHS      (b) file name: "ge_data/size512x512.vec"
WRITE: Solution (x) file name: "ge_data/size512x512.sol"
[R63] Times: IO: 0.000000; Setup: 0.000016; Compute: 0.880534; MPI: 0.879629; Total: 1.490330;
[R62] Times: IO: 0.000000; Setup: 0.000015; Compute: 0.880877; MPI: 0.879934; Total: 1.490651;
[R61] Times: IO: 0.000000; Setup: 0.000016; Compute: 0.881189; MPI: 0.880245; Total: 1.490948;
[R60] Times: IO: 0.000000; Setup: 0.000015; Compute: 0.881514; MPI: 0.880591; Total: 1.491261;
[R59] Times: IO: 0.000000; Setup: 0.000016; Compute: 0.881835; MPI: 0.880945; Total: 1.491559;
[R58] Times: IO: 0.000000; Setup: 0.000015; Compute: 0.882057; MPI: 0.881226; Total: 1.491772;
[R57] Times: IO: 0.000000; Setup: 0.000015; Compute: 0.882267; MPI: 0.881460; Total: 1.491967;
[R56] Times: IO: 0.000000; Setup: 0.000017; Compute: 0.882485; MPI: 0.881664; Total: 1.492175;
[R55] Times: IO: 0.000000; Setup: 0.000015; Compute: 0.882669; MPI: 0.881885; Total: 1.492330;
[R54] Times: IO: 0.000000; Setup: 0.000015; Compute: 0.882851; MPI: 0.882077; Total: 1.492498;
[R53] Times: IO: 0.000000; Setup: 0.000015; Compute: 0.883034; MPI: 0.882247; Total: 1.492663;
[R52] Times: IO: 0.000000; Setup: 0.000016; Compute: 0.883219; MPI: 0.882452; Total: 1.492846;
[R51] Times: IO: 0.000000; Setup: 0.000015; Compute: 0.883407; MPI: 0.882641; Total: 1.493007;
[R50] Times: IO: 0.000000; Setup: 0.000016; Compute: 0.883592; MPI: 0.882835; Total: 1.493178;
[R49] Times: IO: 0.000000; Setup: 0.000016; Compute: 0.883778; MPI: 0.883004; Total: 1.493346;
[R48] Times: IO: 0.000000; Setup: 0.000021; Compute: 0.883957; MPI: 0.883167; Total: 1.493518;
[R47] Times: IO: 0.000000; Setup: 0.000016; Compute: 0.884160; MPI: 0.883426; Total: 1.493180;
[R46] Times: IO: 0.000000; Setup: 0.000016; Compute: 0.884351; MPI: 0.883606; Total: 1.493353;
[R45] Times: IO: 0.000000; Setup: 0.000016; Compute: 0.884541; MPI: 0.883785; Total: 1.493529;
[R44] Times: IO: 0.000000; Setup: 0.000016; Compute: 0.884752; MPI: 0.884013; Total: 1.493722;
[R43] Times: IO: 0.000000; Setup: 0.000016; Compute: 0.884944; MPI: 0.884243; Total: 1.493901;
[R42] Times: IO: 0.000000; Setup: 0.000015; Compute: 0.885140; MPI: 0.884429; Total: 1.494076;
[R41] Times: IO: 0.000000; Setup: 0.000016; Compute: 0.885348; MPI: 0.884625; Total: 1.494272;
[R40] Times: IO: 0.000000; Setup: 0.000017; Compute: 0.885544; MPI: 0.884835; Total: 1.494467;
[R39] Times: IO: 0.000000; Setup: 0.000015; Compute: 0.885733; MPI: 0.885047; Total: 1.494673;
[R38] Times: IO: 0.000000; Setup: 0.000015; Compute: 0.885912; MPI: 0.885232; Total: 1.494830;
[R37] Times: IO: 0.000000; Setup: 0.000014; Compute: 0.886095; MPI: 0.885417; Total: 1.494993;
[R36] Times: IO: 0.000000; Setup: 0.000016; Compute: 0.886281; MPI: 0.885614; Total: 1.495162;
[R35] Times: IO: 0.000000; Setup: 0.000016; Compute: 0.886459; MPI: 0.885806; Total: 1.495321;
[R34] Times: IO: 0.000000; Setup: 0.000020; Compute: 0.886630; MPI: 0.885965; Total: 1.495480;
[R33] Times: IO: 0.000000; Setup: 0.000016; Compute: 0.886813; MPI: 0.886161; Total: 1.495627;
[R32] Times: IO: 0.000000; Setup: 0.000021; Compute: 0.886992; MPI: 0.886350; Total: 1.495784;
[R31] Times: IO: 0.000000; Setup: 0.000015; Compute: 0.887177; MPI: 0.886557; Total: 1.496059;
[R30] Times: IO: 0.000000; Setup: 0.000016; Compute: 0.887369; MPI: 0.886752; Total: 1.496229;
[R29] Times: IO: 0.000000; Setup: 0.000016; Compute: 0.887552; MPI: 0.886943; Total: 1.496393;
[R28] Times: IO: 0.000000; Setup: 0.000017; Compute: 0.887747; MPI: 0.887155; Total: 1.496576;
[R27] Times: IO: 0.000000; Setup: 0.000016; Compute: 0.887933; MPI: 0.887352; Total: 1.496740;
[R26] Times: IO: 0.000000; Setup: 0.000015; Compute: 0.888121; MPI: 0.887554; Total: 1.496905;
[R25] Times: IO: 0.000000; Setup: 0.000015; Compute: 0.888302; MPI: 0.887741; Total: 1.497065;
[R24] Times: IO: 0.000000; Setup: 0.000017; Compute: 0.888510; MPI: 0.887953; Total: 1.497258;
[R23] Times: IO: 0.000000; Setup: 0.000016; Compute: 0.888696; MPI: 0.888160; Total: 1.497500;
[R22] Times: IO: 0.000000; Setup: 0.000015; Compute: 0.888863; MPI: 0.888351; Total: 1.497643;
[R21] Times: IO: 0.000000; Setup: 0.000016; Compute: 0.889025; MPI: 0.888523; Total: 1.497790;
[R20] Times: IO: 0.000000; Setup: 0.000015; Compute: 0.889191; MPI: 0.888690; Total: 1.497939;
[R19] Times: IO: 0.000000; Setup: 0.000016; Compute: 0.889351; MPI: 0.888874; Total: 1.498084;
[R18] Times: IO: 0.000000; Setup: 0.000016; Compute: 0.889520; MPI: 0.889060; Total: 1.498233;
[R17] Times: IO: 0.000000; Setup: 0.000016; Compute: 0.889681; MPI: 0.889242; Total: 1.498374;
[R16] Times: IO: 0.000000; Setup: 0.000022; Compute: 0.889843; MPI: 0.889346; Total: 1.498524;
[R15] Times: IO: 0.000000; Setup: 0.000018; Compute: 1.496352; MPI: 1.495921; Total: 1.498740;
[R14] Times: IO: 0.000000; Setup: 0.000021; Compute: 1.496504; MPI: 1.495873; Total: 1.498878;
[R13] Times: IO: 0.000000; Setup: 0.000014; Compute: 1.496665; MPI: 1.496260; Total: 1.499026;
[R12] Times: IO: 0.000000; Setup: 0.000013; Compute: 1.496835; MPI: 1.496443; Total: 1.499189;
[R11] Times: IO: 0.000000; Setup: 0.000019; Compute: 1.496982; MPI: 1.496621; Total: 1.499250;
[R10] Times: IO: 0.000000; Setup: 0.000016; Compute: 1.497139; MPI: 1.496783; Total: 1.499472;
[R09] Times: IO: 0.000000; Setup: 0.000014; Compute: 1.497256; MPI: 1.496912; Total: 1.499595;
[R08] Times: IO: 0.000000; Setup: 0.000018; Compute: 1.497437; MPI: 1.497113; Total: 1.499802;
[R07] Times: IO: 0.000000; Setup: 0.000020; Compute: 1.497570; MPI: 1.497292; Total: 1.499826;
[R06] Times: IO: 0.000000; Setup: 0.000024; Compute: 1.497690; MPI: 1.497432; Total: 1.499953;
[R05] Times: IO: 0.000000; Setup: 0.000021; Compute: 1.497843; MPI: 1.497600; Total: 1.500094;
[R04] Times: IO: 0.000000; Setup: 0.000025; Compute: 1.498212; MPI: 1.497989; Total: 1.500233;
[R03] Times: IO: 0.000000; Setup: 0.000027; Compute: 1.498340; MPI: 1.498132; Total: 1.500363;
[R02] Times: IO: 0.000000; Setup: 0.000030; Compute: 1.498466; MPI: 1.498274; Total: 1.500492;
[R01] Times: IO: 0.000000; Setup: 0.000024; Compute: 1.498601; MPI: 1.498417; Total: 1.500621;
[R00] Times: IO: 0.608416; Setup: 0.000470; Compute: 0.892655; MPI: 0.892507; Total: 1.502576;
Mon Dec 12 23:51:46 CET 2016
Solving the Ax=b system with Gaussian Elimination:
READ:  Matrix   (A) file name: "ge_data/size1024x1024.mat"
READ:  RHS      (b) file name: "ge_data/size1024x1024.vec"
WRITE: Solution (x) file name: "ge_data/size1024x1024.sol"
[R63] Times: IO: 0.000000; Setup: 0.000014; Compute: 0.887354; MPI: 0.881461; Total: 1.162742;
[R62] Times: IO: 0.000000; Setup: 0.000015; Compute: 0.887715; MPI: 0.881666; Total: 1.163050;
[R61] Times: IO: 0.000000; Setup: 0.000015; Compute: 0.888066; MPI: 0.882012; Total: 1.163358;
[R60] Times: IO: 0.000000; Setup: 0.000014; Compute: 0.888456; MPI: 0.882425; Total: 1.163684;
[R59] Times: IO: 0.000000; Setup: 0.000014; Compute: 0.888689; MPI: 0.882495; Total: 1.163874;
[R58] Times: IO: 0.000000; Setup: 0.000014; Compute: 0.888906; MPI: 0.883020; Total: 1.164060;
[R57] Times: IO: 0.000000; Setup: 0.000014; Compute: 0.889140; MPI: 0.883285; Total: 1.164251;
[R56] Times: IO: 0.000000; Setup: 0.000016; Compute: 0.889381; MPI: 0.883614; Total: 1.164453;
[R55] Times: IO: 0.000000; Setup: 0.000013; Compute: 0.889605; MPI: 0.884185; Total: 1.165116;
[R54] Times: IO: 0.000000; Setup: 0.000014; Compute: 0.889854; MPI: 0.884655; Total: 1.165289;
[R53] Times: IO: 0.000000; Setup: 0.000014; Compute: 0.890098; MPI: 0.884928; Total: 1.165461;
[R52] Times: IO: 0.000000; Setup: 0.000014; Compute: 0.890337; MPI: 0.885172; Total: 1.165644;
[R51] Times: IO: 0.000000; Setup: 0.000013; Compute: 0.890538; MPI: 0.885397; Total: 1.165818;
[R50] Times: IO: 0.000000; Setup: 0.000015; Compute: 0.890756; MPI: 0.885538; Total: 1.165993;
[R49] Times: IO: 0.000000; Setup: 0.000014; Compute: 0.890964; MPI: 0.885897; Total: 1.166170;
[R48] Times: IO: 0.000000; Setup: 0.000018; Compute: 0.891190; MPI: 0.885361; Total: 1.166375;
[R47] Times: IO: 0.000000; Setup: 0.000018; Compute: 0.891457; MPI: 0.886395; Total: 1.166154;
[R46] Times: IO: 0.000000; Setup: 0.000015; Compute: 0.891710; MPI: 0.886663; Total: 1.166343;
[R45] Times: IO: 0.000000; Setup: 0.000019; Compute: 0.891965; MPI: 0.886985; Total: 1.166543;
[R44] Times: IO: 0.000000; Setup: 0.000015; Compute: 0.892253; MPI: 0.887282; Total: 1.166790;
[R43] Times: IO: 0.000000; Setup: 0.000015; Compute: 0.892487; MPI: 0.887610; Total: 1.166989;
[R42] Times: IO: 0.000000; Setup: 0.000015; Compute: 0.892709; MPI: 0.887856; Total: 1.167170;
[R41] Times: IO: 0.000000; Setup: 0.000014; Compute: 0.892941; MPI: 0.888164; Total: 1.167370;
[R40] Times: IO: 0.000000; Setup: 0.000016; Compute: 0.893204; MPI: 0.888509; Total: 1.167578;
[R39] Times: IO: 0.000000; Setup: 0.000015; Compute: 0.893454; MPI: 0.888781; Total: 1.167752;
[R38] Times: IO: 0.000000; Setup: 0.000015; Compute: 0.893677; MPI: 0.889054; Total: 1.167941;
[R37] Times: IO: 0.000000; Setup: 0.000015; Compute: 0.893887; MPI: 0.889256; Total: 1.168103;
[R36] Times: IO: 0.000000; Setup: 0.000014; Compute: 0.894102; MPI: 0.889721; Total: 1.168289;
[R35] Times: IO: 0.000000; Setup: 0.000015; Compute: 0.894346; MPI: 0.890032; Total: 1.168463;
[R34] Times: IO: 0.000000; Setup: 0.000015; Compute: 0.894600; MPI: 0.890384; Total: 1.168641;
[R33] Times: IO: 0.000000; Setup: 0.000015; Compute: 0.894789; MPI: 0.890647; Total: 1.168819;
[R32] Times: IO: 0.000000; Setup: 0.000020; Compute: 0.895008; MPI: 0.890582; Total: 1.169019;
[R31] Times: IO: 0.000000; Setup: 0.000014; Compute: 0.895259; MPI: 0.891278; Total: 1.169813;
[R30] Times: IO: 0.000000; Setup: 0.000015; Compute: 0.895495; MPI: 0.891544; Total: 1.169997;
[R29] Times: IO: 0.000000; Setup: 0.000014; Compute: 0.895727; MPI: 0.891824; Total: 1.170186;
[R28] Times: IO: 0.000000; Setup: 0.000015; Compute: 0.895970; MPI: 0.892152; Total: 1.170385;
[R27] Times: IO: 0.000000; Setup: 0.000014; Compute: 0.896205; MPI: 0.892520; Total: 1.170566;
[R26] Times: IO: 0.000000; Setup: 0.000015; Compute: 0.896421; MPI: 0.892797; Total: 1.170742;
[R25] Times: IO: 0.000000; Setup: 0.000017; Compute: 0.896632; MPI: 0.893153; Total: 1.170923;
[R24] Times: IO: 0.000000; Setup: 0.000017; Compute: 0.896873; MPI: 0.893457; Total: 1.171125;
[R23] Times: IO: 0.000000; Setup: 0.000014; Compute: 0.897118; MPI: 0.893854; Total: 1.171298;
[R22] Times: IO: 0.000000; Setup: 0.000014; Compute: 0.897326; MPI: 0.894063; Total: 1.171472;
[R21] Times: IO: 0.000000; Setup: 0.000014; Compute: 0.897533; MPI: 0.894480; Total: 1.171642;
[R20] Times: IO: 0.000000; Setup: 0.000014; Compute: 0.897763; MPI: 0.894772; Total: 1.171840;
[R19] Times: IO: 0.000000; Setup: 0.000014; Compute: 0.897965; MPI: 0.895149; Total: 1.172005;
[R18] Times: IO: 0.000000; Setup: 0.000013; Compute: 0.898168; MPI: 0.895432; Total: 1.172170;
[R17] Times: IO: 0.000000; Setup: 0.000019; Compute: 0.898391; MPI: 0.895787; Total: 1.172358;
[R16] Times: IO: 0.000000; Setup: 0.000020; Compute: 0.898695; MPI: 0.895874; Total: 1.172546;
[R15] Times: IO: 0.000000; Setup: 0.000018; Compute: 1.170713; MPI: 1.168313; Total: 1.172570;
[R14] Times: IO: 0.000000; Setup: 0.000019; Compute: 1.170887; MPI: 1.168644; Total: 1.172735;
[R13] Times: IO: 0.000000; Setup: 0.000018; Compute: 1.171061; MPI: 1.168934; Total: 1.172914;
[R12] Times: IO: 0.000000; Setup: 0.000019; Compute: 1.171265; MPI: 1.169270; Total: 1.173118;
[R11] Times: IO: 0.000000; Setup: 0.000016; Compute: 1.171435; MPI: 1.169556; Total: 1.173281;
[R10] Times: IO: 0.000000; Setup: 0.000020; Compute: 1.171611; MPI: 1.169848; Total: 1.173471;
[R09] Times: IO: 0.000000; Setup: 0.000019; Compute: 1.171798; MPI: 1.170169; Total: 1.173656;
[R08] Times: IO: 0.000000; Setup: 0.000025; Compute: 1.171982; MPI: 1.170463; Total: 1.173846;
[R07] Times: IO: 0.000000; Setup: 0.000016; Compute: 1.172171; MPI: 1.170852; Total: 1.174001;
[R06] Times: IO: 0.000000; Setup: 0.000015; Compute: 1.172340; MPI: 1.171119; Total: 1.174164;
[R05] Times: IO: 0.000000; Setup: 0.000022; Compute: 1.172493; MPI: 1.171450; Total: 1.174326;
[R04] Times: IO: 0.000000; Setup: 0.000019; Compute: 1.172824; MPI: 1.171920; Total: 1.174519;
[R03] Times: IO: 0.000000; Setup: 0.000017; Compute: 1.172991; MPI: 1.172207; Total: 1.174683;
[R02] Times: IO: 0.000000; Setup: 0.000019; Compute: 1.173152; MPI: 1.172547; Total: 1.174849;
[R01] Times: IO: 0.000000; Setup: 0.000021; Compute: 1.173324; MPI: 1.172848; Total: 1.175020;
[R00] Times: IO: 0.271806; Setup: 0.000365; Compute: 0.902302; MPI: 0.901962; Total: 1.177510;
Mon Dec 12 23:51:49 CET 2016
Solving the Ax=b system with Gaussian Elimination:
READ:  Matrix   (A) file name: "ge_data/size2048x2048.mat"
READ:  RHS      (b) file name: "ge_data/size2048x2048.vec"
WRITE: Solution (x) file name: "ge_data/size2048x2048.sol"
[R63] Times: IO: 0.000000; Setup: 0.000026; Compute: 0.968121; MPI: 0.914684; Total: 1.877495;
[R62] Times: IO: 0.000000; Setup: 0.000026; Compute: 0.968457; MPI: 0.913403; Total: 1.877820;
[R61] Times: IO: 0.000000; Setup: 0.000026; Compute: 0.968770; MPI: 0.912478; Total: 1.878132;
[R60] Times: IO: 0.000000; Setup: 0.000027; Compute: 0.969110; MPI: 0.913951; Total: 1.878465;
[R59] Times: IO: 0.000000; Setup: 0.000027; Compute: 0.969429; MPI: 0.914866; Total: 1.878779;
[R58] Times: IO: 0.000000; Setup: 0.000026; Compute: 0.969626; MPI: 0.914667; Total: 1.878966;
[R57] Times: IO: 0.000000; Setup: 0.000034; Compute: 0.969858; MPI: 0.915104; Total: 1.879166;
[R56] Times: IO: 0.000000; Setup: 0.000038; Compute: 0.970080; MPI: 0.916523; Total: 1.879402;
[R55] Times: IO: 0.000000; Setup: 0.000028; Compute: 0.970269; MPI: 0.917512; Total: 1.879574;
[R54] Times: IO: 0.000000; Setup: 0.000033; Compute: 0.970444; MPI: 0.918827; Total: 1.879767;
[R53] Times: IO: 0.000000; Setup: 0.000028; Compute: 0.970654; MPI: 0.919199; Total: 1.879947;
[R52] Times: IO: 0.000000; Setup: 0.000027; Compute: 0.970854; MPI: 0.920213; Total: 1.880144;
[R51] Times: IO: 0.000000; Setup: 0.000027; Compute: 0.971058; MPI: 0.921058; Total: 1.880318;
[R50] Times: IO: 0.000000; Setup: 0.000028; Compute: 0.971259; MPI: 0.922363; Total: 1.880500;
[R49] Times: IO: 0.000000; Setup: 0.000038; Compute: 0.971455; MPI: 0.922433; Total: 1.880711;
[R48] Times: IO: 0.000000; Setup: 0.000038; Compute: 0.971674; MPI: 0.921207; Total: 1.880931;
[R47] Times: IO: 0.000000; Setup: 0.000029; Compute: 0.971979; MPI: 0.923532; Total: 1.880732;
[R46] Times: IO: 0.000000; Setup: 0.000027; Compute: 0.972212; MPI: 0.922266; Total: 1.880967;
[R45] Times: IO: 0.000000; Setup: 0.000028; Compute: 0.972446; MPI: 0.924021; Total: 1.881199;
[R44] Times: IO: 0.000000; Setup: 0.000026; Compute: 0.972744; MPI: 0.925170; Total: 1.881492;
[R43] Times: IO: 0.000000; Setup: 0.000026; Compute: 0.972992; MPI: 0.924112; Total: 1.881734;
[R42] Times: IO: 0.000000; Setup: 0.000031; Compute: 0.973242; MPI: 0.926474; Total: 1.881968;
[R41] Times: IO: 0.000000; Setup: 0.000035; Compute: 0.973482; MPI: 0.927407; Total: 1.882211;
[R40] Times: IO: 0.000000; Setup: 0.000042; Compute: 0.973757; MPI: 0.928036; Total: 1.882483;
[R39] Times: IO: 0.000000; Setup: 0.000028; Compute: 0.974024; MPI: 0.929869; Total: 1.882734;
[R38] Times: IO: 0.000000; Setup: 0.000027; Compute: 0.974301; MPI: 0.931128; Total: 1.882963;
[R37] Times: IO: 0.000000; Setup: 0.000037; Compute: 0.976511; MPI: 0.933140; Total: 1.883197;
[R36] Times: IO: 0.000000; Setup: 0.000039; Compute: 0.976765; MPI: 0.933707; Total: 1.883447;
[R35] Times: IO: 0.000000; Setup: 0.000045; Compute: 0.976996; MPI: 0.935236; Total: 1.883685;
[R34] Times: IO: 0.000000; Setup: 0.000041; Compute: 0.977237; MPI: 0.935969; Total: 1.883924;
[R33] Times: IO: 0.000000; Setup: 0.000042; Compute: 0.977482; MPI: 0.936687; Total: 1.884169;
[R32] Times: IO: 0.000000; Setup: 0.000044; Compute: 0.977749; MPI: 0.938682; Total: 1.884441;
[R31] Times: IO: 0.000000; Setup: 0.000029; Compute: 0.978028; MPI: 0.938699; Total: 1.884922;
[R30] Times: IO: 0.000000; Setup: 0.000029; Compute: 0.978288; MPI: 0.939622; Total: 1.885181;
[R29] Times: IO: 0.000000; Setup: 0.000032; Compute: 0.978556; MPI: 0.940261; Total: 1.885449;
[R28] Times: IO: 0.000000; Setup: 0.000028; Compute: 0.978862; MPI: 0.941458; Total: 1.885744;
[R27] Times: IO: 0.000000; Setup: 0.000033; Compute: 0.979129; MPI: 0.942504; Total: 1.886019;
[R26] Times: IO: 0.000000; Setup: 0.000035; Compute: 0.979398; MPI: 0.944682; Total: 1.886282;
[R25] Times: IO: 0.000000; Setup: 0.000035; Compute: 0.979672; MPI: 0.944676; Total: 1.886554;
[R24] Times: IO: 0.000000; Setup: 0.000034; Compute: 0.979978; MPI: 0.945862; Total: 1.886862;
[R23] Times: IO: 0.000000; Setup: 0.000032; Compute: 0.980250; MPI: 0.948286; Total: 1.887078;
[R22] Times: IO: 0.000000; Setup: 0.000032; Compute: 0.980518; MPI: 0.949333; Total: 1.887338;
[R21] Times: IO: 0.000000; Setup: 0.000036; Compute: 0.980775; MPI: 0.950446; Total: 1.887601;
[R20] Times: IO: 0.000000; Setup: 0.000043; Compute: 0.981076; MPI: 0.952523; Total: 1.887903;
[R19] Times: IO: 0.000000; Setup: 0.000047; Compute: 0.981349; MPI: 0.953221; Total: 1.888175;
[R18] Times: IO: 0.000000; Setup: 0.000042; Compute: 0.981632; MPI: 0.954606; Total: 1.888450;
[R17] Times: IO: 0.000000; Setup: 0.000044; Compute: 0.981918; MPI: 0.955772; Total: 1.888731;
[R16] Times: IO: 0.000000; Setup: 0.000046; Compute: 0.982223; MPI: 0.957410; Total: 1.889042;
[R15] Times: IO: 0.000000; Setup: 0.000019; Compute: 1.888165; MPI: 1.864682; Total: 1.890094;
[R14] Times: IO: 0.000000; Setup: 0.000018; Compute: 1.888458; MPI: 1.866161; Total: 1.890383;
[R13] Times: IO: 0.000000; Setup: 0.000018; Compute: 1.888754; MPI: 1.867370; Total: 1.890676;
[R12] Times: IO: 0.000000; Setup: 0.000017; Compute: 1.889079; MPI: 1.869180; Total: 1.891007;
[R11] Times: IO: 0.000000; Setup: 0.000021; Compute: 1.889368; MPI: 1.870861; Total: 1.891291;
[R10] Times: IO: 0.000000; Setup: 0.000022; Compute: 1.889667; MPI: 1.872648; Total: 1.891598;
[R09] Times: IO: 0.000000; Setup: 0.000028; Compute: 1.889965; MPI: 1.873334; Total: 1.891894;
[R08] Times: IO: 0.000000; Setup: 0.000019; Compute: 1.890295; MPI: 1.876193; Total: 1.892222;
[R07] Times: IO: 0.000000; Setup: 0.000018; Compute: 1.890623; MPI: 1.878278; Total: 1.892530;
[R06] Times: IO: 0.000000; Setup: 0.000017; Compute: 1.890923; MPI: 1.879849; Total: 1.892829;
[R05] Times: IO: 0.000000; Setup: 0.000017; Compute: 1.891221; MPI: 1.881779; Total: 1.893126;
[R04] Times: IO: 0.000000; Setup: 0.000020; Compute: 1.891664; MPI: 1.883617; Total: 1.893436;
[R03] Times: IO: 0.000000; Setup: 0.000022; Compute: 1.891958; MPI: 1.885647; Total: 1.893738;
[R02] Times: IO: 0.000000; Setup: 0.000021; Compute: 1.892263; MPI: 1.887525; Total: 1.894036;
[R01] Times: IO: 0.000000; Setup: 0.000021; Compute: 1.892568; MPI: 1.889529; Total: 1.894348;
[R00] Times: IO: 0.895035; Setup: 0.001423; Compute: 0.988775; MPI: 0.987169; Total: 1.897404;
Mon Dec 12 23:51:52 CET 2016
Solving the Ax=b system with Gaussian Elimination:
READ:  Matrix   (A) file name: "ge_data/size4096x4096.mat"
READ:  RHS      (b) file name: "ge_data/size4096x4096.vec"
WRITE: Solution (x) file name: "ge_data/size4096x4096.sol"
[R63] Times: IO: 0.000000; Setup: 0.000574; Compute: 1.264169; MPI: 0.784610; Total: 5.672713;
[R62] Times: IO: 0.000000; Setup: 0.000582; Compute: 1.264642; MPI: 0.785408; Total: 5.673188;
[R61] Times: IO: 0.000000; Setup: 0.000580; Compute: 1.265102; MPI: 0.786536; Total: 5.673643;
[R60] Times: IO: 0.000000; Setup: 0.000578; Compute: 1.265593; MPI: 0.784334; Total: 5.674123;
[R59] Times: IO: 0.000000; Setup: 0.000588; Compute: 1.266055; MPI: 0.784641; Total: 5.674595;
[R58] Times: IO: 0.000000; Setup: 0.000590; Compute: 1.266312; MPI: 0.786422; Total: 5.674846;
[R57] Times: IO: 0.000000; Setup: 0.000597; Compute: 1.266577; MPI: 0.792277; Total: 5.675113;
[R56] Times: IO: 0.000000; Setup: 0.000596; Compute: 1.266900; MPI: 0.795019; Total: 5.675436;
[R55] Times: IO: 0.000000; Setup: 0.000567; Compute: 1.267216; MPI: 0.793085; Total: 5.675682;
[R54] Times: IO: 0.000000; Setup: 0.000573; Compute: 1.267482; MPI: 0.795991; Total: 5.675954;
[R53] Times: IO: 0.000000; Setup: 0.000579; Compute: 1.267768; MPI: 0.796050; Total: 5.676238;
[R52] Times: IO: 0.000000; Setup: 0.000581; Compute: 1.268074; MPI: 0.794789; Total: 5.676541;
[R51] Times: IO: 0.000000; Setup: 0.000589; Compute: 1.268381; MPI: 0.796118; Total: 5.676853;
[R50] Times: IO: 0.000000; Setup: 0.000590; Compute: 1.268692; MPI: 0.803994; Total: 5.677163;
[R49] Times: IO: 0.000000; Setup: 0.000587; Compute: 1.269022; MPI: 0.805008; Total: 5.677485;
[R48] Times: IO: 0.000000; Setup: 0.000587; Compute: 1.269431; MPI: 0.802539; Total: 5.677889;
[R47] Times: IO: 0.000000; Setup: 0.000576; Compute: 1.269887; MPI: 0.823462; Total: 5.678685;
[R46] Times: IO: 0.000000; Setup: 0.000601; Compute: 1.270317; MPI: 0.825759; Total: 5.679119;
[R45] Times: IO: 0.000000; Setup: 0.000595; Compute: 1.270793; MPI: 0.827709; Total: 5.679596;
[R44] Times: IO: 0.000000; Setup: 0.000599; Compute: 1.271313; MPI: 0.830866; Total: 5.680113;
[R43] Times: IO: 0.000000; Setup: 0.000590; Compute: 1.271854; MPI: 0.835412; Total: 5.680651;
[R42] Times: IO: 0.000000; Setup: 0.000597; Compute: 1.272378; MPI: 0.842975; Total: 5.681176;
[R41] Times: IO: 0.000000; Setup: 0.000598; Compute: 1.272928; MPI: 0.836163; Total: 5.681723;
[R40] Times: IO: 0.000000; Setup: 0.000595; Compute: 1.273491; MPI: 0.855425; Total: 5.682284;
[R39] Times: IO: 0.000000; Setup: 0.000605; Compute: 1.273948; MPI: 0.856635; Total: 5.682998;
[R38] Times: IO: 0.000000; Setup: 0.000604; Compute: 1.274441; MPI: 0.859846; Total: 5.683483;
[R37] Times: IO: 0.000000; Setup: 0.000606; Compute: 1.274994; MPI: 0.864544; Total: 5.684036;
[R36] Times: IO: 0.000000; Setup: 0.000607; Compute: 1.275614; MPI: 0.868474; Total: 5.684651;
[R35] Times: IO: 0.000000; Setup: 0.000612; Compute: 1.276229; MPI: 0.873898; Total: 5.685272;
[R34] Times: IO: 0.000000; Setup: 0.000632; Compute: 1.276830; MPI: 0.884241; Total: 5.685888;
[R33] Times: IO: 0.000000; Setup: 0.000610; Compute: 1.277483; MPI: 0.891401; Total: 5.686519;
[R32] Times: IO: 0.000000; Setup: 0.000617; Compute: 1.278119; MPI: 0.893721; Total: 5.687165;
[R31] Times: IO: 0.000000; Setup: 0.000582; Compute: 1.278805; MPI: 0.917715; Total: 5.687331;
[R30] Times: IO: 0.000000; Setup: 0.000583; Compute: 1.279459; MPI: 0.923292; Total: 5.687986;
[R29] Times: IO: 0.000000; Setup: 0.000587; Compute: 1.280140; MPI: 0.932497; Total: 5.688663;
[R28] Times: IO: 0.000000; Setup: 0.000595; Compute: 1.280871; MPI: 0.939659; Total: 5.689401;
[R27] Times: IO: 0.000000; Setup: 0.000591; Compute: 1.281633; MPI: 0.948283; Total: 5.690158;
[R26] Times: IO: 0.000000; Setup: 0.000600; Compute: 1.282365; MPI: 0.957515; Total: 5.690897;
[R25] Times: IO: 0.000000; Setup: 0.000596; Compute: 1.283122; MPI: 0.967152; Total: 5.691635;
[R24] Times: IO: 0.000000; Setup: 0.000597; Compute: 1.283889; MPI: 0.978325; Total: 5.692400;
[R23] Times: IO: 0.000000; Setup: 0.000618; Compute: 1.284652; MPI: 0.977409; Total: 5.693403;
[R22] Times: IO: 0.000000; Setup: 0.000641; Compute: 1.285400; MPI: 0.986117; Total: 5.694164;
[R21] Times: IO: 0.000000; Setup: 0.000636; Compute: 1.286198; MPI: 0.995576; Total: 5.694956;
[R20] Times: IO: 0.000000; Setup: 0.000637; Compute: 1.287048; MPI: 1.005720; Total: 5.695805;
[R19] Times: IO: 0.000000; Setup: 0.000636; Compute: 1.287876; MPI: 1.017568; Total: 5.696633;
[R18] Times: IO: 0.000000; Setup: 0.000628; Compute: 1.288711; MPI: 1.030714; Total: 5.697414;
[R17] Times: IO: 0.000000; Setup: 0.000622; Compute: 1.289542; MPI: 1.040443; Total: 5.698281;
[R16] Times: IO: 0.000000; Setup: 0.000624; Compute: 1.290388; MPI: 1.051991; Total: 5.699133;
[R15] Times: IO: 0.000000; Setup: 0.000606; Compute: 5.697817; MPI: 5.489163; Total: 5.700497;
[R14] Times: IO: 0.000000; Setup: 0.000566; Compute: 5.698828; MPI: 5.500991; Total: 5.701471;
[R13] Times: IO: 0.000000; Setup: 0.000564; Compute: 5.699830; MPI: 5.512985; Total: 5.702471;
[R12] Times: IO: 0.000000; Setup: 0.000619; Compute: 5.700818; MPI: 5.525167; Total: 5.703513;
[R11] Times: IO: 0.000000; Setup: 0.000560; Compute: 5.701921; MPI: 5.537976; Total: 5.704552;
[R10] Times: IO: 0.000000; Setup: 0.000557; Compute: 5.702960; MPI: 5.552157; Total: 5.705593;
[R09] Times: IO: 0.000000; Setup: 0.000563; Compute: 5.703984; MPI: 5.554178; Total: 5.706624;
[R08] Times: IO: 0.000000; Setup: 0.000557; Compute: 5.705052; MPI: 5.579421; Total: 5.707684;
[R07] Times: IO: 0.000000; Setup: 0.000529; Compute: 5.706157; MPI: 5.600115; Total: 5.708742;
[R06] Times: IO: 0.000000; Setup: 0.000512; Compute: 5.707277; MPI: 5.613476; Total: 5.709846;
[R05] Times: IO: 0.000000; Setup: 0.000516; Compute: 5.708404; MPI: 5.627834; Total: 5.710976;
[R04] Times: IO: 0.000000; Setup: 0.000525; Compute: 5.709776; MPI: 5.642615; Total: 5.712225;
[R03] Times: IO: 0.000000; Setup: 0.000528; Compute: 5.710913; MPI: 5.657739; Total: 5.713367;
[R02] Times: IO: 0.000000; Setup: 0.000524; Compute: 5.712061; MPI: 5.673182; Total: 5.714507;
[R01] Times: IO: 0.000000; Setup: 0.000525; Compute: 5.713193; MPI: 5.688858; Total: 5.715643;
[R00] Times: IO: 4.350887; Setup: 0.006111; Compute: 1.317441; MPI: 1.307755; Total: 5.721776;
Mon Dec 12 23:51:59 CET 2016
Solving the Ax=b system with Gaussian Elimination:
READ:  Matrix   (A) file name: "ge_data/size8192x8192.mat"
READ:  RHS      (b) file name: "ge_data/size8192x8192.vec"
WRITE: Solution (x) file name: "ge_data/size8192x8192.sol"
[R63] Times: IO: 0.000000; Setup: 0.000596; Compute: 14.998891; MPI: 1.989155; Total: 31.457755;
[R62] Times: IO: 0.000000; Setup: 0.000606; Compute: 14.999326; MPI: 1.893055; Total: 31.458194;
[R61] Times: IO: 0.000000; Setup: 0.000596; Compute: 14.999852; MPI: 1.872805; Total: 31.458708;
[R60] Times: IO: 0.000000; Setup: 0.000603; Compute: 15.000530; MPI: 1.906654; Total: 31.459384;
[R59] Times: IO: 0.000000; Setup: 0.000603; Compute: 15.001314; MPI: 1.860188; Total: 31.460170;
[R58] Times: IO: 0.000000; Setup: 0.000613; Compute: 15.001901; MPI: 1.955436; Total: 31.460758;
[R57] Times: IO: 0.000000; Setup: 0.000614; Compute: 15.002551; MPI: 1.921602; Total: 31.461395;
[R56] Times: IO: 0.000000; Setup: 0.000616; Compute: 15.003275; MPI: 1.926203; Total: 31.462122;
[R55] Times: IO: 0.000000; Setup: 0.000586; Compute: 15.003854; MPI: 1.769180; Total: 31.462643;
[R54] Times: IO: 0.000000; Setup: 0.000594; Compute: 15.004669; MPI: 2.073441; Total: 31.463456;
[R53] Times: IO: 0.000000; Setup: 0.000598; Compute: 15.005571; MPI: 1.744710; Total: 31.464357;
[R52] Times: IO: 0.000000; Setup: 0.000600; Compute: 15.006566; MPI: 1.741324; Total: 31.465349;
[R51] Times: IO: 0.000000; Setup: 0.000604; Compute: 15.007610; MPI: 1.798251; Total: 31.466399;
[R50] Times: IO: 0.000000; Setup: 0.000603; Compute: 15.008728; MPI: 2.118567; Total: 31.467513;
[R49] Times: IO: 0.000000; Setup: 0.000604; Compute: 15.009888; MPI: 1.903166; Total: 31.468673;
[R48] Times: IO: 0.000000; Setup: 0.000605; Compute: 15.011111; MPI: 1.971351; Total: 31.469903;
[R47] Times: IO: 0.000000; Setup: 0.000559; Compute: 15.012355; MPI: 3.071522; Total: 31.471208;
[R46] Times: IO: 0.000000; Setup: 0.000565; Compute: 15.013840; MPI: 2.636899; Total: 31.472701;
[R45] Times: IO: 0.000000; Setup: 0.000567; Compute: 15.015308; MPI: 2.634211; Total: 31.474171;
[R44] Times: IO: 0.000000; Setup: 0.000574; Compute: 15.016875; MPI: 2.794741; Total: 31.475733;
[R43] Times: IO: 0.000000; Setup: 0.000581; Compute: 15.018489; MPI: 2.737756; Total: 31.477354;
[R42] Times: IO: 0.000000; Setup: 0.000579; Compute: 15.020146; MPI: 2.821494; Total: 31.479007;
[R41] Times: IO: 0.000000; Setup: 0.000582; Compute: 15.021853; MPI: 2.986820; Total: 31.480716;
[R40] Times: IO: 0.000000; Setup: 0.000577; Compute: 15.023643; MPI: 3.087054; Total: 31.482499;
[R39] Times: IO: 0.000000; Setup: 0.000606; Compute: 15.025084; MPI: 4.027693; Total: 31.483898;
[R38] Times: IO: 0.000000; Setup: 0.000613; Compute: 15.027062; MPI: 4.000761; Total: 31.485878;
[R37] Times: IO: 0.000000; Setup: 0.000613; Compute: 15.029064; MPI: 4.006015; Total: 31.487879;
[R36] Times: IO: 0.000000; Setup: 0.000623; Compute: 15.031123; MPI: 4.064281; Total: 31.489938;
[R35] Times: IO: 0.000000; Setup: 0.000619; Compute: 15.033254; MPI: 4.174569; Total: 31.492068;
[R34] Times: IO: 0.000000; Setup: 0.000622; Compute: 15.035413; MPI: 4.241814; Total: 31.494217;
[R33] Times: IO: 0.000000; Setup: 0.000617; Compute: 15.037660; MPI: 4.441614; Total: 31.496452;
[R32] Times: IO: 0.000000; Setup: 0.000625; Compute: 15.039930; MPI: 4.603406; Total: 31.498695;
[R31] Times: IO: 0.000000; Setup: 0.000594; Compute: 15.042570; MPI: 5.766860; Total: 31.501507;
[R30] Times: IO: 0.000000; Setup: 0.000600; Compute: 15.045168; MPI: 5.876524; Total: 31.504109;
[R29] Times: IO: 0.000000; Setup: 0.000593; Compute: 15.047706; MPI: 5.909380; Total: 31.506631;
[R28] Times: IO: 0.000000; Setup: 0.000598; Compute: 15.050318; MPI: 5.947133; Total: 31.509247;
[R27] Times: IO: 0.000000; Setup: 0.000605; Compute: 15.052989; MPI: 6.083500; Total: 31.511922;
[R26] Times: IO: 0.000000; Setup: 0.000604; Compute: 15.055689; MPI: 6.392860; Total: 31.514624;
[R25] Times: IO: 0.000000; Setup: 0.000603; Compute: 15.058431; MPI: 6.434459; Total: 31.517360;
[R24] Times: IO: 0.000000; Setup: 0.000604; Compute: 15.061238; MPI: 6.643781; Total: 31.520171;
[R23] Times: IO: 0.000000; Setup: 0.000606; Compute: 15.064283; MPI: 7.288780; Total: 31.523209;
[R22] Times: IO: 0.000000; Setup: 0.000608; Compute: 15.067427; MPI: 7.367667; Total: 31.526351;
[R21] Times: IO: 0.000000; Setup: 0.000615; Compute: 15.070457; MPI: 7.436520; Total: 31.529384;
[R20] Times: IO: 0.000000; Setup: 0.000621; Compute: 15.073573; MPI: 7.546151; Total: 31.532471;
[R19] Times: IO: 0.000000; Setup: 0.000617; Compute: 15.076727; MPI: 7.636349; Total: 31.535592;
[R18] Times: IO: 0.000000; Setup: 0.000625; Compute: 15.079925; MPI: 7.856276; Total: 31.538855;
[R17] Times: IO: 0.000000; Setup: 0.000619; Compute: 15.083185; MPI: 8.154738; Total: 31.542106;
[R16] Times: IO: 0.000000; Setup: 0.000622; Compute: 15.086490; MPI: 8.439206; Total: 31.545385;
[R15] Times: IO: 0.000000; Setup: 0.000581; Compute: 31.295193; MPI: 26.482689; Total: 31.549981;
[R14] Times: IO: 0.000000; Setup: 0.000591; Compute: 31.298925; MPI: 26.556469; Total: 31.553723;
[R13] Times: IO: 0.000000; Setup: 0.000585; Compute: 31.302608; MPI: 26.656801; Total: 31.557399;
[R12] Times: IO: 0.000000; Setup: 0.000594; Compute: 31.306380; MPI: 26.811734; Total: 31.561183;
[R11] Times: IO: 0.000000; Setup: 0.000595; Compute: 31.310205; MPI: 27.002927; Total: 31.565006;
[R10] Times: IO: 0.000000; Setup: 0.000591; Compute: 31.314087; MPI: 27.238690; Total: 31.568878;
[R09] Times: IO: 0.000000; Setup: 0.000580; Compute: 31.318067; MPI: 27.552053; Total: 31.572850;
[R08] Times: IO: 0.000000; Setup: 0.000586; Compute: 31.322084; MPI: 27.843191; Total: 31.576874;
[R07] Times: IO: 0.000000; Setup: 0.000518; Compute: 31.326886; MPI: 29.656751; Total: 31.581599;
[R06] Times: IO: 0.000000; Setup: 0.000513; Compute: 31.331276; MPI: 29.762835; Total: 31.585980;
[R05] Times: IO: 0.000000; Setup: 0.000516; Compute: 31.335516; MPI: 29.874875; Total: 31.590225;
[R04] Times: IO: 0.000000; Setup: 0.000518; Compute: 31.339971; MPI: 30.043278; Total: 31.594534;
[R03] Times: IO: 0.000000; Setup: 0.000521; Compute: 31.344314; MPI: 30.256326; Total: 31.598871;
[R02] Times: IO: 0.000000; Setup: 0.000521; Compute: 31.348712; MPI: 30.543567; Total: 31.603269;
[R01] Times: IO: 0.000000; Setup: 0.000521; Compute: 31.353163; MPI: 30.877484; Total: 31.607719;
[R00] Times: IO: 16.199185; Setup: 0.013226; Compute: 15.217505; MPI: 15.149467; Total: 31.618284;
Mon Dec 12 23:52:32 CET 2016
