Solving the Ax=b system with Gaussian Elimination:
READ:  Matrix   (A) file name: "ge_data/size64x64.mat"
READ:  RHS      (b) file name: "ge_data/size64x64.vec"
WRITE: Solution (x) file name: "ge_data/size64x64.sol"
[R63] Times: IO: 0.000000; Setup: 0.000020; Compute: 0.880285; MPI: 0.880143; Total: 0.940906;
[R62] Times: IO: 0.000000; Setup: 0.000018; Compute: 0.880610; MPI: 0.880454; Total: 0.941229;
[R61] Times: IO: 0.000000; Setup: 0.000014; Compute: 0.880931; MPI: 0.880788; Total: 0.941540;
[R60] Times: IO: 0.000000; Setup: 0.000011; Compute: 0.881247; MPI: 0.881072; Total: 0.941853;
[R59] Times: IO: 0.000000; Setup: 0.000014; Compute: 0.881561; MPI: 0.881383; Total: 0.942160;
[R58] Times: IO: 0.000000; Setup: 0.000010; Compute: 0.881756; MPI: 0.881524; Total: 0.942352;
[R57] Times: IO: 0.000000; Setup: 0.000012; Compute: 0.881946; MPI: 0.881714; Total: 0.942544;
[R56] Times: IO: 0.000000; Setup: 0.000012; Compute: 0.882153; MPI: 0.881935; Total: 0.942756;
[R55] Times: IO: 0.000000; Setup: 0.000019; Compute: 0.882320; MPI: 0.882021; Total: 0.942860;
[R54] Times: IO: 0.000000; Setup: 0.000016; Compute: 0.882486; MPI: 0.882225; Total: 0.943021;
[R53] Times: IO: 0.000000; Setup: 0.000015; Compute: 0.882656; MPI: 0.882362; Total: 0.943183;
[R52] Times: IO: 0.000000; Setup: 0.000014; Compute: 0.882837; MPI: 0.882548; Total: 0.943363;
[R51] Times: IO: 0.000000; Setup: 0.000019; Compute: 0.882997; MPI: 0.882725; Total: 0.943533;
[R50] Times: IO: 0.000000; Setup: 0.000015; Compute: 0.883164; MPI: 0.882918; Total: 0.943696;
[R49] Times: IO: 0.000000; Setup: 0.000014; Compute: 0.883343; MPI: 0.883090; Total: 0.943865;
[R48] Times: IO: 0.000000; Setup: 0.000016; Compute: 0.883522; MPI: 0.883282; Total: 0.944053;
[R47] Times: IO: 0.000000; Setup: 0.000015; Compute: 0.883707; MPI: 0.883468; Total: 0.943708;
[R46] Times: IO: 0.000000; Setup: 0.000011; Compute: 0.883898; MPI: 0.883657; Total: 0.943895;
[R45] Times: IO: 0.000000; Setup: 0.000012; Compute: 0.884075; MPI: 0.883822; Total: 0.944068;
[R44] Times: IO: 0.000000; Setup: 0.000013; Compute: 0.884260; MPI: 0.884053; Total: 0.944252;
[R43] Times: IO: 0.000000; Setup: 0.000010; Compute: 0.884438; MPI: 0.884191; Total: 0.944421;
[R42] Times: IO: 0.000000; Setup: 0.000010; Compute: 0.884610; MPI: 0.884355; Total: 0.944592;
[R41] Times: IO: 0.000000; Setup: 0.000013; Compute: 0.884779; MPI: 0.884552; Total: 0.944764;
[R40] Times: IO: 0.000000; Setup: 0.000010; Compute: 0.884958; MPI: 0.884737; Total: 0.944938;
[R39] Times: IO: 0.000000; Setup: 0.000011; Compute: 0.885131; MPI: 0.884906; Total: 0.945160;
[R38] Times: IO: 0.000000; Setup: 0.000010; Compute: 0.885291; MPI: 0.885055; Total: 0.945322;
[R37] Times: IO: 0.000000; Setup: 0.000009; Compute: 0.885460; MPI: 0.885198; Total: 0.945481;
[R36] Times: IO: 0.000000; Setup: 0.000010; Compute: 0.885628; MPI: 0.885373; Total: 0.945651;
[R35] Times: IO: 0.000000; Setup: 0.000009; Compute: 0.885786; MPI: 0.885529; Total: 0.945805;
[R34] Times: IO: 0.000000; Setup: 0.000012; Compute: 0.885944; MPI: 0.885704; Total: 0.945953;
[R33] Times: IO: 0.000000; Setup: 0.000012; Compute: 0.886100; MPI: 0.885862; Total: 0.946107;
[R32] Times: IO: 0.000000; Setup: 0.000012; Compute: 0.886261; MPI: 0.886050; Total: 0.946268;
[R31] Times: IO: 0.000000; Setup: 0.000009; Compute: 0.886425; MPI: 0.886237; Total: 0.946653;
[R30] Times: IO: 0.000000; Setup: 0.000010; Compute: 0.886589; MPI: 0.886382; Total: 0.946804;
[R29] Times: IO: 0.000000; Setup: 0.000012; Compute: 0.886748; MPI: 0.886533; Total: 0.946972;
[R28] Times: IO: 0.000000; Setup: 0.000012; Compute: 0.886920; MPI: 0.886723; Total: 0.947138;
[R27] Times: IO: 0.000000; Setup: 0.000011; Compute: 0.887093; MPI: 0.886904; Total: 0.947310;
[R26] Times: IO: 0.000000; Setup: 0.000009; Compute: 0.887255; MPI: 0.887085; Total: 0.947465;
[R25] Times: IO: 0.000000; Setup: 0.000011; Compute: 0.887408; MPI: 0.887209; Total: 0.947610;
[R24] Times: IO: 0.000000; Setup: 0.000011; Compute: 0.887571; MPI: 0.887379; Total: 0.947780;
[R23] Times: IO: 0.000000; Setup: 0.000008; Compute: 0.887730; MPI: 0.887524; Total: 0.947916;
[R22] Times: IO: 0.000000; Setup: 0.000008; Compute: 0.887876; MPI: 0.887641; Total: 0.948056;
[R21] Times: IO: 0.000000; Setup: 0.000009; Compute: 0.888028; MPI: 0.887773; Total: 0.948199;
[R20] Times: IO: 0.000000; Setup: 0.000011; Compute: 0.888182; MPI: 0.887972; Total: 0.948351;
[R19] Times: IO: 0.000000; Setup: 0.000010; Compute: 0.888320; MPI: 0.888087; Total: 0.948487;
[R18] Times: IO: 0.000000; Setup: 0.000010; Compute: 0.888455; MPI: 0.888247; Total: 0.948618;
[R17] Times: IO: 0.000000; Setup: 0.000009; Compute: 0.888591; MPI: 0.888388; Total: 0.948751;
[R16] Times: IO: 0.000000; Setup: 0.000010; Compute: 0.888737; MPI: 0.888508; Total: 0.948895;
[R15] Times: IO: 0.000000; Setup: 0.000015; Compute: 0.948792; MPI: 0.948629; Total: 0.950015;
[R14] Times: IO: 0.000000; Setup: 0.000010; Compute: 0.948932; MPI: 0.948775; Total: 0.950172;
[R13] Times: IO: 0.000000; Setup: 0.000013; Compute: 0.949066; MPI: 0.948885; Total: 0.950291;
[R12] Times: IO: 0.000000; Setup: 0.000010; Compute: 0.949220; MPI: 0.949047; Total: 0.950452;
[R11] Times: IO: 0.000000; Setup: 0.000010; Compute: 0.949360; MPI: 0.949183; Total: 0.950593;
[R10] Times: IO: 0.000000; Setup: 0.000010; Compute: 0.949504; MPI: 0.949341; Total: 0.950732;
[R09] Times: IO: 0.000000; Setup: 0.000011; Compute: 0.949630; MPI: 0.949489; Total: 0.950863;
[R08] Times: IO: 0.000000; Setup: 0.000010; Compute: 0.949777; MPI: 0.949625; Total: 0.951008;
[R07] Times: IO: 0.000000; Setup: 0.000007; Compute: 0.949912; MPI: 0.949784; Total: 0.951115;
[R06] Times: IO: 0.000000; Setup: 0.000009; Compute: 0.950030; MPI: 0.949903; Total: 0.951235;
[R05] Times: IO: 0.000000; Setup: 0.000007; Compute: 0.950159; MPI: 0.950025; Total: 0.951357;
[R04] Times: IO: 0.000000; Setup: 0.000011; Compute: 0.950416; MPI: 0.950270; Total: 0.951487;
[R03] Times: IO: 0.000000; Setup: 0.000011; Compute: 0.950532; MPI: 0.950397; Total: 0.951602;
[R02] Times: IO: 0.000000; Setup: 0.000012; Compute: 0.950652; MPI: 0.950509; Total: 0.951726;
[R01] Times: IO: 0.000000; Setup: 0.000011; Compute: 0.950778; MPI: 0.950644; Total: 0.951850;
[R00] Times: IO: 0.062022; Setup: 0.000083; Compute: 0.891242; MPI: 0.891130; Total: 0.953368;
Mon Dec 12 23:55:08 CET 2016
Solving the Ax=b system with Gaussian Elimination:
READ:  Matrix   (A) file name: "ge_data/size512x512.mat"
READ:  RHS      (b) file name: "ge_data/size512x512.vec"
WRITE: Solution (x) file name: "ge_data/size512x512.sol"
[R63] Times: IO: 0.000000; Setup: 0.000018; Compute: 0.879318; MPI: 0.878371; Total: 0.994975;
[R62] Times: IO: 0.000000; Setup: 0.000016; Compute: 0.879658; MPI: 0.878704; Total: 0.995274;
[R61] Times: IO: 0.000000; Setup: 0.000018; Compute: 0.879979; MPI: 0.879019; Total: 0.995584;
[R60] Times: IO: 0.000000; Setup: 0.000016; Compute: 0.880323; MPI: 0.879326; Total: 0.995888;
[R59] Times: IO: 0.000000; Setup: 0.000017; Compute: 0.880655; MPI: 0.879680; Total: 0.996198;
[R58] Times: IO: 0.000000; Setup: 0.000015; Compute: 0.880878; MPI: 0.879976; Total: 0.996384;
[R57] Times: IO: 0.000000; Setup: 0.000015; Compute: 0.881102; MPI: 0.880272; Total: 0.996576;
[R56] Times: IO: 0.000000; Setup: 0.000017; Compute: 0.881339; MPI: 0.880530; Total: 0.996745;
[R55] Times: IO: 0.000000; Setup: 0.000014; Compute: 0.881540; MPI: 0.880750; Total: 0.996912;
[R54] Times: IO: 0.000000; Setup: 0.000015; Compute: 0.881736; MPI: 0.880944; Total: 0.997070;
[R53] Times: IO: 0.000000; Setup: 0.000015; Compute: 0.881922; MPI: 0.881140; Total: 0.997227;
[R52] Times: IO: 0.000000; Setup: 0.000015; Compute: 0.882123; MPI: 0.881346; Total: 0.997404;
[R51] Times: IO: 0.000000; Setup: 0.000015; Compute: 0.882311; MPI: 0.881529; Total: 0.997561;
[R50] Times: IO: 0.000000; Setup: 0.000015; Compute: 0.882494; MPI: 0.881721; Total: 0.997709;
[R49] Times: IO: 0.000000; Setup: 0.000015; Compute: 0.882687; MPI: 0.881940; Total: 0.997841;
[R48] Times: IO: 0.000000; Setup: 0.000025; Compute: 0.882875; MPI: 0.882087; Total: 0.998057;
[R47] Times: IO: 0.000000; Setup: 0.000015; Compute: 0.883100; MPI: 0.882361; Total: 0.998025;
[R46] Times: IO: 0.000000; Setup: 0.000015; Compute: 0.883307; MPI: 0.882558; Total: 0.998199;
[R45] Times: IO: 0.000000; Setup: 0.000015; Compute: 0.883517; MPI: 0.882790; Total: 0.998376;
[R44] Times: IO: 0.000000; Setup: 0.000018; Compute: 0.883736; MPI: 0.882994; Total: 0.998565;
[R43] Times: IO: 0.000000; Setup: 0.000016; Compute: 0.883941; MPI: 0.883224; Total: 0.998736;
[R42] Times: IO: 0.000000; Setup: 0.000015; Compute: 0.884145; MPI: 0.883405; Total: 0.998908;
[R41] Times: IO: 0.000000; Setup: 0.000015; Compute: 0.884344; MPI: 0.883636; Total: 0.999074;
[R40] Times: IO: 0.000000; Setup: 0.000018; Compute: 0.884560; MPI: 0.883863; Total: 0.999263;
[R39] Times: IO: 0.000000; Setup: 0.000016; Compute: 0.884762; MPI: 0.884063; Total: 0.999483;
[R38] Times: IO: 0.000000; Setup: 0.000016; Compute: 0.884970; MPI: 0.884288; Total: 0.999651;
[R37] Times: IO: 0.000000; Setup: 0.000015; Compute: 0.885156; MPI: 0.884493; Total: 0.999807;
[R36] Times: IO: 0.000000; Setup: 0.000016; Compute: 0.885374; MPI: 0.884718; Total: 0.999970;
[R35] Times: IO: 0.000000; Setup: 0.000020; Compute: 0.885556; MPI: 0.884907; Total: 1.000143;
[R34] Times: IO: 0.000000; Setup: 0.000015; Compute: 0.885749; MPI: 0.885089; Total: 1.000190;
[R33] Times: IO: 0.000000; Setup: 0.000015; Compute: 0.885941; MPI: 0.885297; Total: 1.000458;
[R32] Times: IO: 0.000000; Setup: 0.000019; Compute: 0.886194; MPI: 0.885547; Total: 1.000611;
[R31] Times: IO: 0.000000; Setup: 0.000016; Compute: 0.886302; MPI: 0.885665; Total: 1.001036;
[R30] Times: IO: 0.000000; Setup: 0.000015; Compute: 0.886495; MPI: 0.885886; Total: 1.001200;
[R29] Times: IO: 0.000000; Setup: 0.000015; Compute: 0.886705; MPI: 0.886106; Total: 1.001362;
[R28] Times: IO: 0.000000; Setup: 0.000017; Compute: 0.886907; MPI: 0.886316; Total: 1.001539;
[R27] Times: IO: 0.000000; Setup: 0.000017; Compute: 0.887084; MPI: 0.886507; Total: 1.001702;
[R26] Times: IO: 0.000000; Setup: 0.000016; Compute: 0.887273; MPI: 0.886691; Total: 1.001868;
[R25] Times: IO: 0.000000; Setup: 0.000015; Compute: 0.887446; MPI: 0.886899; Total: 1.002029;
[R24] Times: IO: 0.000000; Setup: 0.000018; Compute: 0.887634; MPI: 0.887080; Total: 1.002202;
[R23] Times: IO: 0.000000; Setup: 0.000015; Compute: 0.887809; MPI: 0.887277; Total: 1.002345;
[R22] Times: IO: 0.000000; Setup: 0.000020; Compute: 0.887978; MPI: 0.887472; Total: 1.002500;
[R21] Times: IO: 0.000000; Setup: 0.000016; Compute: 0.888141; MPI: 0.887647; Total: 1.002638;
[R20] Times: IO: 0.000000; Setup: 0.000015; Compute: 0.888311; MPI: 0.887784; Total: 1.002795;
[R19] Times: IO: 0.000000; Setup: 0.000016; Compute: 0.888482; MPI: 0.888013; Total: 1.002949;
[R18] Times: IO: 0.000000; Setup: 0.000016; Compute: 0.888649; MPI: 0.888180; Total: 1.003097;
[R17] Times: IO: 0.000000; Setup: 0.000015; Compute: 0.888813; MPI: 0.888367; Total: 1.003239;
[R16] Times: IO: 0.000000; Setup: 0.000019; Compute: 0.888981; MPI: 0.888540; Total: 1.003360;
[R15] Times: IO: 0.000000; Setup: 0.000018; Compute: 1.002296; MPI: 1.001878; Total: 1.004258;
[R14] Times: IO: 0.000000; Setup: 0.000015; Compute: 1.002449; MPI: 1.002037; Total: 1.004411;
[R13] Times: IO: 0.000000; Setup: 0.000016; Compute: 1.002596; MPI: 1.002201; Total: 1.004563;
[R12] Times: IO: 0.000000; Setup: 0.000014; Compute: 1.002766; MPI: 1.002390; Total: 1.004727;
[R11] Times: IO: 0.000000; Setup: 0.000014; Compute: 1.002919; MPI: 1.002564; Total: 1.004877;
[R10] Times: IO: 0.000000; Setup: 0.000015; Compute: 1.003058; MPI: 1.002712; Total: 1.005027;
[R09] Times: IO: 0.000000; Setup: 0.000018; Compute: 1.003209; MPI: 1.002892; Total: 1.005170;
[R08] Times: IO: 0.000000; Setup: 0.000013; Compute: 1.003370; MPI: 1.003046; Total: 1.005327;
[R07] Times: IO: 0.000000; Setup: 0.000013; Compute: 1.003537; MPI: 1.003253; Total: 1.005472;
[R06] Times: IO: 0.000000; Setup: 0.000012; Compute: 1.003671; MPI: 1.003407; Total: 1.005600;
[R05] Times: IO: 0.000000; Setup: 0.000013; Compute: 1.003801; MPI: 1.003559; Total: 1.005734;
[R04] Times: IO: 0.000000; Setup: 0.000019; Compute: 1.004074; MPI: 1.003846; Total: 1.005879;
[R03] Times: IO: 0.000000; Setup: 0.000015; Compute: 1.004210; MPI: 1.003999; Total: 1.006011;
[R02] Times: IO: 0.000000; Setup: 0.000017; Compute: 1.004338; MPI: 1.004146; Total: 1.006140;
[R01] Times: IO: 0.000000; Setup: 0.000016; Compute: 1.004473; MPI: 1.004296; Total: 1.006276;
[R00] Times: IO: 0.116892; Setup: 0.000462; Compute: 0.891796; MPI: 0.891646; Total: 1.010169;
Mon Dec 12 23:55:11 CET 2016
Solving the Ax=b system with Gaussian Elimination:
READ:  Matrix   (A) file name: "ge_data/size1024x1024.mat"
READ:  RHS      (b) file name: "ge_data/size1024x1024.vec"
WRITE: Solution (x) file name: "ge_data/size1024x1024.sol"
[R63] Times: IO: 0.000000; Setup: 0.000014; Compute: 0.892068; MPI: 0.886086; Total: 1.166876;
[R62] Times: IO: 0.000000; Setup: 0.000014; Compute: 0.892404; MPI: 0.886263; Total: 1.167182;
[R61] Times: IO: 0.000000; Setup: 0.000018; Compute: 0.892736; MPI: 0.886642; Total: 1.167483;
[R60] Times: IO: 0.000000; Setup: 0.000014; Compute: 0.893163; MPI: 0.887168; Total: 1.167836;
[R59] Times: IO: 0.000000; Setup: 0.000014; Compute: 0.893494; MPI: 0.887536; Total: 1.168139;
[R58] Times: IO: 0.000000; Setup: 0.000014; Compute: 0.893756; MPI: 0.887913; Total: 1.168330;
[R57] Times: IO: 0.000000; Setup: 0.000019; Compute: 0.894014; MPI: 0.888592; Total: 1.168531;
[R56] Times: IO: 0.000000; Setup: 0.000016; Compute: 0.894251; MPI: 0.888649; Total: 1.168744;
[R55] Times: IO: 0.000000; Setup: 0.000014; Compute: 0.894502; MPI: 0.889244; Total: 1.168945;
[R54] Times: IO: 0.000000; Setup: 0.000014; Compute: 0.894731; MPI: 0.889499; Total: 1.169117;
[R53] Times: IO: 0.000000; Setup: 0.000014; Compute: 0.894949; MPI: 0.889492; Total: 1.169270;
[R52] Times: IO: 0.000000; Setup: 0.000014; Compute: 0.895198; MPI: 0.889915; Total: 1.169487;
[R51] Times: IO: 0.000000; Setup: 0.000014; Compute: 0.895407; MPI: 0.890247; Total: 1.169661;
[R50] Times: IO: 0.000000; Setup: 0.000019; Compute: 0.895635; MPI: 0.890472; Total: 1.169816;
[R49] Times: IO: 0.000000; Setup: 0.000020; Compute: 0.895840; MPI: 0.890771; Total: 1.169993;
[R48] Times: IO: 0.000000; Setup: 0.000021; Compute: 0.896111; MPI: 0.890160; Total: 1.170186;
[R47] Times: IO: 0.000000; Setup: 0.000014; Compute: 0.896331; MPI: 0.891272; Total: 1.170519;
[R46] Times: IO: 0.000000; Setup: 0.000015; Compute: 0.896582; MPI: 0.891541; Total: 1.170710;
[R45] Times: IO: 0.000000; Setup: 0.000014; Compute: 0.896808; MPI: 0.891795; Total: 1.170899;
[R44] Times: IO: 0.000000; Setup: 0.000015; Compute: 0.897077; MPI: 0.891981; Total: 1.171125;
[R43] Times: IO: 0.000000; Setup: 0.000015; Compute: 0.897303; MPI: 0.892358; Total: 1.171315;
[R42] Times: IO: 0.000000; Setup: 0.000015; Compute: 0.897568; MPI: 0.892764; Total: 1.171503;
[R41] Times: IO: 0.000000; Setup: 0.000015; Compute: 0.897791; MPI: 0.893010; Total: 1.171698;
[R40] Times: IO: 0.000000; Setup: 0.000017; Compute: 0.898046; MPI: 0.893227; Total: 1.171902;
[R39] Times: IO: 0.000000; Setup: 0.000014; Compute: 0.898271; MPI: 0.893563; Total: 1.172040;
[R38] Times: IO: 0.000000; Setup: 0.000014; Compute: 0.898497; MPI: 0.893967; Total: 1.172218;
[R37] Times: IO: 0.000000; Setup: 0.000020; Compute: 0.898737; MPI: 0.894310; Total: 1.172394;
[R36] Times: IO: 0.000000; Setup: 0.000015; Compute: 0.898983; MPI: 0.894476; Total: 1.172584;
[R35] Times: IO: 0.000000; Setup: 0.000014; Compute: 0.899193; MPI: 0.894855; Total: 1.172757;
[R34] Times: IO: 0.000000; Setup: 0.000014; Compute: 0.899418; MPI: 0.895184; Total: 1.172937;
[R33] Times: IO: 0.000000; Setup: 0.000015; Compute: 0.899629; MPI: 0.895243; Total: 1.173111;
[R32] Times: IO: 0.000000; Setup: 0.000020; Compute: 0.899880; MPI: 0.895300; Total: 1.173299;
[R31] Times: IO: 0.000000; Setup: 0.000014; Compute: 0.900096; MPI: 0.896131; Total: 1.173906;
[R30] Times: IO: 0.000000; Setup: 0.000014; Compute: 0.900322; MPI: 0.896391; Total: 1.174051;
[R29] Times: IO: 0.000000; Setup: 0.000015; Compute: 0.900566; MPI: 0.896727; Total: 1.174263;
[R28] Times: IO: 0.000000; Setup: 0.000014; Compute: 0.900856; MPI: 0.897134; Total: 1.174468;
[R27] Times: IO: 0.000000; Setup: 0.000014; Compute: 0.901053; MPI: 0.897381; Total: 1.174675;
[R26] Times: IO: 0.000000; Setup: 0.000017; Compute: 0.901289; MPI: 0.897727; Total: 1.174872;
[R25] Times: IO: 0.000000; Setup: 0.000014; Compute: 0.901533; MPI: 0.898088; Total: 1.175035;
[R24] Times: IO: 0.000000; Setup: 0.000017; Compute: 0.901756; MPI: 0.898390; Total: 1.175256;
[R23] Times: IO: 0.000000; Setup: 0.000014; Compute: 0.901967; MPI: 0.898722; Total: 1.175375;
[R22] Times: IO: 0.000000; Setup: 0.000014; Compute: 0.902202; MPI: 0.899037; Total: 1.175544;
[R21] Times: IO: 0.000000; Setup: 0.000020; Compute: 0.902403; MPI: 0.899197; Total: 1.175718;
[R20] Times: IO: 0.000000; Setup: 0.000014; Compute: 0.902631; MPI: 0.899709; Total: 1.175898;
[R19] Times: IO: 0.000000; Setup: 0.000014; Compute: 0.902836; MPI: 0.899896; Total: 1.176061;
[R18] Times: IO: 0.000000; Setup: 0.000015; Compute: 0.903052; MPI: 0.900069; Total: 1.176236;
[R17] Times: IO: 0.000000; Setup: 0.000015; Compute: 0.903247; MPI: 0.900624; Total: 1.176402;
[R16] Times: IO: 0.000000; Setup: 0.000019; Compute: 0.903575; MPI: 0.900752; Total: 1.176590;
[R15] Times: IO: 0.000000; Setup: 0.000022; Compute: 1.175327; MPI: 1.172961; Total: 1.177316;
[R14] Times: IO: 0.000000; Setup: 0.000021; Compute: 1.175539; MPI: 1.173284; Total: 1.177521;
[R13] Times: IO: 0.000000; Setup: 0.000024; Compute: 1.175718; MPI: 1.173587; Total: 1.177696;
[R12] Times: IO: 0.000000; Setup: 0.000020; Compute: 1.175939; MPI: 1.173933; Total: 1.177915;
[R11] Times: IO: 0.000000; Setup: 0.000025; Compute: 1.176106; MPI: 1.174223; Total: 1.178095;
[R10] Times: IO: 0.000000; Setup: 0.000019; Compute: 1.176290; MPI: 1.174546; Total: 1.178276;
[R09] Times: IO: 0.000000; Setup: 0.000020; Compute: 1.176467; MPI: 1.174851; Total: 1.178449;
[R08] Times: IO: 0.000000; Setup: 0.000018; Compute: 1.176666; MPI: 1.175189; Total: 1.178640;
[R07] Times: IO: 0.000000; Setup: 0.000017; Compute: 1.176846; MPI: 1.175525; Total: 1.178815;
[R06] Times: IO: 0.000000; Setup: 0.000017; Compute: 1.177006; MPI: 1.175830; Total: 1.178968;
[R05] Times: IO: 0.000000; Setup: 0.000017; Compute: 1.177183; MPI: 1.176134; Total: 1.179147;
[R04] Times: IO: 0.000000; Setup: 0.000018; Compute: 1.177488; MPI: 1.176589; Total: 1.179330;
[R03] Times: IO: 0.000000; Setup: 0.000022; Compute: 1.177651; MPI: 1.176831; Total: 1.179493;
[R02] Times: IO: 0.000000; Setup: 0.000018; Compute: 1.177817; MPI: 1.177212; Total: 1.179664;
[R01] Times: IO: 0.000000; Setup: 0.000019; Compute: 1.177979; MPI: 1.177526; Total: 1.179823;
[R00] Times: IO: 0.272057; Setup: 0.000389; Compute: 0.907226; MPI: 0.906879; Total: 1.182736;
Mon Dec 12 23:55:13 CET 2016
Solving the Ax=b system with Gaussian Elimination:
READ:  Matrix   (A) file name: "ge_data/size2048x2048.mat"
READ:  RHS      (b) file name: "ge_data/size2048x2048.vec"
WRITE: Solution (x) file name: "ge_data/size2048x2048.sol"
[R63] Times: IO: 0.000000; Setup: 0.000028; Compute: 0.959689; MPI: 0.905254; Total: 1.870372;
[R62] Times: IO: 0.000000; Setup: 0.000027; Compute: 0.960050; MPI: 0.905719; Total: 1.870706;
[R61] Times: IO: 0.000000; Setup: 0.000027; Compute: 0.960358; MPI: 0.904460; Total: 1.871014;
[R60] Times: IO: 0.000000; Setup: 0.000027; Compute: 0.960720; MPI: 0.905973; Total: 1.871361;
[R59] Times: IO: 0.000000; Setup: 0.000028; Compute: 0.961071; MPI: 0.905883; Total: 1.871642;
[R58] Times: IO: 0.000000; Setup: 0.000031; Compute: 0.961270; MPI: 0.906120; Total: 1.871845;
[R57] Times: IO: 0.000000; Setup: 0.000035; Compute: 0.962430; MPI: 0.907669; Total: 1.872047;
[R56] Times: IO: 0.000000; Setup: 0.000034; Compute: 0.962657; MPI: 0.909195; Total: 1.872275;
[R55] Times: IO: 0.000000; Setup: 0.000027; Compute: 0.962900; MPI: 0.912027; Total: 1.872524;
[R54] Times: IO: 0.000000; Setup: 0.000027; Compute: 0.963089; MPI: 0.912163; Total: 1.872706;
[R53] Times: IO: 0.000000; Setup: 0.000029; Compute: 0.963282; MPI: 0.911693; Total: 1.872900;
[R52] Times: IO: 0.000000; Setup: 0.000029; Compute: 0.963496; MPI: 0.912103; Total: 1.873102;
[R51] Times: IO: 0.000000; Setup: 0.000036; Compute: 0.963711; MPI: 0.913268; Total: 1.873299;
[R50] Times: IO: 0.000000; Setup: 0.000038; Compute: 0.963904; MPI: 0.914405; Total: 1.873493;
[R49] Times: IO: 0.000000; Setup: 0.000037; Compute: 0.964104; MPI: 0.916092; Total: 1.873689;
[R48] Times: IO: 0.000000; Setup: 0.000043; Compute: 0.964318; MPI: 0.914403; Total: 1.873904;
[R47] Times: IO: 0.000000; Setup: 0.000027; Compute: 0.964585; MPI: 0.916091; Total: 1.875047;
[R46] Times: IO: 0.000000; Setup: 0.000029; Compute: 0.964880; MPI: 0.915701; Total: 1.875302;
[R45] Times: IO: 0.000000; Setup: 0.000028; Compute: 0.965109; MPI: 0.916474; Total: 1.875526;
[R44] Times: IO: 0.000000; Setup: 0.000031; Compute: 0.965381; MPI: 0.918149; Total: 1.875795;
[R43] Times: IO: 0.000000; Setup: 0.000027; Compute: 0.965632; MPI: 0.918175; Total: 1.876042;
[R42] Times: IO: 0.000000; Setup: 0.000027; Compute: 0.965887; MPI: 0.918501; Total: 1.876265;
[R41] Times: IO: 0.000000; Setup: 0.000034; Compute: 0.966159; MPI: 0.919419; Total: 1.876517;
[R40] Times: IO: 0.000000; Setup: 0.000033; Compute: 0.966420; MPI: 0.921038; Total: 1.876782;
[R39] Times: IO: 0.000000; Setup: 0.000026; Compute: 0.966665; MPI: 0.921987; Total: 1.877011;
[R38] Times: IO: 0.000000; Setup: 0.000026; Compute: 0.966942; MPI: 0.923267; Total: 1.877232;
[R37] Times: IO: 0.000000; Setup: 0.000038; Compute: 0.969267; MPI: 0.925561; Total: 1.877469;
[R36] Times: IO: 0.000000; Setup: 0.000038; Compute: 0.969525; MPI: 0.926970; Total: 1.877729;
[R35] Times: IO: 0.000000; Setup: 0.000039; Compute: 0.969766; MPI: 0.927235; Total: 1.877965;
[R34] Times: IO: 0.000000; Setup: 0.000042; Compute: 0.970000; MPI: 0.928794; Total: 1.878210;
[R33] Times: IO: 0.000000; Setup: 0.000042; Compute: 0.970250; MPI: 0.928501; Total: 1.878471;
[R32] Times: IO: 0.000000; Setup: 0.000042; Compute: 0.970518; MPI: 0.930659; Total: 1.878730;
[R31] Times: IO: 0.000000; Setup: 0.000031; Compute: 0.970791; MPI: 0.931647; Total: 1.879080;
[R30] Times: IO: 0.000000; Setup: 0.000030; Compute: 0.971054; MPI: 0.931707; Total: 1.879339;
[R29] Times: IO: 0.000000; Setup: 0.000030; Compute: 0.971316; MPI: 0.932702; Total: 1.879599;
[R28] Times: IO: 0.000000; Setup: 0.000029; Compute: 0.971611; MPI: 0.934317; Total: 1.879893;
[R27] Times: IO: 0.000000; Setup: 0.000033; Compute: 0.971881; MPI: 0.935261; Total: 1.880160;
[R26] Times: IO: 0.000000; Setup: 0.000038; Compute: 0.972150; MPI: 0.936394; Total: 1.880432;
[R25] Times: IO: 0.000000; Setup: 0.000036; Compute: 0.972428; MPI: 0.937917; Total: 1.880707;
[R24] Times: IO: 0.000000; Setup: 0.000036; Compute: 0.972728; MPI: 0.939154; Total: 1.881010;
[R23] Times: IO: 0.000000; Setup: 0.000029; Compute: 0.973009; MPI: 0.941138; Total: 1.881290;
[R22] Times: IO: 0.000000; Setup: 0.000030; Compute: 0.973272; MPI: 0.942408; Total: 1.881551;
[R21] Times: IO: 0.000000; Setup: 0.000029; Compute: 0.973540; MPI: 0.943657; Total: 1.881819;
[R20] Times: IO: 0.000000; Setup: 0.000037; Compute: 0.973818; MPI: 0.945309; Total: 1.882101;
[R19] Times: IO: 0.000000; Setup: 0.000035; Compute: 0.974096; MPI: 0.946590; Total: 1.882377;
[R18] Times: IO: 0.000000; Setup: 0.000036; Compute: 0.974375; MPI: 0.947511; Total: 1.882651;
[R17] Times: IO: 0.000000; Setup: 0.000039; Compute: 0.974648; MPI: 0.949110; Total: 1.882928;
[R16] Times: IO: 0.000000; Setup: 0.000039; Compute: 0.974973; MPI: 0.951007; Total: 1.883249;
[R15] Times: IO: 0.000000; Setup: 0.000020; Compute: 1.880756; MPI: 1.857092; Total: 1.883305;
[R14] Times: IO: 0.000000; Setup: 0.000018; Compute: 1.881040; MPI: 1.858747; Total: 1.883587;
[R13] Times: IO: 0.000000; Setup: 0.000018; Compute: 1.881331; MPI: 1.860274; Total: 1.883875;
[R12] Times: IO: 0.000000; Setup: 0.000022; Compute: 1.881655; MPI: 1.861946; Total: 1.884201;
[R11] Times: IO: 0.000000; Setup: 0.000024; Compute: 1.881942; MPI: 1.863509; Total: 1.884494;
[R10] Times: IO: 0.000000; Setup: 0.000019; Compute: 1.882247; MPI: 1.865414; Total: 1.884787;
[R09] Times: IO: 0.000000; Setup: 0.000022; Compute: 1.882553; MPI: 1.867094; Total: 1.885098;
[R08] Times: IO: 0.000000; Setup: 0.000022; Compute: 1.882873; MPI: 1.868804; Total: 1.885419;
[R07] Times: IO: 0.000000; Setup: 0.000019; Compute: 1.883181; MPI: 1.870848; Total: 1.885714;
[R06] Times: IO: 0.000000; Setup: 0.000019; Compute: 1.883478; MPI: 1.872419; Total: 1.886011;
[R05] Times: IO: 0.000000; Setup: 0.000018; Compute: 1.883770; MPI: 1.874265; Total: 1.886295;
[R04] Times: IO: 0.000000; Setup: 0.000022; Compute: 1.884235; MPI: 1.876298; Total: 1.886607;
[R03] Times: IO: 0.000000; Setup: 0.000019; Compute: 1.884533; MPI: 1.878059; Total: 1.886908;
[R02] Times: IO: 0.000000; Setup: 0.000023; Compute: 1.884837; MPI: 1.880091; Total: 1.887208;
[R01] Times: IO: 0.000000; Setup: 0.000022; Compute: 1.885142; MPI: 1.882105; Total: 1.887509;
[R00] Times: IO: 0.895602; Setup: 0.001398; Compute: 0.981487; MPI: 0.979895; Total: 1.890614;
Mon Dec 12 23:55:17 CET 2016
Solving the Ax=b system with Gaussian Elimination:
READ:  Matrix   (A) file name: "ge_data/size4096x4096.mat"
READ:  RHS      (b) file name: "ge_data/size4096x4096.vec"
WRITE: Solution (x) file name: "ge_data/size4096x4096.sol"
[R63] Times: IO: 0.000000; Setup: 0.000584; Compute: 1.269192; MPI: 0.794122; Total: 5.295512;
[R62] Times: IO: 0.000000; Setup: 0.000586; Compute: 1.269637; MPI: 0.791863; Total: 5.295954;
[R61] Times: IO: 0.000000; Setup: 0.000588; Compute: 1.270098; MPI: 0.791314; Total: 5.296408;
[R60] Times: IO: 0.000000; Setup: 0.000592; Compute: 1.270598; MPI: 0.790629; Total: 5.296915;
[R59] Times: IO: 0.000000; Setup: 0.000594; Compute: 1.271063; MPI: 0.791615; Total: 5.297374;
[R58] Times: IO: 0.000000; Setup: 0.000600; Compute: 1.271312; MPI: 0.796290; Total: 5.297609;
[R57] Times: IO: 0.000000; Setup: 0.000600; Compute: 1.271580; MPI: 0.797335; Total: 5.297863;
[R56] Times: IO: 0.000000; Setup: 0.000603; Compute: 1.271893; MPI: 0.800660; Total: 5.298199;
[R55] Times: IO: 0.000000; Setup: 0.000593; Compute: 1.272185; MPI: 0.796447; Total: 5.298495;
[R54] Times: IO: 0.000000; Setup: 0.000602; Compute: 1.272445; MPI: 0.795122; Total: 5.298760;
[R53] Times: IO: 0.000000; Setup: 0.000606; Compute: 1.272722; MPI: 0.796482; Total: 5.299033;
[R52] Times: IO: 0.000000; Setup: 0.000606; Compute: 1.273027; MPI: 0.795342; Total: 5.299334;
[R51] Times: IO: 0.000000; Setup: 0.000612; Compute: 1.273331; MPI: 0.802357; Total: 5.299643;
[R50] Times: IO: 0.000000; Setup: 0.000610; Compute: 1.273659; MPI: 0.807009; Total: 5.299964;
[R49] Times: IO: 0.000000; Setup: 0.000612; Compute: 1.274011; MPI: 0.806771; Total: 5.300321;
[R48] Times: IO: 0.000000; Setup: 0.000609; Compute: 1.274417; MPI: 0.809978; Total: 5.300725;
[R47] Times: IO: 0.000000; Setup: 0.000591; Compute: 1.274864; MPI: 0.827477; Total: 5.301858;
[R46] Times: IO: 0.000000; Setup: 0.000596; Compute: 1.275327; MPI: 0.826802; Total: 5.302314;
[R45] Times: IO: 0.000000; Setup: 0.000595; Compute: 1.275793; MPI: 0.832916; Total: 5.302777;
[R44] Times: IO: 0.000000; Setup: 0.000595; Compute: 1.276322; MPI: 0.834858; Total: 5.303307;
[R43] Times: IO: 0.000000; Setup: 0.000592; Compute: 1.276835; MPI: 0.840796; Total: 5.303811;
[R42] Times: IO: 0.000000; Setup: 0.000597; Compute: 1.277359; MPI: 0.848005; Total: 5.304339;
[R41] Times: IO: 0.000000; Setup: 0.000601; Compute: 1.277917; MPI: 0.852636; Total: 5.304900;
[R40] Times: IO: 0.000000; Setup: 0.000599; Compute: 1.278491; MPI: 0.860173; Total: 5.305470;
[R39] Times: IO: 0.000000; Setup: 0.000634; Compute: 1.278922; MPI: 0.860932; Total: 5.305932;
[R38] Times: IO: 0.000000; Setup: 0.000634; Compute: 1.279422; MPI: 0.866120; Total: 5.306426;
[R37] Times: IO: 0.000000; Setup: 0.000636; Compute: 1.279980; MPI: 0.871552; Total: 5.306986;
[R36] Times: IO: 0.000000; Setup: 0.000646; Compute: 1.280571; MPI: 0.874004; Total: 5.307580;
[R35] Times: IO: 0.000000; Setup: 0.000646; Compute: 1.281194; MPI: 0.880872; Total: 5.308198;
[R34] Times: IO: 0.000000; Setup: 0.000644; Compute: 1.281821; MPI: 0.887591; Total: 5.308828;
[R33] Times: IO: 0.000000; Setup: 0.000645; Compute: 1.282488; MPI: 0.895981; Total: 5.309492;
[R32] Times: IO: 0.000000; Setup: 0.000645; Compute: 1.283152; MPI: 0.901526; Total: 5.310152;
[R31] Times: IO: 0.000000; Setup: 0.000602; Compute: 1.283871; MPI: 0.924819; Total: 5.310482;
[R30] Times: IO: 0.000000; Setup: 0.000607; Compute: 1.284516; MPI: 0.929857; Total: 5.311132;
[R29] Times: IO: 0.000000; Setup: 0.000605; Compute: 1.285222; MPI: 0.938986; Total: 5.311830;
[R28] Times: IO: 0.000000; Setup: 0.000612; Compute: 1.285991; MPI: 0.946373; Total: 5.312607;
[R27] Times: IO: 0.000000; Setup: 0.000607; Compute: 1.286729; MPI: 0.955340; Total: 5.313336;
[R26] Times: IO: 0.000000; Setup: 0.000614; Compute: 1.287456; MPI: 0.965631; Total: 5.314070;
[R25] Times: IO: 0.000000; Setup: 0.000602; Compute: 1.288217; MPI: 0.975719; Total: 5.314814;
[R24] Times: IO: 0.000000; Setup: 0.000604; Compute: 1.289011; MPI: 0.985417; Total: 5.315613;
[R23] Times: IO: 0.000000; Setup: 0.000583; Compute: 1.289788; MPI: 0.975756; Total: 5.316722;
[R22] Times: IO: 0.000000; Setup: 0.000589; Compute: 1.290564; MPI: 0.985836; Total: 5.317498;
[R21] Times: IO: 0.000000; Setup: 0.000586; Compute: 1.291377; MPI: 0.993336; Total: 5.318311;
[R20] Times: IO: 0.000000; Setup: 0.000588; Compute: 1.292199; MPI: 1.006145; Total: 5.319130;
[R19] Times: IO: 0.000000; Setup: 0.000594; Compute: 1.293029; MPI: 1.011055; Total: 5.319964;
[R18] Times: IO: 0.000000; Setup: 0.000599; Compute: 1.293876; MPI: 1.025798; Total: 5.320812;
[R17] Times: IO: 0.000000; Setup: 0.000597; Compute: 1.294714; MPI: 1.033581; Total: 5.321649;
[R16] Times: IO: 0.000000; Setup: 0.000597; Compute: 1.295579; MPI: 1.049191; Total: 5.322491;
[R15] Times: IO: 0.000000; Setup: 0.001009; Compute: 5.319289; MPI: 5.111466; Total: 5.323119;
[R14] Times: IO: 0.000000; Setup: 0.000988; Compute: 5.320293; MPI: 5.123102; Total: 5.324103;
[R13] Times: IO: 0.000000; Setup: 0.000995; Compute: 5.321297; MPI: 5.134935; Total: 5.325115;
[R12] Times: IO: 0.000000; Setup: 0.000983; Compute: 5.322374; MPI: 5.146996; Total: 5.326177;
[R11] Times: IO: 0.000000; Setup: 0.000988; Compute: 5.323410; MPI: 5.159992; Total: 5.327218;
[R10] Times: IO: 0.000000; Setup: 0.000993; Compute: 5.324433; MPI: 5.174245; Total: 5.328250;
[R09] Times: IO: 0.000000; Setup: 0.001016; Compute: 5.325450; MPI: 5.171575; Total: 5.329282;
[R08] Times: IO: 0.000000; Setup: 0.000986; Compute: 5.326536; MPI: 5.202978; Total: 5.330310;
[R07] Times: IO: 0.000000; Setup: 0.000861; Compute: 5.327747; MPI: 5.221691; Total: 5.331423;
[R06] Times: IO: 0.000000; Setup: 0.000858; Compute: 5.328858; MPI: 5.235162; Total: 5.332521;
[R05] Times: IO: 0.000000; Setup: 0.000861; Compute: 5.330006; MPI: 5.249537; Total: 5.333676;
[R04] Times: IO: 0.000000; Setup: 0.000846; Compute: 5.331509; MPI: 5.264480; Total: 5.334936;
[R03] Times: IO: 0.000000; Setup: 0.000844; Compute: 5.332668; MPI: 5.279302; Total: 5.336099;
[R02] Times: IO: 0.000000; Setup: 0.000846; Compute: 5.333816; MPI: 5.294895; Total: 5.337248;
[R01] Times: IO: 0.000000; Setup: 0.000841; Compute: 5.334963; MPI: 5.310648; Total: 5.338392;
[R00] Times: IO: 3.968981; Setup: 0.005732; Compute: 1.322729; MPI: 1.313046; Total: 5.344924;
Mon Dec 12 23:55:24 CET 2016
Solving the Ax=b system with Gaussian Elimination:
READ:  Matrix   (A) file name: "ge_data/size8192x8192.mat"
READ:  RHS      (b) file name: "ge_data/size8192x8192.vec"
WRITE: Solution (x) file name: "ge_data/size8192x8192.sol"
[R63] Times: IO: 0.000000; Setup: 0.000580; Compute: 14.695195; MPI: 1.493931; Total: 29.164747;
[R62] Times: IO: 0.000000; Setup: 0.000585; Compute: 14.695710; MPI: 1.516176; Total: 29.165266;
[R61] Times: IO: 0.000000; Setup: 0.000584; Compute: 14.696266; MPI: 1.621871; Total: 29.165791;
[R60] Times: IO: 0.000000; Setup: 0.000589; Compute: 14.696960; MPI: 1.509766; Total: 29.166488;
[R59] Times: IO: 0.000000; Setup: 0.000585; Compute: 14.697727; MPI: 1.697652; Total: 29.167246;
[R58] Times: IO: 0.000000; Setup: 0.000592; Compute: 14.698315; MPI: 1.787251; Total: 29.167833;
[R57] Times: IO: 0.000000; Setup: 0.000591; Compute: 14.698959; MPI: 1.629802; Total: 29.168473;
[R56] Times: IO: 0.000000; Setup: 0.000590; Compute: 14.699696; MPI: 1.627345; Total: 29.169209;
[R55] Times: IO: 0.000000; Setup: 0.000587; Compute: 14.700275; MPI: 1.721912; Total: 29.169804;
[R54] Times: IO: 0.000000; Setup: 0.000592; Compute: 14.701098; MPI: 2.025255; Total: 29.170622;
[R53] Times: IO: 0.000000; Setup: 0.000593; Compute: 14.701997; MPI: 1.724597; Total: 29.171522;
[R52] Times: IO: 0.000000; Setup: 0.000596; Compute: 14.702984; MPI: 1.774639; Total: 29.172506;
[R51] Times: IO: 0.000000; Setup: 0.000602; Compute: 14.704033; MPI: 1.737346; Total: 29.173556;
[R50] Times: IO: 0.000000; Setup: 0.000603; Compute: 14.705149; MPI: 1.852598; Total: 29.174675;
[R49] Times: IO: 0.000000; Setup: 0.000601; Compute: 14.706308; MPI: 1.829751; Total: 29.175828;
[R48] Times: IO: 0.000000; Setup: 0.000601; Compute: 14.707539; MPI: 1.884338; Total: 29.177056;
[R47] Times: IO: 0.000000; Setup: 0.000573; Compute: 14.708759; MPI: 2.811851; Total: 29.179013;
[R46] Times: IO: 0.000000; Setup: 0.000587; Compute: 14.710233; MPI: 3.115931; Total: 29.180493;
[R45] Times: IO: 0.000000; Setup: 0.000582; Compute: 14.711699; MPI: 2.851283; Total: 29.181958;
[R44] Times: IO: 0.000000; Setup: 0.000581; Compute: 14.713287; MPI: 2.823817; Total: 29.183531;
[R43] Times: IO: 0.000000; Setup: 0.000586; Compute: 14.714907; MPI: 2.893822; Total: 29.185162;
[R42] Times: IO: 0.000000; Setup: 0.000588; Compute: 14.716601; MPI: 3.411734; Total: 29.186853;
[R41] Times: IO: 0.000000; Setup: 0.000589; Compute: 14.718301; MPI: 3.007573; Total: 29.188550;
[R40] Times: IO: 0.000000; Setup: 0.000592; Compute: 14.720085; MPI: 3.204520; Total: 29.190340;
[R39] Times: IO: 0.000000; Setup: 0.000596; Compute: 14.721973; MPI: 3.696272; Total: 29.192211;
[R38] Times: IO: 0.000000; Setup: 0.000603; Compute: 14.723883; MPI: 3.766416; Total: 29.194135;
[R37] Times: IO: 0.000000; Setup: 0.000617; Compute: 14.725852; MPI: 3.832369; Total: 29.196104;
[R36] Times: IO: 0.000000; Setup: 0.000611; Compute: 14.727901; MPI: 4.004742; Total: 29.198148;
[R35] Times: IO: 0.000000; Setup: 0.000610; Compute: 14.729988; MPI: 3.969980; Total: 29.200232;
[R34] Times: IO: 0.000000; Setup: 0.000613; Compute: 14.732144; MPI: 4.093835; Total: 29.202391;
[R33] Times: IO: 0.000000; Setup: 0.000613; Compute: 14.734345; MPI: 4.288790; Total: 29.204583;
[R32] Times: IO: 0.000000; Setup: 0.000616; Compute: 14.736644; MPI: 4.341854; Total: 29.206893;
[R31] Times: IO: 0.000000; Setup: 0.000566; Compute: 14.739131; MPI: 5.450649; Total: 29.209362;
[R30] Times: IO: 0.000000; Setup: 0.000567; Compute: 14.741627; MPI: 5.502213; Total: 29.211858;
[R29] Times: IO: 0.000000; Setup: 0.000565; Compute: 14.744133; MPI: 5.564119; Total: 29.214352;
[R28] Times: IO: 0.000000; Setup: 0.000557; Compute: 14.746743; MPI: 5.615232; Total: 29.216960;
[R27] Times: IO: 0.000000; Setup: 0.000560; Compute: 14.749402; MPI: 5.791286; Total: 29.219617;
[R26] Times: IO: 0.000000; Setup: 0.000571; Compute: 14.752092; MPI: 5.896582; Total: 29.222319;
[R25] Times: IO: 0.000000; Setup: 0.000562; Compute: 14.754825; MPI: 6.092718; Total: 29.225040;
[R24] Times: IO: 0.000000; Setup: 0.000571; Compute: 14.757621; MPI: 6.322846; Total: 29.227847;
[R23] Times: IO: 0.000000; Setup: 0.000587; Compute: 14.760551; MPI: 7.340140; Total: 29.230788;
[R22] Times: IO: 0.000000; Setup: 0.000584; Compute: 14.763553; MPI: 7.550128; Total: 29.233782;
[R21] Times: IO: 0.000000; Setup: 0.000603; Compute: 14.766560; MPI: 7.439501; Total: 29.236802;
[R20] Times: IO: 0.000000; Setup: 0.000599; Compute: 14.769642; MPI: 7.725114; Total: 29.239876;
[R19] Times: IO: 0.000000; Setup: 0.000600; Compute: 14.772783; MPI: 7.681630; Total: 29.243017;
[R18] Times: IO: 0.000000; Setup: 0.000596; Compute: 14.776000; MPI: 7.892803; Total: 29.246227;
[R17] Times: IO: 0.000000; Setup: 0.000597; Compute: 14.779262; MPI: 8.164247; Total: 29.249489;
[R16] Times: IO: 0.000000; Setup: 0.000597; Compute: 14.782564; MPI: 8.496672; Total: 29.252789;
[R15] Times: IO: 0.000000; Setup: 0.000974; Compute: 29.252818; MPI: 24.447065; Total: 29.256015;
[R14] Times: IO: 0.000000; Setup: 0.000960; Compute: 29.256497; MPI: 24.522301; Total: 29.259679;
[R13] Times: IO: 0.000000; Setup: 0.000960; Compute: 29.260176; MPI: 24.616179; Total: 29.263358;
[R12] Times: IO: 0.000000; Setup: 0.000987; Compute: 29.263936; MPI: 24.763082; Total: 29.267142;
[R11] Times: IO: 0.000000; Setup: 0.000984; Compute: 29.267779; MPI: 24.954224; Total: 29.270981;
[R10] Times: IO: 0.000000; Setup: 0.000985; Compute: 29.271654; MPI: 25.212027; Total: 29.274852;
[R09] Times: IO: 0.000000; Setup: 0.000961; Compute: 29.275659; MPI: 25.499785; Total: 29.278831;
[R08] Times: IO: 0.000000; Setup: 0.000974; Compute: 29.279630; MPI: 25.847878; Total: 29.282819;
[R07] Times: IO: 0.000000; Setup: 0.000838; Compute: 29.283920; MPI: 27.616580; Total: 29.287004;
[R06] Times: IO: 0.000000; Setup: 0.000841; Compute: 29.288113; MPI: 27.720023; Total: 29.291202;
[R05] Times: IO: 0.000000; Setup: 0.000848; Compute: 29.292355; MPI: 27.833173; Total: 29.295446;
[R04] Times: IO: 0.000000; Setup: 0.000825; Compute: 29.296853; MPI: 28.001932; Total: 29.299713;
[R03] Times: IO: 0.000000; Setup: 0.000830; Compute: 29.301192; MPI: 28.209802; Total: 29.304051;
[R02] Times: IO: 0.000000; Setup: 0.000827; Compute: 29.305588; MPI: 28.499828; Total: 29.308444;
[R01] Times: IO: 0.000000; Setup: 0.000865; Compute: 29.310072; MPI: 28.841617; Total: 29.312966;
[R00] Times: IO: 14.210604; Setup: 0.013189; Compute: 14.912327; MPI: 14.844333; Total: 29.324548;
Mon Dec 12 23:55:55 CET 2016
