Solving the Ax=b system with Gaussian Elimination:
READ:  Matrix   (A) file name: "ge_data/size64x64.mat"
READ:  RHS      (b) file name: "ge_data/size64x64.vec"
WRITE: Solution (x) file name: "ge_data/size64x64.sol"
[R63] Times: IO: 0.000000; Setup: 0.000023; Compute: 0.893158; MPI: 0.893028; Total: 0.953592;
[R62] Times: IO: 0.000000; Setup: 0.000016; Compute: 0.893484; MPI: 0.893341; Total: 0.953914;
[R61] Times: IO: 0.000000; Setup: 0.000017; Compute: 0.893782; MPI: 0.893637; Total: 0.954216;
[R60] Times: IO: 0.000000; Setup: 0.000010; Compute: 0.894102; MPI: 0.893945; Total: 0.954523;
[R59] Times: IO: 0.000000; Setup: 0.000014; Compute: 0.894298; MPI: 0.894111; Total: 0.954713;
[R58] Times: IO: 0.000000; Setup: 0.000015; Compute: 0.894484; MPI: 0.894265; Total: 0.954902;
[R57] Times: IO: 0.000000; Setup: 0.000014; Compute: 0.894674; MPI: 0.894446; Total: 0.955091;
[R56] Times: IO: 0.000000; Setup: 0.000012; Compute: 0.894875; MPI: 0.894668; Total: 0.955291;
[R55] Times: IO: 0.000000; Setup: 0.000013; Compute: 0.895046; MPI: 0.894748; Total: 0.955448;
[R54] Times: IO: 0.000000; Setup: 0.000013; Compute: 0.895210; MPI: 0.894919; Total: 0.955618;
[R53] Times: IO: 0.000000; Setup: 0.000017; Compute: 0.895373; MPI: 0.895091; Total: 0.955796;
[R52] Times: IO: 0.000000; Setup: 0.000013; Compute: 0.895559; MPI: 0.895273; Total: 0.955973;
[R51] Times: IO: 0.000000; Setup: 0.000018; Compute: 0.895720; MPI: 0.895396; Total: 0.956140;
[R50] Times: IO: 0.000000; Setup: 0.000018; Compute: 0.895884; MPI: 0.895593; Total: 0.956308;
[R49] Times: IO: 0.000000; Setup: 0.000025; Compute: 0.896041; MPI: 0.895742; Total: 0.956458;
[R48] Times: IO: 0.000000; Setup: 0.000014; Compute: 0.896232; MPI: 0.895955; Total: 0.956651;
[R47] Times: IO: 0.000000; Setup: 0.000014; Compute: 0.896422; MPI: 0.896181; Total: 0.956872;
[R46] Times: IO: 0.000000; Setup: 0.000015; Compute: 0.896600; MPI: 0.896346; Total: 0.957052;
[R45] Times: IO: 0.000000; Setup: 0.000012; Compute: 0.896780; MPI: 0.896503; Total: 0.957218;
[R44] Times: IO: 0.000000; Setup: 0.000011; Compute: 0.896967; MPI: 0.896679; Total: 0.957404;
[R43] Times: IO: 0.000000; Setup: 0.000011; Compute: 0.897142; MPI: 0.896868; Total: 0.957580;
[R42] Times: IO: 0.000000; Setup: 0.000011; Compute: 0.897317; MPI: 0.897077; Total: 0.957751;
[R41] Times: IO: 0.000000; Setup: 0.000011; Compute: 0.897477; MPI: 0.897206; Total: 0.957923;
[R40] Times: IO: 0.000000; Setup: 0.000011; Compute: 0.897666; MPI: 0.897395; Total: 0.958093;
[R39] Times: IO: 0.000000; Setup: 0.000009; Compute: 0.897840; MPI: 0.897584; Total: 0.958240;
[R38] Times: IO: 0.000000; Setup: 0.000012; Compute: 0.898008; MPI: 0.897747; Total: 0.958394;
[R37] Times: IO: 0.000000; Setup: 0.000010; Compute: 0.898164; MPI: 0.897887; Total: 0.958544;
[R36] Times: IO: 0.000000; Setup: 0.000011; Compute: 0.898333; MPI: 0.898055; Total: 0.958711;
[R35] Times: IO: 0.000000; Setup: 0.000011; Compute: 0.898491; MPI: 0.898229; Total: 0.958863;
[R34] Times: IO: 0.000000; Setup: 0.000013; Compute: 0.898637; MPI: 0.898362; Total: 0.958996;
[R33] Times: IO: 0.000000; Setup: 0.000015; Compute: 0.898786; MPI: 0.898532; Total: 0.959160;
[R32] Times: IO: 0.000000; Setup: 0.000013; Compute: 0.898946; MPI: 0.898712; Total: 0.959308;
[R31] Times: IO: 0.000000; Setup: 0.000010; Compute: 0.899117; MPI: 0.898929; Total: 0.959696;
[R30] Times: IO: 0.000000; Setup: 0.000012; Compute: 0.899276; MPI: 0.899063; Total: 0.959858;
[R29] Times: IO: 0.000000; Setup: 0.000015; Compute: 0.899432; MPI: 0.899201; Total: 0.960008;
[R28] Times: IO: 0.000000; Setup: 0.000024; Compute: 0.899587; MPI: 0.899343; Total: 0.960173;
[R27] Times: IO: 0.000000; Setup: 0.000009; Compute: 0.899765; MPI: 0.899535; Total: 0.960321;
[R26] Times: IO: 0.000000; Setup: 0.000012; Compute: 0.899929; MPI: 0.899728; Total: 0.960473;
[R25] Times: IO: 0.000000; Setup: 0.000011; Compute: 0.900083; MPI: 0.899862; Total: 0.960634;
[R24] Times: IO: 0.000000; Setup: 0.000010; Compute: 0.900246; MPI: 0.900054; Total: 0.960797;
[R23] Times: IO: 0.000000; Setup: 0.000010; Compute: 0.900417; MPI: 0.900212; Total: 0.960952;
[R22] Times: IO: 0.000000; Setup: 0.000009; Compute: 0.900560; MPI: 0.900343; Total: 0.961092;
[R21] Times: IO: 0.000000; Setup: 0.000009; Compute: 0.900699; MPI: 0.900483; Total: 0.961228;
[R20] Times: IO: 0.000000; Setup: 0.000009; Compute: 0.900849; MPI: 0.900633; Total: 0.961370;
[R19] Times: IO: 0.000000; Setup: 0.000010; Compute: 0.900987; MPI: 0.900782; Total: 0.961509;
[R18] Times: IO: 0.000000; Setup: 0.000009; Compute: 0.901127; MPI: 0.900921; Total: 0.961643;
[R17] Times: IO: 0.000000; Setup: 0.000009; Compute: 0.901263; MPI: 0.901052; Total: 0.961749;
[R16] Times: IO: 0.000000; Setup: 0.000010; Compute: 0.901413; MPI: 0.901204; Total: 0.961895;
[R15] Times: IO: 0.000000; Setup: 0.000009; Compute: 0.961530; MPI: 0.961391; Total: 0.962827;
[R14] Times: IO: 0.000000; Setup: 0.000008; Compute: 0.961664; MPI: 0.961494; Total: 0.962957;
[R13] Times: IO: 0.000000; Setup: 0.000010; Compute: 0.961790; MPI: 0.961630; Total: 0.963088;
[R12] Times: IO: 0.000000; Setup: 0.000010; Compute: 0.961937; MPI: 0.961784; Total: 0.963234;
[R11] Times: IO: 0.000000; Setup: 0.000015; Compute: 0.962065; MPI: 0.961937; Total: 0.963363;
[R10] Times: IO: 0.000000; Setup: 0.000010; Compute: 0.962205; MPI: 0.962057; Total: 0.963494;
[R09] Times: IO: 0.000000; Setup: 0.000011; Compute: 0.962330; MPI: 0.962194; Total: 0.963625;
[R08] Times: IO: 0.000000; Setup: 0.000012; Compute: 0.962472; MPI: 0.962332; Total: 0.963764;
[R07] Times: IO: 0.000000; Setup: 0.000009; Compute: 0.962608; MPI: 0.962480; Total: 0.963890;
[R06] Times: IO: 0.000000; Setup: 0.000007; Compute: 0.962732; MPI: 0.962606; Total: 0.964006;
[R05] Times: IO: 0.000000; Setup: 0.000007; Compute: 0.962849; MPI: 0.962718; Total: 0.964125;
[R04] Times: IO: 0.000000; Setup: 0.000014; Compute: 0.963096; MPI: 0.962962; Total: 0.964251;
[R03] Times: IO: 0.000000; Setup: 0.000010; Compute: 0.963214; MPI: 0.963073; Total: 0.964369;
[R02] Times: IO: 0.000000; Setup: 0.000014; Compute: 0.963331; MPI: 0.963205; Total: 0.964486;
[R01] Times: IO: 0.000000; Setup: 0.000012; Compute: 0.963470; MPI: 0.963338; Total: 0.964625;
[R00] Times: IO: 0.062213; Setup: 0.000083; Compute: 0.903861; MPI: 0.903756; Total: 0.966178;
Mon Dec 12 23:54:08 CET 2016
Solving the Ax=b system with Gaussian Elimination:
READ:  Matrix   (A) file name: "ge_data/size512x512.mat"
READ:  RHS      (b) file name: "ge_data/size512x512.vec"
WRITE: Solution (x) file name: "ge_data/size512x512.sol"
[R63] Times: IO: 0.000000; Setup: 0.000015; Compute: 0.888042; MPI: 0.887098; Total: 1.004268;
[R62] Times: IO: 0.000000; Setup: 0.000015; Compute: 0.888381; MPI: 0.887446; Total: 1.004581;
[R61] Times: IO: 0.000000; Setup: 0.000017; Compute: 0.888695; MPI: 0.887759; Total: 1.004884;
[R60] Times: IO: 0.000000; Setup: 0.000017; Compute: 0.889029; MPI: 0.888108; Total: 1.005202;
[R59] Times: IO: 0.000000; Setup: 0.000015; Compute: 0.889245; MPI: 0.888347; Total: 1.005401;
[R58] Times: IO: 0.000000; Setup: 0.000017; Compute: 0.889455; MPI: 0.888587; Total: 1.005592;
[R57] Times: IO: 0.000000; Setup: 0.000015; Compute: 0.889667; MPI: 0.888829; Total: 1.005781;
[R56] Times: IO: 0.000000; Setup: 0.000017; Compute: 0.889881; MPI: 0.889085; Total: 1.005989;
[R55] Times: IO: 0.000000; Setup: 0.000015; Compute: 0.890077; MPI: 0.889282; Total: 1.006169;
[R54] Times: IO: 0.000000; Setup: 0.000016; Compute: 0.890254; MPI: 0.889468; Total: 1.006332;
[R53] Times: IO: 0.000000; Setup: 0.000016; Compute: 0.890436; MPI: 0.889668; Total: 1.006486;
[R52] Times: IO: 0.000000; Setup: 0.000015; Compute: 0.890624; MPI: 0.889865; Total: 1.006669;
[R51] Times: IO: 0.000000; Setup: 0.000015; Compute: 0.890806; MPI: 0.890044; Total: 1.006825;
[R50] Times: IO: 0.000000; Setup: 0.000015; Compute: 0.890991; MPI: 0.890230; Total: 1.006994;
[R49] Times: IO: 0.000000; Setup: 0.000015; Compute: 0.891177; MPI: 0.890416; Total: 1.007157;
[R48] Times: IO: 0.000000; Setup: 0.000020; Compute: 0.891356; MPI: 0.890565; Total: 1.007346;
[R47] Times: IO: 0.000000; Setup: 0.000015; Compute: 0.891557; MPI: 0.890816; Total: 1.007600;
[R46] Times: IO: 0.000000; Setup: 0.000016; Compute: 0.891752; MPI: 0.891013; Total: 1.007775;
[R45] Times: IO: 0.000000; Setup: 0.000016; Compute: 0.891955; MPI: 0.891215; Total: 1.007963;
[R44] Times: IO: 0.000000; Setup: 0.000017; Compute: 0.892164; MPI: 0.891417; Total: 1.008155;
[R43] Times: IO: 0.000000; Setup: 0.000016; Compute: 0.892348; MPI: 0.891605; Total: 1.008328;
[R42] Times: IO: 0.000000; Setup: 0.000016; Compute: 0.892542; MPI: 0.891823; Total: 1.008500;
[R41] Times: IO: 0.000000; Setup: 0.000015; Compute: 0.892733; MPI: 0.892024; Total: 1.008668;
[R40] Times: IO: 0.000000; Setup: 0.000017; Compute: 0.892930; MPI: 0.892222; Total: 1.008861;
[R39] Times: IO: 0.000000; Setup: 0.000015; Compute: 0.893117; MPI: 0.892427; Total: 1.008537;
[R38] Times: IO: 0.000000; Setup: 0.000015; Compute: 0.893294; MPI: 0.892595; Total: 1.008696;
[R37] Times: IO: 0.000000; Setup: 0.000015; Compute: 0.893469; MPI: 0.892791; Total: 1.008852;
[R36] Times: IO: 0.000000; Setup: 0.000015; Compute: 0.893658; MPI: 0.892984; Total: 1.009018;
[R35] Times: IO: 0.000000; Setup: 0.000015; Compute: 0.893830; MPI: 0.893167; Total: 1.009179;
[R34] Times: IO: 0.000000; Setup: 0.000015; Compute: 0.894010; MPI: 0.893347; Total: 1.009336;
[R33] Times: IO: 0.000000; Setup: 0.000015; Compute: 0.894176; MPI: 0.893511; Total: 1.009485;
[R32] Times: IO: 0.000000; Setup: 0.000021; Compute: 0.894354; MPI: 0.893715; Total: 1.009656;
[R31] Times: IO: 0.000000; Setup: 0.000016; Compute: 0.894536; MPI: 0.893903; Total: 1.010555;
[R30] Times: IO: 0.000000; Setup: 0.000016; Compute: 0.894722; MPI: 0.894120; Total: 1.010717;
[R29] Times: IO: 0.000000; Setup: 0.000017; Compute: 0.894899; MPI: 0.894305; Total: 1.010878;
[R28] Times: IO: 0.000000; Setup: 0.000015; Compute: 0.895099; MPI: 0.894513; Total: 1.011062;
[R27] Times: IO: 0.000000; Setup: 0.000016; Compute: 0.895282; MPI: 0.894707; Total: 1.011223;
[R26] Times: IO: 0.000000; Setup: 0.000016; Compute: 0.895468; MPI: 0.894900; Total: 1.011384;
[R25] Times: IO: 0.000000; Setup: 0.000015; Compute: 0.895645; MPI: 0.895083; Total: 1.011544;
[R24] Times: IO: 0.000000; Setup: 0.000017; Compute: 0.895835; MPI: 0.895283; Total: 1.011724;
[R23] Times: IO: 0.000000; Setup: 0.000016; Compute: 0.896017; MPI: 0.895489; Total: 1.011884;
[R22] Times: IO: 0.000000; Setup: 0.000014; Compute: 0.896181; MPI: 0.895674; Total: 1.012027;
[R21] Times: IO: 0.000000; Setup: 0.000015; Compute: 0.896347; MPI: 0.895843; Total: 1.012175;
[R20] Times: IO: 0.000000; Setup: 0.000020; Compute: 0.896509; MPI: 0.896026; Total: 1.012330;
[R19] Times: IO: 0.000000; Setup: 0.000015; Compute: 0.896673; MPI: 0.896200; Total: 1.012471;
[R18] Times: IO: 0.000000; Setup: 0.000016; Compute: 0.896842; MPI: 0.896380; Total: 1.012621;
[R17] Times: IO: 0.000000; Setup: 0.000015; Compute: 0.897002; MPI: 0.896565; Total: 1.012761;
[R16] Times: IO: 0.000000; Setup: 0.000019; Compute: 0.897174; MPI: 0.896723; Total: 1.012914;
[R15] Times: IO: 0.000000; Setup: 0.000015; Compute: 1.011007; MPI: 1.010581; Total: 1.013046;
[R14] Times: IO: 0.000000; Setup: 0.000012; Compute: 1.011165; MPI: 1.010747; Total: 1.013203;
[R13] Times: IO: 0.000000; Setup: 0.000016; Compute: 1.011315; MPI: 1.010912; Total: 1.013358;
[R12] Times: IO: 0.000000; Setup: 0.000025; Compute: 1.011475; MPI: 1.010921; Total: 1.013524;
[R11] Times: IO: 0.000000; Setup: 0.000018; Compute: 1.011641; MPI: 1.011270; Total: 1.013680;
[R10] Times: IO: 0.000000; Setup: 0.000023; Compute: 1.011779; MPI: 1.011429; Total: 1.013829;
[R09] Times: IO: 0.000000; Setup: 0.000015; Compute: 1.011935; MPI: 1.011606; Total: 1.013970;
[R08] Times: IO: 0.000000; Setup: 0.000016; Compute: 1.012087; MPI: 1.011781; Total: 1.014121;
[R07] Times: IO: 0.000000; Setup: 0.000012; Compute: 1.012239; MPI: 1.011965; Total: 1.014262;
[R06] Times: IO: 0.000000; Setup: 0.000012; Compute: 1.012395; MPI: 1.012100; Total: 1.014416;
[R05] Times: IO: 0.000000; Setup: 0.000011; Compute: 1.012537; MPI: 1.012282; Total: 1.014552;
[R04] Times: IO: 0.000000; Setup: 0.000016; Compute: 1.012828; MPI: 1.012616; Total: 1.014693;
[R03] Times: IO: 0.000000; Setup: 0.000014; Compute: 1.013005; MPI: 1.012783; Total: 1.014877;
[R02] Times: IO: 0.000000; Setup: 0.000014; Compute: 1.013136; MPI: 1.012945; Total: 1.015009;
[R01] Times: IO: 0.000000; Setup: 0.000017; Compute: 1.013270; MPI: 1.013098; Total: 1.015135;
[R00] Times: IO: 0.433181; Setup: 0.000457; Compute: 0.900055; MPI: 0.899899; Total: 1.334737;
Mon Dec 12 23:54:10 CET 2016
Solving the Ax=b system with Gaussian Elimination:
READ:  Matrix   (A) file name: "ge_data/size1024x1024.mat"
READ:  RHS      (b) file name: "ge_data/size1024x1024.vec"
WRITE: Solution (x) file name: "ge_data/size1024x1024.sol"
[R63] Times: IO: 0.000000; Setup: 0.000014; Compute: 0.895012; MPI: 0.888996; Total: 1.170535;
[R62] Times: IO: 0.000000; Setup: 0.000015; Compute: 0.895333; MPI: 0.889318; Total: 1.170834;
[R61] Times: IO: 0.000000; Setup: 0.000014; Compute: 0.895685; MPI: 0.889453; Total: 1.171129;
[R60] Times: IO: 0.000000; Setup: 0.000015; Compute: 0.896061; MPI: 0.890013; Total: 1.171452;
[R59] Times: IO: 0.000000; Setup: 0.000014; Compute: 0.896435; MPI: 0.890399; Total: 1.171771;
[R58] Times: IO: 0.000000; Setup: 0.000015; Compute: 0.896683; MPI: 0.890267; Total: 1.171965;
[R57] Times: IO: 0.000000; Setup: 0.000015; Compute: 0.896943; MPI: 0.890835; Total: 1.172167;
[R56] Times: IO: 0.000000; Setup: 0.000016; Compute: 0.897184; MPI: 0.891438; Total: 1.172401;
[R55] Times: IO: 0.000000; Setup: 0.000013; Compute: 0.897438; MPI: 0.892039; Total: 1.172634;
[R54] Times: IO: 0.000000; Setup: 0.000014; Compute: 0.897677; MPI: 0.892277; Total: 1.172848;
[R53] Times: IO: 0.000000; Setup: 0.000014; Compute: 0.897907; MPI: 0.892643; Total: 1.173023;
[R52] Times: IO: 0.000000; Setup: 0.000015; Compute: 0.898114; MPI: 0.892691; Total: 1.173206;
[R51] Times: IO: 0.000000; Setup: 0.000014; Compute: 0.898362; MPI: 0.893168; Total: 1.173384;
[R50] Times: IO: 0.000000; Setup: 0.000014; Compute: 0.898589; MPI: 0.893465; Total: 1.173558;
[R49] Times: IO: 0.000000; Setup: 0.000014; Compute: 0.898784; MPI: 0.893556; Total: 1.173738;
[R48] Times: IO: 0.000000; Setup: 0.000020; Compute: 0.899029; MPI: 0.893488; Total: 1.173922;
[R47] Times: IO: 0.000000; Setup: 0.000015; Compute: 0.899257; MPI: 0.894040; Total: 1.173880;
[R46] Times: IO: 0.000000; Setup: 0.000019; Compute: 0.899513; MPI: 0.894325; Total: 1.174074;
[R45] Times: IO: 0.000000; Setup: 0.000015; Compute: 0.899741; MPI: 0.894651; Total: 1.174263;
[R44] Times: IO: 0.000000; Setup: 0.000015; Compute: 0.900003; MPI: 0.894964; Total: 1.174456;
[R43] Times: IO: 0.000000; Setup: 0.000015; Compute: 0.900236; MPI: 0.895193; Total: 1.174661;
[R42] Times: IO: 0.000000; Setup: 0.000015; Compute: 0.900468; MPI: 0.895509; Total: 1.174843;
[R41] Times: IO: 0.000000; Setup: 0.000015; Compute: 0.900687; MPI: 0.895808; Total: 1.175028;
[R40] Times: IO: 0.000000; Setup: 0.000018; Compute: 0.900941; MPI: 0.896112; Total: 1.175235;
[R39] Times: IO: 0.000000; Setup: 0.000013; Compute: 0.901189; MPI: 0.896391; Total: 1.175504;
[R38] Times: IO: 0.000000; Setup: 0.000014; Compute: 0.901427; MPI: 0.896816; Total: 1.175683;
[R37] Times: IO: 0.000000; Setup: 0.000014; Compute: 0.901648; MPI: 0.896946; Total: 1.175865;
[R36] Times: IO: 0.000000; Setup: 0.000014; Compute: 0.901891; MPI: 0.897315; Total: 1.176070;
[R35] Times: IO: 0.000000; Setup: 0.000015; Compute: 0.902123; MPI: 0.897632; Total: 1.176182;
[R34] Times: IO: 0.000000; Setup: 0.000014; Compute: 0.902340; MPI: 0.898090; Total: 1.176421;
[R33] Times: IO: 0.000000; Setup: 0.000015; Compute: 0.902573; MPI: 0.898332; Total: 1.176596;
[R32] Times: IO: 0.000000; Setup: 0.000021; Compute: 0.902786; MPI: 0.898480; Total: 1.176786;
[R31] Times: IO: 0.000000; Setup: 0.000015; Compute: 0.903015; MPI: 0.898957; Total: 1.177705;
[R30] Times: IO: 0.000000; Setup: 0.000015; Compute: 0.903240; MPI: 0.899220; Total: 1.177890;
[R29] Times: IO: 0.000000; Setup: 0.000015; Compute: 0.903489; MPI: 0.899608; Total: 1.178072;
[R28] Times: IO: 0.000000; Setup: 0.000014; Compute: 0.903724; MPI: 0.899901; Total: 1.178275;
[R27] Times: IO: 0.000000; Setup: 0.000015; Compute: 0.903977; MPI: 0.900260; Total: 1.178460;
[R26] Times: IO: 0.000000; Setup: 0.000014; Compute: 0.904187; MPI: 0.900562; Total: 1.178636;
[R25] Times: IO: 0.000000; Setup: 0.000015; Compute: 0.904432; MPI: 0.900754; Total: 1.178820;
[R24] Times: IO: 0.000000; Setup: 0.000017; Compute: 0.904658; MPI: 0.901223; Total: 1.179027;
[R23] Times: IO: 0.000000; Setup: 0.000014; Compute: 0.904892; MPI: 0.901529; Total: 1.179209;
[R22] Times: IO: 0.000000; Setup: 0.000015; Compute: 0.905120; MPI: 0.901720; Total: 1.179400;
[R21] Times: IO: 0.000000; Setup: 0.000014; Compute: 0.905332; MPI: 0.902278; Total: 1.179576;
[R20] Times: IO: 0.000000; Setup: 0.000014; Compute: 0.905557; MPI: 0.902594; Total: 1.179745;
[R19] Times: IO: 0.000000; Setup: 0.000015; Compute: 0.905759; MPI: 0.902934; Total: 1.179922;
[R18] Times: IO: 0.000000; Setup: 0.000014; Compute: 0.905974; MPI: 0.903041; Total: 1.180091;
[R17] Times: IO: 0.000000; Setup: 0.000014; Compute: 0.906176; MPI: 0.903535; Total: 1.180262;
[R16] Times: IO: 0.000000; Setup: 0.000018; Compute: 0.906513; MPI: 0.903871; Total: 1.180434;
[R15] Times: IO: 0.000000; Setup: 0.000022; Compute: 1.178577; MPI: 1.176229; Total: 1.180563;
[R14] Times: IO: 0.000000; Setup: 0.000017; Compute: 1.178764; MPI: 1.176539; Total: 1.180742;
[R13] Times: IO: 0.000000; Setup: 0.000019; Compute: 1.178939; MPI: 1.176802; Total: 1.180916;
[R12] Times: IO: 0.000000; Setup: 0.000020; Compute: 1.179129; MPI: 1.177140; Total: 1.181110;
[R11] Times: IO: 0.000000; Setup: 0.000019; Compute: 1.179338; MPI: 1.177437; Total: 1.181312;
[R10] Times: IO: 0.000000; Setup: 0.000018; Compute: 1.179519; MPI: 1.177758; Total: 1.181493;
[R09] Times: IO: 0.000000; Setup: 0.000017; Compute: 1.179693; MPI: 1.178084; Total: 1.181669;
[R08] Times: IO: 0.000000; Setup: 0.000021; Compute: 1.179877; MPI: 1.178419; Total: 1.181865;
[R07] Times: IO: 0.000000; Setup: 0.000016; Compute: 1.180066; MPI: 1.178735; Total: 1.181804;
[R06] Times: IO: 0.000000; Setup: 0.000017; Compute: 1.180228; MPI: 1.179047; Total: 1.181969;
[R05] Times: IO: 0.000000; Setup: 0.000016; Compute: 1.180394; MPI: 1.179282; Total: 1.182094;
[R04] Times: IO: 0.000000; Setup: 0.000017; Compute: 1.180738; MPI: 1.179784; Total: 1.182303;
[R03] Times: IO: 0.000000; Setup: 0.000018; Compute: 1.180899; MPI: 1.180142; Total: 1.182461;
[R02] Times: IO: 0.000000; Setup: 0.000019; Compute: 1.181056; MPI: 1.180448; Total: 1.182621;
[R01] Times: IO: 0.000000; Setup: 0.000019; Compute: 1.181217; MPI: 1.180767; Total: 1.182779;
[R00] Times: IO: 0.271514; Setup: 0.000392; Compute: 0.910152; MPI: 0.909814; Total: 1.185139;
Mon Dec 12 23:54:13 CET 2016
Solving the Ax=b system with Gaussian Elimination:
READ:  Matrix   (A) file name: "ge_data/size2048x2048.mat"
READ:  RHS      (b) file name: "ge_data/size2048x2048.vec"
WRITE: Solution (x) file name: "ge_data/size2048x2048.sol"
[R63] Times: IO: 0.000000; Setup: 0.000027; Compute: 0.947510; MPI: 0.893575; Total: 2.131795;
[R62] Times: IO: 0.000000; Setup: 0.000029; Compute: 0.947840; MPI: 0.890818; Total: 2.132072;
[R61] Times: IO: 0.000000; Setup: 0.000025; Compute: 0.948144; MPI: 0.892241; Total: 2.132425;
[R60] Times: IO: 0.000000; Setup: 0.000027; Compute: 0.948496; MPI: 0.893068; Total: 2.132715;
[R59] Times: IO: 0.000000; Setup: 0.000027; Compute: 0.948817; MPI: 0.894216; Total: 2.133079;
[R58] Times: IO: 0.000000; Setup: 0.000027; Compute: 0.949029; MPI: 0.895170; Total: 2.133272;
[R57] Times: IO: 0.000000; Setup: 0.000027; Compute: 0.949236; MPI: 0.894444; Total: 2.133429;
[R56] Times: IO: 0.000000; Setup: 0.000034; Compute: 0.949486; MPI: 0.894614; Total: 2.133655;
[R55] Times: IO: 0.000000; Setup: 0.000027; Compute: 0.949679; MPI: 0.897824; Total: 2.133827;
[R54] Times: IO: 0.000000; Setup: 0.000027; Compute: 0.949859; MPI: 0.898401; Total: 2.134011;
[R53] Times: IO: 0.000000; Setup: 0.000027; Compute: 0.950043; MPI: 0.899044; Total: 2.134195;
[R52] Times: IO: 0.000000; Setup: 0.000028; Compute: 0.950245; MPI: 0.900562; Total: 2.134381;
[R51] Times: IO: 0.000000; Setup: 0.000027; Compute: 0.950472; MPI: 0.900335; Total: 2.134577;
[R50] Times: IO: 0.000000; Setup: 0.000028; Compute: 0.950672; MPI: 0.902045; Total: 2.134769;
[R49] Times: IO: 0.000000; Setup: 0.000028; Compute: 0.950870; MPI: 0.902613; Total: 2.134963;
[R48] Times: IO: 0.000000; Setup: 0.000039; Compute: 0.951102; MPI: 0.901489; Total: 2.135179;
[R47] Times: IO: 0.000000; Setup: 0.000026; Compute: 0.951343; MPI: 0.900749; Total: 2.135886;
[R46] Times: IO: 0.000000; Setup: 0.000027; Compute: 0.951585; MPI: 0.902860; Total: 2.136118;
[R45] Times: IO: 0.000000; Setup: 0.000027; Compute: 0.951861; MPI: 0.903858; Total: 2.136387;
[R44] Times: IO: 0.000000; Setup: 0.000025; Compute: 0.952146; MPI: 0.903285; Total: 2.136650;
[R43] Times: IO: 0.000000; Setup: 0.000027; Compute: 0.952396; MPI: 0.904302; Total: 2.136889;
[R42] Times: IO: 0.000000; Setup: 0.000027; Compute: 0.952657; MPI: 0.902591; Total: 2.137132;
[R41] Times: IO: 0.000000; Setup: 0.000034; Compute: 0.952908; MPI: 0.906271; Total: 2.137372;
[R40] Times: IO: 0.000000; Setup: 0.000036; Compute: 0.953172; MPI: 0.908188; Total: 2.137626;
[R39] Times: IO: 0.000000; Setup: 0.000028; Compute: 0.953441; MPI: 0.909563; Total: 2.137874;
[R38] Times: IO: 0.000000; Setup: 0.000027; Compute: 0.953691; MPI: 0.910110; Total: 2.138111;
[R37] Times: IO: 0.000000; Setup: 0.000037; Compute: 0.956135; MPI: 0.912964; Total: 2.138355;
[R36] Times: IO: 0.000000; Setup: 0.000039; Compute: 0.956391; MPI: 0.914065; Total: 2.138608;
[R35] Times: IO: 0.000000; Setup: 0.000041; Compute: 0.956636; MPI: 0.914349; Total: 2.138849;
[R34] Times: IO: 0.000000; Setup: 0.000045; Compute: 0.956877; MPI: 0.915687; Total: 2.139099;
[R33] Times: IO: 0.000000; Setup: 0.000043; Compute: 0.957122; MPI: 0.916867; Total: 2.139344;
[R32] Times: IO: 0.000000; Setup: 0.000042; Compute: 0.957402; MPI: 0.918013; Total: 2.139613;
[R31] Times: IO: 0.000000; Setup: 0.000034; Compute: 0.957675; MPI: 0.918160; Total: 2.139595;
[R30] Times: IO: 0.000000; Setup: 0.000033; Compute: 0.957935; MPI: 0.918977; Total: 2.139846;
[R29] Times: IO: 0.000000; Setup: 0.000032; Compute: 0.958198; MPI: 0.920171; Total: 2.140111;
[R28] Times: IO: 0.000000; Setup: 0.000031; Compute: 0.958498; MPI: 0.921380; Total: 2.140385;
[R27] Times: IO: 0.000000; Setup: 0.000035; Compute: 0.958773; MPI: 0.922451; Total: 2.140671;
[R26] Times: IO: 0.000000; Setup: 0.000034; Compute: 0.959055; MPI: 0.922822; Total: 2.140963;
[R25] Times: IO: 0.000000; Setup: 0.000037; Compute: 0.959328; MPI: 0.924740; Total: 2.141238;
[R24] Times: IO: 0.000000; Setup: 0.000035; Compute: 0.959633; MPI: 0.926277; Total: 2.141545;
[R23] Times: IO: 0.000000; Setup: 0.000032; Compute: 0.959914; MPI: 0.928302; Total: 2.141804;
[R22] Times: IO: 0.000000; Setup: 0.000031; Compute: 0.960182; MPI: 0.929151; Total: 2.142053;
[R21] Times: IO: 0.000000; Setup: 0.000031; Compute: 0.960460; MPI: 0.929682; Total: 2.142340;
[R20] Times: IO: 0.000000; Setup: 0.000036; Compute: 0.960734; MPI: 0.931656; Total: 2.142579;
[R19] Times: IO: 0.000000; Setup: 0.000036; Compute: 0.961003; MPI: 0.932634; Total: 2.142890;
[R18] Times: IO: 0.000000; Setup: 0.000043; Compute: 0.961275; MPI: 0.935074; Total: 2.143168;
[R17] Times: IO: 0.000000; Setup: 0.000044; Compute: 0.961565; MPI: 0.935820; Total: 2.143456;
[R16] Times: IO: 0.000000; Setup: 0.000046; Compute: 0.961890; MPI: 0.937287; Total: 2.143783;
[R15] Times: IO: 0.000000; Setup: 0.000024; Compute: 1.862116; MPI: 1.838609; Total: 2.144208;
[R14] Times: IO: 0.000000; Setup: 0.000024; Compute: 1.862407; MPI: 1.840023; Total: 2.144492;
[R13] Times: IO: 0.000000; Setup: 0.000022; Compute: 1.862698; MPI: 1.841787; Total: 2.144791;
[R12] Times: IO: 0.000000; Setup: 0.000021; Compute: 1.863028; MPI: 1.843317; Total: 2.145117;
[R11] Times: IO: 0.000000; Setup: 0.000022; Compute: 1.863312; MPI: 1.844787; Total: 2.145404;
[R10] Times: IO: 0.000000; Setup: 0.000022; Compute: 1.863614; MPI: 1.846611; Total: 2.145700;
[R09] Times: IO: 0.000000; Setup: 0.000020; Compute: 1.863903; MPI: 1.848352; Total: 2.145998;
[R08] Times: IO: 0.000000; Setup: 0.000031; Compute: 1.864220; MPI: 1.850125; Total: 2.146320;
[R07] Times: IO: 0.000000; Setup: 0.000023; Compute: 1.864527; MPI: 1.852081; Total: 2.146615;
[R06] Times: IO: 0.000000; Setup: 0.000018; Compute: 1.864821; MPI: 1.853738; Total: 2.146901;
[R05] Times: IO: 0.000000; Setup: 0.000027; Compute: 1.865110; MPI: 1.855592; Total: 2.147201;
[R04] Times: IO: 0.000000; Setup: 0.000027; Compute: 1.865565; MPI: 1.857062; Total: 2.147535;
[R03] Times: IO: 0.000000; Setup: 0.000031; Compute: 1.865865; MPI: 1.859517; Total: 2.147835;
[R02] Times: IO: 0.000000; Setup: 0.000031; Compute: 1.866164; MPI: 1.861453; Total: 2.148135;
[R01] Times: IO: 0.000000; Setup: 0.000029; Compute: 1.866484; MPI: 1.863410; Total: 2.148456;
[R00] Times: IO: 1.169281; Setup: 0.001371; Compute: 0.968417; MPI: 0.966844; Total: 2.151184;
Mon Dec 12 23:54:16 CET 2016
Solving the Ax=b system with Gaussian Elimination:
READ:  Matrix   (A) file name: "ge_data/size4096x4096.mat"
READ:  RHS      (b) file name: "ge_data/size4096x4096.vec"
WRITE: Solution (x) file name: "ge_data/size4096x4096.sol"
[R63] Times: IO: 0.000000; Setup: 0.000585; Compute: 1.259572; MPI: 0.783080; Total: 6.927503;
[R62] Times: IO: 0.000000; Setup: 0.000580; Compute: 1.260051; MPI: 0.780912; Total: 6.927970;
[R61] Times: IO: 0.000000; Setup: 0.000577; Compute: 1.260510; MPI: 0.782120; Total: 6.928425;
[R60] Times: IO: 0.000000; Setup: 0.000580; Compute: 1.260999; MPI: 0.783467; Total: 6.928912;
[R59] Times: IO: 0.000000; Setup: 0.000585; Compute: 1.261463; MPI: 0.784236; Total: 6.929373;
[R58] Times: IO: 0.000000; Setup: 0.000592; Compute: 1.261711; MPI: 0.785480; Total: 6.929626;
[R57] Times: IO: 0.000000; Setup: 0.000595; Compute: 1.261997; MPI: 0.788278; Total: 6.929914;
[R56] Times: IO: 0.000000; Setup: 0.000598; Compute: 1.262319; MPI: 0.788732; Total: 6.930235;
[R55] Times: IO: 0.000000; Setup: 0.000586; Compute: 1.262612; MPI: 0.790024; Total: 6.930545;
[R54] Times: IO: 0.000000; Setup: 0.000590; Compute: 1.262875; MPI: 0.792255; Total: 6.930806;
[R53] Times: IO: 0.000000; Setup: 0.000593; Compute: 1.263155; MPI: 0.795462; Total: 6.931083;
[R52] Times: IO: 0.000000; Setup: 0.000601; Compute: 1.263444; MPI: 0.795199; Total: 6.931377;
[R51] Times: IO: 0.000000; Setup: 0.000605; Compute: 1.263746; MPI: 0.796651; Total: 6.931680;
[R50] Times: IO: 0.000000; Setup: 0.000605; Compute: 1.264058; MPI: 0.802590; Total: 6.931994;
[R49] Times: IO: 0.000000; Setup: 0.000608; Compute: 1.264388; MPI: 0.804007; Total: 6.932328;
[R48] Times: IO: 0.000000; Setup: 0.000604; Compute: 1.264799; MPI: 0.802160; Total: 6.932729;
[R47] Times: IO: 0.000000; Setup: 0.000580; Compute: 1.265260; MPI: 0.819752; Total: 6.933042;
[R46] Times: IO: 0.000000; Setup: 0.000589; Compute: 1.265706; MPI: 0.820547; Total: 6.933490;
[R45] Times: IO: 0.000000; Setup: 0.000601; Compute: 1.266159; MPI: 0.823605; Total: 6.933949;
[R44] Times: IO: 0.000000; Setup: 0.000599; Compute: 1.266688; MPI: 0.827738; Total: 6.934473;
[R43] Times: IO: 0.000000; Setup: 0.000592; Compute: 1.267206; MPI: 0.831390; Total: 6.934984;
[R42] Times: IO: 0.000000; Setup: 0.000597; Compute: 1.267735; MPI: 0.838815; Total: 6.935506;
[R41] Times: IO: 0.000000; Setup: 0.000600; Compute: 1.268265; MPI: 0.844989; Total: 6.936038;
[R40] Times: IO: 0.000000; Setup: 0.000596; Compute: 1.268839; MPI: 0.852963; Total: 6.936612;
[R39] Times: IO: 0.000000; Setup: 0.000621; Compute: 1.269280; MPI: 0.852601; Total: 6.937112;
[R38] Times: IO: 0.000000; Setup: 0.000620; Compute: 1.269774; MPI: 0.855248; Total: 6.937604;
[R37] Times: IO: 0.000000; Setup: 0.000622; Compute: 1.270331; MPI: 0.859550; Total: 6.938155;
[R36] Times: IO: 0.000000; Setup: 0.000630; Compute: 1.270909; MPI: 0.866085; Total: 6.938743;
[R35] Times: IO: 0.000000; Setup: 0.000626; Compute: 1.271523; MPI: 0.870357; Total: 6.939349;
[R34] Times: IO: 0.000000; Setup: 0.000622; Compute: 1.272175; MPI: 0.878074; Total: 6.939991;
[R33] Times: IO: 0.000000; Setup: 0.000625; Compute: 1.272812; MPI: 0.887258; Total: 6.940634;
[R32] Times: IO: 0.000000; Setup: 0.000622; Compute: 1.273479; MPI: 0.889996; Total: 6.941301;
[R31] Times: IO: 0.000000; Setup: 0.000592; Compute: 1.274196; MPI: 0.911392; Total: 6.942312;
[R30] Times: IO: 0.000000; Setup: 0.000598; Compute: 1.274858; MPI: 0.917034; Total: 6.942973;
[R29] Times: IO: 0.000000; Setup: 0.000591; Compute: 1.275541; MPI: 0.927371; Total: 6.943642;
[R28] Times: IO: 0.000000; Setup: 0.000604; Compute: 1.276247; MPI: 0.933843; Total: 6.944361;
[R27] Times: IO: 0.000000; Setup: 0.000602; Compute: 1.276964; MPI: 0.942083; Total: 6.945072;
[R26] Times: IO: 0.000000; Setup: 0.000596; Compute: 1.277684; MPI: 0.953712; Total: 6.945786;
[R25] Times: IO: 0.000000; Setup: 0.000607; Compute: 1.278402; MPI: 0.962615; Total: 6.946515;
[R24] Times: IO: 0.000000; Setup: 0.000597; Compute: 1.279174; MPI: 0.973868; Total: 6.947275;
[R23] Times: IO: 0.000000; Setup: 0.000589; Compute: 1.279949; MPI: 0.970310; Total: 6.948005;
[R22] Times: IO: 0.000000; Setup: 0.000597; Compute: 1.280723; MPI: 0.980231; Total: 6.948784;
[R21] Times: IO: 0.000000; Setup: 0.000597; Compute: 1.281521; MPI: 0.990747; Total: 6.949582;
[R20] Times: IO: 0.000000; Setup: 0.000607; Compute: 1.282378; MPI: 1.002715; Total: 6.950444;
[R19] Times: IO: 0.000000; Setup: 0.000603; Compute: 1.283220; MPI: 1.011047; Total: 6.951279;
[R18] Times: IO: 0.000000; Setup: 0.000609; Compute: 1.284046; MPI: 1.024913; Total: 6.952078;
[R17] Times: IO: 0.000000; Setup: 0.000607; Compute: 1.284885; MPI: 1.034461; Total: 6.952910;
[R16] Times: IO: 0.000000; Setup: 0.000610; Compute: 1.285745; MPI: 1.044991; Total: 6.953810;
[R15] Times: IO: 0.000000; Setup: 0.000605; Compute: 6.952816; MPI: 6.745544; Total: 6.955500;
[R14] Times: IO: 0.000000; Setup: 0.000601; Compute: 6.953812; MPI: 6.756651; Total: 6.956492;
[R13] Times: IO: 0.000000; Setup: 0.000596; Compute: 6.954814; MPI: 6.769069; Total: 6.957479;
[R12] Times: IO: 0.000000; Setup: 0.000614; Compute: 6.955855; MPI: 6.781034; Total: 6.958537;
[R11] Times: IO: 0.000000; Setup: 0.000604; Compute: 6.956902; MPI: 6.794135; Total: 6.959581;
[R10] Times: IO: 0.000000; Setup: 0.000611; Compute: 6.957922; MPI: 6.807702; Total: 6.960605;
[R09] Times: IO: 0.000000; Setup: 0.000597; Compute: 6.958964; MPI: 6.821610; Total: 6.961629;
[R08] Times: IO: 0.000000; Setup: 0.000597; Compute: 6.960014; MPI: 6.836312; Total: 6.962685;
[R07] Times: IO: 0.000000; Setup: 0.000506; Compute: 6.961184; MPI: 6.855067; Total: 6.963752;
[R06] Times: IO: 0.000000; Setup: 0.000510; Compute: 6.962287; MPI: 6.868442; Total: 6.964861;
[R05] Times: IO: 0.000000; Setup: 0.000515; Compute: 6.963420; MPI: 6.881825; Total: 6.965996;
[R04] Times: IO: 0.000000; Setup: 0.000528; Compute: 6.964789; MPI: 6.897513; Total: 6.967253;
[R03] Times: IO: 0.000000; Setup: 0.000521; Compute: 6.965958; MPI: 6.911514; Total: 6.968412;
[R02] Times: IO: 0.000000; Setup: 0.000521; Compute: 6.967113; MPI: 6.928161; Total: 6.969568;
[R01] Times: IO: 0.000000; Setup: 0.000537; Compute: 6.968256; MPI: 6.943846; Total: 6.970725;
[R00] Times: IO: 5.611332; Setup: 0.005666; Compute: 1.312809; MPI: 1.303175; Total: 6.977188;
Mon Dec 12 23:54:25 CET 2016
Solving the Ax=b system with Gaussian Elimination:
READ:  Matrix   (A) file name: "ge_data/size8192x8192.mat"
READ:  RHS      (b) file name: "ge_data/size8192x8192.vec"
WRITE: Solution (x) file name: "ge_data/size8192x8192.sol"
[R63] Times: IO: 0.000000; Setup: 0.000584; Compute: 14.754736; MPI: 1.383884; Total: 31.237723;
[R62] Times: IO: 0.000000; Setup: 0.000581; Compute: 14.755272; MPI: 1.731756; Total: 31.238250;
[R61] Times: IO: 0.000000; Setup: 0.000586; Compute: 14.755798; MPI: 1.378385; Total: 31.238780;
[R60] Times: IO: 0.000000; Setup: 0.000586; Compute: 14.756499; MPI: 1.387177; Total: 31.239474;
[R59] Times: IO: 0.000000; Setup: 0.000593; Compute: 14.757244; MPI: 1.404249; Total: 31.240226;
[R58] Times: IO: 0.000000; Setup: 0.000600; Compute: 14.757837; MPI: 1.456935; Total: 31.240813;
[R57] Times: IO: 0.000000; Setup: 0.000600; Compute: 14.758489; MPI: 1.531503; Total: 31.241467;
[R56] Times: IO: 0.000000; Setup: 0.000599; Compute: 14.759220; MPI: 1.878186; Total: 31.242197;
[R55] Times: IO: 0.000000; Setup: 0.000583; Compute: 14.759807; MPI: 1.606726; Total: 31.242786;
[R54] Times: IO: 0.000000; Setup: 0.000596; Compute: 14.760606; MPI: 1.763786; Total: 31.243595;
[R53] Times: IO: 0.000000; Setup: 0.000599; Compute: 14.761507; MPI: 1.711944; Total: 31.244492;
[R52] Times: IO: 0.000000; Setup: 0.000599; Compute: 14.762496; MPI: 1.756180; Total: 31.245478;
[R51] Times: IO: 0.000000; Setup: 0.000606; Compute: 14.763550; MPI: 1.757828; Total: 31.246534;
[R50] Times: IO: 0.000000; Setup: 0.000602; Compute: 14.764648; MPI: 1.873961; Total: 31.247625;
[R49] Times: IO: 0.000000; Setup: 0.000603; Compute: 14.765795; MPI: 1.813619; Total: 31.248777;
[R48] Times: IO: 0.000000; Setup: 0.000606; Compute: 14.767026; MPI: 1.899231; Total: 31.250011;
[R47] Times: IO: 0.000000; Setup: 0.000565; Compute: 14.768258; MPI: 3.216156; Total: 31.251271;
[R46] Times: IO: 0.000000; Setup: 0.000566; Compute: 14.769734; MPI: 2.627151; Total: 31.252744;
[R45] Times: IO: 0.000000; Setup: 0.000574; Compute: 14.771200; MPI: 2.675237; Total: 31.254210;
[R44] Times: IO: 0.000000; Setup: 0.000576; Compute: 14.772794; MPI: 3.101550; Total: 31.255762;
[R43] Times: IO: 0.000000; Setup: 0.000573; Compute: 14.774423; MPI: 2.835767; Total: 31.257384;
[R42] Times: IO: 0.000000; Setup: 0.000579; Compute: 14.776085; MPI: 2.859589; Total: 31.259086;
[R41] Times: IO: 0.000000; Setup: 0.000575; Compute: 14.777781; MPI: 3.000963; Total: 31.260780;
[R40] Times: IO: 0.000000; Setup: 0.000573; Compute: 14.779556; MPI: 3.081991; Total: 31.262552;
[R39] Times: IO: 0.000000; Setup: 0.000586; Compute: 14.780992; MPI: 4.017238; Total: 31.263950;
[R38] Times: IO: 0.000000; Setup: 0.000594; Compute: 14.782988; MPI: 4.009884; Total: 31.265947;
[R37] Times: IO: 0.000000; Setup: 0.000591; Compute: 14.784999; MPI: 4.034940; Total: 31.267958;
[R36] Times: IO: 0.000000; Setup: 0.000598; Compute: 14.787057; MPI: 4.105333; Total: 31.270019;
[R35] Times: IO: 0.000000; Setup: 0.000602; Compute: 14.789167; MPI: 4.254490; Total: 31.272129;
[R34] Times: IO: 0.000000; Setup: 0.000598; Compute: 14.791362; MPI: 4.361301; Total: 31.274318;
[R33] Times: IO: 0.000000; Setup: 0.000597; Compute: 14.793583; MPI: 4.432351; Total: 31.276534;
[R32] Times: IO: 0.000000; Setup: 0.000605; Compute: 14.795857; MPI: 4.594005; Total: 31.278821;
[R31] Times: IO: 0.000000; Setup: 0.000609; Compute: 14.798346; MPI: 5.471266; Total: 31.282210;
[R30] Times: IO: 0.000000; Setup: 0.000611; Compute: 14.800954; MPI: 5.515358; Total: 31.284813;
[R29] Times: IO: 0.000000; Setup: 0.000604; Compute: 14.803510; MPI: 5.589184; Total: 31.287361;
[R28] Times: IO: 0.000000; Setup: 0.000620; Compute: 14.806097; MPI: 5.690664; Total: 31.289964;
[R27] Times: IO: 0.000000; Setup: 0.000621; Compute: 14.808765; MPI: 5.848222; Total: 31.292627;
[R26] Times: IO: 0.000000; Setup: 0.000619; Compute: 14.811479; MPI: 5.947242; Total: 31.295333;
[R25] Times: IO: 0.000000; Setup: 0.000616; Compute: 14.814212; MPI: 6.153254; Total: 31.298062;
[R24] Times: IO: 0.000000; Setup: 0.000611; Compute: 14.817036; MPI: 6.352245; Total: 31.300883;
[R23] Times: IO: 0.000000; Setup: 0.000574; Compute: 14.820038; MPI: 7.546764; Total: 31.303846;
[R22] Times: IO: 0.000000; Setup: 0.000577; Compute: 14.823154; MPI: 7.507828; Total: 31.306966;
[R21] Times: IO: 0.000000; Setup: 0.000578; Compute: 14.826188; MPI: 7.664878; Total: 31.309992;
[R20] Times: IO: 0.000000; Setup: 0.000584; Compute: 14.829296; MPI: 7.673646; Total: 31.313105;
[R19] Times: IO: 0.000000; Setup: 0.000587; Compute: 14.832424; MPI: 7.871835; Total: 31.316238;
[R18] Times: IO: 0.000000; Setup: 0.000588; Compute: 14.835630; MPI: 8.153375; Total: 31.319436;
[R17] Times: IO: 0.000000; Setup: 0.000589; Compute: 14.838890; MPI: 8.288293; Total: 31.322702;
[R16] Times: IO: 0.000000; Setup: 0.000587; Compute: 14.842217; MPI: 8.592327; Total: 31.326024;
[R15] Times: IO: 0.000000; Setup: 0.000607; Compute: 31.327184; MPI: 26.422763; Total: 31.329764;
[R14] Times: IO: 0.000000; Setup: 0.000620; Compute: 31.330902; MPI: 26.525027; Total: 31.333495;
[R13] Times: IO: 0.000000; Setup: 0.000618; Compute: 31.334585; MPI: 26.631315; Total: 31.337172;
[R12] Times: IO: 0.000000; Setup: 0.000619; Compute: 31.338372; MPI: 26.758481; Total: 31.340959;
[R11] Times: IO: 0.000000; Setup: 0.000601; Compute: 31.342227; MPI: 26.945033; Total: 31.344797;
[R10] Times: IO: 0.000000; Setup: 0.000607; Compute: 31.346103; MPI: 27.187204; Total: 31.348678;
[R09] Times: IO: 0.000000; Setup: 0.000608; Compute: 31.350009; MPI: 27.491287; Total: 31.352568;
[R08] Times: IO: 0.000000; Setup: 0.000615; Compute: 31.353986; MPI: 27.871247; Total: 31.356558;
[R07] Times: IO: 0.000000; Setup: 0.000515; Compute: 31.358614; MPI: 29.713411; Total: 31.361098;
[R06] Times: IO: 0.000000; Setup: 0.000514; Compute: 31.363005; MPI: 29.803235; Total: 31.365501;
[R05] Times: IO: 0.000000; Setup: 0.000513; Compute: 31.367221; MPI: 29.924570; Total: 31.369712;
[R04] Times: IO: 0.000000; Setup: 0.000525; Compute: 31.371653; MPI: 30.074113; Total: 31.374040;
[R03] Times: IO: 0.000000; Setup: 0.000523; Compute: 31.375990; MPI: 30.295778; Total: 31.378349;
[R02] Times: IO: 0.000000; Setup: 0.000526; Compute: 31.380442; MPI: 30.573468; Total: 31.382829;
[R01] Times: IO: 0.000000; Setup: 0.000539; Compute: 31.384888; MPI: 30.914606; Total: 31.387288;
[R00] Times: IO: 16.223253; Setup: 0.013036; Compute: 14.972869; MPI: 14.904889; Total: 31.397730;
Mon Dec 12 23:54:58 CET 2016
