Solving the Ax=b system with Gaussian Elimination:
READ:  Matrix   (A) file name: "ge_data/size64x64.mat"
READ:  RHS      (b) file name: "ge_data/size64x64.vec"
WRITE: Solution (x) file name: "ge_data/size64x64.sol"
[R63] Times: IO: 0.000000; Setup: 0.134850; Compute: 0.687035; MPI: 0.686901; Total: 0.821894;
[R62] Times: IO: 0.000000; Setup: 0.134851; Compute: 0.687213; MPI: 0.687079; Total: 0.822073;
[R61] Times: IO: 0.000000; Setup: 0.134848; Compute: 0.687379; MPI: 0.687245; Total: 0.822232;
[R60] Times: IO: 0.000000; Setup: 0.134848; Compute: 0.687557; MPI: 0.687429; Total: 0.822413;
[R59] Times: IO: 0.000000; Setup: 0.134848; Compute: 0.687732; MPI: 0.687575; Total: 0.822586;
[R58] Times: IO: 0.000000; Setup: 0.134847; Compute: 0.687899; MPI: 0.687765; Total: 0.822753;
[R57] Times: IO: 0.000000; Setup: 0.134848; Compute: 0.688072; MPI: 0.687907; Total: 0.822927;
[R56] Times: IO: 0.000000; Setup: 0.134833; Compute: 0.688266; MPI: 0.688136; Total: 0.823102;
[R55] Times: IO: 0.000000; Setup: 0.134847; Compute: 0.688414; MPI: 0.688273; Total: 0.823271;
[R54] Times: IO: 0.000000; Setup: 0.134840; Compute: 0.688571; MPI: 0.688446; Total: 0.823423;
[R53] Times: IO: 0.000000; Setup: 0.134829; Compute: 0.688728; MPI: 0.688592; Total: 0.823564;
[R52] Times: IO: 0.000000; Setup: 0.134834; Compute: 0.688899; MPI: 0.688772; Total: 0.823740;
[R51] Times: IO: 0.000000; Setup: 0.134835; Compute: 0.689056; MPI: 0.688916; Total: 0.823900;
[R50] Times: IO: 0.000000; Setup: 0.134831; Compute: 0.689219; MPI: 0.689093; Total: 0.824056;
[R49] Times: IO: 0.000000; Setup: 0.134833; Compute: 0.689385; MPI: 0.689249; Total: 0.824224;
[R48] Times: IO: 0.000000; Setup: 0.134837; Compute: 0.689560; MPI: 0.689394; Total: 0.824408;
[R47] Times: IO: 0.000000; Setup: 0.134200; Compute: 0.689735; MPI: 0.689610; Total: 0.823941;
[R46] Times: IO: 0.000000; Setup: 0.134196; Compute: 0.689903; MPI: 0.689773; Total: 0.824106;
[R45] Times: IO: 0.000000; Setup: 0.134198; Compute: 0.690067; MPI: 0.689934; Total: 0.824269;
[R44] Times: IO: 0.000000; Setup: 0.134200; Compute: 0.690247; MPI: 0.690109; Total: 0.824451;
[R43] Times: IO: 0.000000; Setup: 0.134194; Compute: 0.690415; MPI: 0.690279; Total: 0.824614;
[R42] Times: IO: 0.000000; Setup: 0.134190; Compute: 0.690594; MPI: 0.690477; Total: 0.824794;
[R41] Times: IO: 0.000000; Setup: 0.134187; Compute: 0.690768; MPI: 0.690644; Total: 0.824964;
[R40] Times: IO: 0.000000; Setup: 0.134183; Compute: 0.690954; MPI: 0.690814; Total: 0.825140;
[R39] Times: IO: 0.000000; Setup: 0.134159; Compute: 0.691104; MPI: 0.690990; Total: 0.825269;
[R38] Times: IO: 0.000000; Setup: 0.134145; Compute: 0.691254; MPI: 0.691129; Total: 0.825406;
[R37] Times: IO: 0.000000; Setup: 0.134141; Compute: 0.691407; MPI: 0.691294; Total: 0.825554;
[R36] Times: IO: 0.000000; Setup: 0.134151; Compute: 0.691568; MPI: 0.691431; Total: 0.825724;
[R35] Times: IO: 0.000000; Setup: 0.134142; Compute: 0.691717; MPI: 0.691593; Total: 0.825864;
[R34] Times: IO: 0.000000; Setup: 0.134147; Compute: 0.691874; MPI: 0.691755; Total: 0.826025;
[R33] Times: IO: 0.000000; Setup: 0.134125; Compute: 0.692022; MPI: 0.691890; Total: 0.826150;
[R32] Times: IO: 0.000000; Setup: 0.134144; Compute: 0.692189; MPI: 0.692054; Total: 0.826337;
[R31] Times: IO: 0.000000; Setup: 0.134276; Compute: 0.692333; MPI: 0.692209; Total: 0.826615;
[R30] Times: IO: 0.000000; Setup: 0.134276; Compute: 0.692484; MPI: 0.692359; Total: 0.826763;
[R29] Times: IO: 0.000000; Setup: 0.134266; Compute: 0.692637; MPI: 0.692508; Total: 0.826907;
[R28] Times: IO: 0.000000; Setup: 0.134269; Compute: 0.692806; MPI: 0.692683; Total: 0.827078;
[R27] Times: IO: 0.000000; Setup: 0.134261; Compute: 0.692959; MPI: 0.692836; Total: 0.827224;
[R26] Times: IO: 0.000000; Setup: 0.134267; Compute: 0.693116; MPI: 0.692973; Total: 0.827386;
[R25] Times: IO: 0.000000; Setup: 0.134265; Compute: 0.693276; MPI: 0.693150; Total: 0.827547;
[R24] Times: IO: 0.000000; Setup: 0.134233; Compute: 0.693452; MPI: 0.693326; Total: 0.827689;
[R23] Times: IO: 0.000000; Setup: 0.134249; Compute: 0.693603; MPI: 0.693472; Total: 0.827872;
[R22] Times: IO: 0.000000; Setup: 0.134202; Compute: 0.693762; MPI: 0.693623; Total: 0.827968;
[R21] Times: IO: 0.000000; Setup: 0.134250; Compute: 0.693902; MPI: 0.693771; Total: 0.828154;
[R20] Times: IO: 0.000000; Setup: 0.134242; Compute: 0.694058; MPI: 0.693929; Total: 0.828304;
[R19] Times: IO: 0.000000; Setup: 0.134240; Compute: 0.694198; MPI: 0.694070; Total: 0.828442;
[R18] Times: IO: 0.000000; Setup: 0.134233; Compute: 0.694344; MPI: 0.694187; Total: 0.828578;
[R17] Times: IO: 0.000000; Setup: 0.134267; Compute: 0.694486; MPI: 0.694371; Total: 0.828757;
[R16] Times: IO: 0.000000; Setup: 0.134255; Compute: 0.694643; MPI: 0.694508; Total: 0.828901;
[R15] Times: IO: 0.000000; Setup: 0.134836; Compute: 0.694765; MPI: 0.694597; Total: 0.829611;
[R14] Times: IO: 0.000000; Setup: 0.134834; Compute: 0.694912; MPI: 0.694764; Total: 0.829759;
[R13] Times: IO: 0.000000; Setup: 0.134833; Compute: 0.695054; MPI: 0.694895; Total: 0.829897;
[R12] Times: IO: 0.000000; Setup: 0.134833; Compute: 0.695192; MPI: 0.695021; Total: 0.830039;
[R11] Times: IO: 0.000000; Setup: 0.134831; Compute: 0.695329; MPI: 0.695183; Total: 0.830174;
[R10] Times: IO: 0.000000; Setup: 0.134832; Compute: 0.695477; MPI: 0.695326; Total: 0.830324;
[R09] Times: IO: 0.000000; Setup: 0.134827; Compute: 0.695634; MPI: 0.695484; Total: 0.830470;
[R08] Times: IO: 0.000000; Setup: 0.134830; Compute: 0.695776; MPI: 0.695614; Total: 0.830612;
[R07] Times: IO: 0.000000; Setup: 0.134857; Compute: 0.695907; MPI: 0.695727; Total: 0.830775;
[R06] Times: IO: 0.000000; Setup: 0.134852; Compute: 0.696037; MPI: 0.695854; Total: 0.830898;
[R05] Times: IO: 0.000000; Setup: 0.134855; Compute: 0.696171; MPI: 0.695978; Total: 0.831033;
[R04] Times: IO: 0.000000; Setup: 0.134870; Compute: 0.696307; MPI: 0.696111; Total: 0.831183;
[R03] Times: IO: 0.000000; Setup: 0.134855; Compute: 0.696459; MPI: 0.696283; Total: 0.831319;
[R02] Times: IO: 0.000000; Setup: 0.134862; Compute: 0.696574; MPI: 0.696405; Total: 0.831444;
[R01] Times: IO: 0.000000; Setup: 0.134865; Compute: 0.696704; MPI: 0.696536; Total: 0.831579;
[R00] Times: IO: 0.004298; Setup: 0.132049; Compute: 0.696791; MPI: 0.696590; Total: 0.833157;
Mon Dec 12 21:31:31 CET 2016
Solving the Ax=b system with Gaussian Elimination:
READ:  Matrix   (A) file name: "ge_data/size512x512.mat"
READ:  RHS      (b) file name: "ge_data/size512x512.vec"
WRITE: Solution (x) file name: "ge_data/size512x512.sol"
[R63] Times: IO: 0.000000; Setup: 0.187073; Compute: 0.690042; MPI: 0.689098; Total: 0.877124;
[R62] Times: IO: 0.000000; Setup: 0.187064; Compute: 0.690223; MPI: 0.689325; Total: 0.877294;
[R61] Times: IO: 0.000000; Setup: 0.187058; Compute: 0.690403; MPI: 0.689487; Total: 0.877470;
[R60] Times: IO: 0.000000; Setup: 0.187057; Compute: 0.690590; MPI: 0.689640; Total: 0.877652;
[R59] Times: IO: 0.000000; Setup: 0.187043; Compute: 0.690763; MPI: 0.689837; Total: 0.877814;
[R58] Times: IO: 0.000000; Setup: 0.187030; Compute: 0.690949; MPI: 0.689946; Total: 0.877987;
[R57] Times: IO: 0.000000; Setup: 0.187024; Compute: 0.691125; MPI: 0.689844; Total: 0.878155;
[R56] Times: IO: 0.000000; Setup: 0.187016; Compute: 0.691317; MPI: 0.689818; Total: 0.878343;
[R55] Times: IO: 0.000000; Setup: 0.187028; Compute: 0.691486; MPI: 0.690571; Total: 0.878519;
[R54] Times: IO: 0.000000; Setup: 0.187024; Compute: 0.691636; MPI: 0.690772; Total: 0.878664;
[R53] Times: IO: 0.000000; Setup: 0.187015; Compute: 0.691801; MPI: 0.690908; Total: 0.878817;
[R52] Times: IO: 0.000000; Setup: 0.186976; Compute: 0.691974; MPI: 0.691080; Total: 0.878954;
[R51] Times: IO: 0.000000; Setup: 0.186998; Compute: 0.692136; MPI: 0.691268; Total: 0.879138;
[R50] Times: IO: 0.000000; Setup: 0.186964; Compute: 0.692302; MPI: 0.691484; Total: 0.879270;
[R49] Times: IO: 0.000000; Setup: 0.186986; Compute: 0.692466; MPI: 0.691227; Total: 0.879457;
[R48] Times: IO: 0.000000; Setup: 0.186986; Compute: 0.692647; MPI: 0.691239; Total: 0.879639;
[R47] Times: IO: 0.000000; Setup: 0.187656; Compute: 0.692818; MPI: 0.691942; Total: 0.880483;
[R46] Times: IO: 0.000000; Setup: 0.187654; Compute: 0.692989; MPI: 0.692147; Total: 0.880645;
[R45] Times: IO: 0.000000; Setup: 0.187639; Compute: 0.693158; MPI: 0.692299; Total: 0.880804;
[R44] Times: IO: 0.000000; Setup: 0.187624; Compute: 0.693367; MPI: 0.692419; Total: 0.880998;
[R43] Times: IO: 0.000000; Setup: 0.187628; Compute: 0.693534; MPI: 0.692688; Total: 0.881168;
[R42] Times: IO: 0.000000; Setup: 0.187609; Compute: 0.693710; MPI: 0.692937; Total: 0.881327;
[R41] Times: IO: 0.000000; Setup: 0.187600; Compute: 0.693886; MPI: 0.692628; Total: 0.881489;
[R40] Times: IO: 0.000000; Setup: 0.187599; Compute: 0.694082; MPI: 0.692843; Total: 0.881688;
[R39] Times: IO: 0.000000; Setup: 0.187578; Compute: 0.694249; MPI: 0.693499; Total: 0.881832;
[R38] Times: IO: 0.000000; Setup: 0.187573; Compute: 0.694406; MPI: 0.693641; Total: 0.881985;
[R37] Times: IO: 0.000000; Setup: 0.187563; Compute: 0.694558; MPI: 0.693815; Total: 0.882124;
[R36] Times: IO: 0.000000; Setup: 0.187560; Compute: 0.694728; MPI: 0.693692; Total: 0.882296;
[R35] Times: IO: 0.000000; Setup: 0.187551; Compute: 0.694886; MPI: 0.693905; Total: 0.882444;
[R34] Times: IO: 0.000000; Setup: 0.187544; Compute: 0.695046; MPI: 0.694305; Total: 0.882597;
[R33] Times: IO: 0.000000; Setup: 0.187534; Compute: 0.695206; MPI: 0.694228; Total: 0.882750;
[R32] Times: IO: 0.000000; Setup: 0.187538; Compute: 0.695375; MPI: 0.694292; Total: 0.882920;
[R31] Times: IO: 0.000000; Setup: 0.187079; Compute: 0.695525; MPI: 0.694790; Total: 0.882609;
[R30] Times: IO: 0.000000; Setup: 0.187074; Compute: 0.695683; MPI: 0.694932; Total: 0.882764;
[R29] Times: IO: 0.000000; Setup: 0.187067; Compute: 0.695845; MPI: 0.695149; Total: 0.882917;
[R28] Times: IO: 0.000000; Setup: 0.187057; Compute: 0.696044; MPI: 0.695334; Total: 0.883106;
[R27] Times: IO: 0.000000; Setup: 0.187047; Compute: 0.696212; MPI: 0.695536; Total: 0.883263;
[R26] Times: IO: 0.000000; Setup: 0.187032; Compute: 0.696379; MPI: 0.695476; Total: 0.883415;
[R25] Times: IO: 0.000000; Setup: 0.187016; Compute: 0.696554; MPI: 0.695735; Total: 0.883574;
[R24] Times: IO: 0.000000; Setup: 0.187004; Compute: 0.696730; MPI: 0.696098; Total: 0.883750;
[R23] Times: IO: 0.000000; Setup: 0.187020; Compute: 0.696892; MPI: 0.696186; Total: 0.883917;
[R22] Times: IO: 0.000000; Setup: 0.187013; Compute: 0.697042; MPI: 0.696193; Total: 0.884060;
[R21] Times: IO: 0.000000; Setup: 0.187005; Compute: 0.697195; MPI: 0.696295; Total: 0.884207;
[R20] Times: IO: 0.000000; Setup: 0.186993; Compute: 0.697365; MPI: 0.696751; Total: 0.884365;
[R19] Times: IO: 0.000000; Setup: 0.186990; Compute: 0.697530; MPI: 0.696803; Total: 0.884524;
[R18] Times: IO: 0.000000; Setup: 0.186976; Compute: 0.697686; MPI: 0.696934; Total: 0.884668;
[R17] Times: IO: 0.000000; Setup: 0.186962; Compute: 0.697850; MPI: 0.697237; Total: 0.884820;
[R16] Times: IO: 0.000000; Setup: 0.186963; Compute: 0.698007; MPI: 0.697493; Total: 0.884973;
[R15] Times: IO: 0.000000; Setup: 0.187362; Compute: 0.698153; MPI: 0.697753; Total: 0.885519;
[R14] Times: IO: 0.000000; Setup: 0.187341; Compute: 0.698319; MPI: 0.697930; Total: 0.885665;
[R13] Times: IO: 0.000000; Setup: 0.187312; Compute: 0.698502; MPI: 0.698118; Total: 0.885816;
[R12] Times: IO: 0.000000; Setup: 0.187262; Compute: 0.698682; MPI: 0.698311; Total: 0.885947;
[R11] Times: IO: 0.000000; Setup: 0.187252; Compute: 0.698852; MPI: 0.698506; Total: 0.886110;
[R10] Times: IO: 0.000000; Setup: 0.187208; Compute: 0.699027; MPI: 0.698687; Total: 0.886238;
[R09] Times: IO: 0.000000; Setup: 0.187180; Compute: 0.699195; MPI: 0.698883; Total: 0.886378;
[R08] Times: IO: 0.000000; Setup: 0.187157; Compute: 0.699387; MPI: 0.699095; Total: 0.886545;
[R07] Times: IO: 0.000000; Setup: 0.187462; Compute: 0.699542; MPI: 0.699244; Total: 0.887007;
[R06] Times: IO: 0.000000; Setup: 0.187438; Compute: 0.699713; MPI: 0.699447; Total: 0.887158;
[R05] Times: IO: 0.000000; Setup: 0.187413; Compute: 0.699885; MPI: 0.699622; Total: 0.887303;
[R04] Times: IO: 0.000000; Setup: 0.187387; Compute: 0.700073; MPI: 0.699822; Total: 0.887469;
[R03] Times: IO: 0.000000; Setup: 0.187370; Compute: 0.700230; MPI: 0.700010; Total: 0.887604;
[R02] Times: IO: 0.000000; Setup: 0.187345; Compute: 0.700404; MPI: 0.700203; Total: 0.887755;
[R01] Times: IO: 0.000000; Setup: 0.187330; Compute: 0.700559; MPI: 0.700377; Total: 0.887893;
[R00] Times: IO: 0.055725; Setup: 0.133016; Compute: 0.700034; MPI: 0.699887; Total: 0.889811;
Mon Dec 12 21:31:33 CET 2016
Solving the Ax=b system with Gaussian Elimination:
READ:  Matrix   (A) file name: "ge_data/size1024x1024.mat"
READ:  RHS      (b) file name: "ge_data/size1024x1024.vec"
WRITE: Solution (x) file name: "ge_data/size1024x1024.sol"
[R63] Times: IO: 0.000000; Setup: 0.353478; Compute: 0.957581; MPI: 0.951252; Total: 1.311061;
[R62] Times: IO: 0.000000; Setup: 0.353452; Compute: 0.957795; MPI: 0.951803; Total: 1.311249;
[R61] Times: IO: 0.000000; Setup: 0.353410; Compute: 0.958003; MPI: 0.952127; Total: 1.311417;
[R60] Times: IO: 0.000000; Setup: 0.353434; Compute: 0.958238; MPI: 0.952449; Total: 1.311677;
[R59] Times: IO: 0.000000; Setup: 0.353386; Compute: 0.958453; MPI: 0.952668; Total: 1.311843;
[R58] Times: IO: 0.000000; Setup: 0.353415; Compute: 0.958671; MPI: 0.952887; Total: 1.312089;
[R57] Times: IO: 0.000000; Setup: 0.353324; Compute: 0.958897; MPI: 0.953078; Total: 1.312224;
[R56] Times: IO: 0.000000; Setup: 0.353271; Compute: 0.959128; MPI: 0.953334; Total: 1.312403;
[R55] Times: IO: 0.000000; Setup: 0.353229; Compute: 0.959340; MPI: 0.953738; Total: 1.312571;
[R54] Times: IO: 0.000000; Setup: 0.353200; Compute: 0.959530; MPI: 0.953735; Total: 1.312734;
[R53] Times: IO: 0.000000; Setup: 0.353137; Compute: 0.959735; MPI: 0.954279; Total: 1.312875;
[R52] Times: IO: 0.000000; Setup: 0.353114; Compute: 0.959949; MPI: 0.954710; Total: 1.313067;
[R51] Times: IO: 0.000000; Setup: 0.353110; Compute: 0.960153; MPI: 0.954780; Total: 1.313266;
[R50] Times: IO: 0.000000; Setup: 0.353134; Compute: 0.960360; MPI: 0.955019; Total: 1.313498;
[R49] Times: IO: 0.000000; Setup: 0.353101; Compute: 0.960575; MPI: 0.955181; Total: 1.313680;
[R48] Times: IO: 0.000000; Setup: 0.353070; Compute: 0.960815; MPI: 0.955588; Total: 1.313888;
[R47] Times: IO: 0.000000; Setup: 0.353637; Compute: 0.961033; MPI: 0.955684; Total: 1.314674;
[R46] Times: IO: 0.000000; Setup: 0.353603; Compute: 0.961247; MPI: 0.955934; Total: 1.314857;
[R45] Times: IO: 0.000000; Setup: 0.353570; Compute: 0.961458; MPI: 0.956178; Total: 1.315032;
[R44] Times: IO: 0.000000; Setup: 0.353496; Compute: 0.961694; MPI: 0.956546; Total: 1.315193;
[R43] Times: IO: 0.000000; Setup: 0.353499; Compute: 0.961903; MPI: 0.956650; Total: 1.315408;
[R42] Times: IO: 0.000000; Setup: 0.353460; Compute: 0.962125; MPI: 0.957178; Total: 1.315590;
[R41] Times: IO: 0.000000; Setup: 0.353386; Compute: 0.962343; MPI: 0.957359; Total: 1.315732;
[R40] Times: IO: 0.000000; Setup: 0.353381; Compute: 0.962579; MPI: 0.957650; Total: 1.315965;
[R39] Times: IO: 0.000000; Setup: 0.353562; Compute: 0.962807; MPI: 0.958145; Total: 1.316372;
[R38] Times: IO: 0.000000; Setup: 0.353518; Compute: 0.963022; MPI: 0.958345; Total: 1.316546;
[R37] Times: IO: 0.000000; Setup: 0.353487; Compute: 0.963228; MPI: 0.958548; Total: 1.316719;
[R36] Times: IO: 0.000000; Setup: 0.353447; Compute: 0.963447; MPI: 0.958935; Total: 1.316899;
[R35] Times: IO: 0.000000; Setup: 0.353417; Compute: 0.963657; MPI: 0.959050; Total: 1.317081;
[R34] Times: IO: 0.000000; Setup: 0.353375; Compute: 0.963894; MPI: 0.959428; Total: 1.317270;
[R33] Times: IO: 0.000000; Setup: 0.353326; Compute: 0.964102; MPI: 0.959641; Total: 1.317430;
[R32] Times: IO: 0.000000; Setup: 0.353309; Compute: 0.964318; MPI: 0.959909; Total: 1.317629;
[R31] Times: IO: 0.000000; Setup: 0.352597; Compute: 0.964513; MPI: 0.960379; Total: 1.317117;
[R30] Times: IO: 0.000000; Setup: 0.352562; Compute: 0.964723; MPI: 0.960744; Total: 1.317289;
[R29] Times: IO: 0.000000; Setup: 0.352519; Compute: 0.964939; MPI: 0.961036; Total: 1.317468;
[R28] Times: IO: 0.000000; Setup: 0.352477; Compute: 0.965195; MPI: 0.961250; Total: 1.317680;
[R27] Times: IO: 0.000000; Setup: 0.352445; Compute: 0.965411; MPI: 0.961619; Total: 1.317859;
[R26] Times: IO: 0.000000; Setup: 0.352399; Compute: 0.965626; MPI: 0.961918; Total: 1.318028;
[R25] Times: IO: 0.000000; Setup: 0.352360; Compute: 0.965843; MPI: 0.962226; Total: 1.318210;
[R24] Times: IO: 0.000000; Setup: 0.352320; Compute: 0.966077; MPI: 0.962563; Total: 1.318405;
[R23] Times: IO: 0.000000; Setup: 0.352340; Compute: 0.966302; MPI: 0.962931; Total: 1.318645;
[R22] Times: IO: 0.000000; Setup: 0.352304; Compute: 0.966501; MPI: 0.963106; Total: 1.318812;
[R21] Times: IO: 0.000000; Setup: 0.352270; Compute: 0.966701; MPI: 0.963441; Total: 1.318975;
[R20] Times: IO: 0.000000; Setup: 0.352237; Compute: 0.966910; MPI: 0.963847; Total: 1.319151;
[R19] Times: IO: 0.000000; Setup: 0.352172; Compute: 0.967115; MPI: 0.964205; Total: 1.319291;
[R18] Times: IO: 0.000000; Setup: 0.352168; Compute: 0.967320; MPI: 0.964398; Total: 1.319494;
[R17] Times: IO: 0.000000; Setup: 0.352129; Compute: 0.967524; MPI: 0.964834; Total: 1.319660;
[R16] Times: IO: 0.000000; Setup: 0.352051; Compute: 0.967755; MPI: 0.965009; Total: 1.319807;
[R15] Times: IO: 0.000000; Setup: 0.352113; Compute: 0.968042; MPI: 0.965714; Total: 1.320162;
[R14] Times: IO: 0.000000; Setup: 0.352013; Compute: 0.968323; MPI: 0.965415; Total: 1.320340;
[R13] Times: IO: 0.000000; Setup: 0.351903; Compute: 0.968601; MPI: 0.966522; Total: 1.320509;
[R12] Times: IO: 0.000000; Setup: 0.351785; Compute: 0.968907; MPI: 0.966943; Total: 1.320702;
[R11] Times: IO: 0.000000; Setup: 0.351677; Compute: 0.969183; MPI: 0.967340; Total: 1.320865;
[R10] Times: IO: 0.000000; Setup: 0.351573; Compute: 0.969458; MPI: 0.967742; Total: 1.321035;
[R09] Times: IO: 0.000000; Setup: 0.351468; Compute: 0.969759; MPI: 0.968164; Total: 1.321232;
[R08] Times: IO: 0.000000; Setup: 0.351356; Compute: 0.970054; MPI: 0.968606; Total: 1.321415;
[R07] Times: IO: 0.000000; Setup: 0.351266; Compute: 0.970335; MPI: 0.969031; Total: 1.321609;
[R06] Times: IO: 0.000000; Setup: 0.351160; Compute: 0.970602; MPI: 0.969380; Total: 1.321767;
[R05] Times: IO: 0.000000; Setup: 0.351054; Compute: 0.970873; MPI: 0.969843; Total: 1.321930;
[R04] Times: IO: 0.000000; Setup: 0.350946; Compute: 0.971173; MPI: 0.970274; Total: 1.322124;
[R03] Times: IO: 0.000000; Setup: 0.350834; Compute: 0.971458; MPI: 0.970706; Total: 1.322299;
[R02] Times: IO: 0.000000; Setup: 0.350718; Compute: 0.971744; MPI: 0.971128; Total: 1.322468;
[R01] Times: IO: 0.000000; Setup: 0.350609; Compute: 0.972025; MPI: 0.971576; Total: 1.322639;
[R00] Times: IO: 0.215542; Setup: 0.137595; Compute: 0.968831; MPI: 0.968481; Total: 1.325074;
Mon Dec 12 21:31:35 CET 2016
Solving the Ax=b system with Gaussian Elimination:
READ:  Matrix   (A) file name: "ge_data/size2048x2048.mat"
READ:  RHS      (b) file name: "ge_data/size2048x2048.vec"
WRITE: Solution (x) file name: "ge_data/size2048x2048.sol"
[R63] Times: IO: 0.000000; Setup: 1.003887; Compute: 0.854710; MPI: 0.799695; Total: 1.858601;
[R62] Times: IO: 0.000000; Setup: 1.003372; Compute: 0.855410; MPI: 0.800647; Total: 1.858786;
[R61] Times: IO: 0.000000; Setup: 1.002898; Compute: 0.856061; MPI: 0.801061; Total: 1.858963;
[R60] Times: IO: 0.000000; Setup: 1.002353; Compute: 0.856796; MPI: 0.800556; Total: 1.859153;
[R59] Times: IO: 0.000000; Setup: 1.001871; Compute: 0.857488; MPI: 0.801934; Total: 1.859363;
[R58] Times: IO: 0.000000; Setup: 1.001367; Compute: 0.858188; MPI: 0.802843; Total: 1.859559;
[R57] Times: IO: 0.000000; Setup: 1.000855; Compute: 0.858883; MPI: 0.803354; Total: 1.859741;
[R56] Times: IO: 0.000000; Setup: 1.000367; Compute: 0.859599; MPI: 0.804497; Total: 1.859968;
[R55] Times: IO: 0.000000; Setup: 0.999871; Compute: 0.860276; MPI: 0.809383; Total: 1.860153;
[R54] Times: IO: 0.000000; Setup: 0.999391; Compute: 0.860931; MPI: 0.810266; Total: 1.860327;
[R53] Times: IO: 0.000000; Setup: 0.998894; Compute: 0.861617; MPI: 0.809705; Total: 1.860515;
[R52] Times: IO: 0.000000; Setup: 0.998379; Compute: 0.862309; MPI: 0.810858; Total: 1.860690;
[R51] Times: IO: 0.000000; Setup: 0.997895; Compute: 0.863007; MPI: 0.812269; Total: 1.860907;
[R50] Times: IO: 0.000000; Setup: 0.997395; Compute: 0.863714; MPI: 0.813934; Total: 1.861113;
[R49] Times: IO: 0.000000; Setup: 0.996893; Compute: 0.864413; MPI: 0.815791; Total: 1.861310;
[R48] Times: IO: 0.000000; Setup: 0.996390; Compute: 0.865132; MPI: 0.815459; Total: 1.861525;
[R47] Times: IO: 0.000000; Setup: 0.996678; Compute: 0.865841; MPI: 0.814378; Total: 1.862525;
[R46] Times: IO: 0.000000; Setup: 0.996216; Compute: 0.866518; MPI: 0.815301; Total: 1.862742;
[R45] Times: IO: 0.000000; Setup: 0.995756; Compute: 0.867205; MPI: 0.816427; Total: 1.862967;
[R44] Times: IO: 0.000000; Setup: 0.995312; Compute: 0.867913; MPI: 0.817370; Total: 1.863233;
[R43] Times: IO: 0.000000; Setup: 0.994858; Compute: 0.868601; MPI: 0.817217; Total: 1.863464;
[R42] Times: IO: 0.000000; Setup: 0.994382; Compute: 0.869314; MPI: 0.818670; Total: 1.863704;
[R41] Times: IO: 0.000000; Setup: 0.993930; Compute: 0.870006; MPI: 0.819262; Total: 1.863941;
[R40] Times: IO: 0.000000; Setup: 0.993461; Compute: 0.870744; MPI: 0.820614; Total: 1.864210;
[R39] Times: IO: 0.000000; Setup: 0.992564; Compute: 0.871467; MPI: 0.826730; Total: 1.864034;
[R38] Times: IO: 0.000000; Setup: 0.992086; Compute: 0.872173; MPI: 0.826981; Total: 1.864260;
[R37] Times: IO: 0.000000; Setup: 0.991613; Compute: 0.872874; MPI: 0.826784; Total: 1.864492;
[R36] Times: IO: 0.000000; Setup: 0.991158; Compute: 0.873583; MPI: 0.829491; Total: 1.864745;
[R35] Times: IO: 0.000000; Setup: 0.990692; Compute: 0.874289; MPI: 0.830958; Total: 1.864985;
[R34] Times: IO: 0.000000; Setup: 0.990183; Compute: 0.875018; MPI: 0.832076; Total: 1.865204;
[R33] Times: IO: 0.000000; Setup: 0.989688; Compute: 0.875744; MPI: 0.833762; Total: 1.865435;
[R32] Times: IO: 0.000000; Setup: 0.989239; Compute: 0.876475; MPI: 0.835155; Total: 1.865722;
[R31] Times: IO: 0.000000; Setup: 0.988677; Compute: 0.877213; MPI: 0.836472; Total: 1.865895;
[R30] Times: IO: 0.000000; Setup: 0.988195; Compute: 0.877964; MPI: 0.837920; Total: 1.866165;
[R29] Times: IO: 0.000000; Setup: 0.987742; Compute: 0.878701; MPI: 0.838543; Total: 1.866448;
[R28] Times: IO: 0.000000; Setup: 0.987278; Compute: 0.879481; MPI: 0.840839; Total: 1.866765;
[R27] Times: IO: 0.000000; Setup: 0.986778; Compute: 0.880234; MPI: 0.841613; Total: 1.867015;
[R26] Times: IO: 0.000000; Setup: 0.986334; Compute: 0.880995; MPI: 0.844685; Total: 1.867333;
[R25] Times: IO: 0.000000; Setup: 0.985879; Compute: 0.881728; MPI: 0.844663; Total: 1.867613;
[R24] Times: IO: 0.000000; Setup: 0.985390; Compute: 0.882504; MPI: 0.847066; Total: 1.867898;
[R23] Times: IO: 0.000000; Setup: 0.984838; Compute: 0.883293; MPI: 0.849920; Total: 1.868134;
[R22] Times: IO: 0.000000; Setup: 0.984362; Compute: 0.884034; MPI: 0.852916; Total: 1.868397;
[R21] Times: IO: 0.000000; Setup: 0.983896; Compute: 0.884763; MPI: 0.852763; Total: 1.868663;
[R20] Times: IO: 0.000000; Setup: 0.983424; Compute: 0.885505; MPI: 0.854779; Total: 1.868932;
[R19] Times: IO: 0.000000; Setup: 0.982978; Compute: 0.886220; MPI: 0.856047; Total: 1.869202;
[R18] Times: IO: 0.000000; Setup: 0.982517; Compute: 0.886954; MPI: 0.859783; Total: 1.869474;
[R17] Times: IO: 0.000000; Setup: 0.982059; Compute: 0.887684; MPI: 0.860677; Total: 1.869746;
[R16] Times: IO: 0.000000; Setup: 0.981564; Compute: 0.888477; MPI: 0.863303; Total: 1.870045;
[R15] Times: IO: 0.000000; Setup: 0.981027; Compute: 0.889333; MPI: 0.865752; Total: 1.870363;
[R14] Times: IO: 0.000000; Setup: 0.980684; Compute: 0.889988; MPI: 0.867655; Total: 1.870676;
[R13] Times: IO: 0.000000; Setup: 0.980343; Compute: 0.890641; MPI: 0.869484; Total: 1.870986;
[R12] Times: IO: 0.000000; Setup: 0.980035; Compute: 0.891335; MPI: 0.871439; Total: 1.871376;
[R11] Times: IO: 0.000000; Setup: 0.979680; Compute: 0.892049; MPI: 0.873537; Total: 1.871731;
[R10] Times: IO: 0.000000; Setup: 0.979354; Compute: 0.892735; MPI: 0.875483; Total: 1.872095;
[R09] Times: IO: 0.000000; Setup: 0.979020; Compute: 0.893397; MPI: 0.877788; Total: 1.872422;
[R08] Times: IO: 0.000000; Setup: 0.978685; Compute: 0.894086; MPI: 0.879925; Total: 1.872775;
[R07] Times: IO: 0.000000; Setup: 0.978322; Compute: 0.894755; MPI: 0.882461; Total: 1.873081;
[R06] Times: IO: 0.000000; Setup: 0.978006; Compute: 0.895379; MPI: 0.884489; Total: 1.873387;
[R05] Times: IO: 0.000000; Setup: 0.977670; Compute: 0.896014; MPI: 0.886598; Total: 1.873688;
[R04] Times: IO: 0.000000; Setup: 0.977337; Compute: 0.896660; MPI: 0.889004; Total: 1.874001;
[R03] Times: IO: 0.000000; Setup: 0.977018; Compute: 0.897300; MPI: 0.890884; Total: 1.874322;
[R02] Times: IO: 0.000000; Setup: 0.976677; Compute: 0.897942; MPI: 0.893248; Total: 1.874624;
[R01] Times: IO: 0.000000; Setup: 0.976349; Compute: 0.898583; MPI: 0.895564; Total: 1.874937;
[R00] Times: IO: 0.833646; Setup: 0.161109; Compute: 0.870964; MPI: 0.869358; Total: 1.877826;
Mon Dec 12 21:31:39 CET 2016
Solving the Ax=b system with Gaussian Elimination:
READ:  Matrix   (A) file name: "ge_data/size4096x4096.mat"
READ:  RHS      (b) file name: "ge_data/size4096x4096.vec"
WRITE: Solution (x) file name: "ge_data/size4096x4096.sol"
[R63] Times: IO: 0.000000; Setup: 3.925243; Compute: 1.067242; MPI: 0.605031; Total: 4.992488;
[R62] Times: IO: 0.000000; Setup: 3.923897; Compute: 1.068818; MPI: 0.599233; Total: 4.992722;
[R61] Times: IO: 0.000000; Setup: 3.922548; Compute: 1.070380; MPI: 0.603206; Total: 4.992935;
[R60] Times: IO: 0.000000; Setup: 3.921162; Compute: 1.072040; MPI: 0.604142; Total: 4.993209;
[R59] Times: IO: 0.000000; Setup: 3.919808; Compute: 1.073662; MPI: 0.605543; Total: 4.993475;
[R58] Times: IO: 0.000000; Setup: 3.918444; Compute: 1.075296; MPI: 0.611366; Total: 4.993745;
[R57] Times: IO: 0.000000; Setup: 3.917083; Compute: 1.076937; MPI: 0.614617; Total: 4.994024;
[R56] Times: IO: 0.000000; Setup: 3.915729; Compute: 1.078601; MPI: 0.619236; Total: 4.994334;
[R55] Times: IO: 0.000000; Setup: 3.914370; Compute: 1.080217; MPI: 0.620693; Total: 4.994591;
[R54] Times: IO: 0.000000; Setup: 3.913015; Compute: 1.081842; MPI: 0.621854; Total: 4.994859;
[R53] Times: IO: 0.000000; Setup: 3.911658; Compute: 1.083489; MPI: 0.625266; Total: 4.995154;
[R52] Times: IO: 0.000000; Setup: 3.910286; Compute: 1.085193; MPI: 0.628251; Total: 4.995485;
[R51] Times: IO: 0.000000; Setup: 3.908906; Compute: 1.086924; MPI: 0.632033; Total: 4.995834;
[R50] Times: IO: 0.000000; Setup: 3.907540; Compute: 1.088686; MPI: 0.637742; Total: 4.996232;
[R49] Times: IO: 0.000000; Setup: 3.906170; Compute: 1.090427; MPI: 0.642232; Total: 4.996601;
[R48] Times: IO: 0.000000; Setup: 3.904752; Compute: 1.092209; MPI: 0.633571; Total: 4.996966;
[R47] Times: IO: 0.000000; Setup: 3.903507; Compute: 1.094115; MPI: 0.657735; Total: 4.997626;
[R46] Times: IO: 0.000000; Setup: 3.902100; Compute: 1.095986; MPI: 0.660788; Total: 4.998095;
[R45] Times: IO: 0.000000; Setup: 3.900732; Compute: 1.097836; MPI: 0.664760; Total: 4.998572;
[R44] Times: IO: 0.000000; Setup: 3.899348; Compute: 1.099761; MPI: 0.668450; Total: 4.999116;
[R43] Times: IO: 0.000000; Setup: 3.897912; Compute: 1.101737; MPI: 0.676123; Total: 4.999653;
[R42] Times: IO: 0.000000; Setup: 3.896481; Compute: 1.103710; MPI: 0.684167; Total: 5.000199;
[R41] Times: IO: 0.000000; Setup: 3.895085; Compute: 1.105639; MPI: 0.690934; Total: 5.000727;
[R40] Times: IO: 0.000000; Setup: 3.893704; Compute: 1.107613; MPI: 0.699265; Total: 5.001320;
[R39] Times: IO: 0.000000; Setup: 3.892309; Compute: 1.109633; MPI: 0.705352; Total: 5.001946;
[R38] Times: IO: 0.000000; Setup: 3.890945; Compute: 1.111565; MPI: 0.709807; Total: 5.002513;
[R37] Times: IO: 0.000000; Setup: 3.889598; Compute: 1.113520; MPI: 0.717846; Total: 5.003121;
[R36] Times: IO: 0.000000; Setup: 3.888204; Compute: 1.115530; MPI: 0.724818; Total: 5.003737;
[R35] Times: IO: 0.000000; Setup: 3.886799; Compute: 1.117532; MPI: 0.731792; Total: 5.004336;
[R34] Times: IO: 0.000000; Setup: 3.885375; Compute: 1.119549; MPI: 0.740893; Total: 5.004928;
[R33] Times: IO: 0.000000; Setup: 3.883929; Compute: 1.121597; MPI: 0.749649; Total: 5.005529;
[R32] Times: IO: 0.000000; Setup: 3.882541; Compute: 1.123641; MPI: 0.746334; Total: 5.006186;
[R31] Times: IO: 0.000000; Setup: 3.881071; Compute: 1.125811; MPI: 0.771586; Total: 5.006886;
[R30] Times: IO: 0.000000; Setup: 3.879664; Compute: 1.127944; MPI: 0.778723; Total: 5.007613;
[R29] Times: IO: 0.000000; Setup: 3.878268; Compute: 1.130109; MPI: 0.787920; Total: 5.008382;
[R28] Times: IO: 0.000000; Setup: 3.876882; Compute: 1.132319; MPI: 0.797462; Total: 5.009204;
[R27] Times: IO: 0.000000; Setup: 3.875511; Compute: 1.134463; MPI: 0.808057; Total: 5.009978;
[R26] Times: IO: 0.000000; Setup: 3.874113; Compute: 1.136659; MPI: 0.819879; Total: 5.010775;
[R25] Times: IO: 0.000000; Setup: 3.872735; Compute: 1.138853; MPI: 0.829746; Total: 5.011593;
[R24] Times: IO: 0.000000; Setup: 3.871344; Compute: 1.141074; MPI: 0.843180; Total: 5.012424;
[R23] Times: IO: 0.000000; Setup: 3.869974; Compute: 1.143279; MPI: 0.850966; Total: 5.013256;
[R22] Times: IO: 0.000000; Setup: 3.868551; Compute: 1.145464; MPI: 0.861715; Total: 5.014017;
[R21] Times: IO: 0.000000; Setup: 3.867120; Compute: 1.147677; MPI: 0.874096; Total: 5.014800;
[R20] Times: IO: 0.000000; Setup: 3.865686; Compute: 1.149920; MPI: 0.886110; Total: 5.015610;
[R19] Times: IO: 0.000000; Setup: 3.864277; Compute: 1.152158; MPI: 0.896890; Total: 5.016439;
[R18] Times: IO: 0.000000; Setup: 3.862842; Compute: 1.154402; MPI: 0.910373; Total: 5.017248;
[R17] Times: IO: 0.000000; Setup: 3.861465; Compute: 1.156590; MPI: 0.922771; Total: 5.018059;
[R16] Times: IO: 0.000000; Setup: 3.859921; Compute: 1.158921; MPI: 0.931736; Total: 5.018846;
[R15] Times: IO: 0.000000; Setup: 3.859125; Compute: 1.161400; MPI: 0.934976; Total: 5.020533;
[R14] Times: IO: 0.000000; Setup: 3.858450; Compute: 1.163083; MPI: 0.967729; Total: 5.021540;
[R13] Times: IO: 0.000000; Setup: 3.857779; Compute: 1.164763; MPI: 0.981117; Total: 5.022547;
[R12] Times: IO: 0.000000; Setup: 3.857109; Compute: 1.166496; MPI: 0.993858; Total: 5.023612;
[R11] Times: IO: 0.000000; Setup: 3.856439; Compute: 1.168225; MPI: 1.007104; Total: 5.024667;
[R10] Times: IO: 0.000000; Setup: 3.855781; Compute: 1.169917; MPI: 1.022439; Total: 5.025707;
[R09] Times: IO: 0.000000; Setup: 3.855174; Compute: 1.171559; MPI: 1.036596; Total: 5.026737;
[R08] Times: IO: 0.000000; Setup: 3.854583; Compute: 1.173200; MPI: 1.051119; Total: 5.027789;
[R07] Times: IO: 0.000000; Setup: 3.854023; Compute: 1.174881; MPI: 1.069728; Total: 5.028910;
[R06] Times: IO: 0.000000; Setup: 3.853391; Compute: 1.176636; MPI: 1.083786; Total: 5.030031;
[R05] Times: IO: 0.000000; Setup: 3.852759; Compute: 1.178396; MPI: 1.098720; Total: 5.031161;
[R04] Times: IO: 0.000000; Setup: 3.852114; Compute: 1.180200; MPI: 1.113873; Total: 5.032320;
[R03] Times: IO: 0.000000; Setup: 3.851462; Compute: 1.182000; MPI: 1.129478; Total: 5.033469;
[R02] Times: IO: 0.000000; Setup: 3.850822; Compute: 1.183784; MPI: 1.145326; Total: 5.034610;
[R01] Times: IO: 0.000000; Setup: 3.850169; Compute: 1.185580; MPI: 1.161565; Total: 5.035758;
[R00] Times: IO: 3.672955; Setup: 0.211350; Compute: 1.110110; MPI: 1.100333; Total: 5.041690;
Mon Dec 12 21:31:45 CET 2016
Solving the Ax=b system with Gaussian Elimination:
READ:  Matrix   (A) file name: "ge_data/size8192x8192.mat"
READ:  RHS      (b) file name: "ge_data/size8192x8192.vec"
WRITE: Solution (x) file name: "ge_data/size8192x8192.sol"
[R63] Times: IO: 0.000000; Setup: 15.636643; Compute: 14.366292; MPI: 2.322228; Total: 30.002942;
[R62] Times: IO: 0.000000; Setup: 15.632308; Compute: 14.370965; MPI: 2.172952; Total: 30.003277;
[R61] Times: IO: 0.000000; Setup: 15.626733; Compute: 14.376918; MPI: 2.058568; Total: 30.003653;
[R60] Times: IO: 0.000000; Setup: 15.622478; Compute: 14.381636; MPI: 1.890738; Total: 30.004116;
[R59] Times: IO: 0.000000; Setup: 15.618217; Compute: 14.386432; MPI: 1.925175; Total: 30.004655;
[R58] Times: IO: 0.000000; Setup: 15.613960; Compute: 14.391271; MPI: 2.086498; Total: 30.005237;
[R57] Times: IO: 0.000000; Setup: 15.609712; Compute: 14.396179; MPI: 2.445512; Total: 30.005896;
[R56] Times: IO: 0.000000; Setup: 15.605470; Compute: 14.401172; MPI: 2.883828; Total: 30.006649;
[R55] Times: IO: 0.000000; Setup: 15.601143; Compute: 14.406045; MPI: 2.438755; Total: 30.007193;
[R54] Times: IO: 0.000000; Setup: 15.596864; Compute: 14.411118; MPI: 2.283309; Total: 30.007986;
[R53] Times: IO: 0.000000; Setup: 15.591144; Compute: 14.417735; MPI: 2.159629; Total: 30.008883;
[R52] Times: IO: 0.000000; Setup: 15.586868; Compute: 14.422997; MPI: 2.150529; Total: 30.009869;
[R51] Times: IO: 0.000000; Setup: 15.582574; Compute: 14.428315; MPI: 2.181412; Total: 30.010895;
[R50] Times: IO: 0.000000; Setup: 15.578271; Compute: 14.433708; MPI: 2.314609; Total: 30.011984;
[R49] Times: IO: 0.000000; Setup: 15.573928; Compute: 14.439187; MPI: 2.627686; Total: 30.013121;
[R48] Times: IO: 0.000000; Setup: 15.569611; Compute: 14.444718; MPI: 2.821192; Total: 30.014335;
[R47] Times: IO: 0.000000; Setup: 15.565690; Compute: 14.450691; MPI: 3.377137; Total: 30.016387;
[R46] Times: IO: 0.000000; Setup: 15.561432; Compute: 14.456454; MPI: 3.260445; Total: 30.017895;
[R45] Times: IO: 0.000000; Setup: 15.555802; Compute: 14.463585; MPI: 3.173252; Total: 30.019394;
[R44] Times: IO: 0.000000; Setup: 15.551514; Compute: 14.469443; MPI: 3.083224; Total: 30.020962;
[R43] Times: IO: 0.000000; Setup: 15.547209; Compute: 14.475384; MPI: 3.218540; Total: 30.022597;
[R42] Times: IO: 0.000000; Setup: 15.542907; Compute: 14.481361; MPI: 3.382980; Total: 30.024274;
[R41] Times: IO: 0.000000; Setup: 15.538595; Compute: 14.487392; MPI: 3.789773; Total: 30.025992;
[R40] Times: IO: 0.000000; Setup: 15.534220; Compute: 14.493589; MPI: 4.222074; Total: 30.027816;
[R39] Times: IO: 0.000000; Setup: 15.529822; Compute: 14.499951; MPI: 4.133032; Total: 30.029779;
[R38] Times: IO: 0.000000; Setup: 15.525445; Compute: 14.506420; MPI: 4.124662; Total: 30.031869;
[R37] Times: IO: 0.000000; Setup: 15.519694; Compute: 14.514159; MPI: 4.056295; Total: 30.033857;
[R36] Times: IO: 0.000000; Setup: 15.515297; Compute: 14.520595; MPI: 4.082078; Total: 30.035899;
[R35] Times: IO: 0.000000; Setup: 15.510837; Compute: 14.527153; MPI: 4.177539; Total: 30.037995;
[R34] Times: IO: 0.000000; Setup: 15.506383; Compute: 14.533761; MPI: 4.331582; Total: 30.040149;
[R33] Times: IO: 0.000000; Setup: 15.501982; Compute: 14.540369; MPI: 4.664209; Total: 30.042355;
[R32] Times: IO: 0.000000; Setup: 15.497546; Compute: 14.547084; MPI: 4.931344; Total: 30.044635;
[R31] Times: IO: 0.000000; Setup: 15.492362; Compute: 14.554134; MPI: 5.744484; Total: 30.046500;
[R30] Times: IO: 0.000000; Setup: 15.487985; Compute: 14.561239; MPI: 5.756149; Total: 30.049232;
[R29] Times: IO: 0.000000; Setup: 15.483613; Compute: 14.568241; MPI: 5.718451; Total: 30.051861;
[R28] Times: IO: 0.000000; Setup: 15.477900; Compute: 14.576629; MPI: 5.781558; Total: 30.054536;
[R27] Times: IO: 0.000000; Setup: 15.473561; Compute: 14.583707; MPI: 5.901147; Total: 30.057272;
[R26] Times: IO: 0.000000; Setup: 15.469146; Compute: 14.590880; MPI: 6.122526; Total: 30.060035;
[R25] Times: IO: 0.000000; Setup: 15.464751; Compute: 14.598110; MPI: 6.424543; Total: 30.062864;
[R24] Times: IO: 0.000000; Setup: 15.460377; Compute: 14.605379; MPI: 6.818383; Total: 30.065760;
[R23] Times: IO: 0.000000; Setup: 15.455975; Compute: 14.612984; MPI: 7.186514; Total: 30.068965;
[R22] Times: IO: 0.000000; Setup: 15.451546; Compute: 14.620506; MPI: 7.227113; Total: 30.072057;
[R21] Times: IO: 0.000000; Setup: 15.447114; Compute: 14.627985; MPI: 7.273288; Total: 30.075102;
[R20] Times: IO: 0.000000; Setup: 15.441295; Compute: 14.636877; MPI: 7.458506; Total: 30.078180;
[R19] Times: IO: 0.000000; Setup: 15.436805; Compute: 14.644504; MPI: 7.531051; Total: 30.081317;
[R18] Times: IO: 0.000000; Setup: 15.432325; Compute: 14.652170; MPI: 7.835189; Total: 30.084498;
[R17] Times: IO: 0.000000; Setup: 15.427886; Compute: 14.659823; MPI: 7.993232; Total: 30.087717;
[R16] Times: IO: 0.000000; Setup: 15.423415; Compute: 14.667596; MPI: 8.255339; Total: 30.091014;
[R15] Times: IO: 0.000000; Setup: 15.419526; Compute: 14.676086; MPI: 9.912909; Total: 30.095621;
[R14] Times: IO: 0.000000; Setup: 15.416392; Compute: 14.683000; MPI: 9.986918; Total: 30.099396;
[R13] Times: IO: 0.000000; Setup: 15.413253; Compute: 14.689832; MPI: 10.076459; Total: 30.103089;
[R12] Times: IO: 0.000000; Setup: 15.410096; Compute: 14.696762; MPI: 10.219426; Total: 30.106867;
[R11] Times: IO: 0.000000; Setup: 15.406939; Compute: 14.703749; MPI: 10.423812; Total: 30.110691;
[R10] Times: IO: 0.000000; Setup: 15.403766; Compute: 14.710805; MPI: 10.622535; Total: 30.114578;
[R09] Times: IO: 0.000000; Setup: 15.400583; Compute: 14.717953; MPI: 10.978309; Total: 30.118544;
[R08] Times: IO: 0.000000; Setup: 15.397448; Compute: 14.725076; MPI: 11.308249; Total: 30.122532;
[R07] Times: IO: 0.000000; Setup: 15.394293; Compute: 14.732663; MPI: 13.065545; Total: 30.126958;
[R06] Times: IO: 0.000000; Setup: 15.391350; Compute: 14.739784; MPI: 13.164407; Total: 30.131139;
[R05] Times: IO: 0.000000; Setup: 15.388388; Compute: 14.746956; MPI: 13.271900; Total: 30.135350;
[R04] Times: IO: 0.000000; Setup: 15.385412; Compute: 14.754199; MPI: 13.452192; Total: 30.139616;
[R03] Times: IO: 0.000000; Setup: 15.382435; Compute: 14.761501; MPI: 13.658325; Total: 30.143941;
[R02] Times: IO: 0.000000; Setup: 15.379444; Compute: 14.768925; MPI: 13.956583; Total: 30.148372;
[R01] Times: IO: 0.000000; Setup: 15.376480; Compute: 14.776316; MPI: 14.307966; Total: 30.152799;
[R00] Times: IO: 15.044621; Setup: 0.402775; Compute: 14.517407; MPI: 14.449485; Total: 30.163189;
Mon Dec 12 21:32:17 CET 2016
