Solving the Ax=b system with Gaussian Elimination:
READ:  Matrix   (A) file name: "ge_data/size64x64.mat"
READ:  RHS      (b) file name: "ge_data/size64x64.vec"
WRITE: Solution (x) file name: "ge_data/size64x64.sol"
[R63] Times: IO: 0.000000; Setup: 0.132413; Compute: 0.696255; MPI: 0.696127; Total: 0.828674;
[R15] Times: IO: 0.000000; Setup: 0.133430; Compute: 0.703902; MPI: 0.703752; Total: 0.837341;
[R47] Times: IO: 0.000000; Setup: 0.132899; Compute: 0.698953; MPI: 0.698819; Total: 0.831856;
[R31] Times: IO: 0.000000; Setup: 0.132754; Compute: 0.701511; MPI: 0.701390; Total: 0.834269;
[R62] Times: IO: 0.000000; Setup: 0.132404; Compute: 0.696435; MPI: 0.696300; Total: 0.828849;
[R14] Times: IO: 0.000000; Setup: 0.133425; Compute: 0.704049; MPI: 0.703876; Total: 0.837482;
[R46] Times: IO: 0.000000; Setup: 0.132896; Compute: 0.699114; MPI: 0.698982; Total: 0.832018;
[R30] Times: IO: 0.000000; Setup: 0.132741; Compute: 0.701664; MPI: 0.701531; Total: 0.834409;
[R61] Times: IO: 0.000000; Setup: 0.132404; Compute: 0.696599; MPI: 0.696458; Total: 0.829013;
[R13] Times: IO: 0.000000; Setup: 0.133418; Compute: 0.704192; MPI: 0.704027; Total: 0.837622;
[R45] Times: IO: 0.000000; Setup: 0.132891; Compute: 0.699278; MPI: 0.699152; Total: 0.832176;
[R29] Times: IO: 0.000000; Setup: 0.132745; Compute: 0.701821; MPI: 0.701705; Total: 0.834570;
[R60] Times: IO: 0.000000; Setup: 0.132403; Compute: 0.696781; MPI: 0.696628; Total: 0.829198;
[R12] Times: IO: 0.000000; Setup: 0.133429; Compute: 0.704334; MPI: 0.704180; Total: 0.837773;
[R44] Times: IO: 0.000000; Setup: 0.132884; Compute: 0.699455; MPI: 0.699320; Total: 0.832343;
[R28] Times: IO: 0.000000; Setup: 0.132745; Compute: 0.701987; MPI: 0.701871; Total: 0.834734;
[R59] Times: IO: 0.000000; Setup: 0.132398; Compute: 0.696953; MPI: 0.696804; Total: 0.829360;
[R11] Times: IO: 0.000000; Setup: 0.133415; Compute: 0.704475; MPI: 0.704322; Total: 0.837897;
[R43] Times: IO: 0.000000; Setup: 0.132888; Compute: 0.699617; MPI: 0.699470; Total: 0.832512;
[R27] Times: IO: 0.000000; Setup: 0.132747; Compute: 0.702148; MPI: 0.702028; Total: 0.834897;
[R58] Times: IO: 0.000000; Setup: 0.132396; Compute: 0.697130; MPI: 0.696958; Total: 0.829533;
[R10] Times: IO: 0.000000; Setup: 0.133414; Compute: 0.704649; MPI: 0.704486; Total: 0.838073;
[R42] Times: IO: 0.000000; Setup: 0.132883; Compute: 0.699786; MPI: 0.699655; Total: 0.832678;
[R26] Times: IO: 0.000000; Setup: 0.132739; Compute: 0.702303; MPI: 0.702178; Total: 0.835051;
[R57] Times: IO: 0.000000; Setup: 0.132397; Compute: 0.697309; MPI: 0.697145; Total: 0.829710;
[R09] Times: IO: 0.000000; Setup: 0.133416; Compute: 0.704788; MPI: 0.704635; Total: 0.838213;
[R41] Times: IO: 0.000000; Setup: 0.132884; Compute: 0.699953; MPI: 0.699817; Total: 0.832845;
[R25] Times: IO: 0.000000; Setup: 0.132736; Compute: 0.702468; MPI: 0.702339; Total: 0.835210;
[R56] Times: IO: 0.000000; Setup: 0.132394; Compute: 0.697497; MPI: 0.697335; Total: 0.829899;
[R08] Times: IO: 0.000000; Setup: 0.133416; Compute: 0.704941; MPI: 0.704792; Total: 0.838365;
[R40] Times: IO: 0.000000; Setup: 0.132882; Compute: 0.700126; MPI: 0.699976; Total: 0.833015;
[R24] Times: IO: 0.000000; Setup: 0.132737; Compute: 0.702629; MPI: 0.702523; Total: 0.835371;
[R55] Times: IO: 0.000000; Setup: 0.132413; Compute: 0.697649; MPI: 0.697529; Total: 0.830074;
[R07] Times: IO: 0.000000; Setup: 0.133424; Compute: 0.705066; MPI: 0.704890; Total: 0.838499;
[R39] Times: IO: 0.000000; Setup: 0.132872; Compute: 0.700278; MPI: 0.700138; Total: 0.833158;
[R23] Times: IO: 0.000000; Setup: 0.132686; Compute: 0.702774; MPI: 0.702640; Total: 0.835467;
[R54] Times: IO: 0.000000; Setup: 0.132412; Compute: 0.697806; MPI: 0.697680; Total: 0.830234;
[R06] Times: IO: 0.000000; Setup: 0.133419; Compute: 0.705196; MPI: 0.705013; Total: 0.838621;
[R38] Times: IO: 0.000000; Setup: 0.132877; Compute: 0.700423; MPI: 0.700293; Total: 0.833311;
[R22] Times: IO: 0.000000; Setup: 0.132687; Compute: 0.702932; MPI: 0.702796; Total: 0.835623;
[R53] Times: IO: 0.000000; Setup: 0.132406; Compute: 0.697973; MPI: 0.697843; Total: 0.830386;
[R05] Times: IO: 0.000000; Setup: 0.133419; Compute: 0.705289; MPI: 0.705112; Total: 0.838738;
[R37] Times: IO: 0.000000; Setup: 0.132875; Compute: 0.700578; MPI: 0.700449; Total: 0.833460;
[R21] Times: IO: 0.000000; Setup: 0.132681; Compute: 0.703067; MPI: 0.702943; Total: 0.835753;
[R52] Times: IO: 0.000000; Setup: 0.132411; Compute: 0.698130; MPI: 0.698007; Total: 0.830556;
[R04] Times: IO: 0.000000; Setup: 0.133420; Compute: 0.705451; MPI: 0.705262; Total: 0.838889;
[R36] Times: IO: 0.000000; Setup: 0.132869; Compute: 0.700753; MPI: 0.700611; Total: 0.833627;
[R20] Times: IO: 0.000000; Setup: 0.132681; Compute: 0.703215; MPI: 0.703089; Total: 0.835901;
[R51] Times: IO: 0.000000; Setup: 0.132407; Compute: 0.698298; MPI: 0.698165; Total: 0.830714;
[R03] Times: IO: 0.000000; Setup: 0.133420; Compute: 0.705581; MPI: 0.705397; Total: 0.839016;
[R35] Times: IO: 0.000000; Setup: 0.132864; Compute: 0.700908; MPI: 0.700756; Total: 0.833778;
[R19] Times: IO: 0.000000; Setup: 0.132677; Compute: 0.703358; MPI: 0.703231; Total: 0.836039;
[R50] Times: IO: 0.000000; Setup: 0.132406; Compute: 0.698461; MPI: 0.698321; Total: 0.830873;
[R02] Times: IO: 0.000000; Setup: 0.133424; Compute: 0.705695; MPI: 0.705508; Total: 0.839129;
[R34] Times: IO: 0.000000; Setup: 0.132870; Compute: 0.701058; MPI: 0.700924; Total: 0.833932;
[R18] Times: IO: 0.000000; Setup: 0.132673; Compute: 0.703496; MPI: 0.703372; Total: 0.836172;
[R49] Times: IO: 0.000000; Setup: 0.132414; Compute: 0.698616; MPI: 0.698478; Total: 0.831038;
[R01] Times: IO: 0.000000; Setup: 0.133429; Compute: 0.705821; MPI: 0.705657; Total: 0.839260;
[R33] Times: IO: 0.000000; Setup: 0.132866; Compute: 0.701210; MPI: 0.701081; Total: 0.834081;
[R17] Times: IO: 0.000000; Setup: 0.132674; Compute: 0.703638; MPI: 0.703508; Total: 0.836314;
[R48] Times: IO: 0.000000; Setup: 0.132387; Compute: 0.698786; MPI: 0.698658; Total: 0.831178;
[R32] Times: IO: 0.000000; Setup: 0.132853; Compute: 0.701368; MPI: 0.701248; Total: 0.834225;
[R16] Times: IO: 0.000000; Setup: 0.132623; Compute: 0.703780; MPI: 0.703657; Total: 0.836407;
[R00] Times: IO: 0.298509; Setup: 0.130674; Compute: 0.705903; MPI: 0.705733; Total: 1.135104;
Mon Dec 12 22:00:26 CET 2016
Solving the Ax=b system with Gaussian Elimination:
READ:  Matrix   (A) file name: "ge_data/size512x512.mat"
READ:  RHS      (b) file name: "ge_data/size512x512.vec"
WRITE: Solution (x) file name: "ge_data/size512x512.sol"
[R63] Times: IO: 0.000000; Setup: 0.231111; Compute: 0.695178; MPI: 0.694129; Total: 0.926292;
[R62] Times: IO: 0.000000; Setup: 0.231094; Compute: 0.695347; MPI: 0.694286; Total: 0.926445;
[R61] Times: IO: 0.000000; Setup: 0.231095; Compute: 0.695520; MPI: 0.694395; Total: 0.926618;
[R60] Times: IO: 0.000000; Setup: 0.231089; Compute: 0.695706; MPI: 0.694298; Total: 0.926798;
[R59] Times: IO: 0.000000; Setup: 0.231072; Compute: 0.695888; MPI: 0.694645; Total: 0.926964;
[R58] Times: IO: 0.000000; Setup: 0.231068; Compute: 0.696065; MPI: 0.694447; Total: 0.927136;
[R57] Times: IO: 0.000000; Setup: 0.231061; Compute: 0.696234; MPI: 0.694531; Total: 0.927299;
[R56] Times: IO: 0.000000; Setup: 0.231047; Compute: 0.696428; MPI: 0.694858; Total: 0.927480;
[R55] Times: IO: 0.000000; Setup: 0.231036; Compute: 0.696603; MPI: 0.695629; Total: 0.927643;
[R54] Times: IO: 0.000000; Setup: 0.231029; Compute: 0.696761; MPI: 0.695787; Total: 0.927793;
[R53] Times: IO: 0.000000; Setup: 0.231008; Compute: 0.696919; MPI: 0.695889; Total: 0.927932;
[R52] Times: IO: 0.000000; Setup: 0.230998; Compute: 0.697092; MPI: 0.696047; Total: 0.928094;
[R51] Times: IO: 0.000000; Setup: 0.231007; Compute: 0.697256; MPI: 0.696218; Total: 0.928266;
[R50] Times: IO: 0.000000; Setup: 0.230999; Compute: 0.697423; MPI: 0.696407; Total: 0.928424;
[R49] Times: IO: 0.000000; Setup: 0.230984; Compute: 0.697593; MPI: 0.696480; Total: 0.928580;
[R48] Times: IO: 0.000000; Setup: 0.230944; Compute: 0.697764; MPI: 0.696169; Total: 0.928711;
[R47] Times: IO: 0.000000; Setup: 0.231172; Compute: 0.697929; MPI: 0.697084; Total: 0.929105;
[R46] Times: IO: 0.000000; Setup: 0.231159; Compute: 0.698097; MPI: 0.697235; Total: 0.929260;
[R45] Times: IO: 0.000000; Setup: 0.231147; Compute: 0.698270; MPI: 0.697247; Total: 0.929423;
[R44] Times: IO: 0.000000; Setup: 0.231138; Compute: 0.698458; MPI: 0.697499; Total: 0.929603;
[R43] Times: IO: 0.000000; Setup: 0.231139; Compute: 0.698618; MPI: 0.697669; Total: 0.929764;
[R42] Times: IO: 0.000000; Setup: 0.231119; Compute: 0.698801; MPI: 0.697789; Total: 0.929927;
[R41] Times: IO: 0.000000; Setup: 0.231115; Compute: 0.698982; MPI: 0.698070; Total: 0.930102;
[R40] Times: IO: 0.000000; Setup: 0.231105; Compute: 0.699170; MPI: 0.697966; Total: 0.930285;
[R39] Times: IO: 0.000000; Setup: 0.231061; Compute: 0.699343; MPI: 0.698459; Total: 0.930409;
[R38] Times: IO: 0.000000; Setup: 0.231053; Compute: 0.699512; MPI: 0.698558; Total: 0.930571;
[R37] Times: IO: 0.000000; Setup: 0.231053; Compute: 0.699662; MPI: 0.698742; Total: 0.930718;
[R36] Times: IO: 0.000000; Setup: 0.231036; Compute: 0.699837; MPI: 0.698835; Total: 0.930880;
[R35] Times: IO: 0.000000; Setup: 0.231033; Compute: 0.699988; MPI: 0.698862; Total: 0.931025;
[R34] Times: IO: 0.000000; Setup: 0.231024; Compute: 0.700149; MPI: 0.699130; Total: 0.931177;
[R33] Times: IO: 0.000000; Setup: 0.231016; Compute: 0.700305; MPI: 0.699539; Total: 0.931328;
[R32] Times: IO: 0.000000; Setup: 0.230988; Compute: 0.700470; MPI: 0.699468; Total: 0.931461;
[R31] Times: IO: 0.000000; Setup: 0.230570; Compute: 0.700620; MPI: 0.699935; Total: 0.931193;
[R30] Times: IO: 0.000000; Setup: 0.230570; Compute: 0.700779; MPI: 0.700088; Total: 0.931352;
[R29] Times: IO: 0.000000; Setup: 0.230548; Compute: 0.700948; MPI: 0.700278; Total: 0.931500;
[R28] Times: IO: 0.000000; Setup: 0.230546; Compute: 0.701135; MPI: 0.700445; Total: 0.931685;
[R27] Times: IO: 0.000000; Setup: 0.230544; Compute: 0.701308; MPI: 0.700638; Total: 0.931856;
[R26] Times: IO: 0.000000; Setup: 0.230518; Compute: 0.701489; MPI: 0.700785; Total: 0.932011;
[R25] Times: IO: 0.000000; Setup: 0.230508; Compute: 0.701652; MPI: 0.700910; Total: 0.932163;
[R24] Times: IO: 0.000000; Setup: 0.230497; Compute: 0.701832; MPI: 0.701188; Total: 0.932333;
[R23] Times: IO: 0.000000; Setup: 0.230490; Compute: 0.701994; MPI: 0.701385; Total: 0.932488;
[R22] Times: IO: 0.000000; Setup: 0.230483; Compute: 0.702145; MPI: 0.701545; Total: 0.932632;
[R21] Times: IO: 0.000000; Setup: 0.230485; Compute: 0.702294; MPI: 0.701727; Total: 0.932782;
[R20] Times: IO: 0.000000; Setup: 0.230473; Compute: 0.702455; MPI: 0.701904; Total: 0.932933;
[R19] Times: IO: 0.000000; Setup: 0.230455; Compute: 0.702607; MPI: 0.702056; Total: 0.933065;
[R18] Times: IO: 0.000000; Setup: 0.230452; Compute: 0.702767; MPI: 0.702219; Total: 0.933223;
[R17] Times: IO: 0.000000; Setup: 0.230446; Compute: 0.702916; MPI: 0.702401; Total: 0.933367;
[R16] Times: IO: 0.000000; Setup: 0.230313; Compute: 0.703073; MPI: 0.702421; Total: 0.933390;
[R15] Times: IO: 0.000000; Setup: 0.231285; Compute: 0.703227; MPI: 0.702809; Total: 0.934518;
[R14] Times: IO: 0.000000; Setup: 0.231260; Compute: 0.703406; MPI: 0.703022; Total: 0.934667;
[R13] Times: IO: 0.000000; Setup: 0.231234; Compute: 0.703594; MPI: 0.703199; Total: 0.934831;
[R12] Times: IO: 0.000000; Setup: 0.231192; Compute: 0.703801; MPI: 0.703433; Total: 0.935002;
[R11] Times: IO: 0.000000; Setup: 0.231175; Compute: 0.703985; MPI: 0.703629; Total: 0.935168;
[R10] Times: IO: 0.000000; Setup: 0.231145; Compute: 0.704170; MPI: 0.703839; Total: 0.935323;
[R09] Times: IO: 0.000000; Setup: 0.231127; Compute: 0.704329; MPI: 0.703899; Total: 0.935462;
[R08] Times: IO: 0.000000; Setup: 0.231098; Compute: 0.704533; MPI: 0.704237; Total: 0.935639;
[R07] Times: IO: 0.000000; Setup: 0.231096; Compute: 0.704700; MPI: 0.704416; Total: 0.935798;
[R06] Times: IO: 0.000000; Setup: 0.231062; Compute: 0.704909; MPI: 0.704623; Total: 0.935976;
[R05] Times: IO: 0.000000; Setup: 0.231037; Compute: 0.705064; MPI: 0.704811; Total: 0.936105;
[R04] Times: IO: 0.000000; Setup: 0.231013; Compute: 0.705236; MPI: 0.704999; Total: 0.936252;
[R03] Times: IO: 0.000000; Setup: 0.230988; Compute: 0.705392; MPI: 0.705179; Total: 0.936385;
[R02] Times: IO: 0.000000; Setup: 0.230957; Compute: 0.705564; MPI: 0.705363; Total: 0.936528;
[R01] Times: IO: 0.000000; Setup: 0.230875; Compute: 0.705719; MPI: 0.705536; Total: 0.936597;
[R00] Times: IO: 0.063534; Setup: 0.170065; Compute: 0.705170; MPI: 0.705012; Total: 0.939880;
Mon Dec 12 22:00:28 CET 2016
Solving the Ax=b system with Gaussian Elimination:
READ:  Matrix   (A) file name: "ge_data/size1024x1024.mat"
READ:  RHS      (b) file name: "ge_data/size1024x1024.vec"
WRITE: Solution (x) file name: "ge_data/size1024x1024.sol"
[R63] Times: IO: 0.000000; Setup: 0.871218; Compute: 0.939101; MPI: 0.933292; Total: 1.810324;
[R62] Times: IO: 0.000000; Setup: 0.871198; Compute: 0.939308; MPI: 0.933332; Total: 1.810510;
[R61] Times: IO: 0.000000; Setup: 0.871157; Compute: 0.939516; MPI: 0.933585; Total: 1.810678;
[R60] Times: IO: 0.000000; Setup: 0.871127; Compute: 0.939754; MPI: 0.933762; Total: 1.810887;
[R59] Times: IO: 0.000000; Setup: 0.871070; Compute: 0.939997; MPI: 0.934169; Total: 1.811073;
[R58] Times: IO: 0.000000; Setup: 0.871030; Compute: 0.940228; MPI: 0.934312; Total: 1.811263;
[R57] Times: IO: 0.000000; Setup: 0.871002; Compute: 0.940447; MPI: 0.934670; Total: 1.811454;
[R56] Times: IO: 0.000000; Setup: 0.870961; Compute: 0.940686; MPI: 0.934901; Total: 1.811650;
[R55] Times: IO: 0.000000; Setup: 0.870909; Compute: 0.940888; MPI: 0.935499; Total: 1.811801;
[R54] Times: IO: 0.000000; Setup: 0.870877; Compute: 0.941081; MPI: 0.935677; Total: 1.811963;
[R53] Times: IO: 0.000000; Setup: 0.870852; Compute: 0.941276; MPI: 0.935941; Total: 1.812133;
[R52] Times: IO: 0.000000; Setup: 0.870804; Compute: 0.941511; MPI: 0.936165; Total: 1.812322;
[R51] Times: IO: 0.000000; Setup: 0.870771; Compute: 0.941709; MPI: 0.936205; Total: 1.812486;
[R50] Times: IO: 0.000000; Setup: 0.870740; Compute: 0.941923; MPI: 0.936636; Total: 1.812668;
[R49] Times: IO: 0.000000; Setup: 0.870712; Compute: 0.942137; MPI: 0.936693; Total: 1.812854;
[R48] Times: IO: 0.000000; Setup: 0.870667; Compute: 0.942358; MPI: 0.937163; Total: 1.813030;
[R47] Times: IO: 0.000000; Setup: 0.869753; Compute: 0.942573; MPI: 0.937268; Total: 1.812329;
[R46] Times: IO: 0.000000; Setup: 0.869708; Compute: 0.942788; MPI: 0.937644; Total: 1.812499;
[R45] Times: IO: 0.000000; Setup: 0.869678; Compute: 0.943002; MPI: 0.937820; Total: 1.812684;
[R44] Times: IO: 0.000000; Setup: 0.869635; Compute: 0.943247; MPI: 0.938155; Total: 1.812885;
[R43] Times: IO: 0.000000; Setup: 0.869678; Compute: 0.943462; MPI: 0.938361; Total: 1.813144;
[R42] Times: IO: 0.000000; Setup: 0.869640; Compute: 0.943679; MPI: 0.938621; Total: 1.813324;
[R41] Times: IO: 0.000000; Setup: 0.869517; Compute: 0.943894; MPI: 0.938878; Total: 1.813415;
[R40] Times: IO: 0.000000; Setup: 0.869562; Compute: 0.944138; MPI: 0.939221; Total: 1.813704;
[R39] Times: IO: 0.000000; Setup: 0.869570; Compute: 0.944359; MPI: 0.939627; Total: 1.813933;
[R38] Times: IO: 0.000000; Setup: 0.869533; Compute: 0.944559; MPI: 0.939979; Total: 1.814097;
[R37] Times: IO: 0.000000; Setup: 0.869502; Compute: 0.944762; MPI: 0.940066; Total: 1.814268;
[R36] Times: IO: 0.000000; Setup: 0.869408; Compute: 0.944993; MPI: 0.940370; Total: 1.814403;
[R35] Times: IO: 0.000000; Setup: 0.869433; Compute: 0.945195; MPI: 0.940589; Total: 1.814632;
[R34] Times: IO: 0.000000; Setup: 0.869395; Compute: 0.945418; MPI: 0.940949; Total: 1.814818;
[R33] Times: IO: 0.000000; Setup: 0.869363; Compute: 0.945629; MPI: 0.941409; Total: 1.814998;
[R32] Times: IO: 0.000000; Setup: 0.869328; Compute: 0.945851; MPI: 0.941494; Total: 1.815184;
[R31] Times: IO: 0.000000; Setup: 0.869510; Compute: 0.946047; MPI: 0.941896; Total: 1.815563;
[R30] Times: IO: 0.000000; Setup: 0.869472; Compute: 0.946255; MPI: 0.942228; Total: 1.815734;
[R29] Times: IO: 0.000000; Setup: 0.869437; Compute: 0.946472; MPI: 0.942449; Total: 1.815914;
[R28] Times: IO: 0.000000; Setup: 0.869393; Compute: 0.946709; MPI: 0.942790; Total: 1.816106;
[R27] Times: IO: 0.000000; Setup: 0.869350; Compute: 0.946927; MPI: 0.943135; Total: 1.816287;
[R26] Times: IO: 0.000000; Setup: 0.869311; Compute: 0.947142; MPI: 0.943383; Total: 1.816462;
[R25] Times: IO: 0.000000; Setup: 0.869275; Compute: 0.947360; MPI: 0.943803; Total: 1.816640;
[R24] Times: IO: 0.000000; Setup: 0.869233; Compute: 0.947613; MPI: 0.944074; Total: 1.816850;
[R23] Times: IO: 0.000000; Setup: 0.869231; Compute: 0.947831; MPI: 0.944518; Total: 1.817065;
[R22] Times: IO: 0.000000; Setup: 0.869192; Compute: 0.948030; MPI: 0.944490; Total: 1.817225;
[R21] Times: IO: 0.000000; Setup: 0.869161; Compute: 0.948247; MPI: 0.945045; Total: 1.817412;
[R20] Times: IO: 0.000000; Setup: 0.869118; Compute: 0.948482; MPI: 0.945382; Total: 1.817603;
[R19] Times: IO: 0.000000; Setup: 0.869089; Compute: 0.948682; MPI: 0.945637; Total: 1.817775;
[R18] Times: IO: 0.000000; Setup: 0.869052; Compute: 0.948884; MPI: 0.945996; Total: 1.817939;
[R17] Times: IO: 0.000000; Setup: 0.869020; Compute: 0.949095; MPI: 0.946187; Total: 1.818118;
[R16] Times: IO: 0.000000; Setup: 0.868978; Compute: 0.949326; MPI: 0.946721; Total: 1.818308;
[R15] Times: IO: 0.000000; Setup: 0.869486; Compute: 0.949591; MPI: 0.947261; Total: 1.819080;
[R14] Times: IO: 0.000000; Setup: 0.869385; Compute: 0.949871; MPI: 0.947662; Total: 1.819261;
[R13] Times: IO: 0.000000; Setup: 0.869278; Compute: 0.950176; MPI: 0.948078; Total: 1.819458;
[R12] Times: IO: 0.000000; Setup: 0.869161; Compute: 0.950478; MPI: 0.948490; Total: 1.819644;
[R11] Times: IO: 0.000000; Setup: 0.869053; Compute: 0.950756; MPI: 0.948492; Total: 1.819814;
[R10] Times: IO: 0.000000; Setup: 0.868944; Compute: 0.951055; MPI: 0.949323; Total: 1.820001;
[R09] Times: IO: 0.000000; Setup: 0.868842; Compute: 0.951334; MPI: 0.949753; Total: 1.820183;
[R08] Times: IO: 0.000000; Setup: 0.868733; Compute: 0.951629; MPI: 0.950160; Total: 1.820366;
[R07] Times: IO: 0.000000; Setup: 0.868616; Compute: 0.951918; MPI: 0.950609; Total: 1.820539;
[R06] Times: IO: 0.000000; Setup: 0.868503; Compute: 0.952184; MPI: 0.951008; Total: 1.820690;
[R05] Times: IO: 0.000000; Setup: 0.868394; Compute: 0.952457; MPI: 0.951411; Total: 1.820854;
[R04] Times: IO: 0.000000; Setup: 0.868289; Compute: 0.952748; MPI: 0.951831; Total: 1.821041;
[R03] Times: IO: 0.000000; Setup: 0.868182; Compute: 0.953030; MPI: 0.952287; Total: 1.821218;
[R02] Times: IO: 0.000000; Setup: 0.868074; Compute: 0.953314; MPI: 0.952708; Total: 1.821394;
[R01] Times: IO: 0.000000; Setup: 0.867970; Compute: 0.953589; MPI: 0.953143; Total: 1.821563;
[R00] Times: IO: 0.734637; Setup: 0.135734; Compute: 0.950404; MPI: 0.950057; Total: 1.823914;
Mon Dec 12 22:00:31 CET 2016
Solving the Ax=b system with Gaussian Elimination:
READ:  Matrix   (A) file name: "ge_data/size2048x2048.mat"
READ:  RHS      (b) file name: "ge_data/size2048x2048.vec"
WRITE: Solution (x) file name: "ge_data/size2048x2048.sol"
[R63] Times: IO: 0.000000; Setup: 1.504693; Compute: 0.836880; MPI: 0.781810; Total: 2.341579;
[R62] Times: IO: 0.000000; Setup: 1.504221; Compute: 0.837535; MPI: 0.781643; Total: 2.341764;
[R61] Times: IO: 0.000000; Setup: 1.503755; Compute: 0.838172; MPI: 0.783626; Total: 2.341935;
[R60] Times: IO: 0.000000; Setup: 1.503296; Compute: 0.838847; MPI: 0.782281; Total: 2.342147;
[R59] Times: IO: 0.000000; Setup: 1.502850; Compute: 0.839475; MPI: 0.784962; Total: 2.342332;
[R58] Times: IO: 0.000000; Setup: 1.502394; Compute: 0.840118; MPI: 0.785050; Total: 2.342515;
[R57] Times: IO: 0.000000; Setup: 1.501935; Compute: 0.840783; MPI: 0.785345; Total: 2.342724;
[R56] Times: IO: 0.000000; Setup: 1.501480; Compute: 0.841456; MPI: 0.786535; Total: 2.342942;
[R55] Times: IO: 0.000000; Setup: 1.500938; Compute: 0.842098; MPI: 0.790526; Total: 2.343042;
[R54] Times: IO: 0.000000; Setup: 1.500470; Compute: 0.842742; MPI: 0.791606; Total: 2.343218;
[R53] Times: IO: 0.000000; Setup: 1.500014; Compute: 0.843373; MPI: 0.791542; Total: 2.343398;
[R52] Times: IO: 0.000000; Setup: 1.499567; Compute: 0.844020; MPI: 0.793761; Total: 2.343591;
[R51] Times: IO: 0.000000; Setup: 1.499121; Compute: 0.844660; MPI: 0.794960; Total: 2.343787;
[R50] Times: IO: 0.000000; Setup: 1.498668; Compute: 0.845315; MPI: 0.796172; Total: 2.343986;
[R49] Times: IO: 0.000000; Setup: 1.498234; Compute: 0.845946; MPI: 0.796956; Total: 2.344185;
[R48] Times: IO: 0.000000; Setup: 1.497771; Compute: 0.846629; MPI: 0.796602; Total: 2.344403;
[R47] Times: IO: 0.000000; Setup: 1.497954; Compute: 0.847372; MPI: 0.796062; Total: 2.345327;
[R46] Times: IO: 0.000000; Setup: 1.497457; Compute: 0.848094; MPI: 0.796964; Total: 2.345553;
[R45] Times: IO: 0.000000; Setup: 1.496997; Compute: 0.848783; MPI: 0.798245; Total: 2.345783;
[R44] Times: IO: 0.000000; Setup: 1.496525; Compute: 0.849520; MPI: 0.799641; Total: 2.346048;
[R43] Times: IO: 0.000000; Setup: 1.496059; Compute: 0.850216; MPI: 0.798444; Total: 2.346279;
[R42] Times: IO: 0.000000; Setup: 1.495593; Compute: 0.850918; MPI: 0.801791; Total: 2.346513;
[R41] Times: IO: 0.000000; Setup: 1.495138; Compute: 0.851616; MPI: 0.801085; Total: 2.346758;
[R40] Times: IO: 0.000000; Setup: 1.494668; Compute: 0.852389; MPI: 0.804198; Total: 2.347061;
[R39] Times: IO: 0.000000; Setup: 1.494193; Compute: 0.853081; MPI: 0.808110; Total: 2.347278;
[R38] Times: IO: 0.000000; Setup: 1.493730; Compute: 0.853781; MPI: 0.808419; Total: 2.347514;
[R37] Times: IO: 0.000000; Setup: 1.493265; Compute: 0.854486; MPI: 0.809451; Total: 2.347756;
[R36] Times: IO: 0.000000; Setup: 1.492812; Compute: 0.855191; MPI: 0.811078; Total: 2.348005;
[R35] Times: IO: 0.000000; Setup: 1.492341; Compute: 0.855895; MPI: 0.813261; Total: 2.348238;
[R34] Times: IO: 0.000000; Setup: 1.491890; Compute: 0.856605; MPI: 0.814027; Total: 2.348498;
[R33] Times: IO: 0.000000; Setup: 1.491390; Compute: 0.857331; MPI: 0.815674; Total: 2.348724;
[R32] Times: IO: 0.000000; Setup: 1.490907; Compute: 0.858090; MPI: 0.817373; Total: 2.349002;
[R31] Times: IO: 0.000000; Setup: 1.490709; Compute: 0.858828; MPI: 0.818813; Total: 2.349541;
[R30] Times: IO: 0.000000; Setup: 1.490243; Compute: 0.859572; MPI: 0.819558; Total: 2.349819;
[R29] Times: IO: 0.000000; Setup: 1.489734; Compute: 0.860309; MPI: 0.822776; Total: 2.350046;
[R28] Times: IO: 0.000000; Setup: 1.489279; Compute: 0.861140; MPI: 0.822855; Total: 2.350422;
[R27] Times: IO: 0.000000; Setup: 1.488796; Compute: 0.861907; MPI: 0.824568; Total: 2.350708;
[R26] Times: IO: 0.000000; Setup: 1.488271; Compute: 0.862699; MPI: 0.827165; Total: 2.350973;
[R25] Times: IO: 0.000000; Setup: 1.487783; Compute: 0.863484; MPI: 0.828029; Total: 2.351272;
[R24] Times: IO: 0.000000; Setup: 1.487306; Compute: 0.864283; MPI: 0.830166; Total: 2.351591;
[R23] Times: IO: 0.000000; Setup: 1.486805; Compute: 0.865046; MPI: 0.833434; Total: 2.351853;
[R22] Times: IO: 0.000000; Setup: 1.486354; Compute: 0.865779; MPI: 0.834737; Total: 2.352138;
[R21] Times: IO: 0.000000; Setup: 1.485892; Compute: 0.866472; MPI: 0.836796; Total: 2.352367;
[R20] Times: IO: 0.000000; Setup: 1.485440; Compute: 0.867214; MPI: 0.837412; Total: 2.352656;
[R19] Times: IO: 0.000000; Setup: 1.484999; Compute: 0.867937; MPI: 0.837743; Total: 2.352940;
[R18] Times: IO: 0.000000; Setup: 1.484536; Compute: 0.868676; MPI: 0.840527; Total: 2.353216;
[R17] Times: IO: 0.000000; Setup: 1.484053; Compute: 0.869433; MPI: 0.843186; Total: 2.353491;
[R16] Times: IO: 0.000000; Setup: 1.483571; Compute: 0.870212; MPI: 0.844311; Total: 2.353789;
[R15] Times: IO: 0.000000; Setup: 1.483031; Compute: 0.871027; MPI: 0.847281; Total: 2.354059;
[R14] Times: IO: 0.000000; Setup: 1.482743; Compute: 0.871682; MPI: 0.849241; Total: 2.354429;
[R13] Times: IO: 0.000000; Setup: 1.482406; Compute: 0.872341; MPI: 0.850940; Total: 2.354750;
[R12] Times: IO: 0.000000; Setup: 1.482037; Compute: 0.873026; MPI: 0.853167; Total: 2.355065;
[R11] Times: IO: 0.000000; Setup: 1.481706; Compute: 0.873689; MPI: 0.854972; Total: 2.355399;
[R10] Times: IO: 0.000000; Setup: 1.481373; Compute: 0.874354; MPI: 0.857397; Total: 2.355729;
[R09] Times: IO: 0.000000; Setup: 1.481057; Compute: 0.875021; MPI: 0.859421; Total: 2.356082;
[R08] Times: IO: 0.000000; Setup: 1.480721; Compute: 0.875705; MPI: 0.861638; Total: 2.356430;
[R07] Times: IO: 0.000000; Setup: 1.480362; Compute: 0.876359; MPI: 0.864064; Total: 2.356724;
[R06] Times: IO: 0.000000; Setup: 1.480036; Compute: 0.876983; MPI: 0.866081; Total: 2.357024;
[R05] Times: IO: 0.000000; Setup: 1.479701; Compute: 0.877621; MPI: 0.868213; Total: 2.357325;
[R04] Times: IO: 0.000000; Setup: 1.479365; Compute: 0.878267; MPI: 0.870367; Total: 2.357635;
[R03] Times: IO: 0.000000; Setup: 1.479049; Compute: 0.878914; MPI: 0.872503; Total: 2.357972;
[R02] Times: IO: 0.000000; Setup: 1.478716; Compute: 0.879556; MPI: 0.874866; Total: 2.358277;
[R01] Times: IO: 0.000000; Setup: 1.478366; Compute: 0.880222; MPI: 0.877160; Total: 2.358593;
[R00] Times: IO: 1.337068; Setup: 0.159444; Compute: 0.853070; MPI: 0.851460; Total: 2.361658;
Mon Dec 12 22:00:35 CET 2016
Solving the Ax=b system with Gaussian Elimination:
READ:  Matrix   (A) file name: "ge_data/size4096x4096.mat"
READ:  RHS      (b) file name: "ge_data/size4096x4096.vec"
WRITE: Solution (x) file name: "ge_data/size4096x4096.sol"
[R63] Times: IO: 0.000000; Setup: 3.883225; Compute: 1.079402; MPI: 0.616293; Total: 4.962630;
[R62] Times: IO: 0.000000; Setup: 3.881805; Compute: 1.081040; MPI: 0.615338; Total: 4.962848;
[R61] Times: IO: 0.000000; Setup: 3.880466; Compute: 1.082598; MPI: 0.617051; Total: 4.963066;
[R60] Times: IO: 0.000000; Setup: 3.879099; Compute: 1.084239; MPI: 0.618869; Total: 4.963342;
[R59] Times: IO: 0.000000; Setup: 3.877695; Compute: 1.085913; MPI: 0.618396; Total: 4.963612;
[R58] Times: IO: 0.000000; Setup: 3.876332; Compute: 1.087543; MPI: 0.622962; Total: 4.963878;
[R57] Times: IO: 0.000000; Setup: 3.874952; Compute: 1.089207; MPI: 0.626882; Total: 4.964163;
[R56] Times: IO: 0.000000; Setup: 3.873582; Compute: 1.090889; MPI: 0.630414; Total: 4.964474;
[R55] Times: IO: 0.000000; Setup: 3.872216; Compute: 1.092538; MPI: 0.633139; Total: 4.964758;
[R54] Times: IO: 0.000000; Setup: 3.870831; Compute: 1.094181; MPI: 0.635609; Total: 4.965017;
[R53] Times: IO: 0.000000; Setup: 3.869479; Compute: 1.095828; MPI: 0.639151; Total: 4.965309;
[R52] Times: IO: 0.000000; Setup: 3.868103; Compute: 1.097515; MPI: 0.641675; Total: 4.965622;
[R51] Times: IO: 0.000000; Setup: 3.866743; Compute: 1.099241; MPI: 0.646075; Total: 4.965988;
[R50] Times: IO: 0.000000; Setup: 3.865368; Compute: 1.100981; MPI: 0.651560; Total: 4.966353;
[R49] Times: IO: 0.000000; Setup: 3.864022; Compute: 1.102719; MPI: 0.654977; Total: 4.966744;
[R48] Times: IO: 0.000000; Setup: 3.862642; Compute: 1.104505; MPI: 0.648802; Total: 4.967150;
[R47] Times: IO: 0.000000; Setup: 3.860975; Compute: 1.106409; MPI: 0.671082; Total: 4.967388;
[R46] Times: IO: 0.000000; Setup: 3.859574; Compute: 1.108285; MPI: 0.673384; Total: 4.967861;
[R45] Times: IO: 0.000000; Setup: 3.858152; Compute: 1.110179; MPI: 0.678103; Total: 4.968333;
[R44] Times: IO: 0.000000; Setup: 3.856771; Compute: 1.112103; MPI: 0.683035; Total: 4.968879;
[R43] Times: IO: 0.000000; Setup: 3.855366; Compute: 1.114040; MPI: 0.690108; Total: 4.969411;
[R42] Times: IO: 0.000000; Setup: 3.853927; Compute: 1.116009; MPI: 0.696704; Total: 4.969942;
[R41] Times: IO: 0.000000; Setup: 3.852498; Compute: 1.118005; MPI: 0.695400; Total: 4.970507;
[R40] Times: IO: 0.000000; Setup: 3.851106; Compute: 1.119992; MPI: 0.713539; Total: 4.971105;
[R39] Times: IO: 0.000000; Setup: 3.849629; Compute: 1.121978; MPI: 0.718964; Total: 4.971616;
[R38] Times: IO: 0.000000; Setup: 3.848260; Compute: 1.123945; MPI: 0.724196; Total: 4.972210;
[R37] Times: IO: 0.000000; Setup: 3.846884; Compute: 1.125916; MPI: 0.731256; Total: 4.972804;
[R36] Times: IO: 0.000000; Setup: 3.845546; Compute: 1.127879; MPI: 0.737145; Total: 4.973430;
[R35] Times: IO: 0.000000; Setup: 3.844187; Compute: 1.129840; MPI: 0.744810; Total: 4.974030;
[R34] Times: IO: 0.000000; Setup: 3.842791; Compute: 1.131839; MPI: 0.752563; Total: 4.974638;
[R33] Times: IO: 0.000000; Setup: 3.841353; Compute: 1.133896; MPI: 0.762471; Total: 4.975254;
[R32] Times: IO: 0.000000; Setup: 3.839939; Compute: 1.135939; MPI: 0.760096; Total: 4.975888;
[R31] Times: IO: 0.000000; Setup: 3.839365; Compute: 1.138110; MPI: 0.782826; Total: 4.977478;
[R30] Times: IO: 0.000000; Setup: 3.838024; Compute: 1.140178; MPI: 0.790901; Total: 4.978206;
[R29] Times: IO: 0.000000; Setup: 3.836620; Compute: 1.142324; MPI: 0.800012; Total: 4.978949;
[R28] Times: IO: 0.000000; Setup: 3.835232; Compute: 1.144520; MPI: 0.809800; Total: 4.979755;
[R27] Times: IO: 0.000000; Setup: 3.833849; Compute: 1.146696; MPI: 0.822042; Total: 4.980550;
[R26] Times: IO: 0.000000; Setup: 3.832409; Compute: 1.148938; MPI: 0.832221; Total: 4.981352;
[R25] Times: IO: 0.000000; Setup: 3.831023; Compute: 1.151158; MPI: 0.843647; Total: 4.982190;
[R24] Times: IO: 0.000000; Setup: 3.829627; Compute: 1.153396; MPI: 0.855922; Total: 4.983031;
[R23] Times: IO: 0.000000; Setup: 3.828232; Compute: 1.155570; MPI: 0.861382; Total: 4.983809;
[R22] Times: IO: 0.000000; Setup: 3.826823; Compute: 1.157748; MPI: 0.871081; Total: 4.984575;
[R21] Times: IO: 0.000000; Setup: 3.825375; Compute: 1.159975; MPI: 0.884453; Total: 4.985354;
[R20] Times: IO: 0.000000; Setup: 3.823975; Compute: 1.162193; MPI: 0.894863; Total: 4.986171;
[R19] Times: IO: 0.000000; Setup: 3.822540; Compute: 1.164449; MPI: 0.905984; Total: 4.986992;
[R18] Times: IO: 0.000000; Setup: 3.821104; Compute: 1.166689; MPI: 0.921037; Total: 4.987796;
[R17] Times: IO: 0.000000; Setup: 3.819725; Compute: 1.168901; MPI: 0.932990; Total: 4.988630;
[R16] Times: IO: 0.000000; Setup: 3.818271; Compute: 1.171179; MPI: 0.942566; Total: 4.989452;
[R15] Times: IO: 0.000000; Setup: 3.816622; Compute: 1.173664; MPI: 0.972291; Total: 4.990293;
[R14] Times: IO: 0.000000; Setup: 3.815955; Compute: 1.175339; MPI: 0.981274; Total: 4.991301;
[R13] Times: IO: 0.000000; Setup: 3.815272; Compute: 1.177025; MPI: 0.994180; Total: 4.992306;
[R12] Times: IO: 0.000000; Setup: 3.814588; Compute: 1.178761; MPI: 1.007097; Total: 4.993355;
[R11] Times: IO: 0.000000; Setup: 3.813906; Compute: 1.180492; MPI: 1.021122; Total: 4.994404;
[R10] Times: IO: 0.000000; Setup: 3.813261; Compute: 1.182192; MPI: 1.035145; Total: 4.995460;
[R09] Times: IO: 0.000000; Setup: 3.812656; Compute: 1.183841; MPI: 1.037378; Total: 4.996503;
[R08] Times: IO: 0.000000; Setup: 3.812100; Compute: 1.185456; MPI: 1.063834; Total: 4.997561;
[R07] Times: IO: 0.000000; Setup: 3.811044; Compute: 1.187148; MPI: 1.082087; Total: 4.998196;
[R06] Times: IO: 0.000000; Setup: 3.810419; Compute: 1.188876; MPI: 1.095999; Total: 4.999298;
[R05] Times: IO: 0.000000; Setup: 3.809778; Compute: 1.190643; MPI: 1.105865; Total: 5.000430;
[R04] Times: IO: 0.000000; Setup: 3.809134; Compute: 1.192458; MPI: 1.125944; Total: 5.001597;
[R03] Times: IO: 0.000000; Setup: 3.808486; Compute: 1.194277; MPI: 1.141681; Total: 5.002767;
[R02] Times: IO: 0.000000; Setup: 3.807848; Compute: 1.196056; MPI: 1.157705; Total: 5.003908;
[R01] Times: IO: 0.000000; Setup: 3.807202; Compute: 1.197852; MPI: 1.173704; Total: 5.005061;
[R00] Times: IO: 3.627439; Setup: 0.214017; Compute: 1.122293; MPI: 1.112441; Total: 5.010945;
Mon Dec 12 22:00:41 CET 2016
Solving the Ax=b system with Gaussian Elimination:
READ:  Matrix   (A) file name: "ge_data/size8192x8192.mat"
READ:  RHS      (b) file name: "ge_data/size8192x8192.vec"
WRITE: Solution (x) file name: "ge_data/size8192x8192.sol"
[R63] Times: IO: 0.000000; Setup: 15.646595; Compute: 14.489120; MPI: 2.623072; Total: 30.135720;
[R62] Times: IO: 0.000000; Setup: 15.642254; Compute: 14.493793; MPI: 2.440654; Total: 30.136056;
[R61] Times: IO: 0.000000; Setup: 15.636653; Compute: 14.499762; MPI: 2.280110; Total: 30.136422;
[R60] Times: IO: 0.000000; Setup: 15.632386; Compute: 14.504553; MPI: 2.176414; Total: 30.136943;
[R59] Times: IO: 0.000000; Setup: 15.628151; Compute: 14.509325; MPI: 2.227293; Total: 30.137483;
[R58] Times: IO: 0.000000; Setup: 15.623912; Compute: 14.514144; MPI: 2.294305; Total: 30.138061;
[R57] Times: IO: 0.000000; Setup: 15.619678; Compute: 14.519027; MPI: 2.650715; Total: 30.138711;
[R56] Times: IO: 0.000000; Setup: 15.615438; Compute: 14.523981; MPI: 3.113293; Total: 30.139426;
[R55] Times: IO: 0.000000; Setup: 15.611149; Compute: 14.528810; MPI: 1.772782; Total: 30.139966;
[R54] Times: IO: 0.000000; Setup: 15.606855; Compute: 14.533879; MPI: 1.459349; Total: 30.140738;
[R53] Times: IO: 0.000000; Setup: 15.601202; Compute: 14.540420; MPI: 1.584696; Total: 30.141627;
[R52] Times: IO: 0.000000; Setup: 15.596914; Compute: 14.545681; MPI: 1.592952; Total: 30.142597;
[R51] Times: IO: 0.000000; Setup: 15.592634; Compute: 14.550990; MPI: 1.629458; Total: 30.143628;
[R50] Times: IO: 0.000000; Setup: 15.588343; Compute: 14.556351; MPI: 1.739392; Total: 30.144695;
[R49] Times: IO: 0.000000; Setup: 15.583989; Compute: 14.561861; MPI: 1.951497; Total: 30.145858;
[R48] Times: IO: 0.000000; Setup: 15.579650; Compute: 14.567412; MPI: 1.757633; Total: 30.147068;
[R47] Times: IO: 0.000000; Setup: 15.574769; Compute: 14.573338; MPI: 3.156977; Total: 30.148113;
[R46] Times: IO: 0.000000; Setup: 15.570530; Compute: 14.579071; MPI: 3.070801; Total: 30.149605;
[R45] Times: IO: 0.000000; Setup: 15.564898; Compute: 14.586196; MPI: 3.042803; Total: 30.151098;
[R44] Times: IO: 0.000000; Setup: 15.560552; Compute: 14.592126; MPI: 2.960665; Total: 30.152685;
[R43] Times: IO: 0.000000; Setup: 15.556283; Compute: 14.598040; MPI: 3.079663; Total: 30.154328;
[R42] Times: IO: 0.000000; Setup: 15.551975; Compute: 14.604031; MPI: 3.283389; Total: 30.156012;
[R41] Times: IO: 0.000000; Setup: 15.547699; Compute: 14.610038; MPI: 3.517579; Total: 30.157742;
[R40] Times: IO: 0.000000; Setup: 15.543454; Compute: 14.616085; MPI: 3.934209; Total: 30.159543;
[R39] Times: IO: 0.000000; Setup: 15.539160; Compute: 14.622420; MPI: 4.354633; Total: 30.161582;
[R38] Times: IO: 0.000000; Setup: 15.534878; Compute: 14.628719; MPI: 4.302107; Total: 30.163601;
[R37] Times: IO: 0.000000; Setup: 15.529213; Compute: 14.636377; MPI: 4.309892; Total: 30.165594;
[R36] Times: IO: 0.000000; Setup: 15.524908; Compute: 14.642716; MPI: 4.238123; Total: 30.167629;
[R35] Times: IO: 0.000000; Setup: 15.520560; Compute: 14.649146; MPI: 4.337971; Total: 30.169710;
[R34] Times: IO: 0.000000; Setup: 15.516168; Compute: 14.655670; MPI: 4.544344; Total: 30.171846;
[R33] Times: IO: 0.000000; Setup: 15.511808; Compute: 14.662249; MPI: 4.904435; Total: 30.174063;
[R32] Times: IO: 0.000000; Setup: 15.507460; Compute: 14.668891; MPI: 5.232832; Total: 30.176355;
[R31] Times: IO: 0.000000; Setup: 15.503305; Compute: 14.675858; MPI: 5.776255; Total: 30.179172;
[R30] Times: IO: 0.000000; Setup: 15.499067; Compute: 14.682779; MPI: 5.780438; Total: 30.181855;
[R29] Times: IO: 0.000000; Setup: 15.494784; Compute: 14.689646; MPI: 5.838713; Total: 30.184434;
[R28] Times: IO: 0.000000; Setup: 15.489047; Compute: 14.698076; MPI: 5.792782; Total: 30.187127;
[R27] Times: IO: 0.000000; Setup: 15.484744; Compute: 14.705132; MPI: 5.891951; Total: 30.189882;
[R26] Times: IO: 0.000000; Setup: 15.480456; Compute: 14.712184; MPI: 6.133825; Total: 30.192647;
[R25] Times: IO: 0.000000; Setup: 15.476177; Compute: 14.719283; MPI: 6.512162; Total: 30.195465;
[R24] Times: IO: 0.000000; Setup: 15.471820; Compute: 14.726527; MPI: 6.908939; Total: 30.198351;
[R23] Times: IO: 0.000000; Setup: 15.467432; Compute: 14.734045; MPI: 7.491128; Total: 30.201480;
[R22] Times: IO: 0.000000; Setup: 15.463102; Compute: 14.741448; MPI: 7.527992; Total: 30.204555;
[R21] Times: IO: 0.000000; Setup: 15.458771; Compute: 14.748834; MPI: 7.564308; Total: 30.207613;
[R20] Times: IO: 0.000000; Setup: 15.453044; Compute: 14.757648; MPI: 7.733589; Total: 30.210698;
[R19] Times: IO: 0.000000; Setup: 15.448707; Compute: 14.765123; MPI: 7.885628; Total: 30.213837;
[R18] Times: IO: 0.000000; Setup: 15.444373; Compute: 14.772645; MPI: 8.018571; Total: 30.217022;
[R17] Times: IO: 0.000000; Setup: 15.440035; Compute: 14.780235; MPI: 8.373582; Total: 30.220276;
[R16] Times: IO: 0.000000; Setup: 15.435691; Compute: 14.787870; MPI: 8.632555; Total: 30.223565;
[R15] Times: IO: 0.000000; Setup: 15.431570; Compute: 14.796036; MPI: 10.015125; Total: 30.227610;
[R14] Times: IO: 0.000000; Setup: 15.428432; Compute: 14.802796; MPI: 10.069971; Total: 30.231232;
[R13] Times: IO: 0.000000; Setup: 15.425352; Compute: 14.809575; MPI: 10.174264; Total: 30.234934;
[R12] Times: IO: 0.000000; Setup: 15.422226; Compute: 14.816462; MPI: 10.317611; Total: 30.238694;
[R11] Times: IO: 0.000000; Setup: 15.419088; Compute: 14.823426; MPI: 10.502624; Total: 30.242518;
[R10] Times: IO: 0.000000; Setup: 15.415942; Compute: 14.830473; MPI: 10.749103; Total: 30.246420;
[R09] Times: IO: 0.000000; Setup: 15.412827; Compute: 14.837529; MPI: 11.046301; Total: 30.250361;
[R08] Times: IO: 0.000000; Setup: 15.409696; Compute: 14.844640; MPI: 11.403667; Total: 30.254340;
[R07] Times: IO: 0.000000; Setup: 15.407076; Compute: 14.852300; MPI: 13.191742; Total: 30.259378;
[R06] Times: IO: 0.000000; Setup: 15.404153; Compute: 14.859466; MPI: 13.289792; Total: 30.263623;
[R05] Times: IO: 0.000000; Setup: 15.401210; Compute: 14.866613; MPI: 13.407005; Total: 30.267828;
[R04] Times: IO: 0.000000; Setup: 15.398263; Compute: 14.873825; MPI: 13.561516; Total: 30.272094;
[R03] Times: IO: 0.000000; Setup: 15.395295; Compute: 14.881130; MPI: 13.784536; Total: 30.276429;
[R02] Times: IO: 0.000000; Setup: 15.392361; Compute: 14.888461; MPI: 14.088140; Total: 30.280828;
[R01] Times: IO: 0.000000; Setup: 15.389402; Compute: 14.895889; MPI: 14.429331; Total: 30.285295;
[R00] Times: IO: 15.068414; Setup: 0.398462; Compute: 14.639811; MPI: 14.571642; Total: 30.295472;
Mon Dec 12 22:01:13 CET 2016
