Solving the Ax=b system with Gaussian Elimination:
READ:  Matrix   (A) file name: "ge_data/size64x64.mat"
READ:  RHS      (b) file name: "ge_data/size64x64.vec"
WRITE: Solution (x) file name: "ge_data/size64x64.sol"
[R63] Times: IO: 0.000000; Setup: 0.138456; Compute: 0.688259; MPI: 0.688111; Total: 0.826723;
[R62] Times: IO: 0.000000; Setup: 0.138457; Compute: 0.688433; MPI: 0.688291; Total: 0.826899;
[R61] Times: IO: 0.000000; Setup: 0.138454; Compute: 0.688602; MPI: 0.688458; Total: 0.827073;
[R60] Times: IO: 0.000000; Setup: 0.138450; Compute: 0.688790; MPI: 0.688649; Total: 0.827253;
[R59] Times: IO: 0.000000; Setup: 0.138453; Compute: 0.688964; MPI: 0.688796; Total: 0.827422;
[R58] Times: IO: 0.000000; Setup: 0.138446; Compute: 0.689144; MPI: 0.688998; Total: 0.827599;
[R57] Times: IO: 0.000000; Setup: 0.138440; Compute: 0.689324; MPI: 0.689149; Total: 0.827769;
[R56] Times: IO: 0.000000; Setup: 0.138444; Compute: 0.689513; MPI: 0.689327; Total: 0.827966;
[R55] Times: IO: 0.000000; Setup: 0.138477; Compute: 0.689661; MPI: 0.689528; Total: 0.828152;
[R54] Times: IO: 0.000000; Setup: 0.138461; Compute: 0.689810; MPI: 0.689668; Total: 0.828284;
[R53] Times: IO: 0.000000; Setup: 0.138474; Compute: 0.689975; MPI: 0.689838; Total: 0.828456;
[R52] Times: IO: 0.000000; Setup: 0.138470; Compute: 0.690144; MPI: 0.690006; Total: 0.828621;
[R51] Times: IO: 0.000000; Setup: 0.138499; Compute: 0.690273; MPI: 0.690166; Total: 0.828775;
[R50] Times: IO: 0.000000; Setup: 0.138473; Compute: 0.690455; MPI: 0.690315; Total: 0.828941;
[R49] Times: IO: 0.000000; Setup: 0.138477; Compute: 0.690619; MPI: 0.690482; Total: 0.829106;
[R48] Times: IO: 0.000000; Setup: 0.138474; Compute: 0.690802; MPI: 0.690637; Total: 0.829282;
[R47] Times: IO: 0.000000; Setup: 0.139289; Compute: 0.690978; MPI: 0.690835; Total: 0.830279;
[R46] Times: IO: 0.000000; Setup: 0.139288; Compute: 0.691144; MPI: 0.691005; Total: 0.830440;
[R45] Times: IO: 0.000000; Setup: 0.139290; Compute: 0.691311; MPI: 0.691166; Total: 0.830606;
[R44] Times: IO: 0.000000; Setup: 0.139282; Compute: 0.691518; MPI: 0.691349; Total: 0.830815;
[R43] Times: IO: 0.000000; Setup: 0.139279; Compute: 0.691728; MPI: 0.691550; Total: 0.831022;
[R42] Times: IO: 0.000000; Setup: 0.139275; Compute: 0.691898; MPI: 0.691754; Total: 0.831184;
[R41] Times: IO: 0.000000; Setup: 0.139279; Compute: 0.692063; MPI: 0.691907; Total: 0.831349;
[R40] Times: IO: 0.000000; Setup: 0.139274; Compute: 0.692262; MPI: 0.692127; Total: 0.831547;
[R39] Times: IO: 0.000000; Setup: 0.139273; Compute: 0.692420; MPI: 0.692290; Total: 0.831700;
[R38] Times: IO: 0.000000; Setup: 0.139271; Compute: 0.692566; MPI: 0.692436; Total: 0.831851;
[R37] Times: IO: 0.000000; Setup: 0.139268; Compute: 0.692723; MPI: 0.692592; Total: 0.832000;
[R36] Times: IO: 0.000000; Setup: 0.139265; Compute: 0.692881; MPI: 0.692743; Total: 0.832153;
[R35] Times: IO: 0.000000; Setup: 0.139263; Compute: 0.693036; MPI: 0.692900; Total: 0.832305;
[R34] Times: IO: 0.000000; Setup: 0.139262; Compute: 0.693189; MPI: 0.693067; Total: 0.832458;
[R33] Times: IO: 0.000000; Setup: 0.139262; Compute: 0.693348; MPI: 0.693207; Total: 0.832616;
[R32] Times: IO: 0.000000; Setup: 0.139269; Compute: 0.693507; MPI: 0.693363; Total: 0.832781;
[R31] Times: IO: 0.000000; Setup: 0.139355; Compute: 0.693654; MPI: 0.693520; Total: 0.833014;
[R30] Times: IO: 0.000000; Setup: 0.139353; Compute: 0.693812; MPI: 0.693679; Total: 0.833172;
[R29] Times: IO: 0.000000; Setup: 0.139347; Compute: 0.693967; MPI: 0.693848; Total: 0.833321;
[R28] Times: IO: 0.000000; Setup: 0.139346; Compute: 0.694134; MPI: 0.694001; Total: 0.833489;
[R27] Times: IO: 0.000000; Setup: 0.139345; Compute: 0.694290; MPI: 0.694161; Total: 0.833641;
[R26] Times: IO: 0.000000; Setup: 0.139344; Compute: 0.694466; MPI: 0.694324; Total: 0.833814;
[R25] Times: IO: 0.000000; Setup: 0.139341; Compute: 0.694628; MPI: 0.694490; Total: 0.833978;
[R24] Times: IO: 0.000000; Setup: 0.139340; Compute: 0.694794; MPI: 0.694655; Total: 0.834142;
[R23] Times: IO: 0.000000; Setup: 0.138828; Compute: 0.694943; MPI: 0.694812; Total: 0.833775;
[R22] Times: IO: 0.000000; Setup: 0.138823; Compute: 0.695085; MPI: 0.694944; Total: 0.833915;
[R21] Times: IO: 0.000000; Setup: 0.138819; Compute: 0.695224; MPI: 0.695092; Total: 0.834048;
[R20] Times: IO: 0.000000; Setup: 0.138818; Compute: 0.695370; MPI: 0.695231; Total: 0.834196;
[R19] Times: IO: 0.000000; Setup: 0.138815; Compute: 0.695524; MPI: 0.695394; Total: 0.834346;
[R18] Times: IO: 0.000000; Setup: 0.138810; Compute: 0.695672; MPI: 0.695536; Total: 0.834489;
[R17] Times: IO: 0.000000; Setup: 0.138815; Compute: 0.695815; MPI: 0.695669; Total: 0.834634;
[R16] Times: IO: 0.000000; Setup: 0.138804; Compute: 0.695971; MPI: 0.695837; Total: 0.834779;
[R15] Times: IO: 0.000000; Setup: 0.139556; Compute: 0.696116; MPI: 0.695956; Total: 0.835679;
[R14] Times: IO: 0.000000; Setup: 0.139563; Compute: 0.696249; MPI: 0.696097; Total: 0.835821;
[R13] Times: IO: 0.000000; Setup: 0.139556; Compute: 0.696386; MPI: 0.696224; Total: 0.835947;
[R12] Times: IO: 0.000000; Setup: 0.139552; Compute: 0.696543; MPI: 0.696364; Total: 0.836106;
[R11] Times: IO: 0.000000; Setup: 0.139548; Compute: 0.696681; MPI: 0.696512; Total: 0.836238;
[R10] Times: IO: 0.000000; Setup: 0.139548; Compute: 0.696812; MPI: 0.696667; Total: 0.836369;
[R09] Times: IO: 0.000000; Setup: 0.139543; Compute: 0.696959; MPI: 0.696812; Total: 0.836511;
[R08] Times: IO: 0.000000; Setup: 0.139549; Compute: 0.697104; MPI: 0.696952; Total: 0.836657;
[R07] Times: IO: 0.000000; Setup: 0.139528; Compute: 0.697225; MPI: 0.697054; Total: 0.836763;
[R06] Times: IO: 0.000000; Setup: 0.139535; Compute: 0.697341; MPI: 0.697160; Total: 0.836889;
[R05] Times: IO: 0.000000; Setup: 0.139525; Compute: 0.697483; MPI: 0.697290; Total: 0.837019;
[R04] Times: IO: 0.000000; Setup: 0.139525; Compute: 0.697637; MPI: 0.697459; Total: 0.837172;
[R03] Times: IO: 0.000000; Setup: 0.139530; Compute: 0.697773; MPI: 0.697587; Total: 0.837311;
[R02] Times: IO: 0.000000; Setup: 0.139530; Compute: 0.697896; MPI: 0.697722; Total: 0.837438;
[R01] Times: IO: 0.000000; Setup: 0.139532; Compute: 0.698021; MPI: 0.697851; Total: 0.837563;
[R00] Times: IO: 0.004453; Setup: 0.136685; Compute: 0.698125; MPI: 0.697924; Total: 0.839286;
Mon Dec 12 21:59:24 CET 2016
Solving the Ax=b system with Gaussian Elimination:
READ:  Matrix   (A) file name: "ge_data/size512x512.mat"
READ:  RHS      (b) file name: "ge_data/size512x512.vec"
WRITE: Solution (x) file name: "ge_data/size512x512.sol"
[R63] Times: IO: 0.000000; Setup: 0.189972; Compute: 0.689493; MPI: 0.688404; Total: 0.879471;
[R62] Times: IO: 0.000000; Setup: 0.189959; Compute: 0.689684; MPI: 0.688638; Total: 0.879652;
[R61] Times: IO: 0.000000; Setup: 0.189960; Compute: 0.689851; MPI: 0.688740; Total: 0.879813;
[R60] Times: IO: 0.000000; Setup: 0.189959; Compute: 0.690029; MPI: 0.688942; Total: 0.879993;
[R59] Times: IO: 0.000000; Setup: 0.189937; Compute: 0.690207; MPI: 0.689024; Total: 0.880147;
[R58] Times: IO: 0.000000; Setup: 0.189928; Compute: 0.690383; MPI: 0.688967; Total: 0.880322;
[R57] Times: IO: 0.000000; Setup: 0.189919; Compute: 0.690573; MPI: 0.689029; Total: 0.880500;
[R56] Times: IO: 0.000000; Setup: 0.189912; Compute: 0.690764; MPI: 0.689418; Total: 0.880686;
[R55] Times: IO: 0.000000; Setup: 0.189898; Compute: 0.690932; MPI: 0.689993; Total: 0.880835;
[R54] Times: IO: 0.000000; Setup: 0.189888; Compute: 0.691087; MPI: 0.690040; Total: 0.880981;
[R53] Times: IO: 0.000000; Setup: 0.189879; Compute: 0.691243; MPI: 0.690223; Total: 0.881124;
[R52] Times: IO: 0.000000; Setup: 0.189874; Compute: 0.691415; MPI: 0.690382; Total: 0.881293;
[R51] Times: IO: 0.000000; Setup: 0.189847; Compute: 0.691581; MPI: 0.690574; Total: 0.881430;
[R50] Times: IO: 0.000000; Setup: 0.189849; Compute: 0.691749; MPI: 0.690660; Total: 0.881600;
[R49] Times: IO: 0.000000; Setup: 0.189854; Compute: 0.691916; MPI: 0.690845; Total: 0.881775;
[R48] Times: IO: 0.000000; Setup: 0.189845; Compute: 0.692087; MPI: 0.690531; Total: 0.881935;
[R47] Times: IO: 0.000000; Setup: 0.189295; Compute: 0.692250; MPI: 0.691403; Total: 0.881554;
[R46] Times: IO: 0.000000; Setup: 0.189292; Compute: 0.692418; MPI: 0.691540; Total: 0.881718;
[R45] Times: IO: 0.000000; Setup: 0.189279; Compute: 0.692591; MPI: 0.691575; Total: 0.881876;
[R44] Times: IO: 0.000000; Setup: 0.189267; Compute: 0.692778; MPI: 0.691815; Total: 0.882047;
[R43] Times: IO: 0.000000; Setup: 0.189263; Compute: 0.692950; MPI: 0.692092; Total: 0.882219;
[R42] Times: IO: 0.000000; Setup: 0.189249; Compute: 0.693119; MPI: 0.692186; Total: 0.882376;
[R41] Times: IO: 0.000000; Setup: 0.189238; Compute: 0.693298; MPI: 0.692194; Total: 0.882542;
[R40] Times: IO: 0.000000; Setup: 0.189231; Compute: 0.693484; MPI: 0.692321; Total: 0.882720;
[R39] Times: IO: 0.000000; Setup: 0.189190; Compute: 0.693655; MPI: 0.692752; Total: 0.882849;
[R38] Times: IO: 0.000000; Setup: 0.189183; Compute: 0.693828; MPI: 0.692956; Total: 0.883017;
[R37] Times: IO: 0.000000; Setup: 0.189174; Compute: 0.693984; MPI: 0.693069; Total: 0.883161;
[R36] Times: IO: 0.000000; Setup: 0.189174; Compute: 0.694150; MPI: 0.693287; Total: 0.883328;
[R35] Times: IO: 0.000000; Setup: 0.189125; Compute: 0.694315; MPI: 0.693434; Total: 0.883478;
[R34] Times: IO: 0.000000; Setup: 0.189155; Compute: 0.694466; MPI: 0.693416; Total: 0.883627;
[R33] Times: IO: 0.000000; Setup: 0.189123; Compute: 0.694621; MPI: 0.693754; Total: 0.883748;
[R32] Times: IO: 0.000000; Setup: 0.189102; Compute: 0.694804; MPI: 0.693655; Total: 0.883909;
[R31] Times: IO: 0.000000; Setup: 0.189450; Compute: 0.694954; MPI: 0.694155; Total: 0.884408;
[R30] Times: IO: 0.000000; Setup: 0.189438; Compute: 0.695138; MPI: 0.694346; Total: 0.884580;
[R29] Times: IO: 0.000000; Setup: 0.189433; Compute: 0.695300; MPI: 0.694470; Total: 0.884738;
[R28] Times: IO: 0.000000; Setup: 0.189416; Compute: 0.695487; MPI: 0.694545; Total: 0.884907;
[R27] Times: IO: 0.000000; Setup: 0.189411; Compute: 0.695649; MPI: 0.694523; Total: 0.885063;
[R26] Times: IO: 0.000000; Setup: 0.189400; Compute: 0.695820; MPI: 0.694672; Total: 0.885224;
[R25] Times: IO: 0.000000; Setup: 0.189399; Compute: 0.695985; MPI: 0.695054; Total: 0.885389;
[R24] Times: IO: 0.000000; Setup: 0.189396; Compute: 0.696168; MPI: 0.695253; Total: 0.885568;
[R23] Times: IO: 0.000000; Setup: 0.189335; Compute: 0.696329; MPI: 0.695453; Total: 0.885672;
[R22] Times: IO: 0.000000; Setup: 0.189327; Compute: 0.696476; MPI: 0.695715; Total: 0.885808;
[R21] Times: IO: 0.000000; Setup: 0.189313; Compute: 0.696628; MPI: 0.695793; Total: 0.885945;
[R20] Times: IO: 0.000000; Setup: 0.189311; Compute: 0.696795; MPI: 0.696029; Total: 0.886109;
[R19] Times: IO: 0.000000; Setup: 0.189303; Compute: 0.696941; MPI: 0.696346; Total: 0.886249;
[R18] Times: IO: 0.000000; Setup: 0.189293; Compute: 0.697101; MPI: 0.696523; Total: 0.886397;
[R17] Times: IO: 0.000000; Setup: 0.189287; Compute: 0.697247; MPI: 0.696588; Total: 0.886537;
[R16] Times: IO: 0.000000; Setup: 0.189278; Compute: 0.697411; MPI: 0.696927; Total: 0.886697;
[R15] Times: IO: 0.000000; Setup: 0.189381; Compute: 0.697580; MPI: 0.697166; Total: 0.886964;
[R14] Times: IO: 0.000000; Setup: 0.189365; Compute: 0.697751; MPI: 0.697157; Total: 0.887119;
[R13] Times: IO: 0.000000; Setup: 0.189359; Compute: 0.697942; MPI: 0.697564; Total: 0.887304;
[R12] Times: IO: 0.000000; Setup: 0.189342; Compute: 0.698130; MPI: 0.697766; Total: 0.887478;
[R11] Times: IO: 0.000000; Setup: 0.189318; Compute: 0.698304; MPI: 0.697959; Total: 0.887625;
[R10] Times: IO: 0.000000; Setup: 0.189283; Compute: 0.698478; MPI: 0.698133; Total: 0.887768;
[R09] Times: IO: 0.000000; Setup: 0.189263; Compute: 0.698652; MPI: 0.698333; Total: 0.887920;
[R08] Times: IO: 0.000000; Setup: 0.189235; Compute: 0.698848; MPI: 0.698544; Total: 0.888088;
[R07] Times: IO: 0.000000; Setup: 0.189521; Compute: 0.699008; MPI: 0.698714; Total: 0.888536;
[R06] Times: IO: 0.000000; Setup: 0.189493; Compute: 0.699172; MPI: 0.698909; Total: 0.888667;
[R05] Times: IO: 0.000000; Setup: 0.189470; Compute: 0.699328; MPI: 0.699064; Total: 0.888802;
[R04] Times: IO: 0.000000; Setup: 0.189441; Compute: 0.699504; MPI: 0.699264; Total: 0.888950;
[R03] Times: IO: 0.000000; Setup: 0.189419; Compute: 0.699665; MPI: 0.699443; Total: 0.889091;
[R02] Times: IO: 0.000000; Setup: 0.189391; Compute: 0.699832; MPI: 0.699635; Total: 0.889230;
[R01] Times: IO: 0.000000; Setup: 0.189366; Compute: 0.700004; MPI: 0.699821; Total: 0.889378;
[R00] Times: IO: 0.057473; Setup: 0.133269; Compute: 0.699471; MPI: 0.699311; Total: 0.891235;
Mon Dec 12 21:59:27 CET 2016
Solving the Ax=b system with Gaussian Elimination:
READ:  Matrix   (A) file name: "ge_data/size1024x1024.mat"
READ:  RHS      (b) file name: "ge_data/size1024x1024.vec"
WRITE: Solution (x) file name: "ge_data/size1024x1024.sol"
[R63] Times: IO: 0.000000; Setup: 0.347134; Compute: 0.959899; MPI: 0.953970; Total: 1.307039;
[R62] Times: IO: 0.000000; Setup: 0.347110; Compute: 0.960108; MPI: 0.954132; Total: 1.307223;
[R61] Times: IO: 0.000000; Setup: 0.347078; Compute: 0.960317; MPI: 0.954447; Total: 1.307402;
[R60] Times: IO: 0.000000; Setup: 0.347041; Compute: 0.960553; MPI: 0.954520; Total: 1.307597;
[R59] Times: IO: 0.000000; Setup: 0.346993; Compute: 0.960767; MPI: 0.954861; Total: 1.307766;
[R58] Times: IO: 0.000000; Setup: 0.346950; Compute: 0.960990; MPI: 0.955049; Total: 1.307951;
[R57] Times: IO: 0.000000; Setup: 0.346920; Compute: 0.961209; MPI: 0.955358; Total: 1.308134;
[R56] Times: IO: 0.000000; Setup: 0.346873; Compute: 0.961455; MPI: 0.955579; Total: 1.308334;
[R55] Times: IO: 0.000000; Setup: 0.346826; Compute: 0.961669; MPI: 0.956211; Total: 1.308502;
[R54] Times: IO: 0.000000; Setup: 0.346785; Compute: 0.961861; MPI: 0.956300; Total: 1.308652;
[R53] Times: IO: 0.000000; Setup: 0.346756; Compute: 0.962063; MPI: 0.956647; Total: 1.308823;
[R52] Times: IO: 0.000000; Setup: 0.346721; Compute: 0.962290; MPI: 0.956775; Total: 1.309019;
[R51] Times: IO: 0.000000; Setup: 0.346682; Compute: 0.962506; MPI: 0.957097; Total: 1.309192;
[R50] Times: IO: 0.000000; Setup: 0.346658; Compute: 0.962717; MPI: 0.957369; Total: 1.309378;
[R49] Times: IO: 0.000000; Setup: 0.346625; Compute: 0.962930; MPI: 0.957538; Total: 1.309562;
[R48] Times: IO: 0.000000; Setup: 0.346583; Compute: 0.963160; MPI: 0.957674; Total: 1.309745;
[R47] Times: IO: 0.000000; Setup: 0.346066; Compute: 0.963381; MPI: 0.957840; Total: 1.309451;
[R46] Times: IO: 0.000000; Setup: 0.346033; Compute: 0.963604; MPI: 0.958268; Total: 1.309644;
[R45] Times: IO: 0.000000; Setup: 0.345996; Compute: 0.963834; MPI: 0.958632; Total: 1.309836;
[R44] Times: IO: 0.000000; Setup: 0.345954; Compute: 0.964070; MPI: 0.958839; Total: 1.310030;
[R43] Times: IO: 0.000000; Setup: 0.345912; Compute: 0.964293; MPI: 0.958971; Total: 1.310210;
[R42] Times: IO: 0.000000; Setup: 0.345877; Compute: 0.964513; MPI: 0.959264; Total: 1.310395;
[R41] Times: IO: 0.000000; Setup: 0.345838; Compute: 0.964730; MPI: 0.959546; Total: 1.310573;
[R40] Times: IO: 0.000000; Setup: 0.345792; Compute: 0.964970; MPI: 0.959755; Total: 1.310768;
[R39] Times: IO: 0.000000; Setup: 0.345782; Compute: 0.965197; MPI: 0.960410; Total: 1.310983;
[R38] Times: IO: 0.000000; Setup: 0.345754; Compute: 0.965397; MPI: 0.960690; Total: 1.311157;
[R37] Times: IO: 0.000000; Setup: 0.345712; Compute: 0.965604; MPI: 0.960902; Total: 1.311320;
[R36] Times: IO: 0.000000; Setup: 0.345683; Compute: 0.965819; MPI: 0.960984; Total: 1.311505;
[R35] Times: IO: 0.000000; Setup: 0.345648; Compute: 0.966024; MPI: 0.961442; Total: 1.311676;
[R34] Times: IO: 0.000000; Setup: 0.345600; Compute: 0.966241; MPI: 0.961571; Total: 1.311844;
[R33] Times: IO: 0.000000; Setup: 0.345558; Compute: 0.966447; MPI: 0.961963; Total: 1.312008;
[R32] Times: IO: 0.000000; Setup: 0.345521; Compute: 0.966677; MPI: 0.962199; Total: 1.312202;
[R31] Times: IO: 0.000000; Setup: 0.345496; Compute: 0.966877; MPI: 0.962745; Total: 1.312377;
[R30] Times: IO: 0.000000; Setup: 0.345457; Compute: 0.967100; MPI: 0.962960; Total: 1.312562;
[R29] Times: IO: 0.000000; Setup: 0.345418; Compute: 0.967313; MPI: 0.963285; Total: 1.312741;
[R28] Times: IO: 0.000000; Setup: 0.345380; Compute: 0.967548; MPI: 0.963678; Total: 1.312935;
[R27] Times: IO: 0.000000; Setup: 0.345336; Compute: 0.967762; MPI: 0.963815; Total: 1.313106;
[R26] Times: IO: 0.000000; Setup: 0.345300; Compute: 0.967974; MPI: 0.964255; Total: 1.313279;
[R25] Times: IO: 0.000000; Setup: 0.345261; Compute: 0.968186; MPI: 0.964464; Total: 1.313451;
[R24] Times: IO: 0.000000; Setup: 0.345224; Compute: 0.968442; MPI: 0.964833; Total: 1.313669;
[R23] Times: IO: 0.000000; Setup: 0.345204; Compute: 0.968660; MPI: 0.965322; Total: 1.313868;
[R22] Times: IO: 0.000000; Setup: 0.345154; Compute: 0.968867; MPI: 0.965478; Total: 1.314023;
[R21] Times: IO: 0.000000; Setup: 0.345120; Compute: 0.969066; MPI: 0.965906; Total: 1.314189;
[R20] Times: IO: 0.000000; Setup: 0.345074; Compute: 0.969276; MPI: 0.966155; Total: 1.314354;
[R19] Times: IO: 0.000000; Setup: 0.345054; Compute: 0.969480; MPI: 0.966526; Total: 1.314537;
[R18] Times: IO: 0.000000; Setup: 0.345011; Compute: 0.969685; MPI: 0.966681; Total: 1.314698;
[R17] Times: IO: 0.000000; Setup: 0.344990; Compute: 0.969890; MPI: 0.967303; Total: 1.314883;
[R16] Times: IO: 0.000000; Setup: 0.344853; Compute: 0.970125; MPI: 0.967548; Total: 1.314981;
[R15] Times: IO: 0.000000; Setup: 0.345508; Compute: 0.970383; MPI: 0.968050; Total: 1.315894;
[R14] Times: IO: 0.000000; Setup: 0.345412; Compute: 0.970670; MPI: 0.968447; Total: 1.316084;
[R13] Times: IO: 0.000000; Setup: 0.345296; Compute: 0.970950; MPI: 0.968847; Total: 1.316254;
[R12] Times: IO: 0.000000; Setup: 0.345185; Compute: 0.971259; MPI: 0.969277; Total: 1.316446;
[R11] Times: IO: 0.000000; Setup: 0.345080; Compute: 0.971537; MPI: 0.969702; Total: 1.316622;
[R10] Times: IO: 0.000000; Setup: 0.344979; Compute: 0.971835; MPI: 0.970119; Total: 1.316819;
[R09] Times: IO: 0.000000; Setup: 0.344872; Compute: 0.972115; MPI: 0.970494; Total: 1.316992;
[R08] Times: IO: 0.000000; Setup: 0.344764; Compute: 0.972438; MPI: 0.970983; Total: 1.317210;
[R07] Times: IO: 0.000000; Setup: 0.344652; Compute: 0.972720; MPI: 0.971402; Total: 1.317379;
[R06] Times: IO: 0.000000; Setup: 0.344535; Compute: 0.972998; MPI: 0.971817; Total: 1.317540;
[R05] Times: IO: 0.000000; Setup: 0.344421; Compute: 0.973269; MPI: 0.972241; Total: 1.317694;
[R04] Times: IO: 0.000000; Setup: 0.344301; Compute: 0.973563; MPI: 0.972648; Total: 1.317867;
[R03] Times: IO: 0.000000; Setup: 0.344187; Compute: 0.973831; MPI: 0.973027; Total: 1.318021;
[R02] Times: IO: 0.000000; Setup: 0.344081; Compute: 0.974101; MPI: 0.973509; Total: 1.318190;
[R01] Times: IO: 0.000000; Setup: 0.343979; Compute: 0.974368; MPI: 0.973929; Total: 1.318352;
[R00] Times: IO: 0.212089; Setup: 0.135194; Compute: 0.971171; MPI: 0.970830; Total: 1.321536;
Mon Dec 12 21:59:29 CET 2016
Solving the Ax=b system with Gaussian Elimination:
READ:  Matrix   (A) file name: "ge_data/size2048x2048.mat"
READ:  RHS      (b) file name: "ge_data/size2048x2048.vec"
WRITE: Solution (x) file name: "ge_data/size2048x2048.sol"
[R63] Times: IO: 0.000000; Setup: 1.000808; Compute: 0.841917; MPI: 0.785290; Total: 1.842734;
[R62] Times: IO: 0.000000; Setup: 1.000298; Compute: 0.842622; MPI: 0.785803; Total: 1.842924;
[R61] Times: IO: 0.000000; Setup: 0.999814; Compute: 0.843275; MPI: 0.788092; Total: 1.843092;
[R60] Times: IO: 0.000000; Setup: 0.999332; Compute: 0.843976; MPI: 0.787501; Total: 1.843315;
[R59] Times: IO: 0.000000; Setup: 0.998820; Compute: 0.844667; MPI: 0.789517; Total: 1.843492;
[R58] Times: IO: 0.000000; Setup: 0.998325; Compute: 0.845357; MPI: 0.791225; Total: 1.843685;
[R57] Times: IO: 0.000000; Setup: 0.997827; Compute: 0.846053; MPI: 0.789557; Total: 1.843885;
[R56] Times: IO: 0.000000; Setup: 0.997320; Compute: 0.846769; MPI: 0.791525; Total: 1.844093;
[R55] Times: IO: 0.000000; Setup: 0.996799; Compute: 0.847445; MPI: 0.796782; Total: 1.844247;
[R54] Times: IO: 0.000000; Setup: 0.996296; Compute: 0.848117; MPI: 0.798838; Total: 1.844416;
[R53] Times: IO: 0.000000; Setup: 0.995850; Compute: 0.848754; MPI: 0.798488; Total: 1.844608;
[R52] Times: IO: 0.000000; Setup: 0.995385; Compute: 0.849401; MPI: 0.799573; Total: 1.844789;
[R51] Times: IO: 0.000000; Setup: 0.994957; Compute: 0.850035; MPI: 0.799774; Total: 1.844995;
[R50] Times: IO: 0.000000; Setup: 0.994506; Compute: 0.850696; MPI: 0.800447; Total: 1.845206;
[R49] Times: IO: 0.000000; Setup: 0.994041; Compute: 0.851368; MPI: 0.801616; Total: 1.845413;
[R48] Times: IO: 0.000000; Setup: 0.993551; Compute: 0.852053; MPI: 0.802102; Total: 1.845607;
[R47] Times: IO: 0.000000; Setup: 0.993938; Compute: 0.852761; MPI: 0.801311; Total: 1.846703;
[R46] Times: IO: 0.000000; Setup: 0.993520; Compute: 0.853412; MPI: 0.804079; Total: 1.846937;
[R45] Times: IO: 0.000000; Setup: 0.993047; Compute: 0.854099; MPI: 0.803444; Total: 1.847150;
[R44] Times: IO: 0.000000; Setup: 0.992565; Compute: 0.854846; MPI: 0.803982; Total: 1.847413;
[R43] Times: IO: 0.000000; Setup: 0.992112; Compute: 0.855545; MPI: 0.803930; Total: 1.847663;
[R42] Times: IO: 0.000000; Setup: 0.991649; Compute: 0.856237; MPI: 0.805063; Total: 1.847891;
[R41] Times: IO: 0.000000; Setup: 0.991207; Compute: 0.856927; MPI: 0.807256; Total: 1.848137;
[R40] Times: IO: 0.000000; Setup: 0.990734; Compute: 0.857652; MPI: 0.808701; Total: 1.848389;
[R39] Times: IO: 0.000000; Setup: 0.990261; Compute: 0.858367; MPI: 0.812550; Total: 1.848631;
[R38] Times: IO: 0.000000; Setup: 0.989809; Compute: 0.859054; MPI: 0.812782; Total: 1.848867;
[R37] Times: IO: 0.000000; Setup: 0.989329; Compute: 0.859784; MPI: 0.814791; Total: 1.849117;
[R36] Times: IO: 0.000000; Setup: 0.988907; Compute: 0.860459; MPI: 0.817925; Total: 1.849369;
[R35] Times: IO: 0.000000; Setup: 0.988472; Compute: 0.861135; MPI: 0.818615; Total: 1.849611;
[R34] Times: IO: 0.000000; Setup: 0.988006; Compute: 0.861839; MPI: 0.820099; Total: 1.849846;
[R33] Times: IO: 0.000000; Setup: 0.987576; Compute: 0.862506; MPI: 0.822042; Total: 1.850085;
[R32] Times: IO: 0.000000; Setup: 0.987106; Compute: 0.863239; MPI: 0.821873; Total: 1.850348;
[R31] Times: IO: 0.000000; Setup: 0.985968; Compute: 0.863982; MPI: 0.823723; Total: 1.849953;
[R30] Times: IO: 0.000000; Setup: 0.985507; Compute: 0.864717; MPI: 0.824995; Total: 1.850228;
[R29] Times: IO: 0.000000; Setup: 0.985006; Compute: 0.865455; MPI: 0.827122; Total: 1.850464;
[R28] Times: IO: 0.000000; Setup: 0.984549; Compute: 0.866224; MPI: 0.827464; Total: 1.850777;
[R27] Times: IO: 0.000000; Setup: 0.984076; Compute: 0.866973; MPI: 0.830610; Total: 1.851054;
[R26] Times: IO: 0.000000; Setup: 0.983591; Compute: 0.867763; MPI: 0.831016; Total: 1.851357;
[R25] Times: IO: 0.000000; Setup: 0.983179; Compute: 0.868502; MPI: 0.833283; Total: 1.851685;
[R24] Times: IO: 0.000000; Setup: 0.982687; Compute: 0.869268; MPI: 0.835328; Total: 1.851957;
[R23] Times: IO: 0.000000; Setup: 0.982203; Compute: 0.870004; MPI: 0.837937; Total: 1.852209;
[R22] Times: IO: 0.000000; Setup: 0.981749; Compute: 0.870734; MPI: 0.838597; Total: 1.852487;
[R21] Times: IO: 0.000000; Setup: 0.981293; Compute: 0.871465; MPI: 0.840080; Total: 1.852761;
[R20] Times: IO: 0.000000; Setup: 0.980833; Compute: 0.872201; MPI: 0.840736; Total: 1.853040;
[R19] Times: IO: 0.000000; Setup: 0.980368; Compute: 0.872935; MPI: 0.843011; Total: 1.853308;
[R18] Times: IO: 0.000000; Setup: 0.979894; Compute: 0.873686; MPI: 0.846951; Total: 1.853583;
[R17] Times: IO: 0.000000; Setup: 0.979412; Compute: 0.874455; MPI: 0.847785; Total: 1.853872;
[R16] Times: IO: 0.000000; Setup: 0.978925; Compute: 0.875242; MPI: 0.850210; Total: 1.854172;
[R15] Times: IO: 0.000000; Setup: 0.979075; Compute: 0.876083; MPI: 0.852502; Total: 1.855164;
[R14] Times: IO: 0.000000; Setup: 0.978741; Compute: 0.876736; MPI: 0.854184; Total: 1.855486;
[R13] Times: IO: 0.000000; Setup: 0.978398; Compute: 0.877393; MPI: 0.856163; Total: 1.855799;
[R12] Times: IO: 0.000000; Setup: 0.978060; Compute: 0.878094; MPI: 0.858189; Total: 1.856160;
[R11] Times: IO: 0.000000; Setup: 0.977723; Compute: 0.878802; MPI: 0.860204; Total: 1.856530;
[R10] Times: IO: 0.000000; Setup: 0.977379; Compute: 0.879459; MPI: 0.862493; Total: 1.856845;
[R09] Times: IO: 0.000000; Setup: 0.977048; Compute: 0.880121; MPI: 0.864454; Total: 1.857178;
[R08] Times: IO: 0.000000; Setup: 0.976715; Compute: 0.880816; MPI: 0.866786; Total: 1.857539;
[R07] Times: IO: 0.000000; Setup: 0.975864; Compute: 0.881475; MPI: 0.869128; Total: 1.857342;
[R06] Times: IO: 0.000000; Setup: 0.975593; Compute: 0.882113; MPI: 0.871191; Total: 1.857709;
[R05] Times: IO: 0.000000; Setup: 0.975261; Compute: 0.882754; MPI: 0.873421; Total: 1.858019;
[R04] Times: IO: 0.000000; Setup: 0.974927; Compute: 0.883402; MPI: 0.875494; Total: 1.858334;
[R03] Times: IO: 0.000000; Setup: 0.974533; Compute: 0.884037; MPI: 0.877672; Total: 1.858574;
[R02] Times: IO: 0.000000; Setup: 0.974177; Compute: 0.884675; MPI: 0.879993; Total: 1.858857;
[R01] Times: IO: 0.000000; Setup: 0.973934; Compute: 0.885312; MPI: 0.882284; Total: 1.859251;
[R00] Times: IO: 0.831125; Setup: 0.160663; Compute: 0.858141; MPI: 0.856503; Total: 1.861994;
Mon Dec 12 21:59:33 CET 2016
Solving the Ax=b system with Gaussian Elimination:
READ:  Matrix   (A) file name: "ge_data/size4096x4096.mat"
READ:  RHS      (b) file name: "ge_data/size4096x4096.vec"
WRITE: Solution (x) file name: "ge_data/size4096x4096.sol"
[R63] Times: IO: 0.000000; Setup: 3.542251; Compute: 1.081905; MPI: 0.620064; Total: 4.624159;
[R62] Times: IO: 0.000000; Setup: 3.540886; Compute: 1.083487; MPI: 0.619501; Total: 4.624379;
[R61] Times: IO: 0.000000; Setup: 3.539567; Compute: 1.085021; MPI: 0.622686; Total: 4.624597;
[R60] Times: IO: 0.000000; Setup: 3.538203; Compute: 1.086665; MPI: 0.620455; Total: 4.624871;
[R59] Times: IO: 0.000000; Setup: 3.536824; Compute: 1.088303; MPI: 0.622311; Total: 4.625136;
[R58] Times: IO: 0.000000; Setup: 3.535508; Compute: 1.089892; MPI: 0.625772; Total: 4.625408;
[R57] Times: IO: 0.000000; Setup: 3.534104; Compute: 1.091587; MPI: 0.628840; Total: 4.625698;
[R56] Times: IO: 0.000000; Setup: 3.532746; Compute: 1.093260; MPI: 0.634431; Total: 4.626016;
[R55] Times: IO: 0.000000; Setup: 3.531358; Compute: 1.094913; MPI: 0.636924; Total: 4.626276;
[R54] Times: IO: 0.000000; Setup: 3.530004; Compute: 1.096539; MPI: 0.637956; Total: 4.626547;
[R53] Times: IO: 0.000000; Setup: 3.528604; Compute: 1.098219; MPI: 0.628592; Total: 4.626830;
[R52] Times: IO: 0.000000; Setup: 3.527239; Compute: 1.099916; MPI: 0.644450; Total: 4.627158;
[R51] Times: IO: 0.000000; Setup: 3.525870; Compute: 1.101646; MPI: 0.648997; Total: 4.627524;
[R50] Times: IO: 0.000000; Setup: 3.524463; Compute: 1.103395; MPI: 0.652684; Total: 4.627861;
[R49] Times: IO: 0.000000; Setup: 3.523121; Compute: 1.105145; MPI: 0.658083; Total: 4.628269;
[R48] Times: IO: 0.000000; Setup: 3.521760; Compute: 1.106926; MPI: 0.651166; Total: 4.628692;
[R47] Times: IO: 0.000000; Setup: 3.520461; Compute: 1.108888; MPI: 0.673212; Total: 4.629355;
[R46] Times: IO: 0.000000; Setup: 3.519063; Compute: 1.110750; MPI: 0.676895; Total: 4.629819;
[R45] Times: IO: 0.000000; Setup: 3.517682; Compute: 1.112618; MPI: 0.681892; Total: 4.630306;
[R44] Times: IO: 0.000000; Setup: 3.516284; Compute: 1.114547; MPI: 0.685940; Total: 4.630834;
[R43] Times: IO: 0.000000; Setup: 3.514889; Compute: 1.116474; MPI: 0.692435; Total: 4.631367;
[R42] Times: IO: 0.000000; Setup: 3.513510; Compute: 1.118393; MPI: 0.699402; Total: 4.631905;
[R41] Times: IO: 0.000000; Setup: 3.512086; Compute: 1.120349; MPI: 0.704134; Total: 4.632438;
[R40] Times: IO: 0.000000; Setup: 3.510704; Compute: 1.122314; MPI: 0.716482; Total: 4.633021;
[R39] Times: IO: 0.000000; Setup: 3.509312; Compute: 1.124300; MPI: 0.721761; Total: 4.633616;
[R38] Times: IO: 0.000000; Setup: 3.507952; Compute: 1.126255; MPI: 0.726818; Total: 4.634210;
[R37] Times: IO: 0.000000; Setup: 3.506564; Compute: 1.128244; MPI: 0.733868; Total: 4.634811;
[R36] Times: IO: 0.000000; Setup: 3.505173; Compute: 1.130256; MPI: 0.740309; Total: 4.635433;
[R35] Times: IO: 0.000000; Setup: 3.503776; Compute: 1.132295; MPI: 0.748863; Total: 4.636075;
[R34] Times: IO: 0.000000; Setup: 3.502385; Compute: 1.134326; MPI: 0.757947; Total: 4.636715;
[R33] Times: IO: 0.000000; Setup: 3.501009; Compute: 1.136337; MPI: 0.766749; Total: 4.637349;
[R32] Times: IO: 0.000000; Setup: 3.499615; Compute: 1.138393; MPI: 0.764511; Total: 4.638010;
[R31] Times: IO: 0.000000; Setup: 3.498249; Compute: 1.140548; MPI: 0.786156; Total: 4.638803;
[R30] Times: IO: 0.000000; Setup: 3.496846; Compute: 1.142673; MPI: 0.794069; Total: 4.639526;
[R29] Times: IO: 0.000000; Setup: 3.495501; Compute: 1.144766; MPI: 0.803833; Total: 4.640272;
[R28] Times: IO: 0.000000; Setup: 3.494097; Compute: 1.146961; MPI: 0.813568; Total: 4.641064;
[R27] Times: IO: 0.000000; Setup: 3.492698; Compute: 1.149164; MPI: 0.823471; Total: 4.641867;
[R26] Times: IO: 0.000000; Setup: 3.491324; Compute: 1.151351; MPI: 0.834680; Total: 4.642679;
[R25] Times: IO: 0.000000; Setup: 3.489941; Compute: 1.153532; MPI: 0.847057; Total: 4.643475;
[R24] Times: IO: 0.000000; Setup: 3.488585; Compute: 1.155733; MPI: 0.857934; Total: 4.644321;
[R23] Times: IO: 0.000000; Setup: 3.487146; Compute: 1.157948; MPI: 0.864199; Total: 4.645099;
[R22] Times: IO: 0.000000; Setup: 3.485748; Compute: 1.160118; MPI: 0.874808; Total: 4.645869;
[R21] Times: IO: 0.000000; Setup: 3.484337; Compute: 1.162323; MPI: 0.886395; Total: 4.646663;
[R20] Times: IO: 0.000000; Setup: 3.482926; Compute: 1.164538; MPI: 0.897923; Total: 4.647470;
[R19] Times: IO: 0.000000; Setup: 3.481516; Compute: 1.166768; MPI: 0.911243; Total: 4.648287;
[R18] Times: IO: 0.000000; Setup: 3.480098; Compute: 1.169012; MPI: 0.913864; Total: 4.649114;
[R17] Times: IO: 0.000000; Setup: 3.478688; Compute: 1.171240; MPI: 0.935322; Total: 4.649932;
[R16] Times: IO: 0.000000; Setup: 3.477266; Compute: 1.173504; MPI: 0.945367; Total: 4.650774;
[R15] Times: IO: 0.000000; Setup: 3.475741; Compute: 1.175973; MPI: 0.971956; Total: 4.651718;
[R14] Times: IO: 0.000000; Setup: 3.475061; Compute: 1.177666; MPI: 0.970074; Total: 4.652730;
[R13] Times: IO: 0.000000; Setup: 3.474381; Compute: 1.179355; MPI: 0.996527; Total: 4.653742;
[R12] Times: IO: 0.000000; Setup: 3.473692; Compute: 1.181074; MPI: 1.009368; Total: 4.654772;
[R11] Times: IO: 0.000000; Setup: 3.473030; Compute: 1.182811; MPI: 1.023302; Total: 4.655846;
[R10] Times: IO: 0.000000; Setup: 3.472356; Compute: 1.184497; MPI: 1.037910; Total: 4.656857;
[R09] Times: IO: 0.000000; Setup: 3.471723; Compute: 1.186155; MPI: 1.052076; Total: 4.657881;
[R08] Times: IO: 0.000000; Setup: 3.471149; Compute: 1.187798; MPI: 1.066502; Total: 4.658950;
[R07] Times: IO: 0.000000; Setup: 3.470568; Compute: 1.189480; MPI: 1.084033; Total: 4.660052;
[R06] Times: IO: 0.000000; Setup: 3.469929; Compute: 1.191244; MPI: 1.098305; Total: 4.661178;
[R05] Times: IO: 0.000000; Setup: 3.469294; Compute: 1.193014; MPI: 1.113197; Total: 4.662311;
[R04] Times: IO: 0.000000; Setup: 3.468647; Compute: 1.194804; MPI: 1.128245; Total: 4.663457;
[R03] Times: IO: 0.000000; Setup: 3.467988; Compute: 1.196628; MPI: 1.143879; Total: 4.664620;
[R02] Times: IO: 0.000000; Setup: 3.467337; Compute: 1.198419; MPI: 1.159885; Total: 4.665759;
[R01] Times: IO: 0.000000; Setup: 3.466687; Compute: 1.200214; MPI: 1.175956; Total: 4.666909;
[R00] Times: IO: 3.289656; Setup: 0.210886; Compute: 1.124905; MPI: 1.115086; Total: 4.672894;
Mon Dec 12 21:59:39 CET 2016
Solving the Ax=b system with Gaussian Elimination:
READ:  Matrix   (A) file name: "ge_data/size8192x8192.mat"
READ:  RHS      (b) file name: "ge_data/size8192x8192.vec"
WRITE: Solution (x) file name: "ge_data/size8192x8192.sol"
[R63] Times: IO: 0.000000; Setup: 15.327447; Compute: 14.809931; MPI: 2.531322; Total: 30.137388;
[R62] Times: IO: 0.000000; Setup: 15.323100; Compute: 14.814581; MPI: 2.361053; Total: 30.137684;
[R61] Times: IO: 0.000000; Setup: 15.317517; Compute: 14.820541; MPI: 2.283123; Total: 30.138061;
[R60] Times: IO: 0.000000; Setup: 15.313243; Compute: 14.825336; MPI: 2.192172; Total: 30.138586;
[R59] Times: IO: 0.000000; Setup: 15.308990; Compute: 14.830127; MPI: 2.143761; Total: 30.139124;
[R58] Times: IO: 0.000000; Setup: 15.304716; Compute: 14.834993; MPI: 2.271882; Total: 30.139712;
[R57] Times: IO: 0.000000; Setup: 15.300464; Compute: 14.839893; MPI: 2.747879; Total: 30.140361;
[R56] Times: IO: 0.000000; Setup: 15.296211; Compute: 14.844879; MPI: 3.244879; Total: 30.141095;
[R55] Times: IO: 0.000000; Setup: 15.291826; Compute: 14.849741; MPI: 2.637848; Total: 30.141572;
[R54] Times: IO: 0.000000; Setup: 15.287579; Compute: 14.854758; MPI: 2.467114; Total: 30.142341;
[R53] Times: IO: 0.000000; Setup: 15.281920; Compute: 14.861310; MPI: 2.315325; Total: 30.143233;
[R52] Times: IO: 0.000000; Setup: 15.277605; Compute: 14.866595; MPI: 2.194464; Total: 30.144206;
[R51] Times: IO: 0.000000; Setup: 15.273323; Compute: 14.871909; MPI: 2.194330; Total: 30.145237;
[R50] Times: IO: 0.000000; Setup: 15.269033; Compute: 14.877278; MPI: 2.487867; Total: 30.146319;
[R49] Times: IO: 0.000000; Setup: 15.264643; Compute: 14.882815; MPI: 2.786801; Total: 30.147465;
[R48] Times: IO: 0.000000; Setup: 15.260313; Compute: 14.888369; MPI: 2.968879; Total: 30.148688;
[R47] Times: IO: 0.000000; Setup: 15.256612; Compute: 14.894298; MPI: 2.405340; Total: 30.150914;
[R46] Times: IO: 0.000000; Setup: 15.252363; Compute: 14.900063; MPI: 2.305667; Total: 30.152431;
[R45] Times: IO: 0.000000; Setup: 15.246674; Compute: 14.907222; MPI: 2.421804; Total: 30.153902;
[R44] Times: IO: 0.000000; Setup: 15.242419; Compute: 14.913052; MPI: 2.616403; Total: 30.155474;
[R43] Times: IO: 0.000000; Setup: 15.238155; Compute: 14.918975; MPI: 2.338738; Total: 30.157133;
[R42] Times: IO: 0.000000; Setup: 15.233898; Compute: 14.924925; MPI: 2.614115; Total: 30.158827;
[R41] Times: IO: 0.000000; Setup: 15.229622; Compute: 14.930932; MPI: 2.922946; Total: 30.160559;
[R40] Times: IO: 0.000000; Setup: 15.225346; Compute: 14.937024; MPI: 2.939179; Total: 30.162375;
[R39] Times: IO: 0.000000; Setup: 15.221218; Compute: 14.943355; MPI: 4.513834; Total: 30.164576;
[R38] Times: IO: 0.000000; Setup: 15.216940; Compute: 14.949678; MPI: 4.474961; Total: 30.166620;
[R37] Times: IO: 0.000000; Setup: 15.211286; Compute: 14.957331; MPI: 4.464503; Total: 30.168622;
[R36] Times: IO: 0.000000; Setup: 15.207031; Compute: 14.963626; MPI: 4.540573; Total: 30.170659;
[R35] Times: IO: 0.000000; Setup: 15.202734; Compute: 14.970021; MPI: 4.528381; Total: 30.172759;
[R34] Times: IO: 0.000000; Setup: 15.198434; Compute: 14.976476; MPI: 4.726585; Total: 30.174916;
[R33] Times: IO: 0.000000; Setup: 15.194151; Compute: 14.982940; MPI: 5.045721; Total: 30.177094;
[R32] Times: IO: 0.000000; Setup: 15.189793; Compute: 14.989590; MPI: 5.289425; Total: 30.179387;
[R31] Times: IO: 0.000000; Setup: 15.185570; Compute: 14.996391; MPI: 6.068819; Total: 30.181966;
[R30] Times: IO: 0.000000; Setup: 15.181311; Compute: 15.003246; MPI: 6.067457; Total: 30.184564;
[R29] Times: IO: 0.000000; Setup: 15.177083; Compute: 15.010063; MPI: 6.067778; Total: 30.187152;
[R28] Times: IO: 0.000000; Setup: 15.171398; Compute: 15.018418; MPI: 6.138514; Total: 30.189823;
[R27] Times: IO: 0.000000; Setup: 15.167138; Compute: 15.025411; MPI: 6.290389; Total: 30.192552;
[R26] Times: IO: 0.000000; Setup: 15.162882; Compute: 15.032442; MPI: 6.496483; Total: 30.195328;
[R25] Times: IO: 0.000000; Setup: 15.158577; Compute: 15.039552; MPI: 6.797919; Total: 30.198132;
[R24] Times: IO: 0.000000; Setup: 15.154342; Compute: 15.046626; MPI: 7.110255; Total: 30.200972;
[R23] Times: IO: 0.000000; Setup: 15.150045; Compute: 15.053855; MPI: 8.024635; Total: 30.203905;
[R22] Times: IO: 0.000000; Setup: 15.145712; Compute: 15.061201; MPI: 8.048887; Total: 30.206918;
[R21] Times: IO: 0.000000; Setup: 15.141364; Compute: 15.068556; MPI: 8.115233; Total: 30.209925;
[R20] Times: IO: 0.000000; Setup: 15.135631; Compute: 15.077356; MPI: 8.201931; Total: 30.212991;
[R19] Times: IO: 0.000000; Setup: 15.131291; Compute: 15.084829; MPI: 8.343287; Total: 30.216125;
[R18] Times: IO: 0.000000; Setup: 15.126979; Compute: 15.092321; MPI: 8.588304; Total: 30.219303;
[R17] Times: IO: 0.000000; Setup: 15.122631; Compute: 15.099879; MPI: 8.896019; Total: 30.222514;
[R16] Times: IO: 0.000000; Setup: 15.118298; Compute: 15.107536; MPI: 9.216513; Total: 30.225838;
[R15] Times: IO: 0.000000; Setup: 15.113999; Compute: 15.115565; MPI: 10.278196; Total: 30.229567;
[R14] Times: IO: 0.000000; Setup: 15.110887; Compute: 15.122339; MPI: 10.355511; Total: 30.233229;
[R13] Times: IO: 0.000000; Setup: 15.107776; Compute: 15.129091; MPI: 10.477620; Total: 30.236870;
[R12] Times: IO: 0.000000; Setup: 15.104628; Compute: 15.136010; MPI: 10.585028; Total: 30.240645;
[R11] Times: IO: 0.000000; Setup: 15.101492; Compute: 15.142972; MPI: 10.784798; Total: 30.244470;
[R10] Times: IO: 0.000000; Setup: 15.098363; Compute: 15.149957; MPI: 11.047232; Total: 30.248323;
[R09] Times: IO: 0.000000; Setup: 15.095236; Compute: 15.156996; MPI: 11.338413; Total: 30.252240;
[R08] Times: IO: 0.000000; Setup: 15.092106; Compute: 15.164107; MPI: 11.702943; Total: 30.256220;
[R07] Times: IO: 0.000000; Setup: 15.088931; Compute: 15.171359; MPI: 13.520761; Total: 30.260296;
[R06] Times: IO: 0.000000; Setup: 15.086003; Compute: 15.178473; MPI: 13.610351; Total: 30.264482;
[R05] Times: IO: 0.000000; Setup: 15.083092; Compute: 15.185565; MPI: 13.717143; Total: 30.268659;
[R04] Times: IO: 0.000000; Setup: 15.080148; Compute: 15.192760; MPI: 13.892668; Total: 30.272913;
[R03] Times: IO: 0.000000; Setup: 15.077179; Compute: 15.200057; MPI: 14.094522; Total: 30.277241;
[R02] Times: IO: 0.000000; Setup: 15.074230; Compute: 15.207390; MPI: 14.393350; Total: 30.281625;
[R01] Times: IO: 0.000000; Setup: 15.071271; Compute: 15.214775; MPI: 14.743464; Total: 30.286052;
[R00] Times: IO: 14.751247; Setup: 0.397170; Compute: 14.959208; MPI: 14.891294; Total: 30.296834;
Mon Dec 12 22:00:10 CET 2016
