Solving the Ax=b system with Gaussian Elimination:
READ:  Matrix   (A) file name: "ge_data/size64x64.mat"
READ:  RHS      (b) file name: "ge_data/size64x64.vec"
WRITE: Solution (x) file name: "ge_data/size64x64.sol"
[R63] Times: IO: 0.000000; Setup: 0.135262; Compute: 0.687187; MPI: 0.687059; Total: 0.822453;
[R62] Times: IO: 0.000000; Setup: 0.135262; Compute: 0.687366; MPI: 0.687226; Total: 0.822634;
[R61] Times: IO: 0.000000; Setup: 0.135263; Compute: 0.687528; MPI: 0.687369; Total: 0.822800;
[R60] Times: IO: 0.000000; Setup: 0.135253; Compute: 0.687716; MPI: 0.687553; Total: 0.822978;
[R59] Times: IO: 0.000000; Setup: 0.135248; Compute: 0.687889; MPI: 0.687718; Total: 0.823143;
[R58] Times: IO: 0.000000; Setup: 0.135252; Compute: 0.688065; MPI: 0.687911; Total: 0.823325;
[R57] Times: IO: 0.000000; Setup: 0.135249; Compute: 0.688236; MPI: 0.688106; Total: 0.823492;
[R56] Times: IO: 0.000000; Setup: 0.135252; Compute: 0.688429; MPI: 0.688280; Total: 0.823686;
[R55] Times: IO: 0.000000; Setup: 0.135210; Compute: 0.688581; MPI: 0.688438; Total: 0.823803;
[R54] Times: IO: 0.000000; Setup: 0.135210; Compute: 0.688736; MPI: 0.688609; Total: 0.823951;
[R53] Times: IO: 0.000000; Setup: 0.135209; Compute: 0.688882; MPI: 0.688742; Total: 0.824104;
[R52] Times: IO: 0.000000; Setup: 0.135203; Compute: 0.689052; MPI: 0.688928; Total: 0.824263;
[R51] Times: IO: 0.000000; Setup: 0.135202; Compute: 0.689221; MPI: 0.689090; Total: 0.824432;
[R50] Times: IO: 0.000000; Setup: 0.135202; Compute: 0.689379; MPI: 0.689244; Total: 0.824594;
[R49] Times: IO: 0.000000; Setup: 0.135202; Compute: 0.689557; MPI: 0.689421; Total: 0.824769;
[R48] Times: IO: 0.000000; Setup: 0.135207; Compute: 0.689732; MPI: 0.689596; Total: 0.824946;
[R47] Times: IO: 0.000000; Setup: 0.135512; Compute: 0.689897; MPI: 0.689769; Total: 0.825413;
[R46] Times: IO: 0.000000; Setup: 0.135507; Compute: 0.690065; MPI: 0.689934; Total: 0.825577;
[R45] Times: IO: 0.000000; Setup: 0.135506; Compute: 0.690231; MPI: 0.690094; Total: 0.825743;
[R44] Times: IO: 0.000000; Setup: 0.135500; Compute: 0.690404; MPI: 0.690234; Total: 0.825911;
[R43] Times: IO: 0.000000; Setup: 0.135497; Compute: 0.690570; MPI: 0.690437; Total: 0.826073;
[R42] Times: IO: 0.000000; Setup: 0.135496; Compute: 0.690739; MPI: 0.690599; Total: 0.826240;
[R41] Times: IO: 0.000000; Setup: 0.135497; Compute: 0.690910; MPI: 0.690770; Total: 0.826413;
[R40] Times: IO: 0.000000; Setup: 0.135492; Compute: 0.691091; MPI: 0.690945; Total: 0.826593;
[R39] Times: IO: 0.000000; Setup: 0.135461; Compute: 0.691247; MPI: 0.691111; Total: 0.826717;
[R38] Times: IO: 0.000000; Setup: 0.135453; Compute: 0.691408; MPI: 0.691251; Total: 0.826866;
[R37] Times: IO: 0.000000; Setup: 0.135460; Compute: 0.691556; MPI: 0.691410; Total: 0.827028;
[R36] Times: IO: 0.000000; Setup: 0.135458; Compute: 0.691719; MPI: 0.691585; Total: 0.827181;
[R35] Times: IO: 0.000000; Setup: 0.135453; Compute: 0.691876; MPI: 0.691755; Total: 0.827336;
[R34] Times: IO: 0.000000; Setup: 0.135459; Compute: 0.692036; MPI: 0.691900; Total: 0.827497;
[R33] Times: IO: 0.000000; Setup: 0.135457; Compute: 0.692184; MPI: 0.692053; Total: 0.827652;
[R32] Times: IO: 0.000000; Setup: 0.135453; Compute: 0.692349; MPI: 0.692203; Total: 0.827811;
[R31] Times: IO: 0.000000; Setup: 0.135946; Compute: 0.692493; MPI: 0.692367; Total: 0.828449;
[R30] Times: IO: 0.000000; Setup: 0.135942; Compute: 0.692663; MPI: 0.692540; Total: 0.828612;
[R29] Times: IO: 0.000000; Setup: 0.135949; Compute: 0.692808; MPI: 0.692685; Total: 0.828764;
[R28] Times: IO: 0.000000; Setup: 0.135940; Compute: 0.692977; MPI: 0.692853; Total: 0.828928;
[R27] Times: IO: 0.000000; Setup: 0.135938; Compute: 0.693131; MPI: 0.693014; Total: 0.829074;
[R26] Times: IO: 0.000000; Setup: 0.135935; Compute: 0.693279; MPI: 0.693156; Total: 0.829223;
[R25] Times: IO: 0.000000; Setup: 0.135933; Compute: 0.693437; MPI: 0.693317; Total: 0.829375;
[R24] Times: IO: 0.000000; Setup: 0.135936; Compute: 0.693609; MPI: 0.693474; Total: 0.829549;
[R23] Times: IO: 0.000000; Setup: 0.135938; Compute: 0.693758; MPI: 0.693622; Total: 0.829700;
[R22] Times: IO: 0.000000; Setup: 0.135939; Compute: 0.693896; MPI: 0.693766; Total: 0.829839;
[R21] Times: IO: 0.000000; Setup: 0.135928; Compute: 0.694038; MPI: 0.693909; Total: 0.829973;
[R20] Times: IO: 0.000000; Setup: 0.135929; Compute: 0.694187; MPI: 0.694060; Total: 0.830123;
[R19] Times: IO: 0.000000; Setup: 0.135927; Compute: 0.694329; MPI: 0.694196; Total: 0.830262;
[R18] Times: IO: 0.000000; Setup: 0.135928; Compute: 0.694471; MPI: 0.694341; Total: 0.830403;
[R17] Times: IO: 0.000000; Setup: 0.135916; Compute: 0.694616; MPI: 0.694496; Total: 0.830541;
[R16] Times: IO: 0.000000; Setup: 0.135911; Compute: 0.694777; MPI: 0.694639; Total: 0.830694;
[R15] Times: IO: 0.000000; Setup: 0.136073; Compute: 0.694906; MPI: 0.694751; Total: 0.830987;
[R14] Times: IO: 0.000000; Setup: 0.136072; Compute: 0.695044; MPI: 0.694880; Total: 0.831125;
[R13] Times: IO: 0.000000; Setup: 0.136065; Compute: 0.695187; MPI: 0.695021; Total: 0.831260;
[R12] Times: IO: 0.000000; Setup: 0.136068; Compute: 0.695337; MPI: 0.695171; Total: 0.831414;
[R11] Times: IO: 0.000000; Setup: 0.136066; Compute: 0.695468; MPI: 0.695307; Total: 0.831544;
[R10] Times: IO: 0.000000; Setup: 0.136059; Compute: 0.695620; MPI: 0.695465; Total: 0.831688;
[R09] Times: IO: 0.000000; Setup: 0.136063; Compute: 0.695755; MPI: 0.695602; Total: 0.831823;
[R08] Times: IO: 0.000000; Setup: 0.136057; Compute: 0.695914; MPI: 0.695779; Total: 0.831982;
[R07] Times: IO: 0.000000; Setup: 0.136021; Compute: 0.696068; MPI: 0.695893; Total: 0.832093;
[R06] Times: IO: 0.000000; Setup: 0.136019; Compute: 0.696186; MPI: 0.696000; Total: 0.832218;
[R05] Times: IO: 0.000000; Setup: 0.136026; Compute: 0.696311; MPI: 0.696118; Total: 0.832348;
[R04] Times: IO: 0.000000; Setup: 0.136015; Compute: 0.696458; MPI: 0.696277; Total: 0.832480;
[R03] Times: IO: 0.000000; Setup: 0.136024; Compute: 0.696569; MPI: 0.696383; Total: 0.832607;
[R02] Times: IO: 0.000000; Setup: 0.136021; Compute: 0.696698; MPI: 0.696522; Total: 0.832730;
[R01] Times: IO: 0.000000; Setup: 0.136027; Compute: 0.696826; MPI: 0.696650; Total: 0.832864;
[R00] Times: IO: 0.004040; Setup: 0.133373; Compute: 0.696921; MPI: 0.696730; Total: 0.834352;
Mon Dec 12 22:02:24 CET 2016
Solving the Ax=b system with Gaussian Elimination:
READ:  Matrix   (A) file name: "ge_data/size512x512.mat"
READ:  RHS      (b) file name: "ge_data/size512x512.vec"
WRITE: Solution (x) file name: "ge_data/size512x512.sol"
[R63] Times: IO: 0.000000; Setup: 0.188670; Compute: 0.691363; MPI: 0.690490; Total: 0.880036;
[R62] Times: IO: 0.000000; Setup: 0.188666; Compute: 0.691522; MPI: 0.690531; Total: 0.880191;
[R61] Times: IO: 0.000000; Setup: 0.188676; Compute: 0.691692; MPI: 0.690673; Total: 0.880371;
[R60] Times: IO: 0.000000; Setup: 0.188659; Compute: 0.691880; MPI: 0.690885; Total: 0.880545;
[R59] Times: IO: 0.000000; Setup: 0.188613; Compute: 0.692057; MPI: 0.691018; Total: 0.880672;
[R58] Times: IO: 0.000000; Setup: 0.188647; Compute: 0.692228; MPI: 0.691164; Total: 0.880880;
[R57] Times: IO: 0.000000; Setup: 0.188639; Compute: 0.692405; MPI: 0.691418; Total: 0.881050;
[R56] Times: IO: 0.000000; Setup: 0.188629; Compute: 0.692600; MPI: 0.691186; Total: 0.881234;
[R55] Times: IO: 0.000000; Setup: 0.188621; Compute: 0.692764; MPI: 0.691850; Total: 0.881390;
[R54] Times: IO: 0.000000; Setup: 0.188594; Compute: 0.692925; MPI: 0.692037; Total: 0.881522;
[R53] Times: IO: 0.000000; Setup: 0.188602; Compute: 0.693091; MPI: 0.692193; Total: 0.881700;
[R52] Times: IO: 0.000000; Setup: 0.188598; Compute: 0.693264; MPI: 0.692315; Total: 0.881863;
[R51] Times: IO: 0.000000; Setup: 0.188590; Compute: 0.693430; MPI: 0.692464; Total: 0.882025;
[R50] Times: IO: 0.000000; Setup: 0.188578; Compute: 0.693594; MPI: 0.692638; Total: 0.882177;
[R49] Times: IO: 0.000000; Setup: 0.188522; Compute: 0.693775; MPI: 0.692390; Total: 0.882300;
[R48] Times: IO: 0.000000; Setup: 0.188569; Compute: 0.693956; MPI: 0.692432; Total: 0.882530;
[R47] Times: IO: 0.000000; Setup: 0.188949; Compute: 0.694119; MPI: 0.693284; Total: 0.883074;
[R46] Times: IO: 0.000000; Setup: 0.188946; Compute: 0.694287; MPI: 0.693482; Total: 0.883238;
[R45] Times: IO: 0.000000; Setup: 0.188927; Compute: 0.694467; MPI: 0.693626; Total: 0.883398;
[R44] Times: IO: 0.000000; Setup: 0.188923; Compute: 0.694649; MPI: 0.693759; Total: 0.883576;
[R43] Times: IO: 0.000000; Setup: 0.188910; Compute: 0.694821; MPI: 0.694013; Total: 0.883737;
[R42] Times: IO: 0.000000; Setup: 0.188909; Compute: 0.694992; MPI: 0.694107; Total: 0.883905;
[R41] Times: IO: 0.000000; Setup: 0.188897; Compute: 0.695167; MPI: 0.694028; Total: 0.884067;
[R40] Times: IO: 0.000000; Setup: 0.188890; Compute: 0.695350; MPI: 0.694502; Total: 0.884243;
[R39] Times: IO: 0.000000; Setup: 0.188869; Compute: 0.695514; MPI: 0.694752; Total: 0.884387;
[R38] Times: IO: 0.000000; Setup: 0.188871; Compute: 0.695679; MPI: 0.694946; Total: 0.884556;
[R37] Times: IO: 0.000000; Setup: 0.188871; Compute: 0.695831; MPI: 0.695010; Total: 0.884706;
[R36] Times: IO: 0.000000; Setup: 0.188847; Compute: 0.696015; MPI: 0.695215; Total: 0.884866;
[R35] Times: IO: 0.000000; Setup: 0.188854; Compute: 0.696169; MPI: 0.695439; Total: 0.885027;
[R34] Times: IO: 0.000000; Setup: 0.188840; Compute: 0.696329; MPI: 0.695546; Total: 0.885174;
[R33] Times: IO: 0.000000; Setup: 0.188832; Compute: 0.696486; MPI: 0.695670; Total: 0.885324;
[R32] Times: IO: 0.000000; Setup: 0.188835; Compute: 0.696653; MPI: 0.695494; Total: 0.885494;
[R31] Times: IO: 0.000000; Setup: 0.188354; Compute: 0.696799; MPI: 0.696138; Total: 0.885160;
[R30] Times: IO: 0.000000; Setup: 0.188351; Compute: 0.696961; MPI: 0.696249; Total: 0.885316;
[R29] Times: IO: 0.000000; Setup: 0.188338; Compute: 0.697126; MPI: 0.696479; Total: 0.885472;
[R28] Times: IO: 0.000000; Setup: 0.188328; Compute: 0.697322; MPI: 0.696708; Total: 0.885661;
[R27] Times: IO: 0.000000; Setup: 0.188311; Compute: 0.697497; MPI: 0.696820; Total: 0.885814;
[R26] Times: IO: 0.000000; Setup: 0.188309; Compute: 0.697663; MPI: 0.696810; Total: 0.885979;
[R25] Times: IO: 0.000000; Setup: 0.188295; Compute: 0.697838; MPI: 0.697163; Total: 0.886137;
[R24] Times: IO: 0.000000; Setup: 0.188290; Compute: 0.698026; MPI: 0.697234; Total: 0.886320;
[R23] Times: IO: 0.000000; Setup: 0.188315; Compute: 0.698198; MPI: 0.697637; Total: 0.886522;
[R22] Times: IO: 0.000000; Setup: 0.188309; Compute: 0.698343; MPI: 0.697567; Total: 0.886658;
[R21] Times: IO: 0.000000; Setup: 0.188295; Compute: 0.698508; MPI: 0.697907; Total: 0.886811;
[R20] Times: IO: 0.000000; Setup: 0.188295; Compute: 0.698671; MPI: 0.697901; Total: 0.886970;
[R19] Times: IO: 0.000000; Setup: 0.188283; Compute: 0.698821; MPI: 0.698082; Total: 0.887109;
[R18] Times: IO: 0.000000; Setup: 0.188272; Compute: 0.698975; MPI: 0.698462; Total: 0.887254;
[R17] Times: IO: 0.000000; Setup: 0.188263; Compute: 0.699129; MPI: 0.698632; Total: 0.887399;
[R16] Times: IO: 0.000000; Setup: 0.188263; Compute: 0.699288; MPI: 0.698783; Total: 0.887553;
[R15] Times: IO: 0.000000; Setup: 0.188770; Compute: 0.699433; MPI: 0.699029; Total: 0.888206;
[R14] Times: IO: 0.000000; Setup: 0.188749; Compute: 0.699608; MPI: 0.698971; Total: 0.888360;
[R13] Times: IO: 0.000000; Setup: 0.188719; Compute: 0.699798; MPI: 0.699417; Total: 0.888523;
[R12] Times: IO: 0.000000; Setup: 0.188688; Compute: 0.699991; MPI: 0.699630; Total: 0.888687;
[R11] Times: IO: 0.000000; Setup: 0.188662; Compute: 0.700161; MPI: 0.699811; Total: 0.888831;
[R10] Times: IO: 0.000000; Setup: 0.188640; Compute: 0.700344; MPI: 0.699994; Total: 0.888987;
[R09] Times: IO: 0.000000; Setup: 0.188611; Compute: 0.700515; MPI: 0.700207; Total: 0.889129;
[R08] Times: IO: 0.000000; Setup: 0.188574; Compute: 0.700706; MPI: 0.700413; Total: 0.889284;
[R07] Times: IO: 0.000000; Setup: 0.188547; Compute: 0.700865; MPI: 0.700565; Total: 0.889418;
[R06] Times: IO: 0.000000; Setup: 0.188520; Compute: 0.701024; MPI: 0.700762; Total: 0.889553;
[R05] Times: IO: 0.000000; Setup: 0.188495; Compute: 0.701182; MPI: 0.700925; Total: 0.889680;
[R04] Times: IO: 0.000000; Setup: 0.188466; Compute: 0.701350; MPI: 0.701113; Total: 0.889824;
[R03] Times: IO: 0.000000; Setup: 0.188444; Compute: 0.701526; MPI: 0.701308; Total: 0.889974;
[R02] Times: IO: 0.000000; Setup: 0.188413; Compute: 0.701694; MPI: 0.701495; Total: 0.890113;
[R01] Times: IO: 0.000000; Setup: 0.188396; Compute: 0.701862; MPI: 0.701665; Total: 0.890263;
[R00] Times: IO: 0.057492; Setup: 0.132457; Compute: 0.701332; MPI: 0.701184; Total: 0.892325;
Mon Dec 12 22:02:27 CET 2016
Solving the Ax=b system with Gaussian Elimination:
READ:  Matrix   (A) file name: "ge_data/size1024x1024.mat"
READ:  RHS      (b) file name: "ge_data/size1024x1024.vec"
WRITE: Solution (x) file name: "ge_data/size1024x1024.sol"
[R63] Times: IO: 0.000000; Setup: 0.346562; Compute: 0.955379; MPI: 0.949439; Total: 1.301944;
[R62] Times: IO: 0.000000; Setup: 0.346529; Compute: 0.955591; MPI: 0.949726; Total: 1.302125;
[R61] Times: IO: 0.000000; Setup: 0.346491; Compute: 0.955805; MPI: 0.949933; Total: 1.302303;
[R60] Times: IO: 0.000000; Setup: 0.346458; Compute: 0.956031; MPI: 0.950033; Total: 1.302496;
[R59] Times: IO: 0.000000; Setup: 0.346418; Compute: 0.956252; MPI: 0.950372; Total: 1.302677;
[R58] Times: IO: 0.000000; Setup: 0.346386; Compute: 0.956469; MPI: 0.950514; Total: 1.302859;
[R57] Times: IO: 0.000000; Setup: 0.346346; Compute: 0.956696; MPI: 0.950944; Total: 1.303051;
[R56] Times: IO: 0.000000; Setup: 0.346307; Compute: 0.956941; MPI: 0.951176; Total: 1.303252;
[R55] Times: IO: 0.000000; Setup: 0.346303; Compute: 0.957148; MPI: 0.951542; Total: 1.303459;
[R54] Times: IO: 0.000000; Setup: 0.346262; Compute: 0.957348; MPI: 0.951926; Total: 1.303618;
[R53] Times: IO: 0.000000; Setup: 0.346232; Compute: 0.957550; MPI: 0.952275; Total: 1.303789;
[R52] Times: IO: 0.000000; Setup: 0.346192; Compute: 0.957772; MPI: 0.952201; Total: 1.303968;
[R51] Times: IO: 0.000000; Setup: 0.346165; Compute: 0.957970; MPI: 0.952596; Total: 1.304139;
[R50] Times: IO: 0.000000; Setup: 0.346130; Compute: 0.958178; MPI: 0.953008; Total: 1.304312;
[R49] Times: IO: 0.000000; Setup: 0.346100; Compute: 0.958387; MPI: 0.952818; Total: 1.304493;
[R48] Times: IO: 0.000000; Setup: 0.346058; Compute: 0.958627; MPI: 0.953049; Total: 1.304693;
[R47] Times: IO: 0.000000; Setup: 0.346553; Compute: 0.958841; MPI: 0.953546; Total: 1.305402;
[R46] Times: IO: 0.000000; Setup: 0.346519; Compute: 0.959053; MPI: 0.953664; Total: 1.305577;
[R45] Times: IO: 0.000000; Setup: 0.346483; Compute: 0.959263; MPI: 0.953967; Total: 1.305756;
[R44] Times: IO: 0.000000; Setup: 0.346451; Compute: 0.959505; MPI: 0.954281; Total: 1.305960;
[R43] Times: IO: 0.000000; Setup: 0.346406; Compute: 0.959721; MPI: 0.954660; Total: 1.306137;
[R42] Times: IO: 0.000000; Setup: 0.346371; Compute: 0.959940; MPI: 0.954870; Total: 1.306322;
[R41] Times: IO: 0.000000; Setup: 0.346339; Compute: 0.960160; MPI: 0.955132; Total: 1.306510;
[R40] Times: IO: 0.000000; Setup: 0.346302; Compute: 0.960399; MPI: 0.955442; Total: 1.306709;
[R39] Times: IO: 0.000000; Setup: 0.346242; Compute: 0.960633; MPI: 0.955746; Total: 1.306884;
[R38] Times: IO: 0.000000; Setup: 0.346208; Compute: 0.960840; MPI: 0.956093; Total: 1.307055;
[R37] Times: IO: 0.000000; Setup: 0.346174; Compute: 0.961071; MPI: 0.956520; Total: 1.307253;
[R36] Times: IO: 0.000000; Setup: 0.346132; Compute: 0.961294; MPI: 0.956678; Total: 1.307433;
[R35] Times: IO: 0.000000; Setup: 0.346101; Compute: 0.961500; MPI: 0.957052; Total: 1.307607;
[R34] Times: IO: 0.000000; Setup: 0.346062; Compute: 0.961710; MPI: 0.957297; Total: 1.307782;
[R33] Times: IO: 0.000000; Setup: 0.346026; Compute: 0.961929; MPI: 0.957623; Total: 1.307960;
[R32] Times: IO: 0.000000; Setup: 0.345996; Compute: 0.962142; MPI: 0.957836; Total: 1.308142;
[R31] Times: IO: 0.000000; Setup: 0.345765; Compute: 0.962333; MPI: 0.958157; Total: 1.308101;
[R30] Times: IO: 0.000000; Setup: 0.345725; Compute: 0.962576; MPI: 0.958528; Total: 1.308305;
[R29] Times: IO: 0.000000; Setup: 0.345688; Compute: 0.962783; MPI: 0.958786; Total: 1.308477;
[R28] Times: IO: 0.000000; Setup: 0.345645; Compute: 0.963024; MPI: 0.959187; Total: 1.308676;
[R27] Times: IO: 0.000000; Setup: 0.345606; Compute: 0.963243; MPI: 0.959455; Total: 1.308853;
[R26] Times: IO: 0.000000; Setup: 0.345561; Compute: 0.963466; MPI: 0.959803; Total: 1.309031;
[R25] Times: IO: 0.000000; Setup: 0.345527; Compute: 0.963684; MPI: 0.960028; Total: 1.309217;
[R24] Times: IO: 0.000000; Setup: 0.345487; Compute: 0.963916; MPI: 0.960366; Total: 1.309409;
[R23] Times: IO: 0.000000; Setup: 0.345890; Compute: 0.964157; MPI: 0.960799; Total: 1.310050;
[R22] Times: IO: 0.000000; Setup: 0.345856; Compute: 0.964359; MPI: 0.961075; Total: 1.310222;
[R21] Times: IO: 0.000000; Setup: 0.345823; Compute: 0.964557; MPI: 0.961375; Total: 1.310383;
[R20] Times: IO: 0.000000; Setup: 0.345791; Compute: 0.964771; MPI: 0.961673; Total: 1.310568;
[R19] Times: IO: 0.000000; Setup: 0.345754; Compute: 0.964971; MPI: 0.961821; Total: 1.310732;
[R18] Times: IO: 0.000000; Setup: 0.345719; Compute: 0.965182; MPI: 0.962389; Total: 1.310906;
[R17] Times: IO: 0.000000; Setup: 0.345689; Compute: 0.965387; MPI: 0.962616; Total: 1.311081;
[R16] Times: IO: 0.000000; Setup: 0.345651; Compute: 0.965614; MPI: 0.962955; Total: 1.311272;
[R15] Times: IO: 0.000000; Setup: 0.345840; Compute: 0.965884; MPI: 0.963555; Total: 1.311731;
[R14] Times: IO: 0.000000; Setup: 0.345736; Compute: 0.966165; MPI: 0.963947; Total: 1.311908;
[R13] Times: IO: 0.000000; Setup: 0.345578; Compute: 0.966447; MPI: 0.964329; Total: 1.312028;
[R12] Times: IO: 0.000000; Setup: 0.345520; Compute: 0.966748; MPI: 0.964756; Total: 1.312272;
[R11] Times: IO: 0.000000; Setup: 0.345416; Compute: 0.967027; MPI: 0.965172; Total: 1.312450;
[R10] Times: IO: 0.000000; Setup: 0.345311; Compute: 0.967306; MPI: 0.965571; Total: 1.312622;
[R09] Times: IO: 0.000000; Setup: 0.345206; Compute: 0.967586; MPI: 0.965997; Total: 1.312795;
[R08] Times: IO: 0.000000; Setup: 0.345089; Compute: 0.967887; MPI: 0.966444; Total: 1.312982;
[R07] Times: IO: 0.000000; Setup: 0.344972; Compute: 0.968175; MPI: 0.966865; Total: 1.313151;
[R06] Times: IO: 0.000000; Setup: 0.344864; Compute: 0.968447; MPI: 0.967276; Total: 1.313316;
[R05] Times: IO: 0.000000; Setup: 0.344763; Compute: 0.968716; MPI: 0.967590; Total: 1.313483;
[R04] Times: IO: 0.000000; Setup: 0.344662; Compute: 0.968994; MPI: 0.968110; Total: 1.313660;
[R03] Times: IO: 0.000000; Setup: 0.344548; Compute: 0.969283; MPI: 0.968533; Total: 1.313835;
[R02] Times: IO: 0.000000; Setup: 0.344448; Compute: 0.969552; MPI: 0.968956; Total: 1.314003;
[R01] Times: IO: 0.000000; Setup: 0.344331; Compute: 0.969821; MPI: 0.969389; Total: 1.314156;
[R00] Times: IO: 0.678346; Setup: 0.134979; Compute: 0.966655; MPI: 0.966311; Total: 1.783098;
Mon Dec 12 22:02:30 CET 2016
Solving the Ax=b system with Gaussian Elimination:
READ:  Matrix   (A) file name: "ge_data/size2048x2048.mat"
READ:  RHS      (b) file name: "ge_data/size2048x2048.vec"
WRITE: Solution (x) file name: "ge_data/size2048x2048.sol"
[R63] Times: IO: 0.000000; Setup: 0.996058; Compute: 0.836368; MPI: 0.780666; Total: 1.832432;
[R62] Times: IO: 0.000000; Setup: 0.995598; Compute: 0.837028; MPI: 0.780627; Total: 1.832632;
[R61] Times: IO: 0.000000; Setup: 0.995141; Compute: 0.837659; MPI: 0.780859; Total: 1.832808;
[R60] Times: IO: 0.000000; Setup: 0.994663; Compute: 0.838349; MPI: 0.781385; Total: 1.833021;
[R59] Times: IO: 0.000000; Setup: 0.994202; Compute: 0.839000; MPI: 0.783686; Total: 1.833205;
[R58] Times: IO: 0.000000; Setup: 0.993747; Compute: 0.839644; MPI: 0.784163; Total: 1.833398;
[R57] Times: IO: 0.000000; Setup: 0.993297; Compute: 0.840289; MPI: 0.784261; Total: 1.833592;
[R56] Times: IO: 0.000000; Setup: 0.992837; Compute: 0.840965; MPI: 0.785413; Total: 1.833807;
[R55] Times: IO: 0.000000; Setup: 0.992299; Compute: 0.841606; MPI: 0.790684; Total: 1.833908;
[R54] Times: IO: 0.000000; Setup: 0.991832; Compute: 0.842239; MPI: 0.791838; Total: 1.834075;
[R53] Times: IO: 0.000000; Setup: 0.991400; Compute: 0.842846; MPI: 0.792964; Total: 1.834250;
[R52] Times: IO: 0.000000; Setup: 0.990931; Compute: 0.843511; MPI: 0.793630; Total: 1.834444;
[R51] Times: IO: 0.000000; Setup: 0.990476; Compute: 0.844168; MPI: 0.794165; Total: 1.834648;
[R50] Times: IO: 0.000000; Setup: 0.989989; Compute: 0.844857; MPI: 0.795773; Total: 1.834852;
[R49] Times: IO: 0.000000; Setup: 0.989510; Compute: 0.845552; MPI: 0.797686; Total: 1.835066;
[R48] Times: IO: 0.000000; Setup: 0.989045; Compute: 0.846239; MPI: 0.797037; Total: 1.835287;
[R47] Times: IO: 0.000000; Setup: 0.988745; Compute: 0.846954; MPI: 0.796145; Total: 1.835705;
[R46] Times: IO: 0.000000; Setup: 0.988292; Compute: 0.847631; MPI: 0.797797; Total: 1.835929;
[R45] Times: IO: 0.000000; Setup: 0.987822; Compute: 0.848336; MPI: 0.795233; Total: 1.836163;
[R44] Times: IO: 0.000000; Setup: 0.987374; Compute: 0.849053; MPI: 0.797550; Total: 1.836430;
[R43] Times: IO: 0.000000; Setup: 0.986917; Compute: 0.849745; MPI: 0.798636; Total: 1.836668;
[R42] Times: IO: 0.000000; Setup: 0.986480; Compute: 0.850437; MPI: 0.798933; Total: 1.836922;
[R41] Times: IO: 0.000000; Setup: 0.986026; Compute: 0.851138; MPI: 0.800262; Total: 1.837166;
[R40] Times: IO: 0.000000; Setup: 0.985551; Compute: 0.851881; MPI: 0.802899; Total: 1.837438;
[R39] Times: IO: 0.000000; Setup: 0.985068; Compute: 0.852592; MPI: 0.807552; Total: 1.837663;
[R38] Times: IO: 0.000000; Setup: 0.984597; Compute: 0.853281; MPI: 0.807781; Total: 1.837883;
[R37] Times: IO: 0.000000; Setup: 0.984125; Compute: 0.853984; MPI: 0.808977; Total: 1.838115;
[R36] Times: IO: 0.000000; Setup: 0.983660; Compute: 0.854693; MPI: 0.809297; Total: 1.838359;
[R35] Times: IO: 0.000000; Setup: 0.983182; Compute: 0.855409; MPI: 0.812065; Total: 1.838599;
[R34] Times: IO: 0.000000; Setup: 0.982735; Compute: 0.856095; MPI: 0.813604; Total: 1.838836;
[R33] Times: IO: 0.000000; Setup: 0.982268; Compute: 0.856803; MPI: 0.814718; Total: 1.839075;
[R32] Times: IO: 0.000000; Setup: 0.981820; Compute: 0.857519; MPI: 0.816984; Total: 1.839344;
[R31] Times: IO: 0.000000; Setup: 0.981650; Compute: 0.858221; MPI: 0.818025; Total: 1.839877;
[R30] Times: IO: 0.000000; Setup: 0.981182; Compute: 0.858963; MPI: 0.819236; Total: 1.840149;
[R29] Times: IO: 0.000000; Setup: 0.980718; Compute: 0.859699; MPI: 0.819541; Total: 1.840421;
[R28] Times: IO: 0.000000; Setup: 0.980261; Compute: 0.860475; MPI: 0.821861; Total: 1.840740;
[R27] Times: IO: 0.000000; Setup: 0.979785; Compute: 0.861238; MPI: 0.823381; Total: 1.841027;
[R26] Times: IO: 0.000000; Setup: 0.979285; Compute: 0.862021; MPI: 0.825376; Total: 1.841311;
[R25] Times: IO: 0.000000; Setup: 0.978810; Compute: 0.862780; MPI: 0.827711; Total: 1.841592;
[R24] Times: IO: 0.000000; Setup: 0.978319; Compute: 0.863583; MPI: 0.828284; Total: 1.841906;
[R23] Times: IO: 0.000000; Setup: 0.977800; Compute: 0.864331; MPI: 0.831892; Total: 1.842134;
[R22] Times: IO: 0.000000; Setup: 0.977304; Compute: 0.865096; MPI: 0.834306; Total: 1.842402;
[R21] Times: IO: 0.000000; Setup: 0.976813; Compute: 0.865859; MPI: 0.835232; Total: 1.842676;
[R20] Times: IO: 0.000000; Setup: 0.976312; Compute: 0.866652; MPI: 0.835631; Total: 1.842968;
[R19] Times: IO: 0.000000; Setup: 0.975818; Compute: 0.867412; MPI: 0.837603; Total: 1.843233;
[R18] Times: IO: 0.000000; Setup: 0.975313; Compute: 0.868190; MPI: 0.839198; Total: 1.843509;
[R17] Times: IO: 0.000000; Setup: 0.974820; Compute: 0.868967; MPI: 0.841907; Total: 1.843793;
[R16] Times: IO: 0.000000; Setup: 0.974339; Compute: 0.869751; MPI: 0.844485; Total: 1.844091;
[R15] Times: IO: 0.000000; Setup: 0.973983; Compute: 0.870552; MPI: 0.846937; Total: 1.844539;
[R14] Times: IO: 0.000000; Setup: 0.973646; Compute: 0.871205; MPI: 0.848634; Total: 1.844856;
[R13] Times: IO: 0.000000; Setup: 0.973319; Compute: 0.871858; MPI: 0.850856; Total: 1.845181;
[R12] Times: IO: 0.000000; Setup: 0.972971; Compute: 0.872567; MPI: 0.852326; Total: 1.845546;
[R11] Times: IO: 0.000000; Setup: 0.972641; Compute: 0.873234; MPI: 0.854704; Total: 1.845879;
[R10] Times: IO: 0.000000; Setup: 0.972291; Compute: 0.873933; MPI: 0.856832; Total: 1.846229;
[R09] Times: IO: 0.000000; Setup: 0.971951; Compute: 0.874609; MPI: 0.859008; Total: 1.846564;
[R08] Times: IO: 0.000000; Setup: 0.971615; Compute: 0.875288; MPI: 0.861213; Total: 1.846910;
[R07] Times: IO: 0.000000; Setup: 0.971270; Compute: 0.875941; MPI: 0.863628; Total: 1.847215;
[R06] Times: IO: 0.000000; Setup: 0.970942; Compute: 0.876574; MPI: 0.865621; Total: 1.847520;
[R05] Times: IO: 0.000000; Setup: 0.970624; Compute: 0.877212; MPI: 0.867829; Total: 1.847839;
[R04] Times: IO: 0.000000; Setup: 0.970292; Compute: 0.877861; MPI: 0.869904; Total: 1.848157;
[R03] Times: IO: 0.000000; Setup: 0.969961; Compute: 0.878498; MPI: 0.872156; Total: 1.848464;
[R02] Times: IO: 0.000000; Setup: 0.969626; Compute: 0.879141; MPI: 0.874573; Total: 1.848772;
[R01] Times: IO: 0.000000; Setup: 0.969292; Compute: 0.879820; MPI: 0.876773; Total: 1.849115;
[R00] Times: IO: 0.827803; Setup: 0.159555; Compute: 0.852623; MPI: 0.851052; Total: 1.852074;
Mon Dec 12 22:02:34 CET 2016
Solving the Ax=b system with Gaussian Elimination:
READ:  Matrix   (A) file name: "ge_data/size4096x4096.mat"
READ:  RHS      (b) file name: "ge_data/size4096x4096.vec"
WRITE: Solution (x) file name: "ge_data/size4096x4096.sol"
[R63] Times: IO: 0.000000; Setup: 5.957457; Compute: 1.078400; MPI: 0.616334; Total: 7.035861;
[R31] Times: IO: 0.000000; Setup: 5.913580; Compute: 1.136727; MPI: 0.782525; Total: 7.050313;
[R15] Times: IO: 0.000000; Setup: 5.891036; Compute: 1.172134; MPI: 0.968167; Total: 7.063174;
[R47] Times: IO: 0.000000; Setup: 5.935624; Compute: 1.105266; MPI: 0.672360; Total: 7.040894;
[R62] Times: IO: 0.000000; Setup: 5.956089; Compute: 1.079975; MPI: 0.617919; Total: 7.036068;
[R30] Times: IO: 0.000000; Setup: 5.912183; Compute: 1.138848; MPI: 0.788746; Total: 7.051033;
[R14] Times: IO: 0.000000; Setup: 5.890360; Compute: 1.173796; MPI: 0.979673; Total: 7.064162;
[R46] Times: IO: 0.000000; Setup: 5.934222; Compute: 1.107140; MPI: 0.675035; Total: 7.041365;
[R61] Times: IO: 0.000000; Setup: 5.954779; Compute: 1.081496; MPI: 0.617651; Total: 7.036283;
[R29] Times: IO: 0.000000; Setup: 5.910812; Compute: 1.140956; MPI: 0.798908; Total: 7.051772;
[R13] Times: IO: 0.000000; Setup: 5.889688; Compute: 1.175481; MPI: 0.992450; Total: 7.065176;
[R45] Times: IO: 0.000000; Setup: 5.932860; Compute: 1.108979; MPI: 0.677058; Total: 7.041843;
[R60] Times: IO: 0.000000; Setup: 5.953418; Compute: 1.083143; MPI: 0.617173; Total: 7.036564;
[R28] Times: IO: 0.000000; Setup: 5.909438; Compute: 1.143172; MPI: 0.809069; Total: 7.052616;
[R12] Times: IO: 0.000000; Setup: 5.889026; Compute: 1.177188; MPI: 1.005651; Total: 7.066221;
[R44] Times: IO: 0.000000; Setup: 5.931439; Compute: 1.110936; MPI: 0.682647; Total: 7.042379;
[R59] Times: IO: 0.000000; Setup: 5.952057; Compute: 1.084779; MPI: 0.619164; Total: 7.036842;
[R27] Times: IO: 0.000000; Setup: 5.908048; Compute: 1.145340; MPI: 0.818900; Total: 7.053392;
[R11] Times: IO: 0.000000; Setup: 5.888362; Compute: 1.178928; MPI: 1.019326; Total: 7.067295;
[R43] Times: IO: 0.000000; Setup: 5.930069; Compute: 1.112838; MPI: 0.689187; Total: 7.042910;
[R58] Times: IO: 0.000000; Setup: 5.950740; Compute: 1.086356; MPI: 0.623049; Total: 7.037102;
[R26] Times: IO: 0.000000; Setup: 5.906638; Compute: 1.147537; MPI: 0.830652; Total: 7.054181;
[R10] Times: IO: 0.000000; Setup: 5.887713; Compute: 1.180606; MPI: 1.033793; Total: 7.068325;
[R42] Times: IO: 0.000000; Setup: 5.928670; Compute: 1.114769; MPI: 0.696068; Total: 7.043445;
[R57] Times: IO: 0.000000; Setup: 5.949388; Compute: 1.087990; MPI: 0.626812; Total: 7.037384;
[R25] Times: IO: 0.000000; Setup: 5.905283; Compute: 1.149700; MPI: 0.841720; Total: 7.054990;
[R09] Times: IO: 0.000000; Setup: 5.887100; Compute: 1.182241; MPI: 1.047945; Total: 7.069345;
[R41] Times: IO: 0.000000; Setup: 5.927248; Compute: 1.116721; MPI: 0.704037; Total: 7.043993;
[R56] Times: IO: 0.000000; Setup: 5.947998; Compute: 1.089690; MPI: 0.631335; Total: 7.037691;
[R24] Times: IO: 0.000000; Setup: 5.903875; Compute: 1.151945; MPI: 0.853483; Total: 7.055826;
[R08] Times: IO: 0.000000; Setup: 5.886552; Compute: 1.183840; MPI: 1.062681; Total: 7.070396;
[R40] Times: IO: 0.000000; Setup: 5.925871; Compute: 1.118698; MPI: 0.712344; Total: 7.044575;
[R55] Times: IO: 0.000000; Setup: 5.946599; Compute: 1.091355; MPI: 0.631731; Total: 7.037959;
[R23] Times: IO: 0.000000; Setup: 5.902443; Compute: 1.154148; MPI: 0.863765; Total: 7.056599;
[R07] Times: IO: 0.000000; Setup: 5.885976; Compute: 1.185517; MPI: 1.080209; Total: 7.071497;
[R39] Times: IO: 0.000000; Setup: 5.924358; Compute: 1.120679; MPI: 0.716169; Total: 7.045041;
[R54] Times: IO: 0.000000; Setup: 5.945242; Compute: 1.092977; MPI: 0.632739; Total: 7.038223;
[R22] Times: IO: 0.000000; Setup: 5.901055; Compute: 1.156301; MPI: 0.872678; Total: 7.057363;
[R06] Times: IO: 0.000000; Setup: 5.885340; Compute: 1.187259; MPI: 1.094489; Total: 7.072604;
[R38] Times: IO: 0.000000; Setup: 5.922976; Compute: 1.122625; MPI: 0.720944; Total: 7.045604;
[R53] Times: IO: 0.000000; Setup: 5.943898; Compute: 1.094608; MPI: 0.637995; Total: 7.038513;
[R21] Times: IO: 0.000000; Setup: 5.899636; Compute: 1.158488; MPI: 0.885129; Total: 7.058131;
[R05] Times: IO: 0.000000; Setup: 5.884705; Compute: 1.189015; MPI: 1.109096; Total: 7.073725;
[R37] Times: IO: 0.000000; Setup: 5.921668; Compute: 1.124550; MPI: 0.727951; Total: 7.046220;
[R52] Times: IO: 0.000000; Setup: 5.942520; Compute: 1.096333; MPI: 0.638741; Total: 7.038861;
[R20] Times: IO: 0.000000; Setup: 5.898216; Compute: 1.160709; MPI: 0.897163; Total: 7.058932;
[R04] Times: IO: 0.000000; Setup: 5.884047; Compute: 1.190799; MPI: 1.124427; Total: 7.074849;
[R36] Times: IO: 0.000000; Setup: 5.920269; Compute: 1.126555; MPI: 0.732927; Total: 7.046828;
[R51] Times: IO: 0.000000; Setup: 5.941173; Compute: 1.098042; MPI: 0.644282; Total: 7.039223;
[R19] Times: IO: 0.000000; Setup: 5.896812; Compute: 1.162932; MPI: 0.906862; Total: 7.059746;
[R03] Times: IO: 0.000000; Setup: 5.883401; Compute: 1.192628; MPI: 1.140009; Total: 7.076032;
[R35] Times: IO: 0.000000; Setup: 5.918892; Compute: 1.128580; MPI: 0.742453; Total: 7.047475;
[R50] Times: IO: 0.000000; Setup: 5.939801; Compute: 1.099767; MPI: 0.648292; Total: 7.039573;
[R18] Times: IO: 0.000000; Setup: 5.895384; Compute: 1.165176; MPI: 0.922891; Total: 7.060567;
[R02] Times: IO: 0.000000; Setup: 5.882769; Compute: 1.194420; MPI: 1.155918; Total: 7.077194;
[R34] Times: IO: 0.000000; Setup: 5.917481; Compute: 1.130594; MPI: 0.751336; Total: 7.048080;
[R49] Times: IO: 0.000000; Setup: 5.938373; Compute: 1.101570; MPI: 0.653211; Total: 7.039951;
[R17] Times: IO: 0.000000; Setup: 5.893961; Compute: 1.167408; MPI: 0.935408; Total: 7.061372;
[R01] Times: IO: 0.000000; Setup: 5.882111; Compute: 1.196225; MPI: 1.172140; Total: 7.078340;
[R33] Times: IO: 0.000000; Setup: 5.916031; Compute: 1.132611; MPI: 0.760072; Total: 7.048644;
[R48] Times: IO: 0.000000; Setup: 5.936970; Compute: 1.103372; MPI: 0.643734; Total: 7.040345;
[R16] Times: IO: 0.000000; Setup: 5.892542; Compute: 1.169659; MPI: 0.943360; Total: 7.062205;
[R32] Times: IO: 0.000000; Setup: 5.914687; Compute: 1.134629; MPI: 0.756759; Total: 7.049320;
[R00] Times: IO: 5.896926; Setup: 0.210661; Compute: 1.121093; MPI: 1.111244; Total: 7.276011;
Mon Dec 12 22:02:42 CET 2016
Solving the Ax=b system with Gaussian Elimination:
READ:  Matrix   (A) file name: "ge_data/size8192x8192.mat"
READ:  RHS      (b) file name: "ge_data/size8192x8192.vec"
WRITE: Solution (x) file name: "ge_data/size8192x8192.sol"
[R63] Times: IO: 0.000000; Setup: 19.292010; Compute: 14.249466; MPI: 2.324314; Total: 33.541484;
[R62] Times: IO: 0.000000; Setup: 19.287796; Compute: 14.254013; MPI: 2.137622; Total: 33.541817;
[R61] Times: IO: 0.000000; Setup: 19.282192; Compute: 14.259984; MPI: 1.974552; Total: 33.542180;
[R60] Times: IO: 0.000000; Setup: 19.277961; Compute: 14.264737; MPI: 1.877562; Total: 33.542703;
[R59] Times: IO: 0.000000; Setup: 19.273702; Compute: 14.269528; MPI: 1.970567; Total: 33.543237;
[R58] Times: IO: 0.000000; Setup: 19.269460; Compute: 14.274352; MPI: 2.092170; Total: 33.543820;
[R57] Times: IO: 0.000000; Setup: 19.265220; Compute: 14.279245; MPI: 2.475972; Total: 33.544472;
[R56] Times: IO: 0.000000; Setup: 19.260956; Compute: 14.284237; MPI: 2.873301; Total: 33.545198;
[R55] Times: IO: 0.000000; Setup: 19.256632; Compute: 14.289107; MPI: 1.908996; Total: 33.545742;
[R54] Times: IO: 0.000000; Setup: 19.252353; Compute: 14.294180; MPI: 1.752936; Total: 33.546541;
[R53] Times: IO: 0.000000; Setup: 19.246740; Compute: 14.300701; MPI: 1.737393; Total: 33.547449;
[R52] Times: IO: 0.000000; Setup: 19.242471; Compute: 14.305948; MPI: 1.722380; Total: 33.548425;
[R51] Times: IO: 0.000000; Setup: 19.238192; Compute: 14.311252; MPI: 1.761691; Total: 33.549449;
[R50] Times: IO: 0.000000; Setup: 19.233864; Compute: 14.316668; MPI: 1.929483; Total: 33.550537;
[R49] Times: IO: 0.000000; Setup: 19.229543; Compute: 14.322123; MPI: 2.055657; Total: 33.551676;
[R48] Times: IO: 0.000000; Setup: 19.225226; Compute: 14.327655; MPI: 2.124183; Total: 33.552885;
[R47] Times: IO: 0.000000; Setup: 19.220428; Compute: 14.333540; MPI: 3.202631; Total: 33.553972;
[R46] Times: IO: 0.000000; Setup: 19.216161; Compute: 14.339401; MPI: 3.099535; Total: 33.555570;
[R45] Times: IO: 0.000000; Setup: 19.210536; Compute: 14.346502; MPI: 3.052543; Total: 33.557046;
[R44] Times: IO: 0.000000; Setup: 19.206153; Compute: 14.352475; MPI: 3.017165; Total: 33.558635;
[R43] Times: IO: 0.000000; Setup: 19.201843; Compute: 14.358432; MPI: 3.083554; Total: 33.560280;
[R42] Times: IO: 0.000000; Setup: 19.197544; Compute: 14.364419; MPI: 3.252687; Total: 33.561966;
[R41] Times: IO: 0.000000; Setup: 19.193292; Compute: 14.370396; MPI: 3.641484; Total: 33.563694;
[R40] Times: IO: 0.000000; Setup: 19.188979; Compute: 14.376518; MPI: 4.022515; Total: 33.565502;
[R39] Times: IO: 0.000000; Setup: 19.184577; Compute: 14.382859; MPI: 3.910754; Total: 33.567441;
[R38] Times: IO: 0.000000; Setup: 19.180282; Compute: 14.389154; MPI: 3.882082; Total: 33.569440;
[R37] Times: IO: 0.000000; Setup: 19.174561; Compute: 14.396855; MPI: 3.855521; Total: 33.571420;
[R36] Times: IO: 0.000000; Setup: 19.170219; Compute: 14.403233; MPI: 3.880724; Total: 33.573456;
[R35] Times: IO: 0.000000; Setup: 19.165867; Compute: 14.409680; MPI: 3.990890; Total: 33.575550;
[R34] Times: IO: 0.000000; Setup: 19.161541; Compute: 14.416155; MPI: 4.177266; Total: 33.577700;
[R33] Times: IO: 0.000000; Setup: 19.157190; Compute: 14.422692; MPI: 4.418048; Total: 33.579885;
[R32] Times: IO: 0.000000; Setup: 19.152867; Compute: 14.429314; MPI: 4.637790; Total: 33.582185;
[R31] Times: IO: 0.000000; Setup: 19.148699; Compute: 14.436335; MPI: 5.206165; Total: 33.585044;
[R30] Times: IO: 0.000000; Setup: 19.144456; Compute: 14.443269; MPI: 5.302662; Total: 33.587733;
[R29] Times: IO: 0.000000; Setup: 19.140105; Compute: 14.450223; MPI: 5.422187; Total: 33.590332;
[R28] Times: IO: 0.000000; Setup: 19.134493; Compute: 14.458552; MPI: 5.285407; Total: 33.593050;
[R27] Times: IO: 0.000000; Setup: 19.130181; Compute: 14.465593; MPI: 5.471159; Total: 33.595779;
[R26] Times: IO: 0.000000; Setup: 19.125922; Compute: 14.472631; MPI: 5.745510; Total: 33.598560;
[R25] Times: IO: 0.000000; Setup: 19.121605; Compute: 14.479778; MPI: 5.854349; Total: 33.601390;
[R24] Times: IO: 0.000000; Setup: 19.117294; Compute: 14.486976; MPI: 6.184199; Total: 33.604277;
[R23] Times: IO: 0.000000; Setup: 19.113014; Compute: 14.494467; MPI: 7.406621; Total: 33.607485;
[R22] Times: IO: 0.000000; Setup: 19.108649; Compute: 14.501913; MPI: 7.446434; Total: 33.610570;
[R21] Times: IO: 0.000000; Setup: 19.104313; Compute: 14.509292; MPI: 7.525123; Total: 33.613610;
[R20] Times: IO: 0.000000; Setup: 19.098609; Compute: 14.518086; MPI: 7.601459; Total: 33.616701;
[R19] Times: IO: 0.000000; Setup: 19.094263; Compute: 14.525565; MPI: 7.741061; Total: 33.619834;
[R18] Times: IO: 0.000000; Setup: 19.089920; Compute: 14.533091; MPI: 7.974443; Total: 33.623017;
[R17] Times: IO: 0.000000; Setup: 19.085594; Compute: 14.540671; MPI: 8.274206; Total: 33.626269;
[R16] Times: IO: 0.000000; Setup: 19.081248; Compute: 14.548339; MPI: 8.503947; Total: 33.629594;
[R15] Times: IO: 0.000000; Setup: 19.077494; Compute: 14.556654; MPI: 9.816754; Total: 33.634157;
[R14] Times: IO: 0.000000; Setup: 19.074378; Compute: 14.563434; MPI: 9.883685; Total: 33.637819;
[R13] Times: IO: 0.000000; Setup: 19.071275; Compute: 14.570189; MPI: 9.986730; Total: 33.641472;
[R12] Times: IO: 0.000000; Setup: 19.068142; Compute: 14.577099; MPI: 10.117515; Total: 33.645246;
[R11] Times: IO: 0.000000; Setup: 19.064999; Compute: 14.584067; MPI: 10.304943; Total: 33.649072;
[R10] Times: IO: 0.000000; Setup: 19.061857; Compute: 14.591104; MPI: 10.572836; Total: 33.652968;
[R09] Times: IO: 0.000000; Setup: 19.058740; Compute: 14.598191; MPI: 10.862655; Total: 33.656937;
[R08] Times: IO: 0.000000; Setup: 19.055632; Compute: 14.605271; MPI: 11.217460; Total: 33.660910;
[R07] Times: IO: 0.000000; Setup: 19.052493; Compute: 14.612905; MPI: 12.950903; Total: 33.665402;
[R06] Times: IO: 0.000000; Setup: 19.049551; Compute: 14.620162; MPI: 13.056358; Total: 33.669717;
[R05] Times: IO: 0.000000; Setup: 19.046624; Compute: 14.627287; MPI: 13.155311; Total: 33.673915;
[R04] Times: IO: 0.000000; Setup: 19.043689; Compute: 14.634491; MPI: 13.319209; Total: 33.678186;
[R03] Times: IO: 0.000000; Setup: 19.040716; Compute: 14.641801; MPI: 13.544633; Total: 33.682523;
[R02] Times: IO: 0.000000; Setup: 19.037772; Compute: 14.649157; MPI: 13.841790; Total: 33.686937;
[R01] Times: IO: 0.000000; Setup: 19.034802; Compute: 14.656591; MPI: 14.190444; Total: 33.691397;
[R00] Times: IO: 18.715903; Setup: 0.399350; Compute: 14.400474; MPI: 14.332560; Total: 33.704664;
Mon Dec 12 22:03:18 CET 2016
