Solving the Ax=b system with Gaussian Elimination:
READ:  Matrix   (A) file name: "ge_data/size64x64.mat"
READ:  RHS      (b) file name: "ge_data/size64x64.vec"
WRITE: Solution (x) file name: "ge_data/size64x64.sol"
[R63] Times: IO: 0.000000; Setup: 0.133175; Compute: 0.689162; MPI: 0.689033; Total: 0.822343;
[R62] Times: IO: 0.000000; Setup: 0.133179; Compute: 0.689339; MPI: 0.689188; Total: 0.822525;
[R61] Times: IO: 0.000000; Setup: 0.133180; Compute: 0.689508; MPI: 0.689350; Total: 0.822698;
[R60] Times: IO: 0.000000; Setup: 0.133179; Compute: 0.689693; MPI: 0.689540; Total: 0.822881;
[R59] Times: IO: 0.000000; Setup: 0.133174; Compute: 0.689868; MPI: 0.689710; Total: 0.823054;
[R58] Times: IO: 0.000000; Setup: 0.133173; Compute: 0.690044; MPI: 0.689896; Total: 0.823226;
[R57] Times: IO: 0.000000; Setup: 0.133171; Compute: 0.690222; MPI: 0.690061; Total: 0.823400;
[R56] Times: IO: 0.000000; Setup: 0.133173; Compute: 0.690417; MPI: 0.690268; Total: 0.823594;
[R55] Times: IO: 0.000000; Setup: 0.133146; Compute: 0.690568; MPI: 0.690427; Total: 0.823726;
[R54] Times: IO: 0.000000; Setup: 0.133143; Compute: 0.690722; MPI: 0.690593; Total: 0.823877;
[R53] Times: IO: 0.000000; Setup: 0.133145; Compute: 0.690886; MPI: 0.690750; Total: 0.824039;
[R52] Times: IO: 0.000000; Setup: 0.133144; Compute: 0.691046; MPI: 0.690929; Total: 0.824201;
[R51] Times: IO: 0.000000; Setup: 0.133142; Compute: 0.691205; MPI: 0.691053; Total: 0.824359;
[R50] Times: IO: 0.000000; Setup: 0.133139; Compute: 0.691373; MPI: 0.691233; Total: 0.824519;
[R49] Times: IO: 0.000000; Setup: 0.133144; Compute: 0.691539; MPI: 0.691408; Total: 0.824687;
[R48] Times: IO: 0.000000; Setup: 0.133026; Compute: 0.691708; MPI: 0.691584; Total: 0.824742;
[R47] Times: IO: 0.000000; Setup: 0.133406; Compute: 0.691881; MPI: 0.691757; Total: 0.825293;
[R46] Times: IO: 0.000000; Setup: 0.133380; Compute: 0.692048; MPI: 0.691915; Total: 0.825434;
[R45] Times: IO: 0.000000; Setup: 0.133390; Compute: 0.692211; MPI: 0.692068; Total: 0.825609;
[R44] Times: IO: 0.000000; Setup: 0.133370; Compute: 0.692384; MPI: 0.692253; Total: 0.825761;
[R43] Times: IO: 0.000000; Setup: 0.133384; Compute: 0.692554; MPI: 0.692419; Total: 0.825944;
[R42] Times: IO: 0.000000; Setup: 0.133389; Compute: 0.692731; MPI: 0.692600; Total: 0.826127;
[R41] Times: IO: 0.000000; Setup: 0.133397; Compute: 0.692902; MPI: 0.692769; Total: 0.826304;
[R40] Times: IO: 0.000000; Setup: 0.133394; Compute: 0.693094; MPI: 0.692965; Total: 0.826494;
[R39] Times: IO: 0.000000; Setup: 0.133329; Compute: 0.693249; MPI: 0.693110; Total: 0.826589;
[R38] Times: IO: 0.000000; Setup: 0.133334; Compute: 0.693394; MPI: 0.693270; Total: 0.826741;
[R37] Times: IO: 0.000000; Setup: 0.133331; Compute: 0.693554; MPI: 0.693415; Total: 0.826891;
[R36] Times: IO: 0.000000; Setup: 0.133333; Compute: 0.693706; MPI: 0.693587; Total: 0.827051;
[R35] Times: IO: 0.000000; Setup: 0.133327; Compute: 0.693865; MPI: 0.693732; Total: 0.827197;
[R34] Times: IO: 0.000000; Setup: 0.133324; Compute: 0.694016; MPI: 0.693880; Total: 0.827344;
[R33] Times: IO: 0.000000; Setup: 0.133330; Compute: 0.694159; MPI: 0.694015; Total: 0.827500;
[R32] Times: IO: 0.000000; Setup: 0.133330; Compute: 0.694319; MPI: 0.694153; Total: 0.827664;
[R31] Times: IO: 0.000000; Setup: 0.133492; Compute: 0.694476; MPI: 0.694359; Total: 0.827973;
[R30] Times: IO: 0.000000; Setup: 0.133488; Compute: 0.694630; MPI: 0.694515; Total: 0.828121;
[R29] Times: IO: 0.000000; Setup: 0.133490; Compute: 0.694778; MPI: 0.694657; Total: 0.828274;
[R28] Times: IO: 0.000000; Setup: 0.133519; Compute: 0.694950; MPI: 0.694819; Total: 0.828473;
[R27] Times: IO: 0.000000; Setup: 0.133486; Compute: 0.695103; MPI: 0.694989; Total: 0.828593;
[R26] Times: IO: 0.000000; Setup: 0.133515; Compute: 0.695257; MPI: 0.695141; Total: 0.828777;
[R25] Times: IO: 0.000000; Setup: 0.133513; Compute: 0.695419; MPI: 0.695299; Total: 0.828938;
[R24] Times: IO: 0.000000; Setup: 0.133513; Compute: 0.695579; MPI: 0.695439; Total: 0.829098;
[R23] Times: IO: 0.000000; Setup: 0.133479; Compute: 0.695730; MPI: 0.695609; Total: 0.829212;
[R22] Times: IO: 0.000000; Setup: 0.133475; Compute: 0.695881; MPI: 0.695755; Total: 0.829362;
[R21] Times: IO: 0.000000; Setup: 0.133469; Compute: 0.696018; MPI: 0.695879; Total: 0.829492;
[R20] Times: IO: 0.000000; Setup: 0.133461; Compute: 0.696167; MPI: 0.696031; Total: 0.829631;
[R19] Times: IO: 0.000000; Setup: 0.133466; Compute: 0.696311; MPI: 0.696161; Total: 0.829787;
[R18] Times: IO: 0.000000; Setup: 0.133458; Compute: 0.696470; MPI: 0.696345; Total: 0.829938;
[R17] Times: IO: 0.000000; Setup: 0.133458; Compute: 0.696617; MPI: 0.696496; Total: 0.830080;
[R16] Times: IO: 0.000000; Setup: 0.133452; Compute: 0.696767; MPI: 0.696634; Total: 0.830223;
[R15] Times: IO: 0.000000; Setup: 0.134236; Compute: 0.696889; MPI: 0.696739; Total: 0.831133;
[R14] Times: IO: 0.000000; Setup: 0.134227; Compute: 0.697043; MPI: 0.696893; Total: 0.831275;
[R13] Times: IO: 0.000000; Setup: 0.134231; Compute: 0.697190; MPI: 0.697023; Total: 0.831432;
[R12] Times: IO: 0.000000; Setup: 0.134227; Compute: 0.697350; MPI: 0.697192; Total: 0.831588;
[R11] Times: IO: 0.000000; Setup: 0.134226; Compute: 0.697491; MPI: 0.697352; Total: 0.831724;
[R10] Times: IO: 0.000000; Setup: 0.134226; Compute: 0.697627; MPI: 0.697477; Total: 0.831860;
[R09] Times: IO: 0.000000; Setup: 0.134220; Compute: 0.697768; MPI: 0.697623; Total: 0.831995;
[R08] Times: IO: 0.000000; Setup: 0.134206; Compute: 0.697913; MPI: 0.697776; Total: 0.832124;
[R07] Times: IO: 0.000000; Setup: 0.134223; Compute: 0.698025; MPI: 0.697829; Total: 0.832259;
[R06] Times: IO: 0.000000; Setup: 0.134209; Compute: 0.698169; MPI: 0.697965; Total: 0.832384;
[R05] Times: IO: 0.000000; Setup: 0.134208; Compute: 0.698282; MPI: 0.698090; Total: 0.832501;
[R04] Times: IO: 0.000000; Setup: 0.134211; Compute: 0.698450; MPI: 0.698273; Total: 0.832669;
[R03] Times: IO: 0.000000; Setup: 0.134210; Compute: 0.698568; MPI: 0.698392; Total: 0.832789;
[R02] Times: IO: 0.000000; Setup: 0.134213; Compute: 0.698692; MPI: 0.698467; Total: 0.832916;
[R01] Times: IO: 0.000000; Setup: 0.134213; Compute: 0.698818; MPI: 0.698641; Total: 0.833044;
[R00] Times: IO: 0.003850; Setup: 0.131803; Compute: 0.698906; MPI: 0.698719; Total: 0.834578;
Mon Dec 12 22:01:24 CET 2016
Solving the Ax=b system with Gaussian Elimination:
READ:  Matrix   (A) file name: "ge_data/size512x512.mat"
READ:  RHS      (b) file name: "ge_data/size512x512.vec"
WRITE: Solution (x) file name: "ge_data/size512x512.sol"
[R63] Times: IO: 0.000000; Setup: 0.189181; Compute: 0.693492; MPI: 0.692556; Total: 0.882676;
[R62] Times: IO: 0.000000; Setup: 0.189164; Compute: 0.693676; MPI: 0.692683; Total: 0.882843;
[R61] Times: IO: 0.000000; Setup: 0.189158; Compute: 0.693845; MPI: 0.692916; Total: 0.883011;
[R60] Times: IO: 0.000000; Setup: 0.189150; Compute: 0.694028; MPI: 0.693055; Total: 0.883184;
[R59] Times: IO: 0.000000; Setup: 0.189133; Compute: 0.694208; MPI: 0.693195; Total: 0.883348;
[R58] Times: IO: 0.000000; Setup: 0.189133; Compute: 0.694386; MPI: 0.693380; Total: 0.883523;
[R57] Times: IO: 0.000000; Setup: 0.189115; Compute: 0.694570; MPI: 0.693507; Total: 0.883691;
[R56] Times: IO: 0.000000; Setup: 0.189110; Compute: 0.694758; MPI: 0.693400; Total: 0.883873;
[R55] Times: IO: 0.000000; Setup: 0.189107; Compute: 0.694930; MPI: 0.694026; Total: 0.884041;
[R54] Times: IO: 0.000000; Setup: 0.189094; Compute: 0.695090; MPI: 0.694195; Total: 0.884192;
[R53] Times: IO: 0.000000; Setup: 0.189095; Compute: 0.695243; MPI: 0.694283; Total: 0.884346;
[R52] Times: IO: 0.000000; Setup: 0.189086; Compute: 0.695419; MPI: 0.694468; Total: 0.884509;
[R51] Times: IO: 0.000000; Setup: 0.189075; Compute: 0.695584; MPI: 0.694594; Total: 0.884664;
[R50] Times: IO: 0.000000; Setup: 0.189069; Compute: 0.695738; MPI: 0.694785; Total: 0.884812;
[R49] Times: IO: 0.000000; Setup: 0.189061; Compute: 0.695909; MPI: 0.694977; Total: 0.884975;
[R48] Times: IO: 0.000000; Setup: 0.189059; Compute: 0.696086; MPI: 0.694582; Total: 0.885149;
[R47] Times: IO: 0.000000; Setup: 0.189903; Compute: 0.696252; MPI: 0.695334; Total: 0.886162;
[R46] Times: IO: 0.000000; Setup: 0.189888; Compute: 0.696423; MPI: 0.695538; Total: 0.886316;
[R45] Times: IO: 0.000000; Setup: 0.189886; Compute: 0.696595; MPI: 0.695686; Total: 0.886488;
[R44] Times: IO: 0.000000; Setup: 0.189879; Compute: 0.696784; MPI: 0.695893; Total: 0.886665;
[R43] Times: IO: 0.000000; Setup: 0.189865; Compute: 0.696951; MPI: 0.696085; Total: 0.886823;
[R42] Times: IO: 0.000000; Setup: 0.189848; Compute: 0.697129; MPI: 0.696232; Total: 0.886980;
[R41] Times: IO: 0.000000; Setup: 0.189842; Compute: 0.697298; MPI: 0.696120; Total: 0.887144;
[R40] Times: IO: 0.000000; Setup: 0.189838; Compute: 0.697482; MPI: 0.696428; Total: 0.887328;
[R39] Times: IO: 0.000000; Setup: 0.189830; Compute: 0.697641; MPI: 0.696683; Total: 0.887477;
[R38] Times: IO: 0.000000; Setup: 0.189814; Compute: 0.697816; MPI: 0.697042; Total: 0.887637;
[R37] Times: IO: 0.000000; Setup: 0.189802; Compute: 0.697970; MPI: 0.697137; Total: 0.887775;
[R36] Times: IO: 0.000000; Setup: 0.189805; Compute: 0.698136; MPI: 0.697385; Total: 0.887946;
[R35] Times: IO: 0.000000; Setup: 0.189789; Compute: 0.698294; MPI: 0.697399; Total: 0.888089;
[R34] Times: IO: 0.000000; Setup: 0.189781; Compute: 0.698461; MPI: 0.697586; Total: 0.888246;
[R33] Times: IO: 0.000000; Setup: 0.189781; Compute: 0.698618; MPI: 0.697788; Total: 0.888405;
[R32] Times: IO: 0.000000; Setup: 0.189785; Compute: 0.698777; MPI: 0.697896; Total: 0.888569;
[R31] Times: IO: 0.000000; Setup: 0.189236; Compute: 0.698933; MPI: 0.698177; Total: 0.888175;
[R30] Times: IO: 0.000000; Setup: 0.189225; Compute: 0.699100; MPI: 0.698357; Total: 0.888331;
[R29] Times: IO: 0.000000; Setup: 0.189233; Compute: 0.699246; MPI: 0.698435; Total: 0.888485;
[R28] Times: IO: 0.000000; Setup: 0.189210; Compute: 0.699435; MPI: 0.698733; Total: 0.888654;
[R27] Times: IO: 0.000000; Setup: 0.189194; Compute: 0.699604; MPI: 0.698814; Total: 0.888801;
[R26] Times: IO: 0.000000; Setup: 0.189187; Compute: 0.699774; MPI: 0.699116; Total: 0.888967;
[R25] Times: IO: 0.000000; Setup: 0.189174; Compute: 0.699946; MPI: 0.699112; Total: 0.889129;
[R24] Times: IO: 0.000000; Setup: 0.189172; Compute: 0.700119; MPI: 0.699234; Total: 0.889295;
[R23] Times: IO: 0.000000; Setup: 0.189205; Compute: 0.700286; MPI: 0.699466; Total: 0.889494;
[R22] Times: IO: 0.000000; Setup: 0.189190; Compute: 0.700450; MPI: 0.699770; Total: 0.889642;
[R21] Times: IO: 0.000000; Setup: 0.189192; Compute: 0.700600; MPI: 0.699896; Total: 0.889798;
[R20] Times: IO: 0.000000; Setup: 0.189176; Compute: 0.700772; MPI: 0.699984; Total: 0.889954;
[R19] Times: IO: 0.000000; Setup: 0.189171; Compute: 0.700923; MPI: 0.700129; Total: 0.890097;
[R18] Times: IO: 0.000000; Setup: 0.189152; Compute: 0.701074; MPI: 0.700331; Total: 0.890230;
[R17] Times: IO: 0.000000; Setup: 0.189163; Compute: 0.701220; MPI: 0.700707; Total: 0.890389;
[R16] Times: IO: 0.000000; Setup: 0.189149; Compute: 0.701375; MPI: 0.700850; Total: 0.890529;
[R15] Times: IO: 0.000000; Setup: 0.189288; Compute: 0.701526; MPI: 0.701123; Total: 0.890817;
[R14] Times: IO: 0.000000; Setup: 0.189264; Compute: 0.701702; MPI: 0.701316; Total: 0.890970;
[R13] Times: IO: 0.000000; Setup: 0.189231; Compute: 0.701889; MPI: 0.701510; Total: 0.891129;
[R12] Times: IO: 0.000000; Setup: 0.189198; Compute: 0.702099; MPI: 0.701734; Total: 0.891308;
[R11] Times: IO: 0.000000; Setup: 0.189174; Compute: 0.702293; MPI: 0.701946; Total: 0.891473;
[R10] Times: IO: 0.000000; Setup: 0.189150; Compute: 0.702468; MPI: 0.702141; Total: 0.891627;
[R09] Times: IO: 0.000000; Setup: 0.189123; Compute: 0.702639; MPI: 0.702325; Total: 0.891772;
[R08] Times: IO: 0.000000; Setup: 0.189096; Compute: 0.702834; MPI: 0.702536; Total: 0.891935;
[R07] Times: IO: 0.000000; Setup: 0.189088; Compute: 0.702992; MPI: 0.702692; Total: 0.892084;
[R06] Times: IO: 0.000000; Setup: 0.189063; Compute: 0.703172; MPI: 0.702901; Total: 0.892239;
[R05] Times: IO: 0.000000; Setup: 0.189037; Compute: 0.703336; MPI: 0.703072; Total: 0.892378;
[R04] Times: IO: 0.000000; Setup: 0.189014; Compute: 0.703509; MPI: 0.703276; Total: 0.892527;
[R03] Times: IO: 0.000000; Setup: 0.188982; Compute: 0.703658; MPI: 0.703444; Total: 0.892642;
[R02] Times: IO: 0.000000; Setup: 0.188964; Compute: 0.703820; MPI: 0.703612; Total: 0.892789;
[R01] Times: IO: 0.000000; Setup: 0.188940; Compute: 0.703977; MPI: 0.703793; Total: 0.892921;
[R00] Times: IO: 0.057664; Setup: 0.132693; Compute: 0.703474; MPI: 0.703328; Total: 0.894859;
Mon Dec 12 22:01:26 CET 2016
Solving the Ax=b system with Gaussian Elimination:
READ:  Matrix   (A) file name: "ge_data/size1024x1024.mat"
READ:  RHS      (b) file name: "ge_data/size1024x1024.vec"
WRITE: Solution (x) file name: "ge_data/size1024x1024.sol"
[R63] Times: IO: 0.000000; Setup: 0.348168; Compute: 0.968470; MPI: 0.962530; Total: 1.316642;
[R62] Times: IO: 0.000000; Setup: 0.348131; Compute: 0.968681; MPI: 0.962723; Total: 1.316818;
[R61] Times: IO: 0.000000; Setup: 0.348096; Compute: 0.968880; MPI: 0.962965; Total: 1.316982;
[R60] Times: IO: 0.000000; Setup: 0.348056; Compute: 0.969109; MPI: 0.963227; Total: 1.317169;
[R59] Times: IO: 0.000000; Setup: 0.348018; Compute: 0.969323; MPI: 0.963442; Total: 1.317347;
[R58] Times: IO: 0.000000; Setup: 0.347989; Compute: 0.969548; MPI: 0.963665; Total: 1.317540;
[R57] Times: IO: 0.000000; Setup: 0.347941; Compute: 0.969775; MPI: 0.964023; Total: 1.317725;
[R56] Times: IO: 0.000000; Setup: 0.347905; Compute: 0.970014; MPI: 0.964218; Total: 1.317922;
[R55] Times: IO: 0.000000; Setup: 0.347777; Compute: 0.970227; MPI: 0.964716; Total: 1.318007;
[R54] Times: IO: 0.000000; Setup: 0.347744; Compute: 0.970419; MPI: 0.965101; Total: 1.318165;
[R53] Times: IO: 0.000000; Setup: 0.347717; Compute: 0.970610; MPI: 0.965226; Total: 1.318332;
[R52] Times: IO: 0.000000; Setup: 0.347684; Compute: 0.970830; MPI: 0.965592; Total: 1.318520;
[R51] Times: IO: 0.000000; Setup: 0.347656; Compute: 0.971042; MPI: 0.965664; Total: 1.318702;
[R50] Times: IO: 0.000000; Setup: 0.347618; Compute: 0.971255; MPI: 0.965798; Total: 1.318877;
[R49] Times: IO: 0.000000; Setup: 0.347583; Compute: 0.971466; MPI: 0.966154; Total: 1.319056;
[R48] Times: IO: 0.000000; Setup: 0.347546; Compute: 0.971700; MPI: 0.966379; Total: 1.319250;
[R47] Times: IO: 0.000000; Setup: 0.348161; Compute: 0.971913; MPI: 0.966522; Total: 1.320078;
[R46] Times: IO: 0.000000; Setup: 0.348125; Compute: 0.972124; MPI: 0.966872; Total: 1.320254;
[R45] Times: IO: 0.000000; Setup: 0.348098; Compute: 0.972338; MPI: 0.966913; Total: 1.320439;
[R44] Times: IO: 0.000000; Setup: 0.348064; Compute: 0.972577; MPI: 0.967308; Total: 1.320645;
[R43] Times: IO: 0.000000; Setup: 0.348019; Compute: 0.972799; MPI: 0.967683; Total: 1.320821;
[R42] Times: IO: 0.000000; Setup: 0.347970; Compute: 0.973015; MPI: 0.967717; Total: 1.320987;
[R41] Times: IO: 0.000000; Setup: 0.347941; Compute: 0.973249; MPI: 0.968113; Total: 1.321195;
[R40] Times: IO: 0.000000; Setup: 0.347898; Compute: 0.973488; MPI: 0.968339; Total: 1.321390;
[R39] Times: IO: 0.000000; Setup: 0.347836; Compute: 0.973718; MPI: 0.968975; Total: 1.321557;
[R38] Times: IO: 0.000000; Setup: 0.347801; Compute: 0.973927; MPI: 0.969198; Total: 1.321729;
[R37] Times: IO: 0.000000; Setup: 0.347768; Compute: 0.974133; MPI: 0.969352; Total: 1.321903;
[R36] Times: IO: 0.000000; Setup: 0.347737; Compute: 0.974356; MPI: 0.969495; Total: 1.322095;
[R35] Times: IO: 0.000000; Setup: 0.347693; Compute: 0.974559; MPI: 0.970078; Total: 1.322257;
[R34] Times: IO: 0.000000; Setup: 0.347660; Compute: 0.974764; MPI: 0.970208; Total: 1.322428;
[R33] Times: IO: 0.000000; Setup: 0.347627; Compute: 0.974983; MPI: 0.970547; Total: 1.322613;
[R32] Times: IO: 0.000000; Setup: 0.347590; Compute: 0.975199; MPI: 0.970608; Total: 1.322792;
[R31] Times: IO: 0.000000; Setup: 0.347934; Compute: 0.975395; MPI: 0.971305; Total: 1.323333;
[R30] Times: IO: 0.000000; Setup: 0.347900; Compute: 0.975605; MPI: 0.971551; Total: 1.323509;
[R29] Times: IO: 0.000000; Setup: 0.347857; Compute: 0.975834; MPI: 0.971866; Total: 1.323695;
[R28] Times: IO: 0.000000; Setup: 0.347827; Compute: 0.976064; MPI: 0.972172; Total: 1.323897;
[R27] Times: IO: 0.000000; Setup: 0.347790; Compute: 0.976274; MPI: 0.972452; Total: 1.324069;
[R26] Times: IO: 0.000000; Setup: 0.347751; Compute: 0.976492; MPI: 0.972686; Total: 1.324246;
[R25] Times: IO: 0.000000; Setup: 0.347707; Compute: 0.976704; MPI: 0.973096; Total: 1.324418;
[R24] Times: IO: 0.000000; Setup: 0.347665; Compute: 0.976938; MPI: 0.973345; Total: 1.324609;
[R23] Times: IO: 0.000000; Setup: 0.347618; Compute: 0.977155; MPI: 0.973900; Total: 1.324777;
[R22] Times: IO: 0.000000; Setup: 0.347575; Compute: 0.977354; MPI: 0.974119; Total: 1.324934;
[R21] Times: IO: 0.000000; Setup: 0.347543; Compute: 0.977571; MPI: 0.974375; Total: 1.325117;
[R20] Times: IO: 0.000000; Setup: 0.347514; Compute: 0.977781; MPI: 0.974705; Total: 1.325303;
[R19] Times: IO: 0.000000; Setup: 0.347481; Compute: 0.977984; MPI: 0.975166; Total: 1.325469;
[R18] Times: IO: 0.000000; Setup: 0.347438; Compute: 0.978187; MPI: 0.975374; Total: 1.325630;
[R17] Times: IO: 0.000000; Setup: 0.347403; Compute: 0.978391; MPI: 0.975557; Total: 1.325804;
[R16] Times: IO: 0.000000; Setup: 0.347363; Compute: 0.978626; MPI: 0.976007; Total: 1.325992;
[R15] Times: IO: 0.000000; Setup: 0.347406; Compute: 0.978891; MPI: 0.976559; Total: 1.326300;
[R14] Times: IO: 0.000000; Setup: 0.347300; Compute: 0.979173; MPI: 0.976966; Total: 1.326475;
[R13] Times: IO: 0.000000; Setup: 0.347199; Compute: 0.979446; MPI: 0.977351; Total: 1.326649;
[R12] Times: IO: 0.000000; Setup: 0.347091; Compute: 0.979746; MPI: 0.977778; Total: 1.326841;
[R11] Times: IO: 0.000000; Setup: 0.346980; Compute: 0.980053; MPI: 0.978211; Total: 1.327040;
[R10] Times: IO: 0.000000; Setup: 0.346879; Compute: 0.980333; MPI: 0.978612; Total: 1.327218;
[R09] Times: IO: 0.000000; Setup: 0.346768; Compute: 0.980619; MPI: 0.979026; Total: 1.327393;
[R08] Times: IO: 0.000000; Setup: 0.346667; Compute: 0.980913; MPI: 0.979460; Total: 1.327584;
[R07] Times: IO: 0.000000; Setup: 0.346509; Compute: 0.981197; MPI: 0.979889; Total: 1.327712;
[R06] Times: IO: 0.000000; Setup: 0.346404; Compute: 0.981467; MPI: 0.980290; Total: 1.327875;
[R05] Times: IO: 0.000000; Setup: 0.346294; Compute: 0.981742; MPI: 0.980694; Total: 1.328041;
[R04] Times: IO: 0.000000; Setup: 0.346184; Compute: 0.982024; MPI: 0.981133; Total: 1.328211;
[R03] Times: IO: 0.000000; Setup: 0.346080; Compute: 0.982299; MPI: 0.981549; Total: 1.328384;
[R02] Times: IO: 0.000000; Setup: 0.345975; Compute: 0.982573; MPI: 0.981978; Total: 1.328553;
[R01] Times: IO: 0.000000; Setup: 0.345848; Compute: 0.982894; MPI: 0.982440; Total: 1.328748;
[R00] Times: IO: 0.211484; Setup: 0.137880; Compute: 0.979696; MPI: 0.979361; Total: 1.332161;
Mon Dec 12 22:01:29 CET 2016
Solving the Ax=b system with Gaussian Elimination:
READ:  Matrix   (A) file name: "ge_data/size2048x2048.mat"
READ:  RHS      (b) file name: "ge_data/size2048x2048.vec"
WRITE: Solution (x) file name: "ge_data/size2048x2048.sol"
[R63] Times: IO: 0.000000; Setup: 1.020306; Compute: 0.828864; MPI: 0.772426; Total: 1.849175;
[R62] Times: IO: 0.000000; Setup: 1.019826; Compute: 0.829528; MPI: 0.773630; Total: 1.849357;
[R61] Times: IO: 0.000000; Setup: 1.019394; Compute: 0.830135; MPI: 0.774048; Total: 1.849534;
[R60] Times: IO: 0.000000; Setup: 1.018941; Compute: 0.830815; MPI: 0.774402; Total: 1.849760;
[R59] Times: IO: 0.000000; Setup: 1.018477; Compute: 0.831462; MPI: 0.774258; Total: 1.849943;
[R58] Times: IO: 0.000000; Setup: 1.018037; Compute: 0.832102; MPI: 0.775944; Total: 1.850142;
[R57] Times: IO: 0.000000; Setup: 1.017576; Compute: 0.832757; MPI: 0.775884; Total: 1.850336;
[R56] Times: IO: 0.000000; Setup: 1.017120; Compute: 0.833439; MPI: 0.777076; Total: 1.850561;
[R55] Times: IO: 0.000000; Setup: 1.016641; Compute: 0.834082; MPI: 0.783390; Total: 1.850728;
[R54] Times: IO: 0.000000; Setup: 1.016183; Compute: 0.834730; MPI: 0.783003; Total: 1.850915;
[R53] Times: IO: 0.000000; Setup: 1.015718; Compute: 0.835362; MPI: 0.784881; Total: 1.851086;
[R52] Times: IO: 0.000000; Setup: 1.015258; Compute: 0.836021; MPI: 0.785486; Total: 1.851281;
[R51] Times: IO: 0.000000; Setup: 1.014839; Compute: 0.836650; MPI: 0.786845; Total: 1.851492;
[R50] Times: IO: 0.000000; Setup: 1.014375; Compute: 0.837315; MPI: 0.787188; Total: 1.851693;
[R49] Times: IO: 0.000000; Setup: 1.013898; Compute: 0.837989; MPI: 0.788068; Total: 1.851891;
[R48] Times: IO: 0.000000; Setup: 1.013432; Compute: 0.838679; MPI: 0.788559; Total: 1.852115;
[R47] Times: IO: 0.000000; Setup: 1.012496; Compute: 0.839401; MPI: 0.786734; Total: 1.851900;
[R46] Times: IO: 0.000000; Setup: 1.012007; Compute: 0.840111; MPI: 0.788227; Total: 1.852123;
[R45] Times: IO: 0.000000; Setup: 1.011536; Compute: 0.840815; MPI: 0.788215; Total: 1.852355;
[R44] Times: IO: 0.000000; Setup: 1.011065; Compute: 0.841555; MPI: 0.789778; Total: 1.852628;
[R43] Times: IO: 0.000000; Setup: 1.010638; Compute: 0.842221; MPI: 0.790152; Total: 1.852862;
[R42] Times: IO: 0.000000; Setup: 1.010165; Compute: 0.842923; MPI: 0.791968; Total: 1.853093;
[R41] Times: IO: 0.000000; Setup: 1.009697; Compute: 0.843635; MPI: 0.793408; Total: 1.853338;
[R40] Times: IO: 0.000000; Setup: 1.009241; Compute: 0.844357; MPI: 0.794780; Total: 1.853608;
[R39] Times: IO: 0.000000; Setup: 1.008708; Compute: 0.845081; MPI: 0.799053; Total: 1.853794;
[R38] Times: IO: 0.000000; Setup: 1.008246; Compute: 0.845772; MPI: 0.800317; Total: 1.854025;
[R37] Times: IO: 0.000000; Setup: 1.007785; Compute: 0.846461; MPI: 0.801195; Total: 1.854250;
[R36] Times: IO: 0.000000; Setup: 1.007302; Compute: 0.847179; MPI: 0.801959; Total: 1.854485;
[R35] Times: IO: 0.000000; Setup: 1.006822; Compute: 0.847919; MPI: 0.804601; Total: 1.854744;
[R34] Times: IO: 0.000000; Setup: 1.006348; Compute: 0.848629; MPI: 0.806883; Total: 1.854981;
[R33] Times: IO: 0.000000; Setup: 1.005879; Compute: 0.849344; MPI: 0.807589; Total: 1.855227;
[R32] Times: IO: 0.000000; Setup: 1.005415; Compute: 0.850075; MPI: 0.808870; Total: 1.855496;
[R31] Times: IO: 0.000000; Setup: 1.005111; Compute: 0.850805; MPI: 0.810301; Total: 1.855918;
[R30] Times: IO: 0.000000; Setup: 1.004664; Compute: 0.851529; MPI: 0.810690; Total: 1.856199;
[R29] Times: IO: 0.000000; Setup: 1.004198; Compute: 0.852266; MPI: 0.811754; Total: 1.856467;
[R28] Times: IO: 0.000000; Setup: 1.003739; Compute: 0.853040; MPI: 0.814188; Total: 1.856783;
[R27] Times: IO: 0.000000; Setup: 1.003289; Compute: 0.853780; MPI: 0.815897; Total: 1.857074;
[R26] Times: IO: 0.000000; Setup: 1.002808; Compute: 0.854543; MPI: 0.818276; Total: 1.857359;
[R25] Times: IO: 0.000000; Setup: 1.002385; Compute: 0.855259; MPI: 0.819103; Total: 1.857648;
[R24] Times: IO: 0.000000; Setup: 1.001928; Compute: 0.856025; MPI: 0.819904; Total: 1.857960;
[R23] Times: IO: 0.000000; Setup: 1.001378; Compute: 0.856785; MPI: 0.823147; Total: 1.858170;
[R22] Times: IO: 0.000000; Setup: 1.000901; Compute: 0.857524; MPI: 0.824339; Total: 1.858430;
[R21] Times: IO: 0.000000; Setup: 1.000431; Compute: 0.858257; MPI: 0.826399; Total: 1.858693;
[R20] Times: IO: 0.000000; Setup: 0.999929; Compute: 0.859049; MPI: 0.829616; Total: 1.858981;
[R19] Times: IO: 0.000000; Setup: 0.999454; Compute: 0.859794; MPI: 0.830865; Total: 1.859252;
[R18] Times: IO: 0.000000; Setup: 0.998956; Compute: 0.860564; MPI: 0.831995; Total: 1.859530;
[R17] Times: IO: 0.000000; Setup: 0.998493; Compute: 0.861306; MPI: 0.835377; Total: 1.859805;
[R16] Times: IO: 0.000000; Setup: 0.998021; Compute: 0.862075; MPI: 0.836058; Total: 1.860100;
[R15] Times: IO: 0.000000; Setup: 0.998177; Compute: 0.862897; MPI: 0.839336; Total: 1.861079;
[R14] Times: IO: 0.000000; Setup: 0.997834; Compute: 0.863547; MPI: 0.841093; Total: 1.861387;
[R13] Times: IO: 0.000000; Setup: 0.997493; Compute: 0.864197; MPI: 0.842926; Total: 1.861696;
[R12] Times: IO: 0.000000; Setup: 0.997159; Compute: 0.864896; MPI: 0.844783; Total: 1.862062;
[R11] Times: IO: 0.000000; Setup: 0.996820; Compute: 0.865557; MPI: 0.847058; Total: 1.862382;
[R10] Times: IO: 0.000000; Setup: 0.996484; Compute: 0.866228; MPI: 0.849114; Total: 1.862719;
[R09] Times: IO: 0.000000; Setup: 0.996149; Compute: 0.866916; MPI: 0.850345; Total: 1.863073;
[R08] Times: IO: 0.000000; Setup: 0.995811; Compute: 0.867605; MPI: 0.853501; Total: 1.863423;
[R07] Times: IO: 0.000000; Setup: 0.995470; Compute: 0.868258; MPI: 0.855837; Total: 1.863735;
[R06] Times: IO: 0.000000; Setup: 0.995148; Compute: 0.868886; MPI: 0.857886; Total: 1.864038;
[R05] Times: IO: 0.000000; Setup: 0.994803; Compute: 0.869554; MPI: 0.860126; Total: 1.864361;
[R04] Times: IO: 0.000000; Setup: 0.994473; Compute: 0.870202; MPI: 0.862285; Total: 1.864680;
[R03] Times: IO: 0.000000; Setup: 0.994135; Compute: 0.870847; MPI: 0.864490; Total: 1.864989;
[R02] Times: IO: 0.000000; Setup: 0.993791; Compute: 0.871501; MPI: 0.866832; Total: 1.865298;
[R01] Times: IO: 0.000000; Setup: 0.993443; Compute: 0.872166; MPI: 0.869137; Total: 1.865613;
[R00] Times: IO: 0.848438; Setup: 0.162873; Compute: 0.845107; MPI: 0.843480; Total: 1.868557;
Mon Dec 12 22:01:32 CET 2016
Solving the Ax=b system with Gaussian Elimination:
READ:  Matrix   (A) file name: "ge_data/size4096x4096.mat"
READ:  RHS      (b) file name: "ge_data/size4096x4096.vec"
WRITE: Solution (x) file name: "ge_data/size4096x4096.sol"
[R63] Times: IO: 0.000000; Setup: 3.549266; Compute: 1.083989; MPI: 0.622854; Total: 4.633259;
[R62] Times: IO: 0.000000; Setup: 3.547882; Compute: 1.085590; MPI: 0.620830; Total: 4.633475;
[R61] Times: IO: 0.000000; Setup: 3.546507; Compute: 1.087188; MPI: 0.619993; Total: 4.633699;
[R60] Times: IO: 0.000000; Setup: 3.545150; Compute: 1.088823; MPI: 0.621393; Total: 4.633977;
[R59] Times: IO: 0.000000; Setup: 3.543788; Compute: 1.090442; MPI: 0.624032; Total: 4.634234;
[R58] Times: IO: 0.000000; Setup: 3.542395; Compute: 1.092107; MPI: 0.627963; Total: 4.634506;
[R57] Times: IO: 0.000000; Setup: 3.541023; Compute: 1.093770; MPI: 0.632093; Total: 4.634796;
[R56] Times: IO: 0.000000; Setup: 3.539661; Compute: 1.095444; MPI: 0.636791; Total: 4.635109;
[R55] Times: IO: 0.000000; Setup: 3.538301; Compute: 1.097098; MPI: 0.638011; Total: 4.635404;
[R54] Times: IO: 0.000000; Setup: 3.536953; Compute: 1.098720; MPI: 0.640094; Total: 4.635677;
[R53] Times: IO: 0.000000; Setup: 3.535593; Compute: 1.100365; MPI: 0.642053; Total: 4.635963;
[R52] Times: IO: 0.000000; Setup: 3.534234; Compute: 1.102069; MPI: 0.646076; Total: 4.636308;
[R51] Times: IO: 0.000000; Setup: 3.532874; Compute: 1.103783; MPI: 0.648643; Total: 4.636661;
[R50] Times: IO: 0.000000; Setup: 3.531512; Compute: 1.105526; MPI: 0.655636; Total: 4.637044;
[R49] Times: IO: 0.000000; Setup: 3.530107; Compute: 1.107334; MPI: 0.660121; Total: 4.637444;
[R48] Times: IO: 0.000000; Setup: 3.528742; Compute: 1.109101; MPI: 0.651991; Total: 4.637848;
[R47] Times: IO: 0.000000; Setup: 3.527961; Compute: 1.111003; MPI: 0.674278; Total: 4.638971;
[R46] Times: IO: 0.000000; Setup: 3.526649; Compute: 1.112787; MPI: 0.678189; Total: 4.639441;
[R45] Times: IO: 0.000000; Setup: 3.525276; Compute: 1.114652; MPI: 0.683208; Total: 4.639931;
[R44] Times: IO: 0.000000; Setup: 3.523918; Compute: 1.116545; MPI: 0.688212; Total: 4.640469;
[R43] Times: IO: 0.000000; Setup: 3.522536; Compute: 1.118459; MPI: 0.693274; Total: 4.641003;
[R42] Times: IO: 0.000000; Setup: 3.521185; Compute: 1.120344; MPI: 0.701169; Total: 4.641532;
[R41] Times: IO: 0.000000; Setup: 3.519792; Compute: 1.122303; MPI: 0.707896; Total: 4.642102;
[R40] Times: IO: 0.000000; Setup: 3.518380; Compute: 1.124310; MPI: 0.716459; Total: 4.642696;
[R39] Times: IO: 0.000000; Setup: 3.516977; Compute: 1.126299; MPI: 0.724045; Total: 4.643284;
[R38] Times: IO: 0.000000; Setup: 3.515584; Compute: 1.128269; MPI: 0.728314; Total: 4.643858;
[R37] Times: IO: 0.000000; Setup: 3.514255; Compute: 1.130192; MPI: 0.735307; Total: 4.644451;
[R36] Times: IO: 0.000000; Setup: 3.512888; Compute: 1.132176; MPI: 0.742227; Total: 4.645070;
[R35] Times: IO: 0.000000; Setup: 3.511521; Compute: 1.134168; MPI: 0.749923; Total: 4.645698;
[R34] Times: IO: 0.000000; Setup: 3.510102; Compute: 1.136216; MPI: 0.758320; Total: 4.646322;
[R33] Times: IO: 0.000000; Setup: 3.508695; Compute: 1.138229; MPI: 0.766596; Total: 4.646926;
[R32] Times: IO: 0.000000; Setup: 3.507315; Compute: 1.140251; MPI: 0.764883; Total: 4.647572;
[R31] Times: IO: 0.000000; Setup: 3.506025; Compute: 1.142403; MPI: 0.788867; Total: 4.648439;
[R30] Times: IO: 0.000000; Setup: 3.504646; Compute: 1.144509; MPI: 0.796370; Total: 4.649163;
[R29] Times: IO: 0.000000; Setup: 3.503282; Compute: 1.146606; MPI: 0.805391; Total: 4.649894;
[R28] Times: IO: 0.000000; Setup: 3.501929; Compute: 1.148754; MPI: 0.813972; Total: 4.650693;
[R27] Times: IO: 0.000000; Setup: 3.500532; Compute: 1.150953; MPI: 0.825269; Total: 4.651492;
[R26] Times: IO: 0.000000; Setup: 3.499178; Compute: 1.153094; MPI: 0.837208; Total: 4.652282;
[R25] Times: IO: 0.000000; Setup: 3.497786; Compute: 1.155285; MPI: 0.847497; Total: 4.653081;
[R24] Times: IO: 0.000000; Setup: 3.496425; Compute: 1.157478; MPI: 0.860767; Total: 4.653914;
[R23] Times: IO: 0.000000; Setup: 3.494998; Compute: 1.159694; MPI: 0.869366; Total: 4.654696;
[R22] Times: IO: 0.000000; Setup: 3.493583; Compute: 1.161874; MPI: 0.878602; Total: 4.655462;
[R21] Times: IO: 0.000000; Setup: 3.492166; Compute: 1.164055; MPI: 0.891026; Total: 4.656232;
[R20] Times: IO: 0.000000; Setup: 3.490736; Compute: 1.166277; MPI: 0.902794; Total: 4.657023;
[R19] Times: IO: 0.000000; Setup: 3.489306; Compute: 1.168517; MPI: 0.914804; Total: 4.657834;
[R18] Times: IO: 0.000000; Setup: 3.487881; Compute: 1.170776; MPI: 0.928805; Total: 4.658664;
[R17] Times: IO: 0.000000; Setup: 3.486474; Compute: 1.173004; MPI: 0.941532; Total: 4.659486;
[R16] Times: IO: 0.000000; Setup: 3.485028; Compute: 1.175301; MPI: 0.949015; Total: 4.660334;
[R15] Times: IO: 0.000000; Setup: 3.483407; Compute: 1.177791; MPI: 0.974072; Total: 4.661206;
[R14] Times: IO: 0.000000; Setup: 3.482727; Compute: 1.179476; MPI: 0.970031; Total: 4.662208;
[R13] Times: IO: 0.000000; Setup: 3.482042; Compute: 1.181176; MPI: 0.998382; Total: 4.663225;
[R12] Times: IO: 0.000000; Setup: 3.481378; Compute: 1.182896; MPI: 1.010373; Total: 4.664279;
[R11] Times: IO: 0.000000; Setup: 3.480704; Compute: 1.184632; MPI: 1.025242; Total: 4.665343;
[R10] Times: IO: 0.000000; Setup: 3.480065; Compute: 1.186308; MPI: 1.039556; Total: 4.666380;
[R09] Times: IO: 0.000000; Setup: 3.479457; Compute: 1.187949; MPI: 1.053798; Total: 4.667410;
[R08] Times: IO: 0.000000; Setup: 3.478889; Compute: 1.189569; MPI: 1.068357; Total: 4.668467;
[R07] Times: IO: 0.000000; Setup: 3.477854; Compute: 1.191248; MPI: 1.085809; Total: 4.669105;
[R06] Times: IO: 0.000000; Setup: 3.477219; Compute: 1.192982; MPI: 1.100043; Total: 4.670205;
[R05] Times: IO: 0.000000; Setup: 3.476584; Compute: 1.194752; MPI: 1.115104; Total: 4.671340;
[R04] Times: IO: 0.000000; Setup: 3.475930; Compute: 1.196546; MPI: 1.130144; Total: 4.672479;
[R03] Times: IO: 0.000000; Setup: 3.475295; Compute: 1.198335; MPI: 1.145559; Total: 4.673635;
[R02] Times: IO: 0.000000; Setup: 3.474655; Compute: 1.200114; MPI: 1.161594; Total: 4.674773;
[R01] Times: IO: 0.000000; Setup: 3.474023; Compute: 1.201883; MPI: 1.177725; Total: 4.675911;
[R00] Times: IO: 3.296833; Setup: 0.210789; Compute: 1.126876; MPI: 1.117008; Total: 4.681812;
Mon Dec 12 22:01:38 CET 2016
Solving the Ax=b system with Gaussian Elimination:
READ:  Matrix   (A) file name: "ge_data/size8192x8192.mat"
READ:  RHS      (b) file name: "ge_data/size8192x8192.vec"
WRITE: Solution (x) file name: "ge_data/size8192x8192.sol"
[R63] Times: IO: 0.000000; Setup: 16.463434; Compute: 14.280896; MPI: 2.249261; Total: 30.744333;
[R62] Times: IO: 0.000000; Setup: 16.459199; Compute: 14.285477; MPI: 2.100949; Total: 30.744682;
[R61] Times: IO: 0.000000; Setup: 16.453552; Compute: 14.291493; MPI: 1.958825; Total: 30.745048;
[R60] Times: IO: 0.000000; Setup: 16.449255; Compute: 14.296255; MPI: 1.819595; Total: 30.745513;
[R59] Times: IO: 0.000000; Setup: 16.444989; Compute: 14.301063; MPI: 1.866786; Total: 30.746055;
[R58] Times: IO: 0.000000; Setup: 16.440795; Compute: 14.305861; MPI: 1.980793; Total: 30.746658;
[R57] Times: IO: 0.000000; Setup: 16.436557; Compute: 14.310718; MPI: 2.290452; Total: 30.747277;
[R56] Times: IO: 0.000000; Setup: 16.432321; Compute: 14.315690; MPI: 2.762504; Total: 30.748014;
[R55] Times: IO: 0.000000; Setup: 16.427965; Compute: 14.320555; MPI: 2.075043; Total: 30.748523;
[R54] Times: IO: 0.000000; Setup: 16.423707; Compute: 14.325594; MPI: 1.989721; Total: 30.749304;
[R53] Times: IO: 0.000000; Setup: 16.418048; Compute: 14.332138; MPI: 1.929609; Total: 30.750190;
[R52] Times: IO: 0.000000; Setup: 16.413746; Compute: 14.337428; MPI: 1.939224; Total: 30.751178;
[R51] Times: IO: 0.000000; Setup: 16.409445; Compute: 14.342758; MPI: 1.916377; Total: 30.752206;
[R50] Times: IO: 0.000000; Setup: 16.405212; Compute: 14.348100; MPI: 2.068279; Total: 30.753316;
[R49] Times: IO: 0.000000; Setup: 16.400845; Compute: 14.353602; MPI: 2.214119; Total: 30.754451;
[R48] Times: IO: 0.000000; Setup: 16.396505; Compute: 14.359165; MPI: 2.381220; Total: 30.755673;
[R47] Times: IO: 0.000000; Setup: 16.392288; Compute: 14.365093; MPI: 3.203902; Total: 30.757386;
[R46] Times: IO: 0.000000; Setup: 16.388012; Compute: 14.370882; MPI: 3.110469; Total: 30.758902;
[R45] Times: IO: 0.000000; Setup: 16.382375; Compute: 14.378018; MPI: 3.028160; Total: 30.760403;
[R44] Times: IO: 0.000000; Setup: 16.378131; Compute: 14.383843; MPI: 3.010204; Total: 30.761981;
[R43] Times: IO: 0.000000; Setup: 16.373848; Compute: 14.389773; MPI: 3.078044; Total: 30.763630;
[R42] Times: IO: 0.000000; Setup: 16.369496; Compute: 14.395806; MPI: 3.256748; Total: 30.765309;
[R41] Times: IO: 0.000000; Setup: 16.365210; Compute: 14.401847; MPI: 3.600129; Total: 30.767062;
[R40] Times: IO: 0.000000; Setup: 16.360874; Compute: 14.407991; MPI: 3.975276; Total: 30.768872;
[R39] Times: IO: 0.000000; Setup: 16.356595; Compute: 14.414251; MPI: 3.941685; Total: 30.770849;
[R38] Times: IO: 0.000000; Setup: 16.352312; Compute: 14.420554; MPI: 3.870001; Total: 30.772870;
[R37] Times: IO: 0.000000; Setup: 16.346658; Compute: 14.428184; MPI: 3.911829; Total: 30.774845;
[R36] Times: IO: 0.000000; Setup: 16.342300; Compute: 14.434539; MPI: 4.014807; Total: 30.776840;
[R35] Times: IO: 0.000000; Setup: 16.338016; Compute: 14.440977; MPI: 3.953965; Total: 30.778997;
[R34] Times: IO: 0.000000; Setup: 16.333672; Compute: 14.447471; MPI: 4.224953; Total: 30.781147;
[R33] Times: IO: 0.000000; Setup: 16.329318; Compute: 14.454021; MPI: 4.563740; Total: 30.783342;
[R32] Times: IO: 0.000000; Setup: 16.324942; Compute: 14.460658; MPI: 4.588989; Total: 30.785603;
[R31] Times: IO: 0.000000; Setup: 16.320803; Compute: 14.467635; MPI: 5.672693; Total: 30.788441;
[R30] Times: IO: 0.000000; Setup: 16.316497; Compute: 14.474629; MPI: 5.639005; Total: 30.791130;
[R29] Times: IO: 0.000000; Setup: 16.312256; Compute: 14.481468; MPI: 5.624244; Total: 30.793732;
[R28] Times: IO: 0.000000; Setup: 16.306656; Compute: 14.489748; MPI: 5.676970; Total: 30.796412;
[R27] Times: IO: 0.000000; Setup: 16.302351; Compute: 14.496788; MPI: 5.788999; Total: 30.799144;
[R26] Times: IO: 0.000000; Setup: 16.298064; Compute: 14.503856; MPI: 6.028553; Total: 30.801923;
[R25] Times: IO: 0.000000; Setup: 16.293655; Compute: 14.511069; MPI: 6.395247; Total: 30.804728;
[R24] Times: IO: 0.000000; Setup: 16.289418; Compute: 14.518204; MPI: 6.750286; Total: 30.807626;
[R23] Times: IO: 0.000000; Setup: 16.285138; Compute: 14.525683; MPI: 7.463316; Total: 30.810827;
[R22] Times: IO: 0.000000; Setup: 16.280776; Compute: 14.533112; MPI: 7.505517; Total: 30.813890;
[R21] Times: IO: 0.000000; Setup: 16.276449; Compute: 14.540482; MPI: 7.575414; Total: 30.816935;
[R20] Times: IO: 0.000000; Setup: 16.270727; Compute: 14.549284; MPI: 7.643076; Total: 30.820014;
[R19] Times: IO: 0.000000; Setup: 16.266384; Compute: 14.556753; MPI: 7.795195; Total: 30.823142;
[R18] Times: IO: 0.000000; Setup: 16.261984; Compute: 14.564336; MPI: 7.996567; Total: 30.826323;
[R17] Times: IO: 0.000000; Setup: 16.257638; Compute: 14.571909; MPI: 8.335362; Total: 30.829552;
[R16] Times: IO: 0.000000; Setup: 16.253280; Compute: 14.579586; MPI: 8.609461; Total: 30.832870;
[R15] Times: IO: 0.000000; Setup: 16.249454; Compute: 14.587731; MPI: 9.841394; Total: 30.837189;
[R14] Times: IO: 0.000000; Setup: 16.246346; Compute: 14.594467; MPI: 9.913155; Total: 30.840818;
[R13] Times: IO: 0.000000; Setup: 16.243255; Compute: 14.601197; MPI: 10.007373; Total: 30.844454;
[R12] Times: IO: 0.000000; Setup: 16.240128; Compute: 14.608075; MPI: 10.163868; Total: 30.848210;
[R11] Times: IO: 0.000000; Setup: 16.237013; Compute: 14.615034; MPI: 10.337900; Total: 30.852057;
[R10] Times: IO: 0.000000; Setup: 16.233871; Compute: 14.622035; MPI: 10.590612; Total: 30.855913;
[R09] Times: IO: 0.000000; Setup: 16.230738; Compute: 14.629113; MPI: 10.889300; Total: 30.859857;
[R08] Times: IO: 0.000000; Setup: 16.227637; Compute: 14.636223; MPI: 11.201953; Total: 30.863864;
[R07] Times: IO: 0.000000; Setup: 16.224514; Compute: 14.643793; MPI: 13.000067; Total: 30.868313;
[R06] Times: IO: 0.000000; Setup: 16.221581; Compute: 14.650956; MPI: 13.102610; Total: 30.872541;
[R05] Times: IO: 0.000000; Setup: 16.218670; Compute: 14.658080; MPI: 13.206751; Total: 30.876753;
[R04] Times: IO: 0.000000; Setup: 16.215735; Compute: 14.665266; MPI: 13.365077; Total: 30.881005;
[R03] Times: IO: 0.000000; Setup: 16.212801; Compute: 14.672543; MPI: 13.581811; Total: 30.885348;
[R02] Times: IO: 0.000000; Setup: 16.209833; Compute: 14.679894; MPI: 13.877528; Total: 30.889733;
[R01] Times: IO: 0.000000; Setup: 16.206888; Compute: 14.687273; MPI: 14.220860; Total: 30.894166;
[R00] Times: IO: 15.887359; Setup: 0.397703; Compute: 14.431428; MPI: 14.363380; Total: 30.905042;
Mon Dec 12 22:02:11 CET 2016
